TimeQuest Timing Analyzer report for part5
Thu Aug 16 21:29:55 2018
Quartus II 64-Bit Version 13.0.1 Build 232 06/12/2013 Service Pack 1 SJ Full Version


---------------------
; Table of Contents ;
---------------------
  1. Legal Notice
  2. TimeQuest Timing Analyzer Summary
  3. Parallel Compilation
  4. Clocks
  5. Slow Model Fmax Summary
  6. Slow Model Setup Summary
  7. Slow Model Hold Summary
  8. Slow Model Recovery Summary
  9. Slow Model Removal Summary
 10. Slow Model Minimum Pulse Width Summary
 11. Propagation Delay
 12. Minimum Propagation Delay
 13. Fast Model Setup Summary
 14. Fast Model Hold Summary
 15. Fast Model Recovery Summary
 16. Fast Model Removal Summary
 17. Fast Model Minimum Pulse Width Summary
 18. Propagation Delay
 19. Minimum Propagation Delay
 20. Multicorner Timing Analysis Summary
 21. Progagation Delay
 22. Minimum Progagation Delay
 23. Clock Transfers
 24. Report TCCS
 25. Report RSKM
 26. Unconstrained Paths
 27. TimeQuest Timing Analyzer Messages



----------------
; Legal Notice ;
----------------
Copyright (C) 1991-2013 Altera Corporation
Your use of Altera Corporation's design tools, logic functions 
and other software and tools, and its AMPP partner logic 
functions, and any output files from any of the foregoing 
(including device programming or simulation files), and any 
associated documentation or information are expressly subject 
to the terms and conditions of the Altera Program License 
Subscription Agreement, Altera MegaCore Function License 
Agreement, or other applicable license agreement, including, 
without limitation, that your use is for the sole purpose of 
programming logic devices manufactured by Altera and sold by 
Altera or its authorized distributors.  Please refer to the 
applicable agreement for further details.



+-----------------------------------------------------------------------------------------+
; TimeQuest Timing Analyzer Summary                                                       ;
+--------------------+--------------------------------------------------------------------+
; Quartus II Version ; Version 13.0.1 Build 232 06/12/2013 Service Pack 1 SJ Full Version ;
; Revision Name      ; part5                                                              ;
; Device Family      ; Cyclone II                                                         ;
; Device Name        ; EP2C20F484C7                                                       ;
; Timing Models      ; Final                                                              ;
; Delay Model        ; Combined                                                           ;
; Rise/Fall Delays   ; Unavailable                                                        ;
+--------------------+--------------------------------------------------------------------+


+------------------------------------------+
; Parallel Compilation                     ;
+----------------------------+-------------+
; Processors                 ; Number      ;
+----------------------------+-------------+
; Number detected on machine ; 4           ;
; Maximum allowed            ; 4           ;
;                            ;             ;
; Average used               ; 1.00        ;
; Maximum used               ; 1           ;
;                            ;             ;
; Usage by Processor         ; % Time Used ;
;     Processor 1            ; 100.0%      ;
;     Processors 2-4         ;   0.0%      ;
+----------------------------+-------------+


----------
; Clocks ;
----------
No clocks to report.


---------------------------
; Slow Model Fmax Summary ;
---------------------------
No paths to report.


----------------------------
; Slow Model Setup Summary ;
----------------------------
No paths to report.


---------------------------
; Slow Model Hold Summary ;
---------------------------
No paths to report.


-------------------------------
; Slow Model Recovery Summary ;
-------------------------------
No paths to report.


------------------------------
; Slow Model Removal Summary ;
------------------------------
No paths to report.


------------------------------------------
; Slow Model Minimum Pulse Width Summary ;
------------------------------------------
No paths to report.


+--------------------------------------------------------------+
; Propagation Delay                                            ;
+------------+-------------+--------+--------+--------+--------+
; Input Port ; Output Port ; RR     ; RF     ; FR     ; FF     ;
+------------+-------------+--------+--------+--------+--------+
; SW[0]      ; HEX0[0]     ; 10.619 ; 10.619 ; 10.619 ; 10.619 ;
; SW[0]      ; HEX0[1]     ; 10.582 ; 10.582 ; 10.582 ; 10.582 ;
; SW[0]      ; HEX0[2]     ; 10.508 ; 10.508 ; 10.508 ; 10.508 ;
; SW[0]      ; HEX0[3]     ; 10.649 ; 10.649 ; 10.649 ; 10.649 ;
; SW[0]      ; HEX0[4]     ; 10.332 ; 10.332 ; 10.332 ; 10.332 ;
; SW[0]      ; HEX0[5]     ; 10.315 ; 10.315 ; 10.315 ; 10.315 ;
; SW[0]      ; HEX0[6]     ; 10.311 ; 10.311 ; 10.311 ; 10.311 ;
; SW[0]      ; HEX1[0]     ; 9.410  ; 9.410  ; 9.410  ; 9.410  ;
; SW[0]      ; HEX1[3]     ; 9.724  ; 9.724  ; 9.724  ; 9.724  ;
; SW[0]      ; HEX1[4]     ; 9.734  ; 9.734  ; 9.734  ; 9.734  ;
; SW[0]      ; HEX1[5]     ; 9.766  ; 9.766  ; 9.766  ; 9.766  ;
; SW[0]      ; HEX2[0]     ; 8.039  ; 8.039  ; 8.039  ; 8.039  ;
; SW[0]      ; HEX2[1]     ; 8.077  ; 8.077  ; 8.077  ; 8.077  ;
; SW[0]      ; HEX2[2]     ;        ; 8.066  ; 8.066  ;        ;
; SW[0]      ; HEX2[3]     ; 8.090  ; 8.090  ; 8.090  ; 8.090  ;
; SW[0]      ; HEX2[4]     ; 8.059  ;        ;        ; 8.059  ;
; SW[0]      ; HEX2[5]     ; 8.088  ;        ;        ; 8.088  ;
; SW[0]      ; HEX2[6]     ; 8.400  ;        ;        ; 8.400  ;
; SW[0]      ; LEDR[0]     ; 4.635  ;        ;        ; 4.635  ;
; SW[1]      ; HEX0[0]     ; 10.482 ; 10.482 ; 10.482 ; 10.482 ;
; SW[1]      ; HEX0[1]     ; 10.445 ; 10.445 ; 10.445 ; 10.445 ;
; SW[1]      ; HEX0[2]     ; 10.371 ; 10.371 ; 10.371 ; 10.371 ;
; SW[1]      ; HEX0[3]     ; 10.512 ; 10.512 ; 10.512 ; 10.512 ;
; SW[1]      ; HEX0[4]     ; 10.195 ; 10.195 ; 10.195 ; 10.195 ;
; SW[1]      ; HEX0[5]     ; 10.178 ; 10.178 ; 10.178 ; 10.178 ;
; SW[1]      ; HEX0[6]     ; 10.174 ; 10.174 ; 10.174 ; 10.174 ;
; SW[1]      ; HEX1[0]     ; 9.273  ; 9.273  ; 9.273  ; 9.273  ;
; SW[1]      ; HEX1[3]     ; 9.587  ; 9.587  ; 9.587  ; 9.587  ;
; SW[1]      ; HEX1[4]     ; 9.597  ; 9.597  ; 9.597  ; 9.597  ;
; SW[1]      ; HEX1[5]     ; 9.629  ; 9.629  ; 9.629  ; 9.629  ;
; SW[1]      ; HEX2[0]     ;        ; 8.225  ; 8.225  ;        ;
; SW[1]      ; HEX2[1]     ; 8.262  ; 8.262  ; 8.262  ; 8.262  ;
; SW[1]      ; HEX2[2]     ; 8.293  ;        ;        ; 8.293  ;
; SW[1]      ; HEX2[3]     ; 8.242  ; 8.242  ; 8.242  ; 8.242  ;
; SW[1]      ; HEX2[4]     ; 8.288  ; 8.288  ; 8.288  ; 8.288  ;
; SW[1]      ; HEX2[5]     ; 8.270  ;        ;        ; 8.270  ;
; SW[1]      ; HEX2[6]     ; 8.577  ; 8.577  ; 8.577  ; 8.577  ;
; SW[1]      ; LEDR[1]     ; 4.978  ;        ;        ; 4.978  ;
; SW[2]      ; HEX0[0]     ; 10.296 ; 10.296 ; 10.296 ; 10.296 ;
; SW[2]      ; HEX0[1]     ; 10.259 ; 10.259 ; 10.259 ; 10.259 ;
; SW[2]      ; HEX0[2]     ; 10.185 ; 10.185 ; 10.185 ; 10.185 ;
; SW[2]      ; HEX0[3]     ; 10.326 ; 10.326 ; 10.326 ; 10.326 ;
; SW[2]      ; HEX0[4]     ; 10.009 ; 10.009 ; 10.009 ; 10.009 ;
; SW[2]      ; HEX0[5]     ; 9.992  ; 9.992  ; 9.992  ; 9.992  ;
; SW[2]      ; HEX0[6]     ; 9.988  ; 9.988  ; 9.988  ; 9.988  ;
; SW[2]      ; HEX1[0]     ; 9.087  ; 9.087  ; 9.087  ; 9.087  ;
; SW[2]      ; HEX1[3]     ; 9.401  ; 9.401  ; 9.401  ; 9.401  ;
; SW[2]      ; HEX1[4]     ; 9.411  ; 9.411  ; 9.411  ; 9.411  ;
; SW[2]      ; HEX1[5]     ; 9.443  ; 9.443  ; 9.443  ; 9.443  ;
; SW[2]      ; HEX2[0]     ; 7.772  ; 7.772  ; 7.772  ; 7.772  ;
; SW[2]      ; HEX2[1]     ; 7.801  ;        ;        ; 7.801  ;
; SW[2]      ; HEX2[2]     ;        ; 7.831  ; 7.831  ;        ;
; SW[2]      ; HEX2[3]     ; 7.824  ; 7.824  ; 7.824  ; 7.824  ;
; SW[2]      ; HEX2[4]     ; 7.826  ;        ;        ; 7.826  ;
; SW[2]      ; HEX2[5]     ;        ; 7.809  ; 7.809  ;        ;
; SW[2]      ; HEX2[6]     ; 8.120  ; 8.120  ; 8.120  ; 8.120  ;
; SW[2]      ; LEDR[2]     ; 5.387  ;        ;        ; 5.387  ;
; SW[3]      ; HEX0[0]     ; 9.806  ; 9.930  ; 9.930  ; 9.806  ;
; SW[3]      ; HEX0[1]     ; 9.893  ; 9.893  ; 9.893  ; 9.893  ;
; SW[3]      ; HEX0[2]     ; 9.819  ; 9.819  ; 9.819  ; 9.819  ;
; SW[3]      ; HEX0[3]     ; 9.892  ; 9.960  ; 9.960  ; 9.892  ;
; SW[3]      ; HEX0[4]     ; 9.643  ; 9.643  ; 9.643  ; 9.643  ;
; SW[3]      ; HEX0[5]     ; 9.568  ; 9.626  ; 9.626  ; 9.568  ;
; SW[3]      ; HEX0[6]     ; 9.567  ; 9.622  ; 9.622  ; 9.567  ;
; SW[3]      ; HEX1[0]     ; 8.671  ; 8.374  ; 8.374  ; 8.671  ;
; SW[3]      ; HEX1[3]     ; 8.985  ; 8.688  ; 8.688  ; 8.985  ;
; SW[3]      ; HEX1[4]     ; 8.995  ; 8.698  ; 8.698  ; 8.995  ;
; SW[3]      ; HEX1[5]     ; 9.027  ; 8.730  ; 8.730  ; 9.027  ;
; SW[3]      ; HEX2[0]     ;        ; 7.842  ; 7.842  ;        ;
; SW[3]      ; HEX2[1]     ;        ; 7.867  ; 7.867  ;        ;
; SW[3]      ; HEX2[2]     ;        ; 7.892  ; 7.892  ;        ;
; SW[3]      ; HEX2[3]     ;        ; 7.863  ; 7.863  ;        ;
; SW[3]      ; HEX2[4]     ; 7.897  ;        ;        ; 7.897  ;
; SW[3]      ; HEX2[5]     ;        ; 7.871  ; 7.871  ;        ;
; SW[3]      ; HEX2[6]     ;        ; 8.186  ; 8.186  ;        ;
; SW[3]      ; LEDR[3]     ; 5.800  ;        ;        ; 5.800  ;
; SW[4]      ; HEX0[0]     ; 10.101 ; 10.101 ; 10.101 ; 10.101 ;
; SW[4]      ; HEX0[1]     ; 10.064 ; 10.064 ; 10.064 ; 10.064 ;
; SW[4]      ; HEX0[2]     ; 9.990  ; 9.990  ; 9.990  ; 9.990  ;
; SW[4]      ; HEX0[3]     ; 10.131 ; 10.131 ; 10.131 ; 10.131 ;
; SW[4]      ; HEX0[4]     ; 9.814  ; 9.814  ; 9.814  ; 9.814  ;
; SW[4]      ; HEX0[5]     ; 9.797  ; 9.797  ; 9.797  ; 9.797  ;
; SW[4]      ; HEX0[6]     ; 9.793  ; 9.793  ; 9.793  ; 9.793  ;
; SW[4]      ; HEX1[0]     ; 8.892  ; 8.892  ; 8.892  ; 8.892  ;
; SW[4]      ; HEX1[3]     ; 9.206  ; 9.206  ; 9.206  ; 9.206  ;
; SW[4]      ; HEX1[4]     ; 9.216  ; 9.216  ; 9.216  ; 9.216  ;
; SW[4]      ; HEX1[5]     ; 9.248  ; 9.248  ; 9.248  ; 9.248  ;
; SW[4]      ; HEX3[0]     ; 7.715  ; 7.715  ; 7.715  ; 7.715  ;
; SW[4]      ; HEX3[1]     ; 7.903  ; 7.903  ; 7.903  ; 7.903  ;
; SW[4]      ; HEX3[2]     ;        ; 7.905  ; 7.905  ;        ;
; SW[4]      ; HEX3[3]     ; 7.721  ; 7.721  ; 7.721  ; 7.721  ;
; SW[4]      ; HEX3[4]     ; 7.696  ;        ;        ; 7.696  ;
; SW[4]      ; HEX3[5]     ; 7.715  ;        ;        ; 7.715  ;
; SW[4]      ; HEX3[6]     ; 7.739  ;        ;        ; 7.739  ;
; SW[4]      ; LEDR[4]     ; 5.305  ;        ;        ; 5.305  ;
; SW[5]      ; HEX0[0]     ; 10.225 ; 10.225 ; 10.225 ; 10.225 ;
; SW[5]      ; HEX0[1]     ; 10.188 ; 10.188 ; 10.188 ; 10.188 ;
; SW[5]      ; HEX0[2]     ; 10.114 ; 10.114 ; 10.114 ; 10.114 ;
; SW[5]      ; HEX0[3]     ; 10.255 ; 10.255 ; 10.255 ; 10.255 ;
; SW[5]      ; HEX0[4]     ; 9.938  ; 9.938  ; 9.938  ; 9.938  ;
; SW[5]      ; HEX0[5]     ; 9.921  ; 9.921  ; 9.921  ; 9.921  ;
; SW[5]      ; HEX0[6]     ; 9.917  ; 9.917  ; 9.917  ; 9.917  ;
; SW[5]      ; HEX1[0]     ; 9.016  ; 9.016  ; 9.016  ; 9.016  ;
; SW[5]      ; HEX1[3]     ; 9.330  ; 9.330  ; 9.330  ; 9.330  ;
; SW[5]      ; HEX1[4]     ; 9.340  ; 9.340  ; 9.340  ; 9.340  ;
; SW[5]      ; HEX1[5]     ; 9.372  ; 9.372  ; 9.372  ; 9.372  ;
; SW[5]      ; HEX3[0]     ;        ; 7.848  ; 7.848  ;        ;
; SW[5]      ; HEX3[1]     ; 8.053  ; 8.053  ; 8.053  ; 8.053  ;
; SW[5]      ; HEX3[2]     ; 8.051  ;        ;        ; 8.051  ;
; SW[5]      ; HEX3[3]     ; 7.839  ; 7.839  ; 7.839  ; 7.839  ;
; SW[5]      ; HEX3[4]     ; 7.846  ; 7.846  ; 7.846  ; 7.846  ;
; SW[5]      ; HEX3[5]     ; 7.846  ;        ;        ; 7.846  ;
; SW[5]      ; HEX3[6]     ; 7.870  ; 7.870  ; 7.870  ; 7.870  ;
; SW[5]      ; LEDR[5]     ; 6.108  ;        ;        ; 6.108  ;
; SW[6]      ; HEX0[0]     ; 10.017 ; 10.017 ; 10.017 ; 10.017 ;
; SW[6]      ; HEX0[1]     ; 9.980  ; 9.980  ; 9.980  ; 9.980  ;
; SW[6]      ; HEX0[2]     ; 9.906  ; 9.906  ; 9.906  ; 9.906  ;
; SW[6]      ; HEX0[3]     ; 10.047 ; 10.047 ; 10.047 ; 10.047 ;
; SW[6]      ; HEX0[4]     ; 9.730  ; 9.730  ; 9.730  ; 9.730  ;
; SW[6]      ; HEX0[5]     ; 9.713  ; 9.713  ; 9.713  ; 9.713  ;
; SW[6]      ; HEX0[6]     ; 9.709  ; 9.709  ; 9.709  ; 9.709  ;
; SW[6]      ; HEX1[0]     ; 8.808  ; 8.808  ; 8.808  ; 8.808  ;
; SW[6]      ; HEX1[3]     ; 9.122  ; 9.122  ; 9.122  ; 9.122  ;
; SW[6]      ; HEX1[4]     ; 9.132  ; 9.132  ; 9.132  ; 9.132  ;
; SW[6]      ; HEX1[5]     ; 9.164  ; 9.164  ; 9.164  ; 9.164  ;
; SW[6]      ; HEX3[0]     ; 7.304  ; 7.304  ; 7.304  ; 7.304  ;
; SW[6]      ; HEX3[1]     ; 7.493  ;        ;        ; 7.493  ;
; SW[6]      ; HEX3[2]     ;        ; 7.491  ; 7.491  ;        ;
; SW[6]      ; HEX3[3]     ; 7.312  ; 7.312  ; 7.312  ; 7.312  ;
; SW[6]      ; HEX3[4]     ; 7.286  ;        ;        ; 7.286  ;
; SW[6]      ; HEX3[5]     ;        ; 7.304  ; 7.304  ;        ;
; SW[6]      ; HEX3[6]     ; 7.328  ; 7.328  ; 7.328  ; 7.328  ;
; SW[6]      ; LEDR[6]     ; 5.136  ;        ;        ; 5.136  ;
; SW[7]      ; HEX0[0]     ; 8.855  ; 8.979  ; 8.979  ; 8.855  ;
; SW[7]      ; HEX0[1]     ; 8.942  ; 8.942  ; 8.942  ; 8.942  ;
; SW[7]      ; HEX0[2]     ; 8.868  ; 8.868  ; 8.868  ; 8.868  ;
; SW[7]      ; HEX0[3]     ; 8.941  ; 9.009  ; 9.009  ; 8.941  ;
; SW[7]      ; HEX0[4]     ; 8.692  ; 8.692  ; 8.692  ; 8.692  ;
; SW[7]      ; HEX0[5]     ; 8.617  ; 8.675  ; 8.675  ; 8.617  ;
; SW[7]      ; HEX0[6]     ; 8.616  ; 8.671  ; 8.671  ; 8.616  ;
; SW[7]      ; HEX1[0]     ; 7.720  ; 7.425  ; 7.425  ; 7.720  ;
; SW[7]      ; HEX1[3]     ; 8.034  ; 7.739  ; 7.739  ; 8.034  ;
; SW[7]      ; HEX1[4]     ; 8.044  ; 7.749  ; 7.749  ; 8.044  ;
; SW[7]      ; HEX1[5]     ; 8.076  ; 7.781  ; 7.781  ; 8.076  ;
; SW[7]      ; HEX3[0]     ;        ; 6.158  ; 6.158  ;        ;
; SW[7]      ; HEX3[1]     ;        ; 6.356  ; 6.356  ;        ;
; SW[7]      ; HEX3[2]     ;        ; 6.354  ; 6.354  ;        ;
; SW[7]      ; HEX3[3]     ;        ; 6.219  ; 6.219  ;        ;
; SW[7]      ; HEX3[4]     ; 6.190  ;        ;        ; 6.190  ;
; SW[7]      ; HEX3[5]     ;        ; 6.158  ; 6.158  ;        ;
; SW[7]      ; HEX3[6]     ;        ; 6.182  ; 6.182  ;        ;
; SW[7]      ; LEDR[7]     ; 6.702  ;        ;        ; 6.702  ;
; SW[8]      ; LEDR[8]     ; 6.338  ;        ;        ; 6.338  ;
+------------+-------------+--------+--------+--------+--------+


+----------------------------------------------------------+
; Minimum Propagation Delay                                ;
+------------+-------------+-------+-------+-------+-------+
; Input Port ; Output Port ; RR    ; RF    ; FR    ; FF    ;
+------------+-------------+-------+-------+-------+-------+
; SW[0]      ; HEX0[0]     ; 8.945 ; 8.945 ; 8.945 ; 8.945 ;
; SW[0]      ; HEX0[1]     ; 8.980 ; 8.980 ; 8.980 ; 8.980 ;
; SW[0]      ; HEX0[2]     ; 8.858 ; 8.858 ; 8.858 ; 8.858 ;
; SW[0]      ; HEX0[3]     ; 8.972 ; 8.972 ; 8.972 ; 8.972 ;
; SW[0]      ; HEX0[4]     ; 8.600 ; 8.600 ; 8.600 ; 8.600 ;
; SW[0]      ; HEX0[5]     ; 8.639 ; 8.639 ; 8.639 ; 8.639 ;
; SW[0]      ; HEX0[6]     ; 8.635 ; 8.635 ; 8.635 ; 8.635 ;
; SW[0]      ; HEX1[0]     ; 9.003 ; 9.003 ; 9.003 ; 9.003 ;
; SW[0]      ; HEX1[3]     ; 9.317 ; 9.317 ; 9.317 ; 9.317 ;
; SW[0]      ; HEX1[4]     ; 9.327 ; 9.327 ; 9.327 ; 9.327 ;
; SW[0]      ; HEX1[5]     ; 9.359 ; 9.359 ; 9.359 ; 9.359 ;
; SW[0]      ; HEX2[0]     ; 8.039 ; 8.039 ; 8.039 ; 8.039 ;
; SW[0]      ; HEX2[1]     ; 8.077 ; 8.077 ; 8.077 ; 8.077 ;
; SW[0]      ; HEX2[2]     ;       ; 8.066 ; 8.066 ;       ;
; SW[0]      ; HEX2[3]     ; 8.090 ; 8.090 ; 8.090 ; 8.090 ;
; SW[0]      ; HEX2[4]     ; 8.059 ;       ;       ; 8.059 ;
; SW[0]      ; HEX2[5]     ; 8.088 ;       ;       ; 8.088 ;
; SW[0]      ; HEX2[6]     ; 8.400 ;       ;       ; 8.400 ;
; SW[0]      ; LEDR[0]     ; 4.635 ;       ;       ; 4.635 ;
; SW[1]      ; HEX0[0]     ; 9.654 ; 9.654 ; 9.654 ; 9.654 ;
; SW[1]      ; HEX0[1]     ; 9.661 ; 9.661 ; 9.661 ; 9.661 ;
; SW[1]      ; HEX0[2]     ; 9.535 ; 9.535 ; 9.535 ; 9.535 ;
; SW[1]      ; HEX0[3]     ; 9.682 ; 9.682 ; 9.682 ; 9.682 ;
; SW[1]      ; HEX0[4]     ; 9.322 ; 9.322 ; 9.322 ; 9.322 ;
; SW[1]      ; HEX0[5]     ; 9.346 ; 9.346 ; 9.346 ; 9.346 ;
; SW[1]      ; HEX0[6]     ; 9.339 ; 9.339 ; 9.339 ; 9.339 ;
; SW[1]      ; HEX1[0]     ; 8.823 ; 8.823 ; 8.823 ; 8.823 ;
; SW[1]      ; HEX1[3]     ; 9.137 ; 9.137 ; 9.137 ; 9.137 ;
; SW[1]      ; HEX1[4]     ; 9.147 ; 9.147 ; 9.147 ; 9.147 ;
; SW[1]      ; HEX1[5]     ; 9.179 ; 9.179 ; 9.179 ; 9.179 ;
; SW[1]      ; HEX2[0]     ;       ; 8.225 ; 8.225 ;       ;
; SW[1]      ; HEX2[1]     ; 8.262 ; 8.262 ; 8.262 ; 8.262 ;
; SW[1]      ; HEX2[2]     ; 8.293 ;       ;       ; 8.293 ;
; SW[1]      ; HEX2[3]     ; 8.242 ; 8.242 ; 8.242 ; 8.242 ;
; SW[1]      ; HEX2[4]     ; 8.288 ; 8.288 ; 8.288 ; 8.288 ;
; SW[1]      ; HEX2[5]     ; 8.270 ;       ;       ; 8.270 ;
; SW[1]      ; HEX2[6]     ; 8.577 ; 8.577 ; 8.577 ; 8.577 ;
; SW[1]      ; LEDR[1]     ; 4.978 ;       ;       ; 4.978 ;
; SW[2]      ; HEX0[0]     ; 9.161 ; 9.161 ; 9.161 ; 9.161 ;
; SW[2]      ; HEX0[1]     ; 9.169 ; 9.169 ; 9.169 ; 9.169 ;
; SW[2]      ; HEX0[2]     ; 9.043 ; 9.043 ; 9.043 ; 9.043 ;
; SW[2]      ; HEX0[3]     ; 9.189 ; 9.189 ; 9.189 ; 9.189 ;
; SW[2]      ; HEX0[4]     ; 8.830 ; 8.830 ; 8.830 ; 8.830 ;
; SW[2]      ; HEX0[5]     ; 8.853 ; 8.853 ; 8.853 ; 8.853 ;
; SW[2]      ; HEX0[6]     ; 8.846 ; 8.846 ; 8.846 ; 8.846 ;
; SW[2]      ; HEX1[0]     ; 8.328 ; 8.328 ; 8.328 ; 8.328 ;
; SW[2]      ; HEX1[3]     ; 8.642 ; 8.642 ; 8.642 ; 8.642 ;
; SW[2]      ; HEX1[4]     ; 8.652 ; 8.652 ; 8.652 ; 8.652 ;
; SW[2]      ; HEX1[5]     ; 8.684 ; 8.684 ; 8.684 ; 8.684 ;
; SW[2]      ; HEX2[0]     ; 7.772 ; 7.772 ; 7.772 ; 7.772 ;
; SW[2]      ; HEX2[1]     ; 7.801 ;       ;       ; 7.801 ;
; SW[2]      ; HEX2[2]     ;       ; 7.831 ; 7.831 ;       ;
; SW[2]      ; HEX2[3]     ; 7.824 ; 7.824 ; 7.824 ; 7.824 ;
; SW[2]      ; HEX2[4]     ; 7.826 ;       ;       ; 7.826 ;
; SW[2]      ; HEX2[5]     ;       ; 7.809 ; 7.809 ;       ;
; SW[2]      ; HEX2[6]     ; 8.120 ; 8.120 ; 8.120 ; 8.120 ;
; SW[2]      ; LEDR[2]     ; 5.387 ;       ;       ; 5.387 ;
; SW[3]      ; HEX0[0]     ; 9.207 ; 9.207 ; 9.207 ; 9.207 ;
; SW[3]      ; HEX0[1]     ; 9.210 ; 9.210 ; 9.210 ; 9.210 ;
; SW[3]      ; HEX0[2]     ; 9.084 ; 9.084 ; 9.084 ; 9.084 ;
; SW[3]      ; HEX0[3]     ; 9.235 ; 9.235 ; 9.235 ; 9.235 ;
; SW[3]      ; HEX0[4]     ; 8.871 ; 8.871 ; 8.871 ; 8.871 ;
; SW[3]      ; HEX0[5]     ; 8.899 ; 8.899 ; 8.899 ; 8.899 ;
; SW[3]      ; HEX0[6]     ; 8.892 ; 8.892 ; 8.892 ; 8.892 ;
; SW[3]      ; HEX1[0]     ; 8.374 ; 8.374 ; 8.374 ; 8.374 ;
; SW[3]      ; HEX1[3]     ; 8.688 ; 8.688 ; 8.688 ; 8.688 ;
; SW[3]      ; HEX1[4]     ; 8.698 ; 8.698 ; 8.698 ; 8.698 ;
; SW[3]      ; HEX1[5]     ; 8.730 ; 8.730 ; 8.730 ; 8.730 ;
; SW[3]      ; HEX2[0]     ;       ; 7.842 ; 7.842 ;       ;
; SW[3]      ; HEX2[1]     ;       ; 7.867 ; 7.867 ;       ;
; SW[3]      ; HEX2[2]     ;       ; 7.892 ; 7.892 ;       ;
; SW[3]      ; HEX2[3]     ;       ; 7.863 ; 7.863 ;       ;
; SW[3]      ; HEX2[4]     ; 7.897 ;       ;       ; 7.897 ;
; SW[3]      ; HEX2[5]     ;       ; 7.871 ; 7.871 ;       ;
; SW[3]      ; HEX2[6]     ;       ; 8.186 ; 8.186 ;       ;
; SW[3]      ; LEDR[3]     ; 5.800 ;       ;       ; 5.800 ;
; SW[4]      ; HEX0[0]     ; 8.426 ; 8.426 ; 8.426 ; 8.426 ;
; SW[4]      ; HEX0[1]     ; 8.461 ; 8.461 ; 8.461 ; 8.461 ;
; SW[4]      ; HEX0[2]     ; 8.339 ; 8.339 ; 8.339 ; 8.339 ;
; SW[4]      ; HEX0[3]     ; 8.453 ; 8.453 ; 8.453 ; 8.453 ;
; SW[4]      ; HEX0[4]     ; 8.081 ; 8.081 ; 8.081 ; 8.081 ;
; SW[4]      ; HEX0[5]     ; 8.120 ; 8.120 ; 8.120 ; 8.120 ;
; SW[4]      ; HEX0[6]     ; 8.116 ; 8.116 ; 8.116 ; 8.116 ;
; SW[4]      ; HEX1[0]     ; 8.485 ; 8.485 ; 8.485 ; 8.485 ;
; SW[4]      ; HEX1[3]     ; 8.799 ; 8.799 ; 8.799 ; 8.799 ;
; SW[4]      ; HEX1[4]     ; 8.809 ; 8.809 ; 8.809 ; 8.809 ;
; SW[4]      ; HEX1[5]     ; 8.841 ; 8.841 ; 8.841 ; 8.841 ;
; SW[4]      ; HEX3[0]     ; 7.715 ; 7.715 ; 7.715 ; 7.715 ;
; SW[4]      ; HEX3[1]     ; 7.903 ; 7.903 ; 7.903 ; 7.903 ;
; SW[4]      ; HEX3[2]     ;       ; 7.905 ; 7.905 ;       ;
; SW[4]      ; HEX3[3]     ; 7.721 ; 7.721 ; 7.721 ; 7.721 ;
; SW[4]      ; HEX3[4]     ; 7.696 ;       ;       ; 7.696 ;
; SW[4]      ; HEX3[5]     ; 7.715 ;       ;       ; 7.715 ;
; SW[4]      ; HEX3[6]     ; 7.739 ;       ;       ; 7.739 ;
; SW[4]      ; LEDR[4]     ; 5.305 ;       ;       ; 5.305 ;
; SW[5]      ; HEX0[0]     ; 9.393 ; 9.393 ; 9.393 ; 9.393 ;
; SW[5]      ; HEX0[1]     ; 9.400 ; 9.400 ; 9.400 ; 9.400 ;
; SW[5]      ; HEX0[2]     ; 9.274 ; 9.274 ; 9.274 ; 9.274 ;
; SW[5]      ; HEX0[3]     ; 9.421 ; 9.421 ; 9.421 ; 9.421 ;
; SW[5]      ; HEX0[4]     ; 9.061 ; 9.061 ; 9.061 ; 9.061 ;
; SW[5]      ; HEX0[5]     ; 9.085 ; 9.085 ; 9.085 ; 9.085 ;
; SW[5]      ; HEX0[6]     ; 9.078 ; 9.078 ; 9.078 ; 9.078 ;
; SW[5]      ; HEX1[0]     ; 8.562 ; 8.562 ; 8.562 ; 8.562 ;
; SW[5]      ; HEX1[3]     ; 8.876 ; 8.876 ; 8.876 ; 8.876 ;
; SW[5]      ; HEX1[4]     ; 8.886 ; 8.886 ; 8.886 ; 8.886 ;
; SW[5]      ; HEX1[5]     ; 8.918 ; 8.918 ; 8.918 ; 8.918 ;
; SW[5]      ; HEX3[0]     ;       ; 7.848 ; 7.848 ;       ;
; SW[5]      ; HEX3[1]     ; 8.053 ; 8.053 ; 8.053 ; 8.053 ;
; SW[5]      ; HEX3[2]     ; 8.051 ;       ;       ; 8.051 ;
; SW[5]      ; HEX3[3]     ; 7.839 ; 7.839 ; 7.839 ; 7.839 ;
; SW[5]      ; HEX3[4]     ; 7.846 ; 7.846 ; 7.846 ; 7.846 ;
; SW[5]      ; HEX3[5]     ; 7.846 ;       ;       ; 7.846 ;
; SW[5]      ; HEX3[6]     ; 7.870 ; 7.870 ; 7.870 ; 7.870 ;
; SW[5]      ; LEDR[5]     ; 6.108 ;       ;       ; 6.108 ;
; SW[6]      ; HEX0[0]     ; 8.883 ; 8.883 ; 8.883 ; 8.883 ;
; SW[6]      ; HEX0[1]     ; 8.891 ; 8.891 ; 8.891 ; 8.891 ;
; SW[6]      ; HEX0[2]     ; 8.765 ; 8.765 ; 8.765 ; 8.765 ;
; SW[6]      ; HEX0[3]     ; 8.911 ; 8.911 ; 8.911 ; 8.911 ;
; SW[6]      ; HEX0[4]     ; 8.552 ; 8.552 ; 8.552 ; 8.552 ;
; SW[6]      ; HEX0[5]     ; 8.575 ; 8.575 ; 8.575 ; 8.575 ;
; SW[6]      ; HEX0[6]     ; 8.568 ; 8.568 ; 8.568 ; 8.568 ;
; SW[6]      ; HEX1[0]     ; 8.050 ; 8.050 ; 8.050 ; 8.050 ;
; SW[6]      ; HEX1[3]     ; 8.364 ; 8.364 ; 8.364 ; 8.364 ;
; SW[6]      ; HEX1[4]     ; 8.374 ; 8.374 ; 8.374 ; 8.374 ;
; SW[6]      ; HEX1[5]     ; 8.406 ; 8.406 ; 8.406 ; 8.406 ;
; SW[6]      ; HEX3[0]     ; 7.304 ; 7.304 ; 7.304 ; 7.304 ;
; SW[6]      ; HEX3[1]     ; 7.493 ;       ;       ; 7.493 ;
; SW[6]      ; HEX3[2]     ;       ; 7.491 ; 7.491 ;       ;
; SW[6]      ; HEX3[3]     ; 7.312 ; 7.312 ; 7.312 ; 7.312 ;
; SW[6]      ; HEX3[4]     ; 7.286 ;       ;       ; 7.286 ;
; SW[6]      ; HEX3[5]     ;       ; 7.304 ; 7.304 ;       ;
; SW[6]      ; HEX3[6]     ; 7.328 ; 7.328 ; 7.328 ; 7.328 ;
; SW[6]      ; LEDR[6]     ; 5.136 ;       ;       ; 5.136 ;
; SW[7]      ; HEX0[0]     ; 8.258 ; 8.258 ; 8.258 ; 8.258 ;
; SW[7]      ; HEX0[1]     ; 8.261 ; 8.261 ; 8.261 ; 8.261 ;
; SW[7]      ; HEX0[2]     ; 8.135 ; 8.135 ; 8.135 ; 8.135 ;
; SW[7]      ; HEX0[3]     ; 8.286 ; 8.286 ; 8.286 ; 8.286 ;
; SW[7]      ; HEX0[4]     ; 7.922 ; 7.922 ; 7.922 ; 7.922 ;
; SW[7]      ; HEX0[5]     ; 7.950 ; 7.950 ; 7.950 ; 7.950 ;
; SW[7]      ; HEX0[6]     ; 7.943 ; 7.943 ; 7.943 ; 7.943 ;
; SW[7]      ; HEX1[0]     ; 7.425 ; 7.425 ; 7.425 ; 7.425 ;
; SW[7]      ; HEX1[3]     ; 7.739 ; 7.739 ; 7.739 ; 7.739 ;
; SW[7]      ; HEX1[4]     ; 7.749 ; 7.749 ; 7.749 ; 7.749 ;
; SW[7]      ; HEX1[5]     ; 7.781 ; 7.781 ; 7.781 ; 7.781 ;
; SW[7]      ; HEX3[0]     ;       ; 6.158 ; 6.158 ;       ;
; SW[7]      ; HEX3[1]     ;       ; 6.356 ; 6.356 ;       ;
; SW[7]      ; HEX3[2]     ;       ; 6.354 ; 6.354 ;       ;
; SW[7]      ; HEX3[3]     ;       ; 6.219 ; 6.219 ;       ;
; SW[7]      ; HEX3[4]     ; 6.190 ;       ;       ; 6.190 ;
; SW[7]      ; HEX3[5]     ;       ; 6.158 ; 6.158 ;       ;
; SW[7]      ; HEX3[6]     ;       ; 6.182 ; 6.182 ;       ;
; SW[7]      ; LEDR[7]     ; 6.702 ;       ;       ; 6.702 ;
; SW[8]      ; LEDR[8]     ; 6.338 ;       ;       ; 6.338 ;
+------------+-------------+-------+-------+-------+-------+


----------------------------
; Fast Model Setup Summary ;
----------------------------
No paths to report.


---------------------------
; Fast Model Hold Summary ;
---------------------------
No paths to report.


-------------------------------
; Fast Model Recovery Summary ;
-------------------------------
No paths to report.


------------------------------
; Fast Model Removal Summary ;
------------------------------
No paths to report.


------------------------------------------
; Fast Model Minimum Pulse Width Summary ;
------------------------------------------
No paths to report.


+----------------------------------------------------------+
; Propagation Delay                                        ;
+------------+-------------+-------+-------+-------+-------+
; Input Port ; Output Port ; RR    ; RF    ; FR    ; FF    ;
+------------+-------------+-------+-------+-------+-------+
; SW[0]      ; HEX0[0]     ; 4.604 ; 4.634 ; 4.634 ; 4.604 ;
; SW[0]      ; HEX0[1]     ; 4.671 ; 4.671 ; 4.671 ; 4.671 ;
; SW[0]      ; HEX0[2]     ; 4.619 ; 4.619 ; 4.619 ; 4.619 ;
; SW[0]      ; HEX0[3]     ; 4.626 ; 4.659 ; 4.659 ; 4.626 ;
; SW[0]      ; HEX0[4]     ; 4.546 ; 4.546 ; 4.546 ; 4.546 ;
; SW[0]      ; HEX0[5]     ; 4.513 ; 4.539 ; 4.539 ; 4.513 ;
; SW[0]      ; HEX0[6]     ; 4.511 ; 4.527 ; 4.527 ; 4.511 ;
; SW[0]      ; HEX1[0]     ; 4.207 ; 4.181 ; 4.181 ; 4.207 ;
; SW[0]      ; HEX1[3]     ; 4.307 ; 4.281 ; 4.281 ; 4.307 ;
; SW[0]      ; HEX1[4]     ; 4.317 ; 4.291 ; 4.291 ; 4.317 ;
; SW[0]      ; HEX1[5]     ; 4.350 ; 4.324 ; 4.324 ; 4.350 ;
; SW[0]      ; HEX2[0]     ; 3.687 ; 3.687 ; 3.687 ; 3.687 ;
; SW[0]      ; HEX2[1]     ; 3.713 ; 3.713 ; 3.713 ; 3.713 ;
; SW[0]      ; HEX2[2]     ;       ; 3.752 ; 3.752 ;       ;
; SW[0]      ; HEX2[3]     ; 3.732 ; 3.732 ; 3.732 ; 3.732 ;
; SW[0]      ; HEX2[4]     ; 3.740 ;       ;       ; 3.740 ;
; SW[0]      ; HEX2[5]     ; 3.726 ;       ;       ; 3.726 ;
; SW[0]      ; HEX2[6]     ; 3.845 ;       ;       ; 3.845 ;
; SW[0]      ; LEDR[0]     ; 2.289 ;       ;       ; 2.289 ;
; SW[1]      ; HEX0[0]     ; 4.531 ; 4.561 ; 4.561 ; 4.531 ;
; SW[1]      ; HEX0[1]     ; 4.598 ; 4.598 ; 4.598 ; 4.598 ;
; SW[1]      ; HEX0[2]     ; 4.546 ; 4.546 ; 4.546 ; 4.546 ;
; SW[1]      ; HEX0[3]     ; 4.553 ; 4.586 ; 4.586 ; 4.553 ;
; SW[1]      ; HEX0[4]     ; 4.473 ; 4.473 ; 4.473 ; 4.473 ;
; SW[1]      ; HEX0[5]     ; 4.440 ; 4.466 ; 4.466 ; 4.440 ;
; SW[1]      ; HEX0[6]     ; 4.438 ; 4.454 ; 4.454 ; 4.438 ;
; SW[1]      ; HEX1[0]     ; 4.134 ; 4.108 ; 4.108 ; 4.134 ;
; SW[1]      ; HEX1[3]     ; 4.234 ; 4.208 ; 4.208 ; 4.234 ;
; SW[1]      ; HEX1[4]     ; 4.244 ; 4.218 ; 4.218 ; 4.244 ;
; SW[1]      ; HEX1[5]     ; 4.277 ; 4.251 ; 4.251 ; 4.277 ;
; SW[1]      ; HEX2[0]     ;       ; 3.728 ; 3.728 ;       ;
; SW[1]      ; HEX2[1]     ; 3.752 ; 3.752 ; 3.752 ; 3.752 ;
; SW[1]      ; HEX2[2]     ; 3.791 ;       ;       ; 3.791 ;
; SW[1]      ; HEX2[3]     ; 3.776 ; 3.776 ; 3.776 ; 3.776 ;
; SW[1]      ; HEX2[4]     ; 3.780 ; 3.780 ; 3.780 ; 3.780 ;
; SW[1]      ; HEX2[5]     ; 3.766 ;       ;       ; 3.766 ;
; SW[1]      ; HEX2[6]     ; 3.884 ; 3.884 ; 3.884 ; 3.884 ;
; SW[1]      ; LEDR[1]     ; 2.423 ;       ;       ; 2.423 ;
; SW[2]      ; HEX0[0]     ; 4.485 ; 4.515 ; 4.515 ; 4.485 ;
; SW[2]      ; HEX0[1]     ; 4.552 ; 4.552 ; 4.552 ; 4.552 ;
; SW[2]      ; HEX0[2]     ; 4.500 ; 4.500 ; 4.500 ; 4.500 ;
; SW[2]      ; HEX0[3]     ; 4.507 ; 4.540 ; 4.540 ; 4.507 ;
; SW[2]      ; HEX0[4]     ; 4.427 ; 4.427 ; 4.427 ; 4.427 ;
; SW[2]      ; HEX0[5]     ; 4.394 ; 4.420 ; 4.420 ; 4.394 ;
; SW[2]      ; HEX0[6]     ; 4.392 ; 4.408 ; 4.408 ; 4.392 ;
; SW[2]      ; HEX1[0]     ; 4.088 ; 4.062 ; 4.062 ; 4.088 ;
; SW[2]      ; HEX1[3]     ; 4.188 ; 4.162 ; 4.162 ; 4.188 ;
; SW[2]      ; HEX1[4]     ; 4.198 ; 4.172 ; 4.172 ; 4.198 ;
; SW[2]      ; HEX1[5]     ; 4.231 ; 4.205 ; 4.205 ; 4.231 ;
; SW[2]      ; HEX2[0]     ; 3.605 ; 3.605 ; 3.605 ; 3.605 ;
; SW[2]      ; HEX2[1]     ; 3.642 ;       ;       ; 3.642 ;
; SW[2]      ; HEX2[2]     ;       ; 3.660 ; 3.660 ;       ;
; SW[2]      ; HEX2[3]     ; 3.655 ; 3.655 ; 3.655 ; 3.655 ;
; SW[2]      ; HEX2[4]     ; 3.648 ;       ;       ; 3.648 ;
; SW[2]      ; HEX2[5]     ;       ; 3.635 ; 3.635 ;       ;
; SW[2]      ; HEX2[6]     ; 3.754 ; 3.754 ; 3.754 ; 3.754 ;
; SW[2]      ; LEDR[2]     ; 2.611 ;       ;       ; 2.611 ;
; SW[3]      ; HEX0[0]     ; 4.322 ; 4.352 ; 4.352 ; 4.322 ;
; SW[3]      ; HEX0[1]     ; 4.389 ; 4.389 ; 4.389 ; 4.389 ;
; SW[3]      ; HEX0[2]     ; 4.337 ; 4.337 ; 4.337 ; 4.337 ;
; SW[3]      ; HEX0[3]     ; 4.344 ; 4.377 ; 4.377 ; 4.344 ;
; SW[3]      ; HEX0[4]     ; 4.264 ; 4.264 ; 4.264 ; 4.264 ;
; SW[3]      ; HEX0[5]     ; 4.231 ; 4.257 ; 4.257 ; 4.231 ;
; SW[3]      ; HEX0[6]     ; 4.229 ; 4.245 ; 4.245 ; 4.229 ;
; SW[3]      ; HEX1[0]     ; 3.925 ; 3.800 ; 3.800 ; 3.925 ;
; SW[3]      ; HEX1[3]     ; 4.025 ; 3.900 ; 3.900 ; 4.025 ;
; SW[3]      ; HEX1[4]     ; 4.035 ; 3.910 ; 3.910 ; 4.035 ;
; SW[3]      ; HEX1[5]     ; 4.068 ; 3.943 ; 3.943 ; 4.068 ;
; SW[3]      ; HEX2[0]     ;       ; 3.598 ; 3.598 ;       ;
; SW[3]      ; HEX2[1]     ;       ; 3.612 ; 3.612 ;       ;
; SW[3]      ; HEX2[2]     ;       ; 3.645 ; 3.645 ;       ;
; SW[3]      ; HEX2[3]     ;       ; 3.649 ; 3.649 ;       ;
; SW[3]      ; HEX2[4]     ; 3.641 ;       ;       ; 3.641 ;
; SW[3]      ; HEX2[5]     ;       ; 3.621 ; 3.621 ;       ;
; SW[3]      ; HEX2[6]     ;       ; 3.744 ; 3.744 ;       ;
; SW[3]      ; LEDR[3]     ; 2.854 ;       ;       ; 2.854 ;
; SW[4]      ; HEX0[0]     ; 4.394 ; 4.424 ; 4.424 ; 4.394 ;
; SW[4]      ; HEX0[1]     ; 4.461 ; 4.461 ; 4.461 ; 4.461 ;
; SW[4]      ; HEX0[2]     ; 4.409 ; 4.409 ; 4.409 ; 4.409 ;
; SW[4]      ; HEX0[3]     ; 4.416 ; 4.449 ; 4.449 ; 4.416 ;
; SW[4]      ; HEX0[4]     ; 4.336 ; 4.336 ; 4.336 ; 4.336 ;
; SW[4]      ; HEX0[5]     ; 4.303 ; 4.329 ; 4.329 ; 4.303 ;
; SW[4]      ; HEX0[6]     ; 4.301 ; 4.317 ; 4.317 ; 4.301 ;
; SW[4]      ; HEX1[0]     ; 3.997 ; 3.971 ; 3.971 ; 3.997 ;
; SW[4]      ; HEX1[3]     ; 4.097 ; 4.071 ; 4.071 ; 4.097 ;
; SW[4]      ; HEX1[4]     ; 4.107 ; 4.081 ; 4.081 ; 4.107 ;
; SW[4]      ; HEX1[5]     ; 4.140 ; 4.114 ; 4.114 ; 4.140 ;
; SW[4]      ; HEX3[0]     ; 3.583 ; 3.583 ; 3.583 ; 3.583 ;
; SW[4]      ; HEX3[1]     ; 3.724 ; 3.724 ; 3.724 ; 3.724 ;
; SW[4]      ; HEX3[2]     ;       ; 3.725 ; 3.725 ;       ;
; SW[4]      ; HEX3[3]     ; 3.589 ; 3.589 ; 3.589 ; 3.589 ;
; SW[4]      ; HEX3[4]     ; 3.564 ;       ;       ; 3.564 ;
; SW[4]      ; HEX3[5]     ; 3.583 ;       ;       ; 3.583 ;
; SW[4]      ; HEX3[6]     ; 3.606 ;       ;       ; 3.606 ;
; SW[4]      ; LEDR[4]     ; 2.626 ;       ;       ; 2.626 ;
; SW[5]      ; HEX0[0]     ; 4.498 ; 4.528 ; 4.528 ; 4.498 ;
; SW[5]      ; HEX0[1]     ; 4.565 ; 4.565 ; 4.565 ; 4.565 ;
; SW[5]      ; HEX0[2]     ; 4.513 ; 4.513 ; 4.513 ; 4.513 ;
; SW[5]      ; HEX0[3]     ; 4.520 ; 4.553 ; 4.553 ; 4.520 ;
; SW[5]      ; HEX0[4]     ; 4.440 ; 4.440 ; 4.440 ; 4.440 ;
; SW[5]      ; HEX0[5]     ; 4.407 ; 4.433 ; 4.433 ; 4.407 ;
; SW[5]      ; HEX0[6]     ; 4.405 ; 4.421 ; 4.421 ; 4.405 ;
; SW[5]      ; HEX1[0]     ; 4.101 ; 4.075 ; 4.075 ; 4.101 ;
; SW[5]      ; HEX1[3]     ; 4.201 ; 4.175 ; 4.175 ; 4.201 ;
; SW[5]      ; HEX1[4]     ; 4.211 ; 4.185 ; 4.185 ; 4.211 ;
; SW[5]      ; HEX1[5]     ; 4.244 ; 4.218 ; 4.218 ; 4.244 ;
; SW[5]      ; HEX3[0]     ;       ; 3.670 ; 3.670 ;       ;
; SW[5]      ; HEX3[1]     ; 3.830 ; 3.830 ; 3.830 ; 3.830 ;
; SW[5]      ; HEX3[2]     ; 3.827 ;       ;       ; 3.827 ;
; SW[5]      ; HEX3[3]     ; 3.692 ; 3.692 ; 3.692 ; 3.692 ;
; SW[5]      ; HEX3[4]     ; 3.669 ; 3.669 ; 3.669 ; 3.669 ;
; SW[5]      ; HEX3[5]     ; 3.667 ;       ;       ; 3.667 ;
; SW[5]      ; HEX3[6]     ; 3.691 ; 3.691 ; 3.691 ; 3.691 ;
; SW[5]      ; LEDR[5]     ; 2.981 ;       ;       ; 2.981 ;
; SW[6]      ; HEX0[0]     ; 4.344 ; 4.374 ; 4.374 ; 4.344 ;
; SW[6]      ; HEX0[1]     ; 4.411 ; 4.411 ; 4.411 ; 4.411 ;
; SW[6]      ; HEX0[2]     ; 4.359 ; 4.359 ; 4.359 ; 4.359 ;
; SW[6]      ; HEX0[3]     ; 4.366 ; 4.399 ; 4.399 ; 4.366 ;
; SW[6]      ; HEX0[4]     ; 4.286 ; 4.286 ; 4.286 ; 4.286 ;
; SW[6]      ; HEX0[5]     ; 4.253 ; 4.279 ; 4.279 ; 4.253 ;
; SW[6]      ; HEX0[6]     ; 4.251 ; 4.267 ; 4.267 ; 4.251 ;
; SW[6]      ; HEX1[0]     ; 3.947 ; 3.921 ; 3.921 ; 3.947 ;
; SW[6]      ; HEX1[3]     ; 4.047 ; 4.021 ; 4.021 ; 4.047 ;
; SW[6]      ; HEX1[4]     ; 4.057 ; 4.031 ; 4.031 ; 4.057 ;
; SW[6]      ; HEX1[5]     ; 4.090 ; 4.064 ; 4.064 ; 4.090 ;
; SW[6]      ; HEX3[0]     ; 3.428 ; 3.428 ; 3.428 ; 3.428 ;
; SW[6]      ; HEX3[1]     ; 3.592 ;       ;       ; 3.592 ;
; SW[6]      ; HEX3[2]     ;       ; 3.570 ; 3.570 ;       ;
; SW[6]      ; HEX3[3]     ; 3.434 ; 3.434 ; 3.434 ; 3.434 ;
; SW[6]      ; HEX3[4]     ; 3.412 ;       ;       ; 3.412 ;
; SW[6]      ; HEX3[5]     ;       ; 3.428 ; 3.428 ;       ;
; SW[6]      ; HEX3[6]     ; 3.451 ; 3.451 ; 3.451 ; 3.451 ;
; SW[6]      ; LEDR[6]     ; 2.511 ;       ;       ; 2.511 ;
; SW[7]      ; HEX0[0]     ; 3.905 ; 3.935 ; 3.935 ; 3.905 ;
; SW[7]      ; HEX0[1]     ; 3.972 ; 3.972 ; 3.972 ; 3.972 ;
; SW[7]      ; HEX0[2]     ; 3.920 ; 3.920 ; 3.920 ; 3.920 ;
; SW[7]      ; HEX0[3]     ; 3.927 ; 3.960 ; 3.960 ; 3.927 ;
; SW[7]      ; HEX0[4]     ; 3.847 ; 3.847 ; 3.847 ; 3.847 ;
; SW[7]      ; HEX0[5]     ; 3.814 ; 3.840 ; 3.840 ; 3.814 ;
; SW[7]      ; HEX0[6]     ; 3.812 ; 3.828 ; 3.828 ; 3.812 ;
; SW[7]      ; HEX1[0]     ; 3.508 ; 3.382 ; 3.382 ; 3.508 ;
; SW[7]      ; HEX1[3]     ; 3.608 ; 3.482 ; 3.482 ; 3.608 ;
; SW[7]      ; HEX1[4]     ; 3.618 ; 3.492 ; 3.492 ; 3.618 ;
; SW[7]      ; HEX1[5]     ; 3.651 ; 3.525 ; 3.525 ; 3.651 ;
; SW[7]      ; HEX3[0]     ;       ; 2.966 ; 2.966 ;       ;
; SW[7]      ; HEX3[1]     ;       ; 3.117 ; 3.117 ;       ;
; SW[7]      ; HEX3[2]     ;       ; 3.115 ; 3.115 ;       ;
; SW[7]      ; HEX3[3]     ;       ; 2.979 ; 2.979 ;       ;
; SW[7]      ; HEX3[4]     ; 2.957 ;       ;       ; 2.957 ;
; SW[7]      ; HEX3[5]     ;       ; 2.966 ; 2.966 ;       ;
; SW[7]      ; HEX3[6]     ;       ; 2.989 ; 2.989 ;       ;
; SW[7]      ; LEDR[7]     ; 3.250 ;       ;       ; 3.250 ;
; SW[8]      ; LEDR[8]     ; 3.013 ;       ;       ; 3.013 ;
+------------+-------------+-------+-------+-------+-------+


+----------------------------------------------------------+
; Minimum Propagation Delay                                ;
+------------+-------------+-------+-------+-------+-------+
; Input Port ; Output Port ; RR    ; RF    ; FR    ; FF    ;
+------------+-------------+-------+-------+-------+-------+
; SW[0]      ; HEX0[0]     ; 4.014 ; 4.014 ; 4.014 ; 4.014 ;
; SW[0]      ; HEX0[1]     ; 4.046 ; 4.046 ; 4.046 ; 4.046 ;
; SW[0]      ; HEX0[2]     ; 3.987 ; 3.987 ; 3.987 ; 3.987 ;
; SW[0]      ; HEX0[3]     ; 4.041 ; 4.041 ; 4.041 ; 4.041 ;
; SW[0]      ; HEX0[4]     ; 3.924 ; 3.924 ; 3.924 ; 3.924 ;
; SW[0]      ; HEX0[5]     ; 3.916 ; 3.916 ; 3.916 ; 3.916 ;
; SW[0]      ; HEX0[6]     ; 3.914 ; 3.914 ; 3.914 ; 3.914 ;
; SW[0]      ; HEX1[0]     ; 4.038 ; 4.038 ; 4.038 ; 4.038 ;
; SW[0]      ; HEX1[3]     ; 4.138 ; 4.138 ; 4.138 ; 4.138 ;
; SW[0]      ; HEX1[4]     ; 4.148 ; 4.148 ; 4.148 ; 4.148 ;
; SW[0]      ; HEX1[5]     ; 4.181 ; 4.181 ; 4.181 ; 4.181 ;
; SW[0]      ; HEX2[0]     ; 3.687 ; 3.687 ; 3.687 ; 3.687 ;
; SW[0]      ; HEX2[1]     ; 3.713 ; 3.713 ; 3.713 ; 3.713 ;
; SW[0]      ; HEX2[2]     ;       ; 3.752 ; 3.752 ;       ;
; SW[0]      ; HEX2[3]     ; 3.732 ; 3.732 ; 3.732 ; 3.732 ;
; SW[0]      ; HEX2[4]     ; 3.740 ;       ;       ; 3.740 ;
; SW[0]      ; HEX2[5]     ; 3.726 ;       ;       ; 3.726 ;
; SW[0]      ; HEX2[6]     ; 3.845 ;       ;       ; 3.845 ;
; SW[0]      ; LEDR[0]     ; 2.289 ;       ;       ; 2.289 ;
; SW[1]      ; HEX0[0]     ; 4.245 ; 4.245 ; 4.245 ; 4.245 ;
; SW[1]      ; HEX0[1]     ; 4.264 ; 4.264 ; 4.264 ; 4.264 ;
; SW[1]      ; HEX0[2]     ; 4.203 ; 4.203 ; 4.203 ; 4.203 ;
; SW[1]      ; HEX0[3]     ; 4.271 ; 4.271 ; 4.271 ; 4.271 ;
; SW[1]      ; HEX0[4]     ; 4.137 ; 4.137 ; 4.137 ; 4.137 ;
; SW[1]      ; HEX0[5]     ; 4.148 ; 4.148 ; 4.148 ; 4.148 ;
; SW[1]      ; HEX0[6]     ; 4.141 ; 4.141 ; 4.141 ; 4.141 ;
; SW[1]      ; HEX1[0]     ; 3.955 ; 3.955 ; 3.955 ; 3.955 ;
; SW[1]      ; HEX1[3]     ; 4.055 ; 4.055 ; 4.055 ; 4.055 ;
; SW[1]      ; HEX1[4]     ; 4.065 ; 4.065 ; 4.065 ; 4.065 ;
; SW[1]      ; HEX1[5]     ; 4.098 ; 4.098 ; 4.098 ; 4.098 ;
; SW[1]      ; HEX2[0]     ;       ; 3.728 ; 3.728 ;       ;
; SW[1]      ; HEX2[1]     ; 3.752 ; 3.752 ; 3.752 ; 3.752 ;
; SW[1]      ; HEX2[2]     ; 3.791 ;       ;       ; 3.791 ;
; SW[1]      ; HEX2[3]     ; 3.776 ; 3.776 ; 3.776 ; 3.776 ;
; SW[1]      ; HEX2[4]     ; 3.780 ; 3.780 ; 3.780 ; 3.780 ;
; SW[1]      ; HEX2[5]     ; 3.766 ;       ;       ; 3.766 ;
; SW[1]      ; HEX2[6]     ; 3.884 ; 3.884 ; 3.884 ; 3.884 ;
; SW[1]      ; LEDR[1]     ; 2.423 ;       ;       ; 2.423 ;
; SW[2]      ; HEX0[0]     ; 4.109 ; 4.109 ; 4.109 ; 4.109 ;
; SW[2]      ; HEX0[1]     ; 4.125 ; 4.125 ; 4.125 ; 4.125 ;
; SW[2]      ; HEX0[2]     ; 4.064 ; 4.064 ; 4.064 ; 4.064 ;
; SW[2]      ; HEX0[3]     ; 4.135 ; 4.135 ; 4.135 ; 4.135 ;
; SW[2]      ; HEX0[4]     ; 3.998 ; 3.998 ; 3.998 ; 3.998 ;
; SW[2]      ; HEX0[5]     ; 4.012 ; 4.012 ; 4.012 ; 4.012 ;
; SW[2]      ; HEX0[6]     ; 4.005 ; 4.005 ; 4.005 ; 4.005 ;
; SW[2]      ; HEX1[0]     ; 3.816 ; 3.816 ; 3.816 ; 3.816 ;
; SW[2]      ; HEX1[3]     ; 3.916 ; 3.916 ; 3.916 ; 3.916 ;
; SW[2]      ; HEX1[4]     ; 3.926 ; 3.926 ; 3.926 ; 3.926 ;
; SW[2]      ; HEX1[5]     ; 3.959 ; 3.959 ; 3.959 ; 3.959 ;
; SW[2]      ; HEX2[0]     ; 3.605 ; 3.605 ; 3.605 ; 3.605 ;
; SW[2]      ; HEX2[1]     ; 3.642 ;       ;       ; 3.642 ;
; SW[2]      ; HEX2[2]     ;       ; 3.660 ; 3.660 ;       ;
; SW[2]      ; HEX2[3]     ; 3.655 ; 3.655 ; 3.655 ; 3.655 ;
; SW[2]      ; HEX2[4]     ; 3.648 ;       ;       ; 3.648 ;
; SW[2]      ; HEX2[5]     ;       ; 3.635 ; 3.635 ;       ;
; SW[2]      ; HEX2[6]     ; 3.754 ; 3.754 ; 3.754 ; 3.754 ;
; SW[2]      ; LEDR[2]     ; 2.611 ;       ;       ; 2.611 ;
; SW[3]      ; HEX0[0]     ; 4.093 ; 4.093 ; 4.093 ; 4.093 ;
; SW[3]      ; HEX0[1]     ; 4.109 ; 4.109 ; 4.109 ; 4.109 ;
; SW[3]      ; HEX0[2]     ; 4.048 ; 4.048 ; 4.048 ; 4.048 ;
; SW[3]      ; HEX0[3]     ; 4.119 ; 4.119 ; 4.119 ; 4.119 ;
; SW[3]      ; HEX0[4]     ; 3.982 ; 3.982 ; 3.982 ; 3.982 ;
; SW[3]      ; HEX0[5]     ; 3.996 ; 3.996 ; 3.996 ; 3.996 ;
; SW[3]      ; HEX0[6]     ; 3.989 ; 3.989 ; 3.989 ; 3.989 ;
; SW[3]      ; HEX1[0]     ; 3.800 ; 3.800 ; 3.800 ; 3.800 ;
; SW[3]      ; HEX1[3]     ; 3.900 ; 3.900 ; 3.900 ; 3.900 ;
; SW[3]      ; HEX1[4]     ; 3.910 ; 3.910 ; 3.910 ; 3.910 ;
; SW[3]      ; HEX1[5]     ; 3.943 ; 3.943 ; 3.943 ; 3.943 ;
; SW[3]      ; HEX2[0]     ;       ; 3.598 ; 3.598 ;       ;
; SW[3]      ; HEX2[1]     ;       ; 3.612 ; 3.612 ;       ;
; SW[3]      ; HEX2[2]     ;       ; 3.645 ; 3.645 ;       ;
; SW[3]      ; HEX2[3]     ;       ; 3.649 ; 3.649 ;       ;
; SW[3]      ; HEX2[4]     ; 3.641 ;       ;       ; 3.641 ;
; SW[3]      ; HEX2[5]     ;       ; 3.621 ; 3.621 ;       ;
; SW[3]      ; HEX2[6]     ;       ; 3.744 ; 3.744 ;       ;
; SW[3]      ; LEDR[3]     ; 2.854 ;       ;       ; 2.854 ;
; SW[4]      ; HEX0[0]     ; 3.809 ; 3.809 ; 3.809 ; 3.809 ;
; SW[4]      ; HEX0[1]     ; 3.841 ; 3.841 ; 3.841 ; 3.841 ;
; SW[4]      ; HEX0[2]     ; 3.782 ; 3.782 ; 3.782 ; 3.782 ;
; SW[4]      ; HEX0[3]     ; 3.836 ; 3.836 ; 3.836 ; 3.836 ;
; SW[4]      ; HEX0[4]     ; 3.719 ; 3.719 ; 3.719 ; 3.719 ;
; SW[4]      ; HEX0[5]     ; 3.711 ; 3.711 ; 3.711 ; 3.711 ;
; SW[4]      ; HEX0[6]     ; 3.709 ; 3.709 ; 3.709 ; 3.709 ;
; SW[4]      ; HEX1[0]     ; 3.828 ; 3.828 ; 3.828 ; 3.828 ;
; SW[4]      ; HEX1[3]     ; 3.928 ; 3.928 ; 3.928 ; 3.928 ;
; SW[4]      ; HEX1[4]     ; 3.938 ; 3.938 ; 3.938 ; 3.938 ;
; SW[4]      ; HEX1[5]     ; 3.971 ; 3.971 ; 3.971 ; 3.971 ;
; SW[4]      ; HEX3[0]     ; 3.583 ; 3.583 ; 3.583 ; 3.583 ;
; SW[4]      ; HEX3[1]     ; 3.724 ; 3.724 ; 3.724 ; 3.724 ;
; SW[4]      ; HEX3[2]     ;       ; 3.725 ; 3.725 ;       ;
; SW[4]      ; HEX3[3]     ; 3.589 ; 3.589 ; 3.589 ; 3.589 ;
; SW[4]      ; HEX3[4]     ; 3.564 ;       ;       ; 3.564 ;
; SW[4]      ; HEX3[5]     ; 3.583 ;       ;       ; 3.583 ;
; SW[4]      ; HEX3[6]     ; 3.606 ;       ;       ; 3.606 ;
; SW[4]      ; LEDR[4]     ; 2.626 ;       ;       ; 2.626 ;
; SW[5]      ; HEX0[0]     ; 4.214 ; 4.214 ; 4.214 ; 4.214 ;
; SW[5]      ; HEX0[1]     ; 4.233 ; 4.233 ; 4.233 ; 4.233 ;
; SW[5]      ; HEX0[2]     ; 4.172 ; 4.172 ; 4.172 ; 4.172 ;
; SW[5]      ; HEX0[3]     ; 4.240 ; 4.240 ; 4.240 ; 4.240 ;
; SW[5]      ; HEX0[4]     ; 4.106 ; 4.106 ; 4.106 ; 4.106 ;
; SW[5]      ; HEX0[5]     ; 4.117 ; 4.117 ; 4.117 ; 4.117 ;
; SW[5]      ; HEX0[6]     ; 4.110 ; 4.110 ; 4.110 ; 4.110 ;
; SW[5]      ; HEX1[0]     ; 3.924 ; 3.924 ; 3.924 ; 3.924 ;
; SW[5]      ; HEX1[3]     ; 4.024 ; 4.024 ; 4.024 ; 4.024 ;
; SW[5]      ; HEX1[4]     ; 4.034 ; 4.034 ; 4.034 ; 4.034 ;
; SW[5]      ; HEX1[5]     ; 4.067 ; 4.067 ; 4.067 ; 4.067 ;
; SW[5]      ; HEX3[0]     ;       ; 3.670 ; 3.670 ;       ;
; SW[5]      ; HEX3[1]     ; 3.830 ; 3.830 ; 3.830 ; 3.830 ;
; SW[5]      ; HEX3[2]     ; 3.827 ;       ;       ; 3.827 ;
; SW[5]      ; HEX3[3]     ; 3.692 ; 3.692 ; 3.692 ; 3.692 ;
; SW[5]      ; HEX3[4]     ; 3.669 ; 3.669 ; 3.669 ; 3.669 ;
; SW[5]      ; HEX3[5]     ; 3.667 ;       ;       ; 3.667 ;
; SW[5]      ; HEX3[6]     ; 3.691 ; 3.691 ; 3.691 ; 3.691 ;
; SW[5]      ; LEDR[5]     ; 2.981 ;       ;       ; 2.981 ;
; SW[6]      ; HEX0[0]     ; 3.966 ; 3.966 ; 3.966 ; 3.966 ;
; SW[6]      ; HEX0[1]     ; 3.982 ; 3.982 ; 3.982 ; 3.982 ;
; SW[6]      ; HEX0[2]     ; 3.921 ; 3.921 ; 3.921 ; 3.921 ;
; SW[6]      ; HEX0[3]     ; 3.992 ; 3.992 ; 3.992 ; 3.992 ;
; SW[6]      ; HEX0[4]     ; 3.855 ; 3.855 ; 3.855 ; 3.855 ;
; SW[6]      ; HEX0[5]     ; 3.869 ; 3.869 ; 3.869 ; 3.869 ;
; SW[6]      ; HEX0[6]     ; 3.862 ; 3.862 ; 3.862 ; 3.862 ;
; SW[6]      ; HEX1[0]     ; 3.673 ; 3.673 ; 3.673 ; 3.673 ;
; SW[6]      ; HEX1[3]     ; 3.773 ; 3.773 ; 3.773 ; 3.773 ;
; SW[6]      ; HEX1[4]     ; 3.783 ; 3.783 ; 3.783 ; 3.783 ;
; SW[6]      ; HEX1[5]     ; 3.816 ; 3.816 ; 3.816 ; 3.816 ;
; SW[6]      ; HEX3[0]     ; 3.428 ; 3.428 ; 3.428 ; 3.428 ;
; SW[6]      ; HEX3[1]     ; 3.592 ;       ;       ; 3.592 ;
; SW[6]      ; HEX3[2]     ;       ; 3.570 ; 3.570 ;       ;
; SW[6]      ; HEX3[3]     ; 3.434 ; 3.434 ; 3.434 ; 3.434 ;
; SW[6]      ; HEX3[4]     ; 3.412 ;       ;       ; 3.412 ;
; SW[6]      ; HEX3[5]     ;       ; 3.428 ; 3.428 ;       ;
; SW[6]      ; HEX3[6]     ; 3.451 ; 3.451 ; 3.451 ; 3.451 ;
; SW[6]      ; LEDR[6]     ; 2.511 ;       ;       ; 2.511 ;
; SW[7]      ; HEX0[0]     ; 3.675 ; 3.675 ; 3.675 ; 3.675 ;
; SW[7]      ; HEX0[1]     ; 3.691 ; 3.691 ; 3.691 ; 3.691 ;
; SW[7]      ; HEX0[2]     ; 3.630 ; 3.630 ; 3.630 ; 3.630 ;
; SW[7]      ; HEX0[3]     ; 3.701 ; 3.701 ; 3.701 ; 3.701 ;
; SW[7]      ; HEX0[4]     ; 3.564 ; 3.564 ; 3.564 ; 3.564 ;
; SW[7]      ; HEX0[5]     ; 3.578 ; 3.578 ; 3.578 ; 3.578 ;
; SW[7]      ; HEX0[6]     ; 3.571 ; 3.571 ; 3.571 ; 3.571 ;
; SW[7]      ; HEX1[0]     ; 3.382 ; 3.382 ; 3.382 ; 3.382 ;
; SW[7]      ; HEX1[3]     ; 3.482 ; 3.482 ; 3.482 ; 3.482 ;
; SW[7]      ; HEX1[4]     ; 3.492 ; 3.492 ; 3.492 ; 3.492 ;
; SW[7]      ; HEX1[5]     ; 3.525 ; 3.525 ; 3.525 ; 3.525 ;
; SW[7]      ; HEX3[0]     ;       ; 2.966 ; 2.966 ;       ;
; SW[7]      ; HEX3[1]     ;       ; 3.117 ; 3.117 ;       ;
; SW[7]      ; HEX3[2]     ;       ; 3.115 ; 3.115 ;       ;
; SW[7]      ; HEX3[3]     ;       ; 2.979 ; 2.979 ;       ;
; SW[7]      ; HEX3[4]     ; 2.957 ;       ;       ; 2.957 ;
; SW[7]      ; HEX3[5]     ;       ; 2.966 ; 2.966 ;       ;
; SW[7]      ; HEX3[6]     ;       ; 2.989 ; 2.989 ;       ;
; SW[7]      ; LEDR[7]     ; 3.250 ;       ;       ; 3.250 ;
; SW[8]      ; LEDR[8]     ; 3.013 ;       ;       ; 3.013 ;
+------------+-------------+-------+-------+-------+-------+


+----------------------------------------------------------------------------+
; Multicorner Timing Analysis Summary                                        ;
+------------------+-------+------+----------+---------+---------------------+
; Clock            ; Setup ; Hold ; Recovery ; Removal ; Minimum Pulse Width ;
+------------------+-------+------+----------+---------+---------------------+
; Worst-case Slack ; N/A   ; N/A  ; N/A      ; N/A     ; N/A                 ;
; Design-wide TNS  ; 0.0   ; 0.0  ; 0.0      ; 0.0     ; 0.0                 ;
+------------------+-------+------+----------+---------+---------------------+


+--------------------------------------------------------------+
; Progagation Delay                                            ;
+------------+-------------+--------+--------+--------+--------+
; Input Port ; Output Port ; RR     ; RF     ; FR     ; FF     ;
+------------+-------------+--------+--------+--------+--------+
; SW[0]      ; HEX0[0]     ; 10.619 ; 10.619 ; 10.619 ; 10.619 ;
; SW[0]      ; HEX0[1]     ; 10.582 ; 10.582 ; 10.582 ; 10.582 ;
; SW[0]      ; HEX0[2]     ; 10.508 ; 10.508 ; 10.508 ; 10.508 ;
; SW[0]      ; HEX0[3]     ; 10.649 ; 10.649 ; 10.649 ; 10.649 ;
; SW[0]      ; HEX0[4]     ; 10.332 ; 10.332 ; 10.332 ; 10.332 ;
; SW[0]      ; HEX0[5]     ; 10.315 ; 10.315 ; 10.315 ; 10.315 ;
; SW[0]      ; HEX0[6]     ; 10.311 ; 10.311 ; 10.311 ; 10.311 ;
; SW[0]      ; HEX1[0]     ; 9.410  ; 9.410  ; 9.410  ; 9.410  ;
; SW[0]      ; HEX1[3]     ; 9.724  ; 9.724  ; 9.724  ; 9.724  ;
; SW[0]      ; HEX1[4]     ; 9.734  ; 9.734  ; 9.734  ; 9.734  ;
; SW[0]      ; HEX1[5]     ; 9.766  ; 9.766  ; 9.766  ; 9.766  ;
; SW[0]      ; HEX2[0]     ; 8.039  ; 8.039  ; 8.039  ; 8.039  ;
; SW[0]      ; HEX2[1]     ; 8.077  ; 8.077  ; 8.077  ; 8.077  ;
; SW[0]      ; HEX2[2]     ;        ; 8.066  ; 8.066  ;        ;
; SW[0]      ; HEX2[3]     ; 8.090  ; 8.090  ; 8.090  ; 8.090  ;
; SW[0]      ; HEX2[4]     ; 8.059  ;        ;        ; 8.059  ;
; SW[0]      ; HEX2[5]     ; 8.088  ;        ;        ; 8.088  ;
; SW[0]      ; HEX2[6]     ; 8.400  ;        ;        ; 8.400  ;
; SW[0]      ; LEDR[0]     ; 4.635  ;        ;        ; 4.635  ;
; SW[1]      ; HEX0[0]     ; 10.482 ; 10.482 ; 10.482 ; 10.482 ;
; SW[1]      ; HEX0[1]     ; 10.445 ; 10.445 ; 10.445 ; 10.445 ;
; SW[1]      ; HEX0[2]     ; 10.371 ; 10.371 ; 10.371 ; 10.371 ;
; SW[1]      ; HEX0[3]     ; 10.512 ; 10.512 ; 10.512 ; 10.512 ;
; SW[1]      ; HEX0[4]     ; 10.195 ; 10.195 ; 10.195 ; 10.195 ;
; SW[1]      ; HEX0[5]     ; 10.178 ; 10.178 ; 10.178 ; 10.178 ;
; SW[1]      ; HEX0[6]     ; 10.174 ; 10.174 ; 10.174 ; 10.174 ;
; SW[1]      ; HEX1[0]     ; 9.273  ; 9.273  ; 9.273  ; 9.273  ;
; SW[1]      ; HEX1[3]     ; 9.587  ; 9.587  ; 9.587  ; 9.587  ;
; SW[1]      ; HEX1[4]     ; 9.597  ; 9.597  ; 9.597  ; 9.597  ;
; SW[1]      ; HEX1[5]     ; 9.629  ; 9.629  ; 9.629  ; 9.629  ;
; SW[1]      ; HEX2[0]     ;        ; 8.225  ; 8.225  ;        ;
; SW[1]      ; HEX2[1]     ; 8.262  ; 8.262  ; 8.262  ; 8.262  ;
; SW[1]      ; HEX2[2]     ; 8.293  ;        ;        ; 8.293  ;
; SW[1]      ; HEX2[3]     ; 8.242  ; 8.242  ; 8.242  ; 8.242  ;
; SW[1]      ; HEX2[4]     ; 8.288  ; 8.288  ; 8.288  ; 8.288  ;
; SW[1]      ; HEX2[5]     ; 8.270  ;        ;        ; 8.270  ;
; SW[1]      ; HEX2[6]     ; 8.577  ; 8.577  ; 8.577  ; 8.577  ;
; SW[1]      ; LEDR[1]     ; 4.978  ;        ;        ; 4.978  ;
; SW[2]      ; HEX0[0]     ; 10.296 ; 10.296 ; 10.296 ; 10.296 ;
; SW[2]      ; HEX0[1]     ; 10.259 ; 10.259 ; 10.259 ; 10.259 ;
; SW[2]      ; HEX0[2]     ; 10.185 ; 10.185 ; 10.185 ; 10.185 ;
; SW[2]      ; HEX0[3]     ; 10.326 ; 10.326 ; 10.326 ; 10.326 ;
; SW[2]      ; HEX0[4]     ; 10.009 ; 10.009 ; 10.009 ; 10.009 ;
; SW[2]      ; HEX0[5]     ; 9.992  ; 9.992  ; 9.992  ; 9.992  ;
; SW[2]      ; HEX0[6]     ; 9.988  ; 9.988  ; 9.988  ; 9.988  ;
; SW[2]      ; HEX1[0]     ; 9.087  ; 9.087  ; 9.087  ; 9.087  ;
; SW[2]      ; HEX1[3]     ; 9.401  ; 9.401  ; 9.401  ; 9.401  ;
; SW[2]      ; HEX1[4]     ; 9.411  ; 9.411  ; 9.411  ; 9.411  ;
; SW[2]      ; HEX1[5]     ; 9.443  ; 9.443  ; 9.443  ; 9.443  ;
; SW[2]      ; HEX2[0]     ; 7.772  ; 7.772  ; 7.772  ; 7.772  ;
; SW[2]      ; HEX2[1]     ; 7.801  ;        ;        ; 7.801  ;
; SW[2]      ; HEX2[2]     ;        ; 7.831  ; 7.831  ;        ;
; SW[2]      ; HEX2[3]     ; 7.824  ; 7.824  ; 7.824  ; 7.824  ;
; SW[2]      ; HEX2[4]     ; 7.826  ;        ;        ; 7.826  ;
; SW[2]      ; HEX2[5]     ;        ; 7.809  ; 7.809  ;        ;
; SW[2]      ; HEX2[6]     ; 8.120  ; 8.120  ; 8.120  ; 8.120  ;
; SW[2]      ; LEDR[2]     ; 5.387  ;        ;        ; 5.387  ;
; SW[3]      ; HEX0[0]     ; 9.806  ; 9.930  ; 9.930  ; 9.806  ;
; SW[3]      ; HEX0[1]     ; 9.893  ; 9.893  ; 9.893  ; 9.893  ;
; SW[3]      ; HEX0[2]     ; 9.819  ; 9.819  ; 9.819  ; 9.819  ;
; SW[3]      ; HEX0[3]     ; 9.892  ; 9.960  ; 9.960  ; 9.892  ;
; SW[3]      ; HEX0[4]     ; 9.643  ; 9.643  ; 9.643  ; 9.643  ;
; SW[3]      ; HEX0[5]     ; 9.568  ; 9.626  ; 9.626  ; 9.568  ;
; SW[3]      ; HEX0[6]     ; 9.567  ; 9.622  ; 9.622  ; 9.567  ;
; SW[3]      ; HEX1[0]     ; 8.671  ; 8.374  ; 8.374  ; 8.671  ;
; SW[3]      ; HEX1[3]     ; 8.985  ; 8.688  ; 8.688  ; 8.985  ;
; SW[3]      ; HEX1[4]     ; 8.995  ; 8.698  ; 8.698  ; 8.995  ;
; SW[3]      ; HEX1[5]     ; 9.027  ; 8.730  ; 8.730  ; 9.027  ;
; SW[3]      ; HEX2[0]     ;        ; 7.842  ; 7.842  ;        ;
; SW[3]      ; HEX2[1]     ;        ; 7.867  ; 7.867  ;        ;
; SW[3]      ; HEX2[2]     ;        ; 7.892  ; 7.892  ;        ;
; SW[3]      ; HEX2[3]     ;        ; 7.863  ; 7.863  ;        ;
; SW[3]      ; HEX2[4]     ; 7.897  ;        ;        ; 7.897  ;
; SW[3]      ; HEX2[5]     ;        ; 7.871  ; 7.871  ;        ;
; SW[3]      ; HEX2[6]     ;        ; 8.186  ; 8.186  ;        ;
; SW[3]      ; LEDR[3]     ; 5.800  ;        ;        ; 5.800  ;
; SW[4]      ; HEX0[0]     ; 10.101 ; 10.101 ; 10.101 ; 10.101 ;
; SW[4]      ; HEX0[1]     ; 10.064 ; 10.064 ; 10.064 ; 10.064 ;
; SW[4]      ; HEX0[2]     ; 9.990  ; 9.990  ; 9.990  ; 9.990  ;
; SW[4]      ; HEX0[3]     ; 10.131 ; 10.131 ; 10.131 ; 10.131 ;
; SW[4]      ; HEX0[4]     ; 9.814  ; 9.814  ; 9.814  ; 9.814  ;
; SW[4]      ; HEX0[5]     ; 9.797  ; 9.797  ; 9.797  ; 9.797  ;
; SW[4]      ; HEX0[6]     ; 9.793  ; 9.793  ; 9.793  ; 9.793  ;
; SW[4]      ; HEX1[0]     ; 8.892  ; 8.892  ; 8.892  ; 8.892  ;
; SW[4]      ; HEX1[3]     ; 9.206  ; 9.206  ; 9.206  ; 9.206  ;
; SW[4]      ; HEX1[4]     ; 9.216  ; 9.216  ; 9.216  ; 9.216  ;
; SW[4]      ; HEX1[5]     ; 9.248  ; 9.248  ; 9.248  ; 9.248  ;
; SW[4]      ; HEX3[0]     ; 7.715  ; 7.715  ; 7.715  ; 7.715  ;
; SW[4]      ; HEX3[1]     ; 7.903  ; 7.903  ; 7.903  ; 7.903  ;
; SW[4]      ; HEX3[2]     ;        ; 7.905  ; 7.905  ;        ;
; SW[4]      ; HEX3[3]     ; 7.721  ; 7.721  ; 7.721  ; 7.721  ;
; SW[4]      ; HEX3[4]     ; 7.696  ;        ;        ; 7.696  ;
; SW[4]      ; HEX3[5]     ; 7.715  ;        ;        ; 7.715  ;
; SW[4]      ; HEX3[6]     ; 7.739  ;        ;        ; 7.739  ;
; SW[4]      ; LEDR[4]     ; 5.305  ;        ;        ; 5.305  ;
; SW[5]      ; HEX0[0]     ; 10.225 ; 10.225 ; 10.225 ; 10.225 ;
; SW[5]      ; HEX0[1]     ; 10.188 ; 10.188 ; 10.188 ; 10.188 ;
; SW[5]      ; HEX0[2]     ; 10.114 ; 10.114 ; 10.114 ; 10.114 ;
; SW[5]      ; HEX0[3]     ; 10.255 ; 10.255 ; 10.255 ; 10.255 ;
; SW[5]      ; HEX0[4]     ; 9.938  ; 9.938  ; 9.938  ; 9.938  ;
; SW[5]      ; HEX0[5]     ; 9.921  ; 9.921  ; 9.921  ; 9.921  ;
; SW[5]      ; HEX0[6]     ; 9.917  ; 9.917  ; 9.917  ; 9.917  ;
; SW[5]      ; HEX1[0]     ; 9.016  ; 9.016  ; 9.016  ; 9.016  ;
; SW[5]      ; HEX1[3]     ; 9.330  ; 9.330  ; 9.330  ; 9.330  ;
; SW[5]      ; HEX1[4]     ; 9.340  ; 9.340  ; 9.340  ; 9.340  ;
; SW[5]      ; HEX1[5]     ; 9.372  ; 9.372  ; 9.372  ; 9.372  ;
; SW[5]      ; HEX3[0]     ;        ; 7.848  ; 7.848  ;        ;
; SW[5]      ; HEX3[1]     ; 8.053  ; 8.053  ; 8.053  ; 8.053  ;
; SW[5]      ; HEX3[2]     ; 8.051  ;        ;        ; 8.051  ;
; SW[5]      ; HEX3[3]     ; 7.839  ; 7.839  ; 7.839  ; 7.839  ;
; SW[5]      ; HEX3[4]     ; 7.846  ; 7.846  ; 7.846  ; 7.846  ;
; SW[5]      ; HEX3[5]     ; 7.846  ;        ;        ; 7.846  ;
; SW[5]      ; HEX3[6]     ; 7.870  ; 7.870  ; 7.870  ; 7.870  ;
; SW[5]      ; LEDR[5]     ; 6.108  ;        ;        ; 6.108  ;
; SW[6]      ; HEX0[0]     ; 10.017 ; 10.017 ; 10.017 ; 10.017 ;
; SW[6]      ; HEX0[1]     ; 9.980  ; 9.980  ; 9.980  ; 9.980  ;
; SW[6]      ; HEX0[2]     ; 9.906  ; 9.906  ; 9.906  ; 9.906  ;
; SW[6]      ; HEX0[3]     ; 10.047 ; 10.047 ; 10.047 ; 10.047 ;
; SW[6]      ; HEX0[4]     ; 9.730  ; 9.730  ; 9.730  ; 9.730  ;
; SW[6]      ; HEX0[5]     ; 9.713  ; 9.713  ; 9.713  ; 9.713  ;
; SW[6]      ; HEX0[6]     ; 9.709  ; 9.709  ; 9.709  ; 9.709  ;
; SW[6]      ; HEX1[0]     ; 8.808  ; 8.808  ; 8.808  ; 8.808  ;
; SW[6]      ; HEX1[3]     ; 9.122  ; 9.122  ; 9.122  ; 9.122  ;
; SW[6]      ; HEX1[4]     ; 9.132  ; 9.132  ; 9.132  ; 9.132  ;
; SW[6]      ; HEX1[5]     ; 9.164  ; 9.164  ; 9.164  ; 9.164  ;
; SW[6]      ; HEX3[0]     ; 7.304  ; 7.304  ; 7.304  ; 7.304  ;
; SW[6]      ; HEX3[1]     ; 7.493  ;        ;        ; 7.493  ;
; SW[6]      ; HEX3[2]     ;        ; 7.491  ; 7.491  ;        ;
; SW[6]      ; HEX3[3]     ; 7.312  ; 7.312  ; 7.312  ; 7.312  ;
; SW[6]      ; HEX3[4]     ; 7.286  ;        ;        ; 7.286  ;
; SW[6]      ; HEX3[5]     ;        ; 7.304  ; 7.304  ;        ;
; SW[6]      ; HEX3[6]     ; 7.328  ; 7.328  ; 7.328  ; 7.328  ;
; SW[6]      ; LEDR[6]     ; 5.136  ;        ;        ; 5.136  ;
; SW[7]      ; HEX0[0]     ; 8.855  ; 8.979  ; 8.979  ; 8.855  ;
; SW[7]      ; HEX0[1]     ; 8.942  ; 8.942  ; 8.942  ; 8.942  ;
; SW[7]      ; HEX0[2]     ; 8.868  ; 8.868  ; 8.868  ; 8.868  ;
; SW[7]      ; HEX0[3]     ; 8.941  ; 9.009  ; 9.009  ; 8.941  ;
; SW[7]      ; HEX0[4]     ; 8.692  ; 8.692  ; 8.692  ; 8.692  ;
; SW[7]      ; HEX0[5]     ; 8.617  ; 8.675  ; 8.675  ; 8.617  ;
; SW[7]      ; HEX0[6]     ; 8.616  ; 8.671  ; 8.671  ; 8.616  ;
; SW[7]      ; HEX1[0]     ; 7.720  ; 7.425  ; 7.425  ; 7.720  ;
; SW[7]      ; HEX1[3]     ; 8.034  ; 7.739  ; 7.739  ; 8.034  ;
; SW[7]      ; HEX1[4]     ; 8.044  ; 7.749  ; 7.749  ; 8.044  ;
; SW[7]      ; HEX1[5]     ; 8.076  ; 7.781  ; 7.781  ; 8.076  ;
; SW[7]      ; HEX3[0]     ;        ; 6.158  ; 6.158  ;        ;
; SW[7]      ; HEX3[1]     ;        ; 6.356  ; 6.356  ;        ;
; SW[7]      ; HEX3[2]     ;        ; 6.354  ; 6.354  ;        ;
; SW[7]      ; HEX3[3]     ;        ; 6.219  ; 6.219  ;        ;
; SW[7]      ; HEX3[4]     ; 6.190  ;        ;        ; 6.190  ;
; SW[7]      ; HEX3[5]     ;        ; 6.158  ; 6.158  ;        ;
; SW[7]      ; HEX3[6]     ;        ; 6.182  ; 6.182  ;        ;
; SW[7]      ; LEDR[7]     ; 6.702  ;        ;        ; 6.702  ;
; SW[8]      ; LEDR[8]     ; 6.338  ;        ;        ; 6.338  ;
+------------+-------------+--------+--------+--------+--------+


+----------------------------------------------------------+
; Minimum Progagation Delay                                ;
+------------+-------------+-------+-------+-------+-------+
; Input Port ; Output Port ; RR    ; RF    ; FR    ; FF    ;
+------------+-------------+-------+-------+-------+-------+
; SW[0]      ; HEX0[0]     ; 4.014 ; 4.014 ; 4.014 ; 4.014 ;
; SW[0]      ; HEX0[1]     ; 4.046 ; 4.046 ; 4.046 ; 4.046 ;
; SW[0]      ; HEX0[2]     ; 3.987 ; 3.987 ; 3.987 ; 3.987 ;
; SW[0]      ; HEX0[3]     ; 4.041 ; 4.041 ; 4.041 ; 4.041 ;
; SW[0]      ; HEX0[4]     ; 3.924 ; 3.924 ; 3.924 ; 3.924 ;
; SW[0]      ; HEX0[5]     ; 3.916 ; 3.916 ; 3.916 ; 3.916 ;
; SW[0]      ; HEX0[6]     ; 3.914 ; 3.914 ; 3.914 ; 3.914 ;
; SW[0]      ; HEX1[0]     ; 4.038 ; 4.038 ; 4.038 ; 4.038 ;
; SW[0]      ; HEX1[3]     ; 4.138 ; 4.138 ; 4.138 ; 4.138 ;
; SW[0]      ; HEX1[4]     ; 4.148 ; 4.148 ; 4.148 ; 4.148 ;
; SW[0]      ; HEX1[5]     ; 4.181 ; 4.181 ; 4.181 ; 4.181 ;
; SW[0]      ; HEX2[0]     ; 3.687 ; 3.687 ; 3.687 ; 3.687 ;
; SW[0]      ; HEX2[1]     ; 3.713 ; 3.713 ; 3.713 ; 3.713 ;
; SW[0]      ; HEX2[2]     ;       ; 3.752 ; 3.752 ;       ;
; SW[0]      ; HEX2[3]     ; 3.732 ; 3.732 ; 3.732 ; 3.732 ;
; SW[0]      ; HEX2[4]     ; 3.740 ;       ;       ; 3.740 ;
; SW[0]      ; HEX2[5]     ; 3.726 ;       ;       ; 3.726 ;
; SW[0]      ; HEX2[6]     ; 3.845 ;       ;       ; 3.845 ;
; SW[0]      ; LEDR[0]     ; 2.289 ;       ;       ; 2.289 ;
; SW[1]      ; HEX0[0]     ; 4.245 ; 4.245 ; 4.245 ; 4.245 ;
; SW[1]      ; HEX0[1]     ; 4.264 ; 4.264 ; 4.264 ; 4.264 ;
; SW[1]      ; HEX0[2]     ; 4.203 ; 4.203 ; 4.203 ; 4.203 ;
; SW[1]      ; HEX0[3]     ; 4.271 ; 4.271 ; 4.271 ; 4.271 ;
; SW[1]      ; HEX0[4]     ; 4.137 ; 4.137 ; 4.137 ; 4.137 ;
; SW[1]      ; HEX0[5]     ; 4.148 ; 4.148 ; 4.148 ; 4.148 ;
; SW[1]      ; HEX0[6]     ; 4.141 ; 4.141 ; 4.141 ; 4.141 ;
; SW[1]      ; HEX1[0]     ; 3.955 ; 3.955 ; 3.955 ; 3.955 ;
; SW[1]      ; HEX1[3]     ; 4.055 ; 4.055 ; 4.055 ; 4.055 ;
; SW[1]      ; HEX1[4]     ; 4.065 ; 4.065 ; 4.065 ; 4.065 ;
; SW[1]      ; HEX1[5]     ; 4.098 ; 4.098 ; 4.098 ; 4.098 ;
; SW[1]      ; HEX2[0]     ;       ; 3.728 ; 3.728 ;       ;
; SW[1]      ; HEX2[1]     ; 3.752 ; 3.752 ; 3.752 ; 3.752 ;
; SW[1]      ; HEX2[2]     ; 3.791 ;       ;       ; 3.791 ;
; SW[1]      ; HEX2[3]     ; 3.776 ; 3.776 ; 3.776 ; 3.776 ;
; SW[1]      ; HEX2[4]     ; 3.780 ; 3.780 ; 3.780 ; 3.780 ;
; SW[1]      ; HEX2[5]     ; 3.766 ;       ;       ; 3.766 ;
; SW[1]      ; HEX2[6]     ; 3.884 ; 3.884 ; 3.884 ; 3.884 ;
; SW[1]      ; LEDR[1]     ; 2.423 ;       ;       ; 2.423 ;
; SW[2]      ; HEX0[0]     ; 4.109 ; 4.109 ; 4.109 ; 4.109 ;
; SW[2]      ; HEX0[1]     ; 4.125 ; 4.125 ; 4.125 ; 4.125 ;
; SW[2]      ; HEX0[2]     ; 4.064 ; 4.064 ; 4.064 ; 4.064 ;
; SW[2]      ; HEX0[3]     ; 4.135 ; 4.135 ; 4.135 ; 4.135 ;
; SW[2]      ; HEX0[4]     ; 3.998 ; 3.998 ; 3.998 ; 3.998 ;
; SW[2]      ; HEX0[5]     ; 4.012 ; 4.012 ; 4.012 ; 4.012 ;
; SW[2]      ; HEX0[6]     ; 4.005 ; 4.005 ; 4.005 ; 4.005 ;
; SW[2]      ; HEX1[0]     ; 3.816 ; 3.816 ; 3.816 ; 3.816 ;
; SW[2]      ; HEX1[3]     ; 3.916 ; 3.916 ; 3.916 ; 3.916 ;
; SW[2]      ; HEX1[4]     ; 3.926 ; 3.926 ; 3.926 ; 3.926 ;
; SW[2]      ; HEX1[5]     ; 3.959 ; 3.959 ; 3.959 ; 3.959 ;
; SW[2]      ; HEX2[0]     ; 3.605 ; 3.605 ; 3.605 ; 3.605 ;
; SW[2]      ; HEX2[1]     ; 3.642 ;       ;       ; 3.642 ;
; SW[2]      ; HEX2[2]     ;       ; 3.660 ; 3.660 ;       ;
; SW[2]      ; HEX2[3]     ; 3.655 ; 3.655 ; 3.655 ; 3.655 ;
; SW[2]      ; HEX2[4]     ; 3.648 ;       ;       ; 3.648 ;
; SW[2]      ; HEX2[5]     ;       ; 3.635 ; 3.635 ;       ;
; SW[2]      ; HEX2[6]     ; 3.754 ; 3.754 ; 3.754 ; 3.754 ;
; SW[2]      ; LEDR[2]     ; 2.611 ;       ;       ; 2.611 ;
; SW[3]      ; HEX0[0]     ; 4.093 ; 4.093 ; 4.093 ; 4.093 ;
; SW[3]      ; HEX0[1]     ; 4.109 ; 4.109 ; 4.109 ; 4.109 ;
; SW[3]      ; HEX0[2]     ; 4.048 ; 4.048 ; 4.048 ; 4.048 ;
; SW[3]      ; HEX0[3]     ; 4.119 ; 4.119 ; 4.119 ; 4.119 ;
; SW[3]      ; HEX0[4]     ; 3.982 ; 3.982 ; 3.982 ; 3.982 ;
; SW[3]      ; HEX0[5]     ; 3.996 ; 3.996 ; 3.996 ; 3.996 ;
; SW[3]      ; HEX0[6]     ; 3.989 ; 3.989 ; 3.989 ; 3.989 ;
; SW[3]      ; HEX1[0]     ; 3.800 ; 3.800 ; 3.800 ; 3.800 ;
; SW[3]      ; HEX1[3]     ; 3.900 ; 3.900 ; 3.900 ; 3.900 ;
; SW[3]      ; HEX1[4]     ; 3.910 ; 3.910 ; 3.910 ; 3.910 ;
; SW[3]      ; HEX1[5]     ; 3.943 ; 3.943 ; 3.943 ; 3.943 ;
; SW[3]      ; HEX2[0]     ;       ; 3.598 ; 3.598 ;       ;
; SW[3]      ; HEX2[1]     ;       ; 3.612 ; 3.612 ;       ;
; SW[3]      ; HEX2[2]     ;       ; 3.645 ; 3.645 ;       ;
; SW[3]      ; HEX2[3]     ;       ; 3.649 ; 3.649 ;       ;
; SW[3]      ; HEX2[4]     ; 3.641 ;       ;       ; 3.641 ;
; SW[3]      ; HEX2[5]     ;       ; 3.621 ; 3.621 ;       ;
; SW[3]      ; HEX2[6]     ;       ; 3.744 ; 3.744 ;       ;
; SW[3]      ; LEDR[3]     ; 2.854 ;       ;       ; 2.854 ;
; SW[4]      ; HEX0[0]     ; 3.809 ; 3.809 ; 3.809 ; 3.809 ;
; SW[4]      ; HEX0[1]     ; 3.841 ; 3.841 ; 3.841 ; 3.841 ;
; SW[4]      ; HEX0[2]     ; 3.782 ; 3.782 ; 3.782 ; 3.782 ;
; SW[4]      ; HEX0[3]     ; 3.836 ; 3.836 ; 3.836 ; 3.836 ;
; SW[4]      ; HEX0[4]     ; 3.719 ; 3.719 ; 3.719 ; 3.719 ;
; SW[4]      ; HEX0[5]     ; 3.711 ; 3.711 ; 3.711 ; 3.711 ;
; SW[4]      ; HEX0[6]     ; 3.709 ; 3.709 ; 3.709 ; 3.709 ;
; SW[4]      ; HEX1[0]     ; 3.828 ; 3.828 ; 3.828 ; 3.828 ;
; SW[4]      ; HEX1[3]     ; 3.928 ; 3.928 ; 3.928 ; 3.928 ;
; SW[4]      ; HEX1[4]     ; 3.938 ; 3.938 ; 3.938 ; 3.938 ;
; SW[4]      ; HEX1[5]     ; 3.971 ; 3.971 ; 3.971 ; 3.971 ;
; SW[4]      ; HEX3[0]     ; 3.583 ; 3.583 ; 3.583 ; 3.583 ;
; SW[4]      ; HEX3[1]     ; 3.724 ; 3.724 ; 3.724 ; 3.724 ;
; SW[4]      ; HEX3[2]     ;       ; 3.725 ; 3.725 ;       ;
; SW[4]      ; HEX3[3]     ; 3.589 ; 3.589 ; 3.589 ; 3.589 ;
; SW[4]      ; HEX3[4]     ; 3.564 ;       ;       ; 3.564 ;
; SW[4]      ; HEX3[5]     ; 3.583 ;       ;       ; 3.583 ;
; SW[4]      ; HEX3[6]     ; 3.606 ;       ;       ; 3.606 ;
; SW[4]      ; LEDR[4]     ; 2.626 ;       ;       ; 2.626 ;
; SW[5]      ; HEX0[0]     ; 4.214 ; 4.214 ; 4.214 ; 4.214 ;
; SW[5]      ; HEX0[1]     ; 4.233 ; 4.233 ; 4.233 ; 4.233 ;
; SW[5]      ; HEX0[2]     ; 4.172 ; 4.172 ; 4.172 ; 4.172 ;
; SW[5]      ; HEX0[3]     ; 4.240 ; 4.240 ; 4.240 ; 4.240 ;
; SW[5]      ; HEX0[4]     ; 4.106 ; 4.106 ; 4.106 ; 4.106 ;
; SW[5]      ; HEX0[5]     ; 4.117 ; 4.117 ; 4.117 ; 4.117 ;
; SW[5]      ; HEX0[6]     ; 4.110 ; 4.110 ; 4.110 ; 4.110 ;
; SW[5]      ; HEX1[0]     ; 3.924 ; 3.924 ; 3.924 ; 3.924 ;
; SW[5]      ; HEX1[3]     ; 4.024 ; 4.024 ; 4.024 ; 4.024 ;
; SW[5]      ; HEX1[4]     ; 4.034 ; 4.034 ; 4.034 ; 4.034 ;
; SW[5]      ; HEX1[5]     ; 4.067 ; 4.067 ; 4.067 ; 4.067 ;
; SW[5]      ; HEX3[0]     ;       ; 3.670 ; 3.670 ;       ;
; SW[5]      ; HEX3[1]     ; 3.830 ; 3.830 ; 3.830 ; 3.830 ;
; SW[5]      ; HEX3[2]     ; 3.827 ;       ;       ; 3.827 ;
; SW[5]      ; HEX3[3]     ; 3.692 ; 3.692 ; 3.692 ; 3.692 ;
; SW[5]      ; HEX3[4]     ; 3.669 ; 3.669 ; 3.669 ; 3.669 ;
; SW[5]      ; HEX3[5]     ; 3.667 ;       ;       ; 3.667 ;
; SW[5]      ; HEX3[6]     ; 3.691 ; 3.691 ; 3.691 ; 3.691 ;
; SW[5]      ; LEDR[5]     ; 2.981 ;       ;       ; 2.981 ;
; SW[6]      ; HEX0[0]     ; 3.966 ; 3.966 ; 3.966 ; 3.966 ;
; SW[6]      ; HEX0[1]     ; 3.982 ; 3.982 ; 3.982 ; 3.982 ;
; SW[6]      ; HEX0[2]     ; 3.921 ; 3.921 ; 3.921 ; 3.921 ;
; SW[6]      ; HEX0[3]     ; 3.992 ; 3.992 ; 3.992 ; 3.992 ;
; SW[6]      ; HEX0[4]     ; 3.855 ; 3.855 ; 3.855 ; 3.855 ;
; SW[6]      ; HEX0[5]     ; 3.869 ; 3.869 ; 3.869 ; 3.869 ;
; SW[6]      ; HEX0[6]     ; 3.862 ; 3.862 ; 3.862 ; 3.862 ;
; SW[6]      ; HEX1[0]     ; 3.673 ; 3.673 ; 3.673 ; 3.673 ;
; SW[6]      ; HEX1[3]     ; 3.773 ; 3.773 ; 3.773 ; 3.773 ;
; SW[6]      ; HEX1[4]     ; 3.783 ; 3.783 ; 3.783 ; 3.783 ;
; SW[6]      ; HEX1[5]     ; 3.816 ; 3.816 ; 3.816 ; 3.816 ;
; SW[6]      ; HEX3[0]     ; 3.428 ; 3.428 ; 3.428 ; 3.428 ;
; SW[6]      ; HEX3[1]     ; 3.592 ;       ;       ; 3.592 ;
; SW[6]      ; HEX3[2]     ;       ; 3.570 ; 3.570 ;       ;
; SW[6]      ; HEX3[3]     ; 3.434 ; 3.434 ; 3.434 ; 3.434 ;
; SW[6]      ; HEX3[4]     ; 3.412 ;       ;       ; 3.412 ;
; SW[6]      ; HEX3[5]     ;       ; 3.428 ; 3.428 ;       ;
; SW[6]      ; HEX3[6]     ; 3.451 ; 3.451 ; 3.451 ; 3.451 ;
; SW[6]      ; LEDR[6]     ; 2.511 ;       ;       ; 2.511 ;
; SW[7]      ; HEX0[0]     ; 3.675 ; 3.675 ; 3.675 ; 3.675 ;
; SW[7]      ; HEX0[1]     ; 3.691 ; 3.691 ; 3.691 ; 3.691 ;
; SW[7]      ; HEX0[2]     ; 3.630 ; 3.630 ; 3.630 ; 3.630 ;
; SW[7]      ; HEX0[3]     ; 3.701 ; 3.701 ; 3.701 ; 3.701 ;
; SW[7]      ; HEX0[4]     ; 3.564 ; 3.564 ; 3.564 ; 3.564 ;
; SW[7]      ; HEX0[5]     ; 3.578 ; 3.578 ; 3.578 ; 3.578 ;
; SW[7]      ; HEX0[6]     ; 3.571 ; 3.571 ; 3.571 ; 3.571 ;
; SW[7]      ; HEX1[0]     ; 3.382 ; 3.382 ; 3.382 ; 3.382 ;
; SW[7]      ; HEX1[3]     ; 3.482 ; 3.482 ; 3.482 ; 3.482 ;
; SW[7]      ; HEX1[4]     ; 3.492 ; 3.492 ; 3.492 ; 3.492 ;
; SW[7]      ; HEX1[5]     ; 3.525 ; 3.525 ; 3.525 ; 3.525 ;
; SW[7]      ; HEX3[0]     ;       ; 2.966 ; 2.966 ;       ;
; SW[7]      ; HEX3[1]     ;       ; 3.117 ; 3.117 ;       ;
; SW[7]      ; HEX3[2]     ;       ; 3.115 ; 3.115 ;       ;
; SW[7]      ; HEX3[3]     ;       ; 2.979 ; 2.979 ;       ;
; SW[7]      ; HEX3[4]     ; 2.957 ;       ;       ; 2.957 ;
; SW[7]      ; HEX3[5]     ;       ; 2.966 ; 2.966 ;       ;
; SW[7]      ; HEX3[6]     ;       ; 2.989 ; 2.989 ;       ;
; SW[7]      ; LEDR[7]     ; 3.250 ;       ;       ; 3.250 ;
; SW[8]      ; LEDR[8]     ; 3.013 ;       ;       ; 3.013 ;
+------------+-------------+-------+-------+-------+-------+


-------------------
; Clock Transfers ;
-------------------
Nothing to report.


---------------
; Report TCCS ;
---------------
No dedicated SERDES Transmitter circuitry present in device or used in design


---------------
; Report RSKM ;
---------------
No dedicated SERDES Receiver circuitry present in device or used in design


+------------------------------------------------+
; Unconstrained Paths                            ;
+---------------------------------+-------+------+
; Property                        ; Setup ; Hold ;
+---------------------------------+-------+------+
; Illegal Clocks                  ; 0     ; 0    ;
; Unconstrained Clocks            ; 0     ; 0    ;
; Unconstrained Input Ports       ; 9     ; 9    ;
; Unconstrained Input Port Paths  ; 153   ; 153  ;
; Unconstrained Output Ports      ; 34    ; 34   ;
; Unconstrained Output Port Paths ; 153   ; 153  ;
+---------------------------------+-------+------+


+------------------------------------+
; TimeQuest Timing Analyzer Messages ;
+------------------------------------+
Info: *******************************************************************
Info: Running Quartus II 64-Bit TimeQuest Timing Analyzer
    Info: Version 13.0.1 Build 232 06/12/2013 Service Pack 1 SJ Full Version
    Info: Processing started: Thu Aug 16 21:29:46 2018
Info: Command: quartus_sta part5 -c part5
Info: qsta_default_script.tcl version: #1
Info (20030): Parallel compilation is enabled and will use 4 of the 4 processors detected
Info (21077): Low junction temperature is 0 degrees C
Info (21077): High junction temperature is 85 degrees C
Critical Warning (332012): Synopsys Design Constraints File file not found: 'part5.sdc'. A Synopsys Design Constraints File is required by the TimeQuest Timing Analyzer to get proper timing constraints. Without it, the Compiler will not properly optimize the design.
Info (332142): No user constrained base clocks found in the design. Calling "derive_clocks -period 1.0"
Info (332096): The command derive_clocks did not find any clocks to derive.  No clocks were created or changed.
Warning (332068): No clocks defined in design.
Info: Found TIMEQUEST_REPORT_SCRIPT_INCLUDE_DEFAULT_ANALYSIS = ON
Info (332159): No clocks to report
Info: Analyzing Slow Model
Info (332140): No fmax paths to report
Info (332140): No Setup paths to report
Info (332140): No Hold paths to report
Info (332140): No Recovery paths to report
Info (332140): No Removal paths to report
Info (332140): No Minimum Pulse Width paths to report
Info (332001): The selected device family is not supported by the report_metastability command.
Info: Analyzing Fast Model
Info (332142): No user constrained base clocks found in the design. Calling "derive_clocks -period 1.0"
Info (332096): The command derive_clocks did not find any clocks to derive.  No clocks were created or changed.
Warning (332068): No clocks defined in design.
Info (332140): No Setup paths to report
Info (332140): No Hold paths to report
Info (332140): No Recovery paths to report
Info (332140): No Removal paths to report
Info (332140): No Minimum Pulse Width paths to report
Info (332001): The selected device family is not supported by the report_metastability command.
Info (332102): Design is not fully constrained for setup requirements
Info (332102): Design is not fully constrained for hold requirements
Info: Quartus II 64-Bit TimeQuest Timing Analyzer was successful. 0 errors, 3 warnings
    Info: Peak virtual memory: 4598 megabytes
    Info: Processing ended: Thu Aug 16 21:29:55 2018
    Info: Elapsed time: 00:00:09
    Info: Total CPU time (on all processors): 00:00:01


