Analysis & Synthesis report for blackjack
Tue Oct 23 05:06:02 2018
Quartus II 64-Bit Version 13.0.1 Build 232 06/12/2013 Service Pack 1 SJ Full Version


---------------------
; Table of Contents ;
---------------------
  1. Legal Notice
  2. Analysis & Synthesis Summary
  3. Analysis & Synthesis Settings
  4. Parallel Compilation
  5. Analysis & Synthesis Source Files Read
  6. Analysis & Synthesis Resource Usage Summary
  7. Analysis & Synthesis Resource Utilization by Entity
  8. State Machine - |pin_ass|Blackjack:do|Blackjack_FSM:BJ_FSM|y
  9. General Register Statistics
 10. Multiplexer Restructuring Statistics (Restructuring Performed)
 11. Port Connectivity Checks: "Blackjack:do|Blackjack_FSM:BJ_FSM"
 12. Elapsed Time Per Partition
 13. Analysis & Synthesis Messages



----------------
; Legal Notice ;
----------------
Copyright (C) 1991-2013 Altera Corporation
Your use of Altera Corporation's design tools, logic functions 
and other software and tools, and its AMPP partner logic 
functions, and any output files from any of the foregoing 
(including device programming or simulation files), and any 
associated documentation or information are expressly subject 
to the terms and conditions of the Altera Program License 
Subscription Agreement, Altera MegaCore Function License 
Agreement, or other applicable license agreement, including, 
without limitation, that your use is for the sole purpose of 
programming logic devices manufactured by Altera and sold by 
Altera or its authorized distributors.  Please refer to the 
applicable agreement for further details.



+---------------------------------------------------------------------------------------+
; Analysis & Synthesis Summary                                                          ;
+------------------------------------+--------------------------------------------------+
; Analysis & Synthesis Status        ; Successful - Tue Oct 23 05:06:02 2018            ;
; Quartus II 64-Bit Version          ; 13.0.1 Build 232 06/12/2013 SP 1 SJ Full Version ;
; Revision Name                      ; blackjack                                        ;
; Top-level Entity Name              ; pin_ass                                          ;
; Family                             ; Cyclone II                                       ;
; Total logic elements               ; 69                                               ;
;     Total combinational functions  ; 63                                               ;
;     Dedicated logic registers      ; 28                                               ;
; Total registers                    ; 28                                               ;
; Total pins                         ; 39                                               ;
; Total virtual pins                 ; 0                                                ;
; Total memory bits                  ; 0                                                ;
; Embedded Multiplier 9-bit elements ; 0                                                ;
; Total PLLs                         ; 0                                                ;
+------------------------------------+--------------------------------------------------+


+----------------------------------------------------------------------------------------------------------------------+
; Analysis & Synthesis Settings                                                                                        ;
+----------------------------------------------------------------------------+--------------------+--------------------+
; Option                                                                     ; Setting            ; Default Value      ;
+----------------------------------------------------------------------------+--------------------+--------------------+
; Device                                                                     ; EP2C20F484C7       ;                    ;
; Top-level entity name                                                      ; pin_ass            ; blackjack          ;
; Family name                                                                ; Cyclone II         ; Cyclone IV GX      ;
; Use smart compilation                                                      ; Off                ; Off                ;
; Enable parallel Assembler and TimeQuest Timing Analyzer during compilation ; On                 ; On                 ;
; Enable compact report table                                                ; Off                ; Off                ;
; Restructure Multiplexers                                                   ; Auto               ; Auto               ;
; Create Debugging Nodes for IP Cores                                        ; Off                ; Off                ;
; Preserve fewer node names                                                  ; On                 ; On                 ;
; Disable OpenCore Plus hardware evaluation                                  ; Off                ; Off                ;
; Verilog Version                                                            ; Verilog_2001       ; Verilog_2001       ;
; VHDL Version                                                               ; VHDL_1993          ; VHDL_1993          ;
; State Machine Processing                                                   ; Auto               ; Auto               ;
; Safe State Machine                                                         ; Off                ; Off                ;
; Extract Verilog State Machines                                             ; On                 ; On                 ;
; Extract VHDL State Machines                                                ; On                 ; On                 ;
; Ignore Verilog initial constructs                                          ; Off                ; Off                ;
; Iteration limit for constant Verilog loops                                 ; 5000               ; 5000               ;
; Iteration limit for non-constant Verilog loops                             ; 250                ; 250                ;
; Add Pass-Through Logic to Inferred RAMs                                    ; On                 ; On                 ;
; Infer RAMs from Raw Logic                                                  ; On                 ; On                 ;
; Parallel Synthesis                                                         ; On                 ; On                 ;
; DSP Block Balancing                                                        ; Auto               ; Auto               ;
; NOT Gate Push-Back                                                         ; On                 ; On                 ;
; Power-Up Don't Care                                                        ; On                 ; On                 ;
; Remove Redundant Logic Cells                                               ; Off                ; Off                ;
; Remove Duplicate Registers                                                 ; On                 ; On                 ;
; Ignore CARRY Buffers                                                       ; Off                ; Off                ;
; Ignore CASCADE Buffers                                                     ; Off                ; Off                ;
; Ignore GLOBAL Buffers                                                      ; Off                ; Off                ;
; Ignore ROW GLOBAL Buffers                                                  ; Off                ; Off                ;
; Ignore LCELL Buffers                                                       ; Off                ; Off                ;
; Ignore SOFT Buffers                                                        ; On                 ; On                 ;
; Limit AHDL Integers to 32 Bits                                             ; Off                ; Off                ;
; Optimization Technique                                                     ; Balanced           ; Balanced           ;
; Carry Chain Length                                                         ; 70                 ; 70                 ;
; Auto Carry Chains                                                          ; On                 ; On                 ;
; Auto Open-Drain Pins                                                       ; On                 ; On                 ;
; Perform WYSIWYG Primitive Resynthesis                                      ; Off                ; Off                ;
; Auto ROM Replacement                                                       ; On                 ; On                 ;
; Auto RAM Replacement                                                       ; On                 ; On                 ;
; Auto Shift Register Replacement                                            ; Auto               ; Auto               ;
; Allow Shift Register Merging across Hierarchies                            ; Auto               ; Auto               ;
; Auto Clock Enable Replacement                                              ; On                 ; On                 ;
; Strict RAM Replacement                                                     ; Off                ; Off                ;
; Allow Synchronous Control Signals                                          ; On                 ; On                 ;
; Force Use of Synchronous Clear Signals                                     ; Off                ; Off                ;
; Auto RAM to Logic Cell Conversion                                          ; Off                ; Off                ;
; Auto Resource Sharing                                                      ; Off                ; Off                ;
; Allow Any RAM Size For Recognition                                         ; Off                ; Off                ;
; Allow Any ROM Size For Recognition                                         ; Off                ; Off                ;
; Allow Any Shift Register Size For Recognition                              ; Off                ; Off                ;
; Use LogicLock Constraints during Resource Balancing                        ; On                 ; On                 ;
; Ignore translate_off and synthesis_off directives                          ; Off                ; Off                ;
; Timing-Driven Synthesis                                                    ; Off                ; Off                ;
; Report Parameter Settings                                                  ; On                 ; On                 ;
; Report Source Assignments                                                  ; On                 ; On                 ;
; Report Connectivity Checks                                                 ; On                 ; On                 ;
; Ignore Maximum Fan-Out Assignments                                         ; Off                ; Off                ;
; Synchronization Register Chain Length                                      ; 2                  ; 2                  ;
; PowerPlay Power Optimization                                               ; Normal compilation ; Normal compilation ;
; HDL message level                                                          ; Level2             ; Level2             ;
; Suppress Register Optimization Related Messages                            ; Off                ; Off                ;
; Number of Removed Registers Reported in Synthesis Report                   ; 5000               ; 5000               ;
; Number of Swept Nodes Reported in Synthesis Report                         ; 5000               ; 5000               ;
; Number of Inverted Registers Reported in Synthesis Report                  ; 100                ; 100                ;
; Clock MUX Protection                                                       ; On                 ; On                 ;
; Auto Gated Clock Conversion                                                ; Off                ; Off                ;
; Block Design Naming                                                        ; Auto               ; Auto               ;
; SDC constraint protection                                                  ; Off                ; Off                ;
; Synthesis Effort                                                           ; Auto               ; Auto               ;
; Shift Register Replacement - Allow Asynchronous Clear Signal               ; On                 ; On                 ;
; Pre-Mapping Resynthesis Optimization                                       ; Off                ; Off                ;
; Analysis & Synthesis Message Level                                         ; Medium             ; Medium             ;
; Disable Register Merging Across Hierarchies                                ; Auto               ; Auto               ;
; Resource Aware Inference For Block RAM                                     ; On                 ; On                 ;
; Synthesis Seed                                                             ; 1                  ; 1                  ;
+----------------------------------------------------------------------------+--------------------+--------------------+


+------------------------------------------+
; Parallel Compilation                     ;
+----------------------------+-------------+
; Processors                 ; Number      ;
+----------------------------+-------------+
; Number detected on machine ; 4           ;
; Maximum allowed            ; 4           ;
;                            ;             ;
; Average used               ; 1.00        ;
; Maximum used               ; 1           ;
;                            ;             ;
; Usage by Processor         ; % Time Used ;
;     Processor 1            ; 100.0%      ;
;     Processors 2-4         ;   0.0%      ;
+----------------------------+-------------+


+----------------------------------------------------------------------------------------------------------------------------------------------------------------+
; Analysis & Synthesis Source Files Read                                                                                                                         ;
+----------------------------------+-----------------+-----------------+-------------------------------------------------------------------------------+---------+
; File Name with User-Entered Path ; Used in Netlist ; File Type       ; File Name with Absolute Path                                                  ; Library ;
+----------------------------------+-----------------+-----------------+-------------------------------------------------------------------------------+---------+
; pin_ass.vhd                      ; yes             ; User VHDL File  ; C:/Users/HRHLALALA/Documents/GitHub/comp3222/blackjack/pin_ass.vhd            ;         ;
; Blackjack_fsm.vhd                ; yes             ; User VHDL File  ; C:/Users/HRHLALALA/Documents/GitHub/comp3222/blackjack/Blackjack_fsm.vhd      ;         ;
; Blackjack_DataPath.vhd           ; yes             ; User VHDL File  ; C:/Users/HRHLALALA/Documents/GitHub/comp3222/blackjack/Blackjack_DataPath.vhd ;         ;
; Blackjack_7Seg.vhd               ; yes             ; User VHDL File  ; C:/Users/HRHLALALA/Documents/GitHub/comp3222/blackjack/Blackjack_7Seg.vhd     ;         ;
; Blackjack.vhd                    ; yes             ; User VHDL File  ; C:/Users/HRHLALALA/Documents/GitHub/comp3222/blackjack/Blackjack.vhd          ;         ;
+----------------------------------+-----------------+-----------------+-------------------------------------------------------------------------------+---------+


+--------------------------------------------------------+
; Analysis & Synthesis Resource Usage Summary            ;
+---------------------------------------------+----------+
; Resource                                    ; Usage    ;
+---------------------------------------------+----------+
; Estimated Total logic elements              ; 69       ;
;                                             ;          ;
; Total combinational functions               ; 63       ;
; Logic element usage by number of LUT inputs ;          ;
;     -- 4 input functions                    ; 31       ;
;     -- 3 input functions                    ; 23       ;
;     -- <=2 input functions                  ; 9        ;
;                                             ;          ;
; Logic elements by mode                      ;          ;
;     -- normal mode                          ; 55       ;
;     -- arithmetic mode                      ; 8        ;
;                                             ;          ;
; Total registers                             ; 28       ;
;     -- Dedicated logic registers            ; 28       ;
;     -- I/O registers                        ; 0        ;
;                                             ;          ;
; I/O pins                                    ; 39       ;
; Embedded Multiplier 9-bit elements          ; 0        ;
; Maximum fan-out node                        ; clock_50 ;
; Maximum fan-out                             ; 28       ;
; Total fan-out                               ; 334      ;
; Average fan-out                             ; 2.57     ;
+---------------------------------------------+----------+


+--------------------------------------------------------------------------------------------------------------------------------------------------------------------------------------------------------------+
; Analysis & Synthesis Resource Utilization by Entity                                                                                                                                                          ;
+----------------------------------+-------------------+--------------+-------------+--------------+---------+-----------+------+--------------+------------------------------------------------+--------------+
; Compilation Hierarchy Node       ; LC Combinationals ; LC Registers ; Memory Bits ; DSP Elements ; DSP 9x9 ; DSP 18x18 ; Pins ; Virtual Pins ; Full Hierarchy Name                            ; Library Name ;
+----------------------------------+-------------------+--------------+-------------+--------------+---------+-----------+------+--------------+------------------------------------------------+--------------+
; |pin_ass                         ; 63 (0)            ; 28 (0)       ; 0           ; 0            ; 0       ; 0         ; 39   ; 0            ; |pin_ass                                       ; work         ;
;    |Blackjack:do|                ; 63 (0)            ; 28 (0)       ; 0           ; 0            ; 0       ; 0         ; 0    ; 0            ; |pin_ass|Blackjack:do                          ; work         ;
;       |Blackjack_7Seg:BJ_7seg|   ; 13 (13)           ; 0 (0)        ; 0           ; 0            ; 0       ; 0         ; 0    ; 0            ; |pin_ass|Blackjack:do|Blackjack_7Seg:BJ_7seg   ; work         ;
;       |Blackjack_DataPath:BJ_DP| ; 26 (26)           ; 15 (15)      ; 0           ; 0            ; 0       ; 0         ; 0    ; 0            ; |pin_ass|Blackjack:do|Blackjack_DataPath:BJ_DP ; work         ;
;       |Blackjack_FSM:BJ_FSM|     ; 24 (24)           ; 13 (13)      ; 0           ; 0            ; 0       ; 0         ; 0    ; 0            ; |pin_ass|Blackjack:do|Blackjack_FSM:BJ_FSM     ; work         ;
+----------------------------------+-------------------+--------------+-------------+--------------+---------+-----------+------+--------------+------------------------------------------------+--------------+
Note: For table entries with two numbers listed, the numbers in parentheses indicate the number of resources of the given type used by the specific entity alone. The numbers listed outside of parentheses indicate the total resources of the given type used by the specific entity and all of its sub-entities in the hierarchy.


Encoding Type:  One-Hot
+--------------------------------------------------------------+
; State Machine - |pin_ass|Blackjack:do|Blackjack_FSM:BJ_FSM|y ;
+------+------+------+------+------+------+------+------+------+
; Name ; y.S8 ; y.S7 ; y.S6 ; y.S5 ; y.S4 ; y.S3 ; y.S2 ; y.S1 ;
+------+------+------+------+------+------+------+------+------+
; y.S1 ; 0    ; 0    ; 0    ; 0    ; 0    ; 0    ; 0    ; 0    ;
; y.S2 ; 0    ; 0    ; 0    ; 0    ; 0    ; 0    ; 1    ; 1    ;
; y.S3 ; 0    ; 0    ; 0    ; 0    ; 0    ; 1    ; 0    ; 1    ;
; y.S4 ; 0    ; 0    ; 0    ; 0    ; 1    ; 0    ; 0    ; 1    ;
; y.S5 ; 0    ; 0    ; 0    ; 1    ; 0    ; 0    ; 0    ; 1    ;
; y.S6 ; 0    ; 0    ; 1    ; 0    ; 0    ; 0    ; 0    ; 1    ;
; y.S7 ; 0    ; 1    ; 0    ; 0    ; 0    ; 0    ; 0    ; 1    ;
; y.S8 ; 1    ; 0    ; 0    ; 0    ; 0    ; 0    ; 0    ; 1    ;
+------+------+------+------+------+------+------+------+------+


+------------------------------------------------------+
; General Register Statistics                          ;
+----------------------------------------------+-------+
; Statistic                                    ; Value ;
+----------------------------------------------+-------+
; Total registers                              ; 28    ;
; Number of registers using Synchronous Clear  ; 0     ;
; Number of registers using Synchronous Load   ; 0     ;
; Number of registers using Asynchronous Clear ; 28    ;
; Number of registers using Asynchronous Load  ; 0     ;
; Number of registers using Clock Enable       ; 14    ;
; Number of registers using Preset             ; 0     ;
+----------------------------------------------+-------+


+------------------------------------------------------------------------------------------------------------------------------------------------------------------------------+
; Multiplexer Restructuring Statistics (Restructuring Performed)                                                                                                               ;
+--------------------+-----------+---------------+----------------------+------------------------+------------+----------------------------------------------------------------+
; Multiplexer Inputs ; Bus Width ; Baseline Area ; Area if Restructured ; Saving if Restructured ; Registered ; Example Multiplexer Output                                     ;
+--------------------+-----------+---------------+----------------------+------------------------+------------+----------------------------------------------------------------+
; 3:1                ; 5 bits    ; 10 LEs        ; 0 LEs                ; 10 LEs                 ; Yes        ; |pin_ass|Blackjack:do|Blackjack_FSM:BJ_FSM|ace[0]              ;
; 5:1                ; 2 bits    ; 6 LEs         ; 6 LEs                ; 0 LEs                  ; Yes        ; |pin_ass|Blackjack:do|Blackjack_DataPath:BJ_DP|currentScore[1] ;
; 3:1                ; 2 bits    ; 4 LEs         ; 4 LEs                ; 0 LEs                  ; No         ; |pin_ass|Blackjack:do|Blackjack_DataPath:BJ_DP|currentScore    ;
; 3:1                ; 2 bits    ; 4 LEs         ; 2 LEs                ; 2 LEs                  ; No         ; |pin_ass|Blackjack:do|Blackjack_FSM:BJ_FSM|y                   ;
; 3:1                ; 2 bits    ; 4 LEs         ; 4 LEs                ; 0 LEs                  ; No         ; |pin_ass|Blackjack:do|Blackjack_7Seg:BJ_7seg|digit0[3]         ;
+--------------------+-----------+---------------+----------------------+------------------------+------------+----------------------------------------------------------------+


+-------------------------------------------------------------------------------------------------------------------------------------+
; Port Connectivity Checks: "Blackjack:do|Blackjack_FSM:BJ_FSM"                                                                       ;
+------+--------+----------+----------------------------------------------------------------------------------------------------------+
; Port ; Type   ; Severity ; Details                                                                                                  ;
+------+--------+----------+----------------------------------------------------------------------------------------------------------+
; ace  ; Output ; Warning  ; Declared by entity but not connected by instance. Logic that only feeds a dangling port will be removed. ;
+------+--------+----------+----------------------------------------------------------------------------------------------------------+


+-------------------------------+
; Elapsed Time Per Partition    ;
+----------------+--------------+
; Partition Name ; Elapsed Time ;
+----------------+--------------+
; Top            ; 00:00:00     ;
+----------------+--------------+


+-------------------------------+
; Analysis & Synthesis Messages ;
+-------------------------------+
Info: *******************************************************************
Info: Running Quartus II 64-Bit Analysis & Synthesis
    Info: Version 13.0.1 Build 232 06/12/2013 Service Pack 1 SJ Full Version
    Info: Processing started: Tue Oct 23 05:05:53 2018
Info: Command: quartus_map --read_settings_files=on --write_settings_files=off blackjack -c blackjack
Info (20030): Parallel compilation is enabled and will use 4 of the 4 processors detected
Info (12021): Found 2 design units, including 1 entities, in source file pin_ass.vhd
    Info (12022): Found design unit 1: pin_ass-structure
    Info (12023): Found entity 1: pin_ass
Info (12021): Found 2 design units, including 1 entities, in source file blackjack_fsm.vhd
    Info (12022): Found design unit 1: Blackjack_FSM-Behavioural
    Info (12023): Found entity 1: Blackjack_FSM
Info (12021): Found 2 design units, including 1 entities, in source file blackjack_datapath.vhd
    Info (12022): Found design unit 1: Blackjack_DataPath-Structural
    Info (12023): Found entity 1: Blackjack_DataPath
Info (12021): Found 2 design units, including 1 entities, in source file blackjack_7seg.vhd
    Info (12022): Found design unit 1: Blackjack_7Seg-Behavioural
    Info (12023): Found entity 1: Blackjack_7Seg
Info (12021): Found 2 design units, including 1 entities, in source file blackjack.vhd
    Info (12022): Found design unit 1: Blackjack-Structural
    Info (12023): Found entity 1: Blackjack
Info (12127): Elaborating entity "pin_ass" for the top level hierarchy
Info (12128): Elaborating entity "Blackjack" for hierarchy "Blackjack:do"
Warning (10036): Verilog HDL or VHDL warning at Blackjack.vhd(74): object "cardReady_sync" assigned a value but never read
Warning (10036): Verilog HDL or VHDL warning at Blackjack.vhd(75): object "cardValue_sync" assigned a value but never read
Info (12128): Elaborating entity "Blackjack_FSM" for hierarchy "Blackjack:do|Blackjack_FSM:BJ_FSM"
Warning (10492): VHDL Process Statement warning at Blackjack_fsm.vhd(111): signal "cmp16" is read inside the Process Statement but isn't in the Process Statement's sensitivity list
Warning (10492): VHDL Process Statement warning at Blackjack_fsm.vhd(112): signal "cmp21" is read inside the Process Statement but isn't in the Process Statement's sensitivity list
Warning (10492): VHDL Process Statement warning at Blackjack_fsm.vhd(124): signal "ace" is read inside the Process Statement but isn't in the Process Statement's sensitivity list
Warning (10492): VHDL Process Statement warning at Blackjack_fsm.vhd(147): signal "clk" is read inside the Process Statement but isn't in the Process Statement's sensitivity list
Info (12128): Elaborating entity "Blackjack_DataPath" for hierarchy "Blackjack:do|Blackjack_DataPath:BJ_DP"
Warning (10492): VHDL Process Statement warning at Blackjack_DataPath.vhd(73): signal "data" is read inside the Process Statement but isn't in the Process Statement's sensitivity list
Warning (10492): VHDL Process Statement warning at Blackjack_DataPath.vhd(76): signal "data" is read inside the Process Statement but isn't in the Process Statement's sensitivity list
Info (12128): Elaborating entity "Blackjack_7Seg" for hierarchy "Blackjack:do|Blackjack_7Seg:BJ_7seg"
Warning (12241): 1 hierarchies have connectivity warnings - see the Connectivity Checks report folder
Warning (13024): Output pins are stuck at VCC or GND
    Warning (13410): Pin "ledr[9]" is stuck at GND
    Warning (13410): Pin "HEX1[1]" is stuck at GND
Info (16010): Generating hard_block partition "hard_block:auto_generated_inst"
    Info (16011): Adding 0 node(s), including 0 DDIO, 0 PLL, 0 transceiver and 0 LCELL
Warning (21074): Design contains 5 input pin(s) that do not drive logic
    Warning (15610): No output dependent on input pin "sw[5]"
    Warning (15610): No output dependent on input pin "sw[6]"
    Warning (15610): No output dependent on input pin "sw[7]"
    Warning (15610): No output dependent on input pin "sw[8]"
    Warning (15610): No output dependent on input pin "sw[9]"
Info (21057): Implemented 108 device resources after synthesis - the final resource count might be different
    Info (21058): Implemented 12 input pins
    Info (21059): Implemented 27 output pins
    Info (21061): Implemented 69 logic cells
Info: Quartus II 64-Bit Analysis & Synthesis was successful. 0 errors, 18 warnings
    Info: Peak virtual memory: 4682 megabytes
    Info: Processing ended: Tue Oct 23 05:06:02 2018
    Info: Elapsed time: 00:00:09
    Info: Total CPU time (on all processors): 00:00:02


