TimeQuest Timing Analyzer report for part4
Wed Aug 15 14:42:51 2018
Quartus II 64-Bit Version 13.0.1 Build 232 06/12/2013 Service Pack 1 SJ Web Edition


---------------------
; Table of Contents ;
---------------------
  1. Legal Notice
  2. TimeQuest Timing Analyzer Summary
  3. Parallel Compilation
  4. Clocks
  5. Slow Model Fmax Summary
  6. Slow Model Setup Summary
  7. Slow Model Hold Summary
  8. Slow Model Recovery Summary
  9. Slow Model Removal Summary
 10. Slow Model Minimum Pulse Width Summary
 11. Propagation Delay
 12. Minimum Propagation Delay
 13. Fast Model Setup Summary
 14. Fast Model Hold Summary
 15. Fast Model Recovery Summary
 16. Fast Model Removal Summary
 17. Fast Model Minimum Pulse Width Summary
 18. Propagation Delay
 19. Minimum Propagation Delay
 20. Multicorner Timing Analysis Summary
 21. Progagation Delay
 22. Minimum Progagation Delay
 23. Clock Transfers
 24. Report TCCS
 25. Report RSKM
 26. Unconstrained Paths
 27. TimeQuest Timing Analyzer Messages



----------------
; Legal Notice ;
----------------
Copyright (C) 1991-2013 Altera Corporation
Your use of Altera Corporation's design tools, logic functions 
and other software and tools, and its AMPP partner logic 
functions, and any output files from any of the foregoing 
(including device programming or simulation files), and any 
associated documentation or information are expressly subject 
to the terms and conditions of the Altera Program License 
Subscription Agreement, Altera MegaCore Function License 
Agreement, or other applicable license agreement, including, 
without limitation, that your use is for the sole purpose of 
programming logic devices manufactured by Altera and sold by 
Altera or its authorized distributors.  Please refer to the 
applicable agreement for further details.



+----------------------------------------------------------------------------------------+
; TimeQuest Timing Analyzer Summary                                                      ;
+--------------------+-------------------------------------------------------------------+
; Quartus II Version ; Version 13.0.1 Build 232 06/12/2013 Service Pack 1 SJ Web Edition ;
; Revision Name      ; part4                                                             ;
; Device Family      ; Cyclone II                                                        ;
; Device Name        ; EP2C20F484C7                                                      ;
; Timing Models      ; Final                                                             ;
; Delay Model        ; Combined                                                          ;
; Rise/Fall Delays   ; Unavailable                                                       ;
+--------------------+-------------------------------------------------------------------+


+------------------------------------------+
; Parallel Compilation                     ;
+----------------------------+-------------+
; Processors                 ; Number      ;
+----------------------------+-------------+
; Number detected on machine ; 4           ;
; Maximum allowed            ; 4           ;
;                            ;             ;
; Average used               ; 1.00        ;
; Maximum used               ; 1           ;
;                            ;             ;
; Usage by Processor         ; % Time Used ;
;     Processor 1            ; 100.0%      ;
;     Processors 2-4         ;   0.0%      ;
+----------------------------+-------------+


----------
; Clocks ;
----------
No clocks to report.


---------------------------
; Slow Model Fmax Summary ;
---------------------------
No paths to report.


----------------------------
; Slow Model Setup Summary ;
----------------------------
No paths to report.


---------------------------
; Slow Model Hold Summary ;
---------------------------
No paths to report.


-------------------------------
; Slow Model Recovery Summary ;
-------------------------------
No paths to report.


------------------------------
; Slow Model Removal Summary ;
------------------------------
No paths to report.


------------------------------------------
; Slow Model Minimum Pulse Width Summary ;
------------------------------------------
No paths to report.


+--------------------------------------------------------------+
; Propagation Delay                                            ;
+------------+-------------+--------+--------+--------+--------+
; Input Port ; Output Port ; RR     ; RF     ; FR     ; FF     ;
+------------+-------------+--------+--------+--------+--------+
; SW[0]      ; HEX0[0]     ; 11.388 ; 11.388 ; 11.388 ; 11.388 ;
; SW[0]      ; HEX0[1]     ; 11.332 ; 11.332 ; 11.332 ; 11.332 ;
; SW[0]      ; HEX0[2]     ; 11.110 ; 11.110 ; 11.110 ; 11.110 ;
; SW[0]      ; HEX0[3]     ; 11.107 ; 11.107 ; 11.107 ; 11.107 ;
; SW[0]      ; HEX0[4]     ; 11.457 ; 11.457 ; 11.457 ; 11.457 ;
; SW[0]      ; HEX0[5]     ; 11.338 ; 11.338 ; 11.338 ; 11.338 ;
; SW[0]      ; HEX0[6]     ; 11.453 ; 11.453 ; 11.453 ; 11.453 ;
; SW[0]      ; HEX1[0]     ; 10.580 ; 10.328 ; 10.328 ; 10.580 ;
; SW[0]      ; HEX1[3]     ; 10.567 ; 10.315 ; 10.315 ; 10.567 ;
; SW[0]      ; HEX1[4]     ; 10.577 ; 10.325 ; 10.325 ; 10.577 ;
; SW[0]      ; HEX1[5]     ; 10.608 ; 10.356 ; 10.356 ; 10.608 ;
; SW[0]      ; HEX2[0]     ; 8.341  ; 8.341  ; 8.341  ; 8.341  ;
; SW[0]      ; HEX2[1]     ; 8.330  ; 8.330  ; 8.330  ; 8.330  ;
; SW[0]      ; HEX2[2]     ;        ; 8.393  ; 8.393  ;        ;
; SW[0]      ; HEX2[3]     ; 8.371  ; 8.371  ; 8.371  ; 8.371  ;
; SW[0]      ; HEX2[4]     ; 8.702  ;        ;        ; 8.702  ;
; SW[0]      ; HEX2[5]     ; 8.355  ;        ;        ; 8.355  ;
; SW[0]      ; HEX2[6]     ; 8.737  ;        ;        ; 8.737  ;
; SW[0]      ; LEDG[0]     ; 12.024 ; 12.024 ; 12.024 ; 12.024 ;
; SW[0]      ; LEDG[1]     ; 9.999  ; 9.999  ; 9.999  ; 9.999  ;
; SW[0]      ; LEDG[2]     ; 11.616 ; 11.616 ; 11.616 ; 11.616 ;
; SW[0]      ; LEDG[3]     ; 12.019 ; 12.019 ; 12.019 ; 12.019 ;
; SW[0]      ; LEDG[4]     ; 12.359 ;        ;        ; 12.359 ;
; SW[0]      ; LEDR[0]     ; 4.635  ;        ;        ; 4.635  ;
; SW[1]      ; HEX0[0]     ; 11.549 ; 11.549 ; 11.549 ; 11.549 ;
; SW[1]      ; HEX0[1]     ; 11.493 ; 11.493 ; 11.493 ; 11.493 ;
; SW[1]      ; HEX0[2]     ; 11.271 ; 11.271 ; 11.271 ; 11.271 ;
; SW[1]      ; HEX0[3]     ; 11.268 ; 11.268 ; 11.268 ; 11.268 ;
; SW[1]      ; HEX0[4]     ; 11.618 ; 11.618 ; 11.618 ; 11.618 ;
; SW[1]      ; HEX0[5]     ; 11.499 ; 11.499 ; 11.499 ; 11.499 ;
; SW[1]      ; HEX0[6]     ; 11.614 ; 11.614 ; 11.614 ; 11.614 ;
; SW[1]      ; HEX1[0]     ; 10.741 ; 10.489 ; 10.489 ; 10.741 ;
; SW[1]      ; HEX1[3]     ; 10.728 ; 10.476 ; 10.476 ; 10.728 ;
; SW[1]      ; HEX1[4]     ; 10.738 ; 10.486 ; 10.486 ; 10.738 ;
; SW[1]      ; HEX1[5]     ; 10.769 ; 10.517 ; 10.517 ; 10.769 ;
; SW[1]      ; HEX2[0]     ;        ; 8.394  ; 8.394  ;        ;
; SW[1]      ; HEX2[1]     ; 8.385  ; 8.385  ; 8.385  ; 8.385  ;
; SW[1]      ; HEX2[2]     ; 8.447  ;        ;        ; 8.447  ;
; SW[1]      ; HEX2[3]     ; 8.396  ; 8.396  ; 8.396  ; 8.396  ;
; SW[1]      ; HEX2[4]     ; 8.756  ; 8.756  ; 8.756  ; 8.756  ;
; SW[1]      ; HEX2[5]     ; 8.409  ;        ;        ; 8.409  ;
; SW[1]      ; HEX2[6]     ; 8.791  ; 8.791  ; 8.791  ; 8.791  ;
; SW[1]      ; LEDG[1]     ; 10.161 ; 10.161 ; 10.161 ; 10.161 ;
; SW[1]      ; LEDG[2]     ; 11.777 ; 11.777 ; 11.777 ; 11.777 ;
; SW[1]      ; LEDG[3]     ; 12.180 ; 12.180 ; 12.180 ; 12.180 ;
; SW[1]      ; LEDG[4]     ; 12.520 ;        ;        ; 12.520 ;
; SW[1]      ; LEDG[7]     ; 13.108 ;        ;        ; 13.108 ;
; SW[1]      ; LEDR[1]     ; 4.978  ;        ;        ; 4.978  ;
; SW[2]      ; HEX0[0]     ; 10.506 ; 10.506 ; 10.506 ; 10.506 ;
; SW[2]      ; HEX0[1]     ; 10.450 ; 10.450 ; 10.450 ; 10.450 ;
; SW[2]      ; HEX0[2]     ; 10.228 ; 10.228 ; 10.228 ; 10.228 ;
; SW[2]      ; HEX0[3]     ; 10.225 ; 10.225 ; 10.225 ; 10.225 ;
; SW[2]      ; HEX0[4]     ; 10.575 ; 10.575 ; 10.575 ; 10.575 ;
; SW[2]      ; HEX0[5]     ; 10.456 ; 10.456 ; 10.456 ; 10.456 ;
; SW[2]      ; HEX0[6]     ; 10.571 ; 10.571 ; 10.571 ; 10.571 ;
; SW[2]      ; HEX1[0]     ; 9.698  ; 9.446  ; 9.446  ; 9.698  ;
; SW[2]      ; HEX1[3]     ; 9.685  ; 9.433  ; 9.433  ; 9.685  ;
; SW[2]      ; HEX1[4]     ; 9.695  ; 9.443  ; 9.443  ; 9.695  ;
; SW[2]      ; HEX1[5]     ; 9.726  ; 9.474  ; 9.474  ; 9.726  ;
; SW[2]      ; HEX2[0]     ; 7.725  ; 7.725  ; 7.725  ; 7.725  ;
; SW[2]      ; HEX2[1]     ; 7.721  ;        ;        ; 7.721  ;
; SW[2]      ; HEX2[2]     ;        ; 7.773  ; 7.773  ;        ;
; SW[2]      ; HEX2[3]     ; 7.756  ; 7.756  ; 7.756  ; 7.756  ;
; SW[2]      ; HEX2[4]     ; 8.082  ;        ;        ; 8.082  ;
; SW[2]      ; HEX2[5]     ;        ; 7.735  ; 7.735  ;        ;
; SW[2]      ; HEX2[6]     ; 8.123  ; 8.123  ; 8.123  ; 8.123  ;
; SW[2]      ; LEDG[2]     ; 10.733 ; 10.733 ; 10.733 ; 10.733 ;
; SW[2]      ; LEDG[3]     ; 11.137 ; 11.137 ; 11.137 ; 11.137 ;
; SW[2]      ; LEDG[4]     ; 11.477 ;        ;        ; 11.477 ;
; SW[2]      ; LEDG[7]     ; 12.443 ;        ;        ; 12.443 ;
; SW[2]      ; LEDR[2]     ; 5.387  ;        ;        ; 5.387  ;
; SW[3]      ; HEX0[0]     ; 9.888  ; 9.888  ; 9.888  ; 9.888  ;
; SW[3]      ; HEX0[1]     ; 9.832  ; 9.832  ; 9.832  ; 9.832  ;
; SW[3]      ; HEX0[2]     ; 9.610  ; 9.610  ; 9.610  ; 9.610  ;
; SW[3]      ; HEX0[3]     ; 9.607  ; 9.607  ; 9.607  ; 9.607  ;
; SW[3]      ; HEX0[4]     ; 9.957  ; 9.957  ; 9.957  ; 9.957  ;
; SW[3]      ; HEX0[5]     ; 9.838  ; 9.838  ; 9.838  ; 9.838  ;
; SW[3]      ; HEX0[6]     ; 9.953  ; 9.953  ; 9.953  ; 9.953  ;
; SW[3]      ; HEX1[0]     ; 9.080  ; 8.829  ; 8.829  ; 9.080  ;
; SW[3]      ; HEX1[3]     ; 9.067  ; 8.816  ; 8.816  ; 9.067  ;
; SW[3]      ; HEX1[4]     ; 9.077  ; 8.826  ; 8.826  ; 9.077  ;
; SW[3]      ; HEX1[5]     ; 9.108  ; 8.857  ; 8.857  ; 9.108  ;
; SW[3]      ; HEX2[0]     ;        ; 7.653  ; 7.653  ;        ;
; SW[3]      ; HEX2[1]     ;        ; 7.641  ; 7.641  ;        ;
; SW[3]      ; HEX2[2]     ;        ; 7.705  ; 7.705  ;        ;
; SW[3]      ; HEX2[3]     ;        ; 7.731  ; 7.731  ;        ;
; SW[3]      ; HEX2[4]     ; 8.055  ;        ;        ; 8.055  ;
; SW[3]      ; HEX2[5]     ;        ; 7.666  ; 7.666  ;        ;
; SW[3]      ; HEX2[6]     ;        ; 8.049  ; 8.049  ;        ;
; SW[3]      ; LEDG[3]     ; 10.520 ; 10.520 ; 10.520 ; 10.520 ;
; SW[3]      ; LEDG[4]     ; 10.859 ;        ;        ; 10.859 ;
; SW[3]      ; LEDG[7]     ; 12.406 ;        ;        ; 12.406 ;
; SW[3]      ; LEDR[3]     ; 5.800  ;        ;        ; 5.800  ;
; SW[4]      ; HEX0[0]     ; 11.526 ; 11.526 ; 11.526 ; 11.526 ;
; SW[4]      ; HEX0[1]     ; 11.470 ; 11.470 ; 11.470 ; 11.470 ;
; SW[4]      ; HEX0[2]     ; 11.248 ; 11.248 ; 11.248 ; 11.248 ;
; SW[4]      ; HEX0[3]     ; 11.245 ; 11.245 ; 11.245 ; 11.245 ;
; SW[4]      ; HEX0[4]     ; 11.595 ; 11.595 ; 11.595 ; 11.595 ;
; SW[4]      ; HEX0[5]     ; 11.476 ; 11.476 ; 11.476 ; 11.476 ;
; SW[4]      ; HEX0[6]     ; 11.591 ; 11.591 ; 11.591 ; 11.591 ;
; SW[4]      ; HEX1[0]     ; 10.718 ; 10.466 ; 10.466 ; 10.718 ;
; SW[4]      ; HEX1[3]     ; 10.705 ; 10.453 ; 10.453 ; 10.705 ;
; SW[4]      ; HEX1[4]     ; 10.715 ; 10.463 ; 10.463 ; 10.715 ;
; SW[4]      ; HEX1[5]     ; 10.746 ; 10.494 ; 10.494 ; 10.746 ;
; SW[4]      ; HEX3[0]     ; 7.241  ; 7.241  ; 7.241  ; 7.241  ;
; SW[4]      ; HEX3[1]     ; 7.428  ; 7.428  ; 7.428  ; 7.428  ;
; SW[4]      ; HEX3[2]     ;        ; 7.429  ; 7.429  ;        ;
; SW[4]      ; HEX3[3]     ; 7.220  ; 7.220  ; 7.220  ; 7.220  ;
; SW[4]      ; HEX3[4]     ; 7.195  ;        ;        ; 7.195  ;
; SW[4]      ; HEX3[5]     ; 7.241  ;        ;        ; 7.241  ;
; SW[4]      ; HEX3[6]     ; 7.565  ;        ;        ; 7.565  ;
; SW[4]      ; LEDG[0]     ; 12.163 ; 12.163 ; 12.163 ; 12.163 ;
; SW[4]      ; LEDG[1]     ; 10.138 ; 10.138 ; 10.138 ; 10.138 ;
; SW[4]      ; LEDG[2]     ; 11.754 ; 11.754 ; 11.754 ; 11.754 ;
; SW[4]      ; LEDG[3]     ; 12.157 ; 12.157 ; 12.157 ; 12.157 ;
; SW[4]      ; LEDG[4]     ; 12.497 ;        ;        ; 12.497 ;
; SW[4]      ; LEDR[4]     ; 5.305  ;        ;        ; 5.305  ;
; SW[5]      ; HEX0[0]     ; 11.489 ; 11.489 ; 11.489 ; 11.489 ;
; SW[5]      ; HEX0[1]     ; 11.433 ; 11.433 ; 11.433 ; 11.433 ;
; SW[5]      ; HEX0[2]     ; 11.211 ; 11.211 ; 11.211 ; 11.211 ;
; SW[5]      ; HEX0[3]     ; 11.208 ; 11.208 ; 11.208 ; 11.208 ;
; SW[5]      ; HEX0[4]     ; 11.558 ; 11.558 ; 11.558 ; 11.558 ;
; SW[5]      ; HEX0[5]     ; 11.439 ; 11.439 ; 11.439 ; 11.439 ;
; SW[5]      ; HEX0[6]     ; 11.554 ; 11.554 ; 11.554 ; 11.554 ;
; SW[5]      ; HEX1[0]     ; 10.681 ; 10.429 ; 10.429 ; 10.681 ;
; SW[5]      ; HEX1[3]     ; 10.668 ; 10.416 ; 10.416 ; 10.668 ;
; SW[5]      ; HEX1[4]     ; 10.678 ; 10.426 ; 10.426 ; 10.678 ;
; SW[5]      ; HEX1[5]     ; 10.709 ; 10.457 ; 10.457 ; 10.709 ;
; SW[5]      ; HEX3[0]     ;        ; 7.512  ; 7.512  ;        ;
; SW[5]      ; HEX3[1]     ; 7.698  ; 7.698  ; 7.698  ; 7.698  ;
; SW[5]      ; HEX3[2]     ; 7.701  ;        ;        ; 7.701  ;
; SW[5]      ; HEX3[3]     ; 7.461  ; 7.461  ; 7.461  ; 7.461  ;
; SW[5]      ; HEX3[4]     ; 7.465  ; 7.465  ; 7.465  ; 7.465  ;
; SW[5]      ; HEX3[5]     ; 7.512  ;        ;        ; 7.512  ;
; SW[5]      ; HEX3[6]     ; 7.837  ; 7.837  ; 7.837  ; 7.837  ;
; SW[5]      ; LEDG[1]     ; 10.099 ; 10.099 ; 10.099 ; 10.099 ;
; SW[5]      ; LEDG[2]     ; 11.717 ; 11.717 ; 11.717 ; 11.717 ;
; SW[5]      ; LEDG[3]     ; 12.120 ; 12.120 ; 12.120 ; 12.120 ;
; SW[5]      ; LEDG[4]     ; 12.460 ;        ;        ; 12.460 ;
; SW[5]      ; LEDG[7]     ; 11.988 ;        ;        ; 11.988 ;
; SW[5]      ; LEDR[5]     ; 5.903  ;        ;        ; 5.903  ;
; SW[6]      ; HEX0[0]     ; 10.942 ; 10.942 ; 10.942 ; 10.942 ;
; SW[6]      ; HEX0[1]     ; 10.886 ; 10.886 ; 10.886 ; 10.886 ;
; SW[6]      ; HEX0[2]     ; 10.664 ; 10.664 ; 10.664 ; 10.664 ;
; SW[6]      ; HEX0[3]     ; 10.661 ; 10.661 ; 10.661 ; 10.661 ;
; SW[6]      ; HEX0[4]     ; 11.011 ; 11.011 ; 11.011 ; 11.011 ;
; SW[6]      ; HEX0[5]     ; 10.892 ; 10.892 ; 10.892 ; 10.892 ;
; SW[6]      ; HEX0[6]     ; 11.007 ; 11.007 ; 11.007 ; 11.007 ;
; SW[6]      ; HEX1[0]     ; 10.134 ; 9.882  ; 9.882  ; 10.134 ;
; SW[6]      ; HEX1[3]     ; 10.121 ; 9.869  ; 9.869  ; 10.121 ;
; SW[6]      ; HEX1[4]     ; 10.131 ; 9.879  ; 9.879  ; 10.131 ;
; SW[6]      ; HEX1[5]     ; 10.162 ; 9.910  ; 9.910  ; 10.162 ;
; SW[6]      ; HEX3[0]     ; 7.408  ; 7.408  ; 7.408  ; 7.408  ;
; SW[6]      ; HEX3[1]     ; 7.601  ;        ;        ; 7.601  ;
; SW[6]      ; HEX3[2]     ;        ; 7.564  ; 7.564  ;        ;
; SW[6]      ; HEX3[3]     ; 7.400  ; 7.400  ; 7.400  ; 7.400  ;
; SW[6]      ; HEX3[4]     ; 7.370  ;        ;        ; 7.370  ;
; SW[6]      ; HEX3[5]     ;        ; 7.411  ; 7.411  ;        ;
; SW[6]      ; HEX3[6]     ; 7.735  ; 7.735  ; 7.735  ; 7.735  ;
; SW[6]      ; LEDG[2]     ; 11.166 ; 11.166 ; 11.166 ; 11.166 ;
; SW[6]      ; LEDG[3]     ; 11.573 ; 11.573 ; 11.573 ; 11.573 ;
; SW[6]      ; LEDG[4]     ; 11.913 ;        ;        ; 11.913 ;
; SW[6]      ; LEDG[7]     ; 11.668 ;        ;        ; 11.668 ;
; SW[6]      ; LEDR[6]     ; 5.136  ;        ;        ; 5.136  ;
; SW[7]      ; HEX0[0]     ; 9.169  ; 9.169  ; 9.169  ; 9.169  ;
; SW[7]      ; HEX0[1]     ; 9.113  ; 9.113  ; 9.113  ; 9.113  ;
; SW[7]      ; HEX0[2]     ; 8.891  ; 8.891  ; 8.891  ; 8.891  ;
; SW[7]      ; HEX0[3]     ; 8.888  ; 8.888  ; 8.888  ; 8.888  ;
; SW[7]      ; HEX0[4]     ; 9.238  ; 9.238  ; 9.238  ; 9.238  ;
; SW[7]      ; HEX0[5]     ; 9.119  ; 9.119  ; 9.119  ; 9.119  ;
; SW[7]      ; HEX0[6]     ; 9.234  ; 9.234  ; 9.234  ; 9.234  ;
; SW[7]      ; HEX1[0]     ; 8.361  ; 8.108  ; 8.108  ; 8.361  ;
; SW[7]      ; HEX1[3]     ; 8.348  ; 8.095  ; 8.095  ; 8.348  ;
; SW[7]      ; HEX1[4]     ; 8.358  ; 8.105  ; 8.105  ; 8.358  ;
; SW[7]      ; HEX1[5]     ; 8.389  ; 8.136  ; 8.136  ; 8.389  ;
; SW[7]      ; HEX3[0]     ;        ; 7.530  ; 7.530  ;        ;
; SW[7]      ; HEX3[1]     ;        ; 7.718  ; 7.718  ;        ;
; SW[7]      ; HEX3[2]     ;        ; 7.724  ; 7.724  ;        ;
; SW[7]      ; HEX3[3]     ;        ; 7.511  ; 7.511  ;        ;
; SW[7]      ; HEX3[4]     ; 7.490  ;        ;        ; 7.490  ;
; SW[7]      ; HEX3[5]     ;        ; 7.529  ; 7.529  ;        ;
; SW[7]      ; HEX3[6]     ;        ; 7.854  ; 7.854  ;        ;
; SW[7]      ; LEDG[3]     ; 9.799  ; 9.799  ; 9.799  ; 9.799  ;
; SW[7]      ; LEDG[4]     ; 10.140 ;        ;        ; 10.140 ;
; SW[7]      ; LEDG[7]     ; 11.110 ;        ;        ; 11.110 ;
; SW[7]      ; LEDR[7]     ; 6.720  ;        ;        ; 6.720  ;
; SW[8]      ; LEDR[8]     ; 6.338  ;        ;        ; 6.338  ;
+------------+-------------+--------+--------+--------+--------+


+--------------------------------------------------------------+
; Minimum Propagation Delay                                    ;
+------------+-------------+--------+--------+--------+--------+
; Input Port ; Output Port ; RR     ; RF     ; FR     ; FF     ;
+------------+-------------+--------+--------+--------+--------+
; SW[0]      ; HEX0[0]     ; 8.720  ; 8.720  ; 8.720  ; 8.720  ;
; SW[0]      ; HEX0[1]     ; 8.650  ; 8.650  ; 8.650  ; 8.650  ;
; SW[0]      ; HEX0[2]     ; 8.439  ; 8.439  ; 8.439  ; 8.439  ;
; SW[0]      ; HEX0[3]     ; 8.432  ; 8.432  ; 8.432  ; 8.432  ;
; SW[0]      ; HEX0[4]     ; 8.786  ; 8.786  ; 8.786  ; 8.786  ;
; SW[0]      ; HEX0[5]     ; 8.668  ; 8.668  ; 8.668  ; 8.668  ;
; SW[0]      ; HEX0[6]     ; 8.774  ; 8.774  ; 8.774  ; 8.774  ;
; SW[0]      ; HEX1[0]     ; 8.786  ; 8.786  ; 8.786  ; 8.786  ;
; SW[0]      ; HEX1[3]     ; 8.773  ; 8.773  ; 8.773  ; 8.773  ;
; SW[0]      ; HEX1[4]     ; 8.783  ; 8.783  ; 8.783  ; 8.783  ;
; SW[0]      ; HEX1[5]     ; 8.814  ; 8.814  ; 8.814  ; 8.814  ;
; SW[0]      ; HEX2[0]     ; 8.341  ; 8.341  ; 8.341  ; 8.341  ;
; SW[0]      ; HEX2[1]     ; 8.330  ; 8.330  ; 8.330  ; 8.330  ;
; SW[0]      ; HEX2[2]     ;        ; 8.393  ; 8.393  ;        ;
; SW[0]      ; HEX2[3]     ; 8.371  ; 8.371  ; 8.371  ; 8.371  ;
; SW[0]      ; HEX2[4]     ; 8.702  ;        ;        ; 8.702  ;
; SW[0]      ; HEX2[5]     ; 8.355  ;        ;        ; 8.355  ;
; SW[0]      ; HEX2[6]     ; 8.737  ;        ;        ; 8.737  ;
; SW[0]      ; LEDG[0]     ; 12.024 ; 12.024 ; 12.024 ; 12.024 ;
; SW[0]      ; LEDG[1]     ; 9.999  ; 9.999  ; 9.999  ; 9.999  ;
; SW[0]      ; LEDG[2]     ; 11.616 ; 11.616 ; 11.616 ; 11.616 ;
; SW[0]      ; LEDG[3]     ; 12.019 ; 12.019 ; 12.019 ; 12.019 ;
; SW[0]      ; LEDG[4]     ; 12.359 ;        ;        ; 12.359 ;
; SW[0]      ; LEDR[0]     ; 4.635  ;        ;        ; 4.635  ;
; SW[1]      ; HEX0[0]     ; 9.486  ; 9.486  ; 9.486  ; 9.486  ;
; SW[1]      ; HEX0[1]     ; 9.422  ; 9.422  ; 9.422  ; 9.422  ;
; SW[1]      ; HEX0[2]     ; 9.208  ; 9.208  ; 9.208  ; 9.208  ;
; SW[1]      ; HEX0[3]     ; 9.243  ; 9.243  ; 9.243  ; 9.243  ;
; SW[1]      ; HEX0[4]     ; 9.596  ; 9.596  ; 9.596  ; 9.596  ;
; SW[1]      ; HEX0[5]     ; 9.436  ; 9.436  ; 9.436  ; 9.436  ;
; SW[1]      ; HEX0[6]     ; 9.543  ; 9.543  ; 9.543  ; 9.543  ;
; SW[1]      ; HEX1[0]     ; 8.948  ; 8.948  ; 8.948  ; 8.948  ;
; SW[1]      ; HEX1[3]     ; 8.935  ; 8.935  ; 8.935  ; 8.935  ;
; SW[1]      ; HEX1[4]     ; 8.945  ; 8.945  ; 8.945  ; 8.945  ;
; SW[1]      ; HEX1[5]     ; 8.976  ; 8.976  ; 8.976  ; 8.976  ;
; SW[1]      ; HEX2[0]     ;        ; 8.394  ; 8.394  ;        ;
; SW[1]      ; HEX2[1]     ; 8.385  ; 8.385  ; 8.385  ; 8.385  ;
; SW[1]      ; HEX2[2]     ; 8.447  ;        ;        ; 8.447  ;
; SW[1]      ; HEX2[3]     ; 8.396  ; 8.396  ; 8.396  ; 8.396  ;
; SW[1]      ; HEX2[4]     ; 8.756  ; 8.756  ; 8.756  ; 8.756  ;
; SW[1]      ; HEX2[5]     ; 8.409  ;        ;        ; 8.409  ;
; SW[1]      ; HEX2[6]     ; 8.791  ; 8.791  ; 8.791  ; 8.791  ;
; SW[1]      ; LEDG[1]     ; 10.161 ; 10.161 ; 10.161 ; 10.161 ;
; SW[1]      ; LEDG[2]     ; 11.777 ; 11.777 ; 11.777 ; 11.777 ;
; SW[1]      ; LEDG[3]     ; 12.180 ; 12.180 ; 12.180 ; 12.180 ;
; SW[1]      ; LEDG[4]     ; 12.520 ;        ;        ; 12.520 ;
; SW[1]      ; LEDG[7]     ; 13.108 ;        ;        ; 13.108 ;
; SW[1]      ; LEDR[1]     ; 4.978  ;        ;        ; 4.978  ;
; SW[2]      ; HEX0[0]     ; 9.372  ; 9.372  ; 9.372  ; 9.372  ;
; SW[2]      ; HEX0[1]     ; 9.308  ; 9.308  ; 9.308  ; 9.308  ;
; SW[2]      ; HEX0[2]     ; 9.094  ; 9.094  ; 9.094  ; 9.094  ;
; SW[2]      ; HEX0[3]     ; 9.129  ; 9.129  ; 9.129  ; 9.129  ;
; SW[2]      ; HEX0[4]     ; 9.482  ; 9.482  ; 9.482  ; 9.482  ;
; SW[2]      ; HEX0[5]     ; 9.322  ; 9.322  ; 9.322  ; 9.322  ;
; SW[2]      ; HEX0[6]     ; 9.429  ; 9.429  ; 9.429  ; 9.429  ;
; SW[2]      ; HEX1[0]     ; 8.836  ; 8.836  ; 8.836  ; 8.836  ;
; SW[2]      ; HEX1[3]     ; 8.823  ; 8.823  ; 8.823  ; 8.823  ;
; SW[2]      ; HEX1[4]     ; 8.833  ; 8.833  ; 8.833  ; 8.833  ;
; SW[2]      ; HEX1[5]     ; 8.864  ; 8.864  ; 8.864  ; 8.864  ;
; SW[2]      ; HEX2[0]     ; 7.725  ; 7.725  ; 7.725  ; 7.725  ;
; SW[2]      ; HEX2[1]     ; 7.721  ;        ;        ; 7.721  ;
; SW[2]      ; HEX2[2]     ;        ; 7.773  ; 7.773  ;        ;
; SW[2]      ; HEX2[3]     ; 7.756  ; 7.756  ; 7.756  ; 7.756  ;
; SW[2]      ; HEX2[4]     ; 8.082  ;        ;        ; 8.082  ;
; SW[2]      ; HEX2[5]     ;        ; 7.735  ; 7.735  ;        ;
; SW[2]      ; HEX2[6]     ; 8.123  ; 8.123  ; 8.123  ; 8.123  ;
; SW[2]      ; LEDG[2]     ; 10.733 ; 10.733 ; 10.733 ; 10.733 ;
; SW[2]      ; LEDG[3]     ; 11.137 ; 11.137 ; 11.137 ; 11.137 ;
; SW[2]      ; LEDG[4]     ; 11.477 ;        ;        ; 11.477 ;
; SW[2]      ; LEDG[7]     ; 12.443 ;        ;        ; 12.443 ;
; SW[2]      ; LEDR[2]     ; 5.387  ;        ;        ; 5.387  ;
; SW[3]      ; HEX0[0]     ; 9.367  ; 9.367  ; 9.367  ; 9.367  ;
; SW[3]      ; HEX0[1]     ; 9.303  ; 9.303  ; 9.303  ; 9.303  ;
; SW[3]      ; HEX0[2]     ; 9.089  ; 9.089  ; 9.089  ; 9.089  ;
; SW[3]      ; HEX0[3]     ; 9.124  ; 9.124  ; 9.124  ; 9.124  ;
; SW[3]      ; HEX0[4]     ; 9.477  ; 9.477  ; 9.477  ; 9.477  ;
; SW[3]      ; HEX0[5]     ; 9.317  ; 9.317  ; 9.317  ; 9.317  ;
; SW[3]      ; HEX0[6]     ; 9.424  ; 9.424  ; 9.424  ; 9.424  ;
; SW[3]      ; HEX1[0]     ; 8.829  ; 8.829  ; 8.829  ; 8.829  ;
; SW[3]      ; HEX1[3]     ; 8.816  ; 8.816  ; 8.816  ; 8.816  ;
; SW[3]      ; HEX1[4]     ; 8.826  ; 8.826  ; 8.826  ; 8.826  ;
; SW[3]      ; HEX1[5]     ; 8.857  ; 8.857  ; 8.857  ; 8.857  ;
; SW[3]      ; HEX2[0]     ;        ; 7.653  ; 7.653  ;        ;
; SW[3]      ; HEX2[1]     ;        ; 7.641  ; 7.641  ;        ;
; SW[3]      ; HEX2[2]     ;        ; 7.705  ; 7.705  ;        ;
; SW[3]      ; HEX2[3]     ;        ; 7.731  ; 7.731  ;        ;
; SW[3]      ; HEX2[4]     ; 8.055  ;        ;        ; 8.055  ;
; SW[3]      ; HEX2[5]     ;        ; 7.666  ; 7.666  ;        ;
; SW[3]      ; HEX2[6]     ;        ; 8.049  ; 8.049  ;        ;
; SW[3]      ; LEDG[3]     ; 10.520 ; 10.520 ; 10.520 ; 10.520 ;
; SW[3]      ; LEDG[4]     ; 10.859 ;        ;        ; 10.859 ;
; SW[3]      ; LEDG[7]     ; 12.406 ;        ;        ; 12.406 ;
; SW[3]      ; LEDR[3]     ; 5.800  ;        ;        ; 5.800  ;
; SW[4]      ; HEX0[0]     ; 8.859  ; 8.859  ; 8.859  ; 8.859  ;
; SW[4]      ; HEX0[1]     ; 8.789  ; 8.789  ; 8.789  ; 8.789  ;
; SW[4]      ; HEX0[2]     ; 8.578  ; 8.578  ; 8.578  ; 8.578  ;
; SW[4]      ; HEX0[3]     ; 8.571  ; 8.571  ; 8.571  ; 8.571  ;
; SW[4]      ; HEX0[4]     ; 8.925  ; 8.925  ; 8.925  ; 8.925  ;
; SW[4]      ; HEX0[5]     ; 8.807  ; 8.807  ; 8.807  ; 8.807  ;
; SW[4]      ; HEX0[6]     ; 8.913  ; 8.913  ; 8.913  ; 8.913  ;
; SW[4]      ; HEX1[0]     ; 8.925  ; 8.925  ; 8.925  ; 8.925  ;
; SW[4]      ; HEX1[3]     ; 8.912  ; 8.912  ; 8.912  ; 8.912  ;
; SW[4]      ; HEX1[4]     ; 8.922  ; 8.922  ; 8.922  ; 8.922  ;
; SW[4]      ; HEX1[5]     ; 8.953  ; 8.953  ; 8.953  ; 8.953  ;
; SW[4]      ; HEX3[0]     ; 7.241  ; 7.241  ; 7.241  ; 7.241  ;
; SW[4]      ; HEX3[1]     ; 7.428  ; 7.428  ; 7.428  ; 7.428  ;
; SW[4]      ; HEX3[2]     ;        ; 7.429  ; 7.429  ;        ;
; SW[4]      ; HEX3[3]     ; 7.220  ; 7.220  ; 7.220  ; 7.220  ;
; SW[4]      ; HEX3[4]     ; 7.195  ;        ;        ; 7.195  ;
; SW[4]      ; HEX3[5]     ; 7.241  ;        ;        ; 7.241  ;
; SW[4]      ; HEX3[6]     ; 7.565  ;        ;        ; 7.565  ;
; SW[4]      ; LEDG[0]     ; 12.163 ; 12.163 ; 12.163 ; 12.163 ;
; SW[4]      ; LEDG[1]     ; 10.138 ; 10.138 ; 10.138 ; 10.138 ;
; SW[4]      ; LEDG[2]     ; 11.754 ; 11.754 ; 11.754 ; 11.754 ;
; SW[4]      ; LEDG[3]     ; 12.157 ; 12.157 ; 12.157 ; 12.157 ;
; SW[4]      ; LEDG[4]     ; 12.497 ;        ;        ; 12.497 ;
; SW[4]      ; LEDR[4]     ; 5.305  ;        ;        ; 5.305  ;
; SW[5]      ; HEX0[0]     ; 9.424  ; 9.424  ; 9.424  ; 9.424  ;
; SW[5]      ; HEX0[1]     ; 9.360  ; 9.360  ; 9.360  ; 9.360  ;
; SW[5]      ; HEX0[2]     ; 9.146  ; 9.146  ; 9.146  ; 9.146  ;
; SW[5]      ; HEX0[3]     ; 9.181  ; 9.181  ; 9.181  ; 9.181  ;
; SW[5]      ; HEX0[4]     ; 9.534  ; 9.534  ; 9.534  ; 9.534  ;
; SW[5]      ; HEX0[5]     ; 9.374  ; 9.374  ; 9.374  ; 9.374  ;
; SW[5]      ; HEX0[6]     ; 9.481  ; 9.481  ; 9.481  ; 9.481  ;
; SW[5]      ; HEX1[0]     ; 8.886  ; 8.886  ; 8.886  ; 8.886  ;
; SW[5]      ; HEX1[3]     ; 8.873  ; 8.873  ; 8.873  ; 8.873  ;
; SW[5]      ; HEX1[4]     ; 8.883  ; 8.883  ; 8.883  ; 8.883  ;
; SW[5]      ; HEX1[5]     ; 8.914  ; 8.914  ; 8.914  ; 8.914  ;
; SW[5]      ; HEX3[0]     ;        ; 7.512  ; 7.512  ;        ;
; SW[5]      ; HEX3[1]     ; 7.698  ; 7.698  ; 7.698  ; 7.698  ;
; SW[5]      ; HEX3[2]     ; 7.701  ;        ;        ; 7.701  ;
; SW[5]      ; HEX3[3]     ; 7.461  ; 7.461  ; 7.461  ; 7.461  ;
; SW[5]      ; HEX3[4]     ; 7.465  ; 7.465  ; 7.465  ; 7.465  ;
; SW[5]      ; HEX3[5]     ; 7.512  ;        ;        ; 7.512  ;
; SW[5]      ; HEX3[6]     ; 7.837  ; 7.837  ; 7.837  ; 7.837  ;
; SW[5]      ; LEDG[1]     ; 10.099 ; 10.099 ; 10.099 ; 10.099 ;
; SW[5]      ; LEDG[2]     ; 11.717 ; 11.717 ; 11.717 ; 11.717 ;
; SW[5]      ; LEDG[3]     ; 12.120 ; 12.120 ; 12.120 ; 12.120 ;
; SW[5]      ; LEDG[4]     ; 12.460 ;        ;        ; 12.460 ;
; SW[5]      ; LEDG[7]     ; 11.988 ;        ;        ; 11.988 ;
; SW[5]      ; LEDR[5]     ; 5.903  ;        ;        ; 5.903  ;
; SW[6]      ; HEX0[0]     ; 9.805  ; 9.805  ; 9.805  ; 9.805  ;
; SW[6]      ; HEX0[1]     ; 9.741  ; 9.741  ; 9.741  ; 9.741  ;
; SW[6]      ; HEX0[2]     ; 9.527  ; 9.527  ; 9.527  ; 9.527  ;
; SW[6]      ; HEX0[3]     ; 9.562  ; 9.562  ; 9.562  ; 9.562  ;
; SW[6]      ; HEX0[4]     ; 9.915  ; 9.915  ; 9.915  ; 9.915  ;
; SW[6]      ; HEX0[5]     ; 9.755  ; 9.755  ; 9.755  ; 9.755  ;
; SW[6]      ; HEX0[6]     ; 9.862  ; 9.862  ; 9.862  ; 9.862  ;
; SW[6]      ; HEX1[0]     ; 9.269  ; 9.269  ; 9.269  ; 9.269  ;
; SW[6]      ; HEX1[3]     ; 9.256  ; 9.256  ; 9.256  ; 9.256  ;
; SW[6]      ; HEX1[4]     ; 9.266  ; 9.266  ; 9.266  ; 9.266  ;
; SW[6]      ; HEX1[5]     ; 9.297  ; 9.297  ; 9.297  ; 9.297  ;
; SW[6]      ; HEX3[0]     ; 7.408  ; 7.408  ; 7.408  ; 7.408  ;
; SW[6]      ; HEX3[1]     ; 7.601  ;        ;        ; 7.601  ;
; SW[6]      ; HEX3[2]     ;        ; 7.564  ; 7.564  ;        ;
; SW[6]      ; HEX3[3]     ; 7.400  ; 7.400  ; 7.400  ; 7.400  ;
; SW[6]      ; HEX3[4]     ; 7.370  ;        ;        ; 7.370  ;
; SW[6]      ; HEX3[5]     ;        ; 7.411  ; 7.411  ;        ;
; SW[6]      ; HEX3[6]     ; 7.735  ; 7.735  ; 7.735  ; 7.735  ;
; SW[6]      ; LEDG[2]     ; 11.166 ; 11.166 ; 11.166 ; 11.166 ;
; SW[6]      ; LEDG[3]     ; 11.573 ; 11.573 ; 11.573 ; 11.573 ;
; SW[6]      ; LEDG[4]     ; 11.913 ;        ;        ; 11.913 ;
; SW[6]      ; LEDG[7]     ; 11.668 ;        ;        ; 11.668 ;
; SW[6]      ; LEDR[6]     ; 5.136  ;        ;        ; 5.136  ;
; SW[7]      ; HEX0[0]     ; 8.646  ; 8.646  ; 8.646  ; 8.646  ;
; SW[7]      ; HEX0[1]     ; 8.582  ; 8.582  ; 8.582  ; 8.582  ;
; SW[7]      ; HEX0[2]     ; 8.368  ; 8.368  ; 8.368  ; 8.368  ;
; SW[7]      ; HEX0[3]     ; 8.403  ; 8.403  ; 8.403  ; 8.403  ;
; SW[7]      ; HEX0[4]     ; 8.756  ; 8.756  ; 8.756  ; 8.756  ;
; SW[7]      ; HEX0[5]     ; 8.596  ; 8.596  ; 8.596  ; 8.596  ;
; SW[7]      ; HEX0[6]     ; 8.703  ; 8.703  ; 8.703  ; 8.703  ;
; SW[7]      ; HEX1[0]     ; 8.108  ; 8.108  ; 8.108  ; 8.108  ;
; SW[7]      ; HEX1[3]     ; 8.095  ; 8.095  ; 8.095  ; 8.095  ;
; SW[7]      ; HEX1[4]     ; 8.105  ; 8.105  ; 8.105  ; 8.105  ;
; SW[7]      ; HEX1[5]     ; 8.136  ; 8.136  ; 8.136  ; 8.136  ;
; SW[7]      ; HEX3[0]     ;        ; 7.530  ; 7.530  ;        ;
; SW[7]      ; HEX3[1]     ;        ; 7.718  ; 7.718  ;        ;
; SW[7]      ; HEX3[2]     ;        ; 7.724  ; 7.724  ;        ;
; SW[7]      ; HEX3[3]     ;        ; 7.511  ; 7.511  ;        ;
; SW[7]      ; HEX3[4]     ; 7.490  ;        ;        ; 7.490  ;
; SW[7]      ; HEX3[5]     ;        ; 7.529  ; 7.529  ;        ;
; SW[7]      ; HEX3[6]     ;        ; 7.854  ; 7.854  ;        ;
; SW[7]      ; LEDG[3]     ; 9.799  ; 9.799  ; 9.799  ; 9.799  ;
; SW[7]      ; LEDG[4]     ; 10.140 ;        ;        ; 10.140 ;
; SW[7]      ; LEDG[7]     ; 11.110 ;        ;        ; 11.110 ;
; SW[7]      ; LEDR[7]     ; 6.720  ;        ;        ; 6.720  ;
; SW[8]      ; LEDR[8]     ; 6.338  ;        ;        ; 6.338  ;
+------------+-------------+--------+--------+--------+--------+


----------------------------
; Fast Model Setup Summary ;
----------------------------
No paths to report.


---------------------------
; Fast Model Hold Summary ;
---------------------------
No paths to report.


-------------------------------
; Fast Model Recovery Summary ;
-------------------------------
No paths to report.


------------------------------
; Fast Model Removal Summary ;
------------------------------
No paths to report.


------------------------------------------
; Fast Model Minimum Pulse Width Summary ;
------------------------------------------
No paths to report.


+----------------------------------------------------------+
; Propagation Delay                                        ;
+------------+-------------+-------+-------+-------+-------+
; Input Port ; Output Port ; RR    ; RF    ; FR    ; FF    ;
+------------+-------------+-------+-------+-------+-------+
; SW[0]      ; HEX0[0]     ; 4.866 ; 4.866 ; 4.866 ; 4.866 ;
; SW[0]      ; HEX0[1]     ; 4.860 ; 4.860 ; 4.860 ; 4.860 ;
; SW[0]      ; HEX0[2]     ; 4.785 ; 4.785 ; 4.785 ; 4.785 ;
; SW[0]      ; HEX0[3]     ; 4.783 ; 4.783 ; 4.783 ; 4.783 ;
; SW[0]      ; HEX0[4]     ; 4.920 ; 4.920 ; 4.920 ; 4.920 ;
; SW[0]      ; HEX0[5]     ; 4.868 ; 4.868 ; 4.868 ; 4.868 ;
; SW[0]      ; HEX0[6]     ; 4.918 ; 4.918 ; 4.918 ; 4.918 ;
; SW[0]      ; HEX1[0]     ; 4.626 ; 4.523 ; 4.523 ; 4.626 ;
; SW[0]      ; HEX1[3]     ; 4.610 ; 4.507 ; 4.507 ; 4.610 ;
; SW[0]      ; HEX1[4]     ; 4.620 ; 4.517 ; 4.517 ; 4.620 ;
; SW[0]      ; HEX1[5]     ; 4.649 ; 4.546 ; 4.546 ; 4.649 ;
; SW[0]      ; HEX2[0]     ; 3.803 ; 3.803 ; 3.803 ; 3.803 ;
; SW[0]      ; HEX2[1]     ; 3.798 ; 3.798 ; 3.798 ; 3.798 ;
; SW[0]      ; HEX2[2]     ;       ; 3.851 ; 3.851 ;       ;
; SW[0]      ; HEX2[3]     ; 3.840 ; 3.840 ; 3.840 ; 3.840 ;
; SW[0]      ; HEX2[4]     ; 3.953 ;       ;       ; 3.953 ;
; SW[0]      ; HEX2[5]     ; 3.817 ;       ;       ; 3.817 ;
; SW[0]      ; HEX2[6]     ; 3.976 ;       ;       ; 3.976 ;
; SW[0]      ; LEDG[0]     ; 5.235 ; 5.235 ; 5.235 ; 5.235 ;
; SW[0]      ; LEDG[1]     ; 4.608 ; 4.608 ; 4.608 ; 4.608 ;
; SW[0]      ; LEDG[2]     ; 5.131 ; 5.131 ; 5.131 ; 5.131 ;
; SW[0]      ; LEDG[3]     ; 5.326 ; 5.326 ; 5.326 ; 5.326 ;
; SW[0]      ; LEDG[4]     ; 5.439 ;       ;       ; 5.439 ;
; SW[0]      ; LEDR[0]     ; 2.289 ;       ;       ; 2.289 ;
; SW[1]      ; HEX0[0]     ; 4.926 ; 4.926 ; 4.926 ; 4.926 ;
; SW[1]      ; HEX0[1]     ; 4.920 ; 4.920 ; 4.920 ; 4.920 ;
; SW[1]      ; HEX0[2]     ; 4.845 ; 4.845 ; 4.845 ; 4.845 ;
; SW[1]      ; HEX0[3]     ; 4.843 ; 4.843 ; 4.843 ; 4.843 ;
; SW[1]      ; HEX0[4]     ; 4.980 ; 4.980 ; 4.980 ; 4.980 ;
; SW[1]      ; HEX0[5]     ; 4.928 ; 4.928 ; 4.928 ; 4.928 ;
; SW[1]      ; HEX0[6]     ; 4.978 ; 4.978 ; 4.978 ; 4.978 ;
; SW[1]      ; HEX1[0]     ; 4.686 ; 4.583 ; 4.583 ; 4.686 ;
; SW[1]      ; HEX1[3]     ; 4.670 ; 4.567 ; 4.567 ; 4.670 ;
; SW[1]      ; HEX1[4]     ; 4.680 ; 4.577 ; 4.577 ; 4.680 ;
; SW[1]      ; HEX1[5]     ; 4.709 ; 4.606 ; 4.606 ; 4.709 ;
; SW[1]      ; HEX2[0]     ;       ; 3.825 ; 3.825 ;       ;
; SW[1]      ; HEX2[1]     ; 3.820 ; 3.820 ; 3.820 ; 3.820 ;
; SW[1]      ; HEX2[2]     ; 3.874 ;       ;       ; 3.874 ;
; SW[1]      ; HEX2[3]     ; 3.862 ; 3.862 ; 3.862 ; 3.862 ;
; SW[1]      ; HEX2[4]     ; 3.975 ; 3.975 ; 3.975 ; 3.975 ;
; SW[1]      ; HEX2[5]     ; 3.839 ;       ;       ; 3.839 ;
; SW[1]      ; HEX2[6]     ; 3.997 ; 3.997 ; 3.997 ; 3.997 ;
; SW[1]      ; LEDG[1]     ; 4.668 ; 4.668 ; 4.668 ; 4.668 ;
; SW[1]      ; LEDG[2]     ; 5.191 ; 5.191 ; 5.191 ; 5.191 ;
; SW[1]      ; LEDG[3]     ; 5.386 ; 5.386 ; 5.386 ; 5.386 ;
; SW[1]      ; LEDG[4]     ; 5.499 ;       ;       ; 5.499 ;
; SW[1]      ; LEDG[7]     ; 5.663 ;       ;       ; 5.663 ;
; SW[1]      ; LEDR[1]     ; 2.423 ;       ;       ; 2.423 ;
; SW[2]      ; HEX0[0]     ; 4.535 ; 4.535 ; 4.535 ; 4.535 ;
; SW[2]      ; HEX0[1]     ; 4.529 ; 4.529 ; 4.529 ; 4.529 ;
; SW[2]      ; HEX0[2]     ; 4.454 ; 4.454 ; 4.454 ; 4.454 ;
; SW[2]      ; HEX0[3]     ; 4.452 ; 4.452 ; 4.452 ; 4.452 ;
; SW[2]      ; HEX0[4]     ; 4.589 ; 4.589 ; 4.589 ; 4.589 ;
; SW[2]      ; HEX0[5]     ; 4.537 ; 4.537 ; 4.537 ; 4.537 ;
; SW[2]      ; HEX0[6]     ; 4.587 ; 4.587 ; 4.587 ; 4.587 ;
; SW[2]      ; HEX1[0]     ; 4.295 ; 4.192 ; 4.192 ; 4.295 ;
; SW[2]      ; HEX1[3]     ; 4.279 ; 4.176 ; 4.176 ; 4.279 ;
; SW[2]      ; HEX1[4]     ; 4.289 ; 4.186 ; 4.186 ; 4.289 ;
; SW[2]      ; HEX1[5]     ; 4.318 ; 4.215 ; 4.215 ; 4.318 ;
; SW[2]      ; HEX2[0]     ; 3.562 ; 3.562 ; 3.562 ; 3.562 ;
; SW[2]      ; HEX2[1]     ; 3.585 ;       ;       ; 3.585 ;
; SW[2]      ; HEX2[2]     ;       ; 3.609 ; 3.609 ;       ;
; SW[2]      ; HEX2[3]     ; 3.598 ; 3.598 ; 3.598 ; 3.598 ;
; SW[2]      ; HEX2[4]     ; 3.711 ;       ;       ; 3.711 ;
; SW[2]      ; HEX2[5]     ;       ; 3.575 ; 3.575 ;       ;
; SW[2]      ; HEX2[6]     ; 3.738 ; 3.738 ; 3.738 ; 3.738 ;
; SW[2]      ; LEDG[2]     ; 4.802 ; 4.802 ; 4.802 ; 4.802 ;
; SW[2]      ; LEDG[3]     ; 4.995 ; 4.995 ; 4.995 ; 4.995 ;
; SW[2]      ; LEDG[4]     ; 5.108 ;       ;       ; 5.108 ;
; SW[2]      ; LEDG[7]     ; 5.404 ;       ;       ; 5.404 ;
; SW[2]      ; LEDR[2]     ; 2.611 ;       ;       ; 2.611 ;
; SW[3]      ; HEX0[0]     ; 4.318 ; 4.318 ; 4.318 ; 4.318 ;
; SW[3]      ; HEX0[1]     ; 4.312 ; 4.312 ; 4.312 ; 4.312 ;
; SW[3]      ; HEX0[2]     ; 4.237 ; 4.237 ; 4.237 ; 4.237 ;
; SW[3]      ; HEX0[3]     ; 4.235 ; 4.235 ; 4.235 ; 4.235 ;
; SW[3]      ; HEX0[4]     ; 4.372 ; 4.372 ; 4.372 ; 4.372 ;
; SW[3]      ; HEX0[5]     ; 4.320 ; 4.320 ; 4.320 ; 4.320 ;
; SW[3]      ; HEX0[6]     ; 4.370 ; 4.370 ; 4.370 ; 4.370 ;
; SW[3]      ; HEX1[0]     ; 4.078 ; 3.979 ; 3.979 ; 4.078 ;
; SW[3]      ; HEX1[3]     ; 4.062 ; 3.963 ; 3.963 ; 4.062 ;
; SW[3]      ; HEX1[4]     ; 4.072 ; 3.973 ; 3.973 ; 4.072 ;
; SW[3]      ; HEX1[5]     ; 4.101 ; 4.002 ; 4.002 ; 4.101 ;
; SW[3]      ; HEX2[0]     ;       ; 3.559 ; 3.559 ;       ;
; SW[3]      ; HEX2[1]     ;       ; 3.552 ; 3.552 ;       ;
; SW[3]      ; HEX2[2]     ;       ; 3.608 ; 3.608 ;       ;
; SW[3]      ; HEX2[3]     ;       ; 3.597 ; 3.597 ;       ;
; SW[3]      ; HEX2[4]     ; 3.710 ;       ;       ; 3.710 ;
; SW[3]      ; HEX2[5]     ;       ; 3.574 ; 3.574 ;       ;
; SW[3]      ; HEX2[6]     ;       ; 3.732 ; 3.732 ;       ;
; SW[3]      ; LEDG[3]     ; 4.782 ; 4.782 ; 4.782 ; 4.782 ;
; SW[3]      ; LEDG[4]     ; 4.891 ;       ;       ; 4.891 ;
; SW[3]      ; LEDG[7]     ; 5.418 ;       ;       ; 5.418 ;
; SW[3]      ; LEDR[3]     ; 2.854 ;       ;       ; 2.854 ;
; SW[4]      ; HEX0[0]     ; 4.879 ; 4.879 ; 4.879 ; 4.879 ;
; SW[4]      ; HEX0[1]     ; 4.873 ; 4.873 ; 4.873 ; 4.873 ;
; SW[4]      ; HEX0[2]     ; 4.798 ; 4.798 ; 4.798 ; 4.798 ;
; SW[4]      ; HEX0[3]     ; 4.796 ; 4.796 ; 4.796 ; 4.796 ;
; SW[4]      ; HEX0[4]     ; 4.933 ; 4.933 ; 4.933 ; 4.933 ;
; SW[4]      ; HEX0[5]     ; 4.881 ; 4.881 ; 4.881 ; 4.881 ;
; SW[4]      ; HEX0[6]     ; 4.931 ; 4.931 ; 4.931 ; 4.931 ;
; SW[4]      ; HEX1[0]     ; 4.639 ; 4.536 ; 4.536 ; 4.639 ;
; SW[4]      ; HEX1[3]     ; 4.623 ; 4.520 ; 4.520 ; 4.623 ;
; SW[4]      ; HEX1[4]     ; 4.633 ; 4.530 ; 4.530 ; 4.633 ;
; SW[4]      ; HEX1[5]     ; 4.662 ; 4.559 ; 4.559 ; 4.662 ;
; SW[4]      ; HEX3[0]     ; 3.395 ; 3.395 ; 3.395 ; 3.395 ;
; SW[4]      ; HEX3[1]     ; 3.538 ; 3.538 ; 3.538 ; 3.538 ;
; SW[4]      ; HEX3[2]     ;       ; 3.535 ; 3.535 ;       ;
; SW[4]      ; HEX3[3]     ; 3.375 ; 3.375 ; 3.375 ; 3.375 ;
; SW[4]      ; HEX3[4]     ; 3.355 ;       ;       ; 3.355 ;
; SW[4]      ; HEX3[5]     ; 3.396 ;       ;       ; 3.396 ;
; SW[4]      ; HEX3[6]     ; 3.523 ;       ;       ; 3.523 ;
; SW[4]      ; LEDG[0]     ; 5.246 ; 5.246 ; 5.246 ; 5.246 ;
; SW[4]      ; LEDG[1]     ; 4.619 ; 4.619 ; 4.619 ; 4.619 ;
; SW[4]      ; LEDG[2]     ; 5.144 ; 5.144 ; 5.144 ; 5.144 ;
; SW[4]      ; LEDG[3]     ; 5.339 ; 5.339 ; 5.339 ; 5.339 ;
; SW[4]      ; LEDG[4]     ; 5.452 ;       ;       ; 5.452 ;
; SW[4]      ; LEDR[4]     ; 2.626 ;       ;       ; 2.626 ;
; SW[5]      ; HEX0[0]     ; 4.850 ; 4.850 ; 4.850 ; 4.850 ;
; SW[5]      ; HEX0[1]     ; 4.844 ; 4.844 ; 4.844 ; 4.844 ;
; SW[5]      ; HEX0[2]     ; 4.769 ; 4.769 ; 4.769 ; 4.769 ;
; SW[5]      ; HEX0[3]     ; 4.767 ; 4.767 ; 4.767 ; 4.767 ;
; SW[5]      ; HEX0[4]     ; 4.904 ; 4.904 ; 4.904 ; 4.904 ;
; SW[5]      ; HEX0[5]     ; 4.852 ; 4.852 ; 4.852 ; 4.852 ;
; SW[5]      ; HEX0[6]     ; 4.902 ; 4.902 ; 4.902 ; 4.902 ;
; SW[5]      ; HEX1[0]     ; 4.610 ; 4.507 ; 4.507 ; 4.610 ;
; SW[5]      ; HEX1[3]     ; 4.594 ; 4.491 ; 4.491 ; 4.594 ;
; SW[5]      ; HEX1[4]     ; 4.604 ; 4.501 ; 4.501 ; 4.604 ;
; SW[5]      ; HEX1[5]     ; 4.633 ; 4.530 ; 4.530 ; 4.633 ;
; SW[5]      ; HEX3[0]     ;       ; 3.463 ; 3.463 ;       ;
; SW[5]      ; HEX3[1]     ; 3.606 ; 3.606 ; 3.606 ; 3.606 ;
; SW[5]      ; HEX3[2]     ; 3.605 ;       ;       ; 3.605 ;
; SW[5]      ; HEX3[3]     ; 3.446 ; 3.446 ; 3.446 ; 3.446 ;
; SW[5]      ; HEX3[4]     ; 3.425 ; 3.425 ; 3.425 ; 3.425 ;
; SW[5]      ; HEX3[5]     ; 3.464 ;       ;       ; 3.464 ;
; SW[5]      ; HEX3[6]     ; 3.591 ; 3.591 ; 3.591 ; 3.591 ;
; SW[5]      ; LEDG[1]     ; 4.593 ; 4.593 ; 4.593 ; 4.593 ;
; SW[5]      ; LEDG[2]     ; 5.115 ; 5.115 ; 5.115 ; 5.115 ;
; SW[5]      ; LEDG[3]     ; 5.310 ; 5.310 ; 5.310 ; 5.310 ;
; SW[5]      ; LEDG[4]     ; 5.423 ;       ;       ; 5.423 ;
; SW[5]      ; LEDG[7]     ; 5.221 ;       ;       ; 5.221 ;
; SW[5]      ; LEDR[5]     ; 2.837 ;       ;       ; 2.837 ;
; SW[6]      ; HEX0[0]     ; 4.695 ; 4.695 ; 4.695 ; 4.695 ;
; SW[6]      ; HEX0[1]     ; 4.689 ; 4.689 ; 4.689 ; 4.689 ;
; SW[6]      ; HEX0[2]     ; 4.614 ; 4.614 ; 4.614 ; 4.614 ;
; SW[6]      ; HEX0[3]     ; 4.612 ; 4.612 ; 4.612 ; 4.612 ;
; SW[6]      ; HEX0[4]     ; 4.749 ; 4.749 ; 4.749 ; 4.749 ;
; SW[6]      ; HEX0[5]     ; 4.697 ; 4.697 ; 4.697 ; 4.697 ;
; SW[6]      ; HEX0[6]     ; 4.747 ; 4.747 ; 4.747 ; 4.747 ;
; SW[6]      ; HEX1[0]     ; 4.455 ; 4.352 ; 4.352 ; 4.455 ;
; SW[6]      ; HEX1[3]     ; 4.439 ; 4.336 ; 4.336 ; 4.439 ;
; SW[6]      ; HEX1[4]     ; 4.449 ; 4.346 ; 4.346 ; 4.449 ;
; SW[6]      ; HEX1[5]     ; 4.478 ; 4.375 ; 4.375 ; 4.478 ;
; SW[6]      ; HEX3[0]     ; 3.455 ; 3.455 ; 3.455 ; 3.455 ;
; SW[6]      ; HEX3[1]     ; 3.601 ;       ;       ; 3.601 ;
; SW[6]      ; HEX3[2]     ;       ; 3.606 ; 3.606 ;       ;
; SW[6]      ; HEX3[3]     ; 3.448 ; 3.448 ; 3.448 ; 3.448 ;
; SW[6]      ; HEX3[4]     ; 3.424 ;       ;       ; 3.424 ;
; SW[6]      ; HEX3[5]     ;       ; 3.456 ; 3.456 ;       ;
; SW[6]      ; HEX3[6]     ; 3.583 ; 3.583 ; 3.583 ; 3.583 ;
; SW[6]      ; LEDG[2]     ; 4.962 ; 4.962 ; 4.962 ; 4.962 ;
; SW[6]      ; LEDG[3]     ; 5.155 ; 5.155 ; 5.155 ; 5.155 ;
; SW[6]      ; LEDG[4]     ; 5.268 ;       ;       ; 5.268 ;
; SW[6]      ; LEDG[7]     ; 5.153 ;       ;       ; 5.153 ;
; SW[6]      ; LEDR[6]     ; 2.511 ;       ;       ; 2.511 ;
; SW[7]      ; HEX0[0]     ; 3.959 ; 3.959 ; 3.959 ; 3.959 ;
; SW[7]      ; HEX0[1]     ; 3.953 ; 3.953 ; 3.953 ; 3.953 ;
; SW[7]      ; HEX0[2]     ; 3.878 ; 3.878 ; 3.878 ; 3.878 ;
; SW[7]      ; HEX0[3]     ; 3.876 ; 3.876 ; 3.876 ; 3.876 ;
; SW[7]      ; HEX0[4]     ; 4.013 ; 4.013 ; 4.013 ; 4.013 ;
; SW[7]      ; HEX0[5]     ; 3.961 ; 3.961 ; 3.961 ; 3.961 ;
; SW[7]      ; HEX0[6]     ; 4.011 ; 4.011 ; 4.011 ; 4.011 ;
; SW[7]      ; HEX1[0]     ; 3.719 ; 3.617 ; 3.617 ; 3.719 ;
; SW[7]      ; HEX1[3]     ; 3.703 ; 3.601 ; 3.601 ; 3.703 ;
; SW[7]      ; HEX1[4]     ; 3.713 ; 3.611 ; 3.611 ; 3.713 ;
; SW[7]      ; HEX1[5]     ; 3.742 ; 3.640 ; 3.640 ; 3.742 ;
; SW[7]      ; HEX3[0]     ;       ; 3.403 ; 3.403 ;       ;
; SW[7]      ; HEX3[1]     ;       ; 3.548 ; 3.548 ;       ;
; SW[7]      ; HEX3[2]     ;       ; 3.551 ; 3.551 ;       ;
; SW[7]      ; HEX3[3]     ;       ; 3.393 ; 3.393 ;       ;
; SW[7]      ; HEX3[4]     ; 3.369 ;       ;       ; 3.369 ;
; SW[7]      ; HEX3[5]     ;       ; 3.404 ; 3.404 ;       ;
; SW[7]      ; HEX3[6]     ;       ; 3.531 ; 3.531 ;       ;
; SW[7]      ; LEDG[3]     ; 4.420 ; 4.420 ; 4.420 ; 4.420 ;
; SW[7]      ; LEDG[4]     ; 4.532 ;       ;       ; 4.532 ;
; SW[7]      ; LEDG[7]     ; 4.836 ;       ;       ; 4.836 ;
; SW[7]      ; LEDR[7]     ; 3.260 ;       ;       ; 3.260 ;
; SW[8]      ; LEDR[8]     ; 3.013 ;       ;       ; 3.013 ;
+------------+-------------+-------+-------+-------+-------+


+----------------------------------------------------------+
; Minimum Propagation Delay                                ;
+------------+-------------+-------+-------+-------+-------+
; Input Port ; Output Port ; RR    ; RF    ; FR    ; FF    ;
+------------+-------------+-------+-------+-------+-------+
; SW[0]      ; HEX0[0]     ; 3.934 ; 3.934 ; 3.934 ; 3.934 ;
; SW[0]      ; HEX0[1]     ; 3.917 ; 3.917 ; 3.917 ; 3.917 ;
; SW[0]      ; HEX0[2]     ; 3.853 ; 3.853 ; 3.853 ; 3.853 ;
; SW[0]      ; HEX0[3]     ; 3.847 ; 3.847 ; 3.847 ; 3.847 ;
; SW[0]      ; HEX0[4]     ; 3.987 ; 3.987 ; 3.987 ; 3.987 ;
; SW[0]      ; HEX0[5]     ; 3.935 ; 3.935 ; 3.935 ; 3.935 ;
; SW[0]      ; HEX0[6]     ; 3.978 ; 3.978 ; 3.978 ; 3.978 ;
; SW[0]      ; HEX1[0]     ; 3.989 ; 3.989 ; 3.989 ; 3.989 ;
; SW[0]      ; HEX1[3]     ; 3.973 ; 3.973 ; 3.973 ; 3.973 ;
; SW[0]      ; HEX1[4]     ; 3.983 ; 3.983 ; 3.983 ; 3.983 ;
; SW[0]      ; HEX1[5]     ; 4.012 ; 4.012 ; 4.012 ; 4.012 ;
; SW[0]      ; HEX2[0]     ; 3.803 ; 3.803 ; 3.803 ; 3.803 ;
; SW[0]      ; HEX2[1]     ; 3.798 ; 3.798 ; 3.798 ; 3.798 ;
; SW[0]      ; HEX2[2]     ;       ; 3.851 ; 3.851 ;       ;
; SW[0]      ; HEX2[3]     ; 3.840 ; 3.840 ; 3.840 ; 3.840 ;
; SW[0]      ; HEX2[4]     ; 3.953 ;       ;       ; 3.953 ;
; SW[0]      ; HEX2[5]     ; 3.817 ;       ;       ; 3.817 ;
; SW[0]      ; HEX2[6]     ; 3.976 ;       ;       ; 3.976 ;
; SW[0]      ; LEDG[0]     ; 5.235 ; 5.235 ; 5.235 ; 5.235 ;
; SW[0]      ; LEDG[1]     ; 4.608 ; 4.608 ; 4.608 ; 4.608 ;
; SW[0]      ; LEDG[2]     ; 5.131 ; 5.131 ; 5.131 ; 5.131 ;
; SW[0]      ; LEDG[3]     ; 5.326 ; 5.326 ; 5.326 ; 5.326 ;
; SW[0]      ; LEDG[4]     ; 5.439 ;       ;       ; 5.439 ;
; SW[0]      ; LEDR[0]     ; 2.289 ;       ;       ; 2.289 ;
; SW[1]      ; HEX0[0]     ; 4.225 ; 4.225 ; 4.225 ; 4.225 ;
; SW[1]      ; HEX0[1]     ; 4.209 ; 4.209 ; 4.209 ; 4.209 ;
; SW[1]      ; HEX0[2]     ; 4.144 ; 4.144 ; 4.144 ; 4.144 ;
; SW[1]      ; HEX0[3]     ; 4.135 ; 4.135 ; 4.135 ; 4.135 ;
; SW[1]      ; HEX0[4]     ; 4.279 ; 4.279 ; 4.279 ; 4.279 ;
; SW[1]      ; HEX0[5]     ; 4.227 ; 4.227 ; 4.227 ; 4.227 ;
; SW[1]      ; HEX0[6]     ; 4.267 ; 4.267 ; 4.267 ; 4.267 ;
; SW[1]      ; HEX1[0]     ; 4.049 ; 4.049 ; 4.049 ; 4.049 ;
; SW[1]      ; HEX1[3]     ; 4.033 ; 4.033 ; 4.033 ; 4.033 ;
; SW[1]      ; HEX1[4]     ; 4.043 ; 4.043 ; 4.043 ; 4.043 ;
; SW[1]      ; HEX1[5]     ; 4.072 ; 4.072 ; 4.072 ; 4.072 ;
; SW[1]      ; HEX2[0]     ;       ; 3.825 ; 3.825 ;       ;
; SW[1]      ; HEX2[1]     ; 3.820 ; 3.820 ; 3.820 ; 3.820 ;
; SW[1]      ; HEX2[2]     ; 3.874 ;       ;       ; 3.874 ;
; SW[1]      ; HEX2[3]     ; 3.862 ; 3.862 ; 3.862 ; 3.862 ;
; SW[1]      ; HEX2[4]     ; 3.975 ; 3.975 ; 3.975 ; 3.975 ;
; SW[1]      ; HEX2[5]     ; 3.839 ;       ;       ; 3.839 ;
; SW[1]      ; HEX2[6]     ; 3.997 ; 3.997 ; 3.997 ; 3.997 ;
; SW[1]      ; LEDG[1]     ; 4.668 ; 4.668 ; 4.668 ; 4.668 ;
; SW[1]      ; LEDG[2]     ; 5.191 ; 5.191 ; 5.191 ; 5.191 ;
; SW[1]      ; LEDG[3]     ; 5.386 ; 5.386 ; 5.386 ; 5.386 ;
; SW[1]      ; LEDG[4]     ; 5.499 ;       ;       ; 5.499 ;
; SW[1]      ; LEDG[7]     ; 5.663 ;       ;       ; 5.663 ;
; SW[1]      ; LEDR[1]     ; 2.423 ;       ;       ; 2.423 ;
; SW[2]      ; HEX0[0]     ; 4.151 ; 4.151 ; 4.151 ; 4.151 ;
; SW[2]      ; HEX0[1]     ; 4.135 ; 4.135 ; 4.135 ; 4.135 ;
; SW[2]      ; HEX0[2]     ; 4.070 ; 4.070 ; 4.070 ; 4.070 ;
; SW[2]      ; HEX0[3]     ; 4.061 ; 4.061 ; 4.061 ; 4.061 ;
; SW[2]      ; HEX0[4]     ; 4.205 ; 4.205 ; 4.205 ; 4.205 ;
; SW[2]      ; HEX0[5]     ; 4.153 ; 4.153 ; 4.153 ; 4.153 ;
; SW[2]      ; HEX0[6]     ; 4.193 ; 4.193 ; 4.193 ; 4.193 ;
; SW[2]      ; HEX1[0]     ; 3.972 ; 3.972 ; 3.972 ; 3.972 ;
; SW[2]      ; HEX1[3]     ; 3.956 ; 3.956 ; 3.956 ; 3.956 ;
; SW[2]      ; HEX1[4]     ; 3.966 ; 3.966 ; 3.966 ; 3.966 ;
; SW[2]      ; HEX1[5]     ; 3.995 ; 3.995 ; 3.995 ; 3.995 ;
; SW[2]      ; HEX2[0]     ; 3.562 ; 3.562 ; 3.562 ; 3.562 ;
; SW[2]      ; HEX2[1]     ; 3.585 ;       ;       ; 3.585 ;
; SW[2]      ; HEX2[2]     ;       ; 3.609 ; 3.609 ;       ;
; SW[2]      ; HEX2[3]     ; 3.598 ; 3.598 ; 3.598 ; 3.598 ;
; SW[2]      ; HEX2[4]     ; 3.711 ;       ;       ; 3.711 ;
; SW[2]      ; HEX2[5]     ;       ; 3.575 ; 3.575 ;       ;
; SW[2]      ; HEX2[6]     ; 3.738 ; 3.738 ; 3.738 ; 3.738 ;
; SW[2]      ; LEDG[2]     ; 4.802 ; 4.802 ; 4.802 ; 4.802 ;
; SW[2]      ; LEDG[3]     ; 4.995 ; 4.995 ; 4.995 ; 4.995 ;
; SW[2]      ; LEDG[4]     ; 5.108 ;       ;       ; 5.108 ;
; SW[2]      ; LEDG[7]     ; 5.404 ;       ;       ; 5.404 ;
; SW[2]      ; LEDR[2]     ; 2.611 ;       ;       ; 2.611 ;
; SW[3]      ; HEX0[0]     ; 4.151 ; 4.151 ; 4.151 ; 4.151 ;
; SW[3]      ; HEX0[1]     ; 4.135 ; 4.135 ; 4.135 ; 4.135 ;
; SW[3]      ; HEX0[2]     ; 4.070 ; 4.070 ; 4.070 ; 4.070 ;
; SW[3]      ; HEX0[3]     ; 4.061 ; 4.061 ; 4.061 ; 4.061 ;
; SW[3]      ; HEX0[4]     ; 4.205 ; 4.205 ; 4.205 ; 4.205 ;
; SW[3]      ; HEX0[5]     ; 4.153 ; 4.153 ; 4.153 ; 4.153 ;
; SW[3]      ; HEX0[6]     ; 4.193 ; 4.193 ; 4.193 ; 4.193 ;
; SW[3]      ; HEX1[0]     ; 3.979 ; 3.979 ; 3.979 ; 3.979 ;
; SW[3]      ; HEX1[3]     ; 3.963 ; 3.963 ; 3.963 ; 3.963 ;
; SW[3]      ; HEX1[4]     ; 3.973 ; 3.973 ; 3.973 ; 3.973 ;
; SW[3]      ; HEX1[5]     ; 4.002 ; 4.002 ; 4.002 ; 4.002 ;
; SW[3]      ; HEX2[0]     ;       ; 3.559 ; 3.559 ;       ;
; SW[3]      ; HEX2[1]     ;       ; 3.552 ; 3.552 ;       ;
; SW[3]      ; HEX2[2]     ;       ; 3.608 ; 3.608 ;       ;
; SW[3]      ; HEX2[3]     ;       ; 3.597 ; 3.597 ;       ;
; SW[3]      ; HEX2[4]     ; 3.710 ;       ;       ; 3.710 ;
; SW[3]      ; HEX2[5]     ;       ; 3.574 ; 3.574 ;       ;
; SW[3]      ; HEX2[6]     ;       ; 3.732 ; 3.732 ;       ;
; SW[3]      ; LEDG[3]     ; 4.782 ; 4.782 ; 4.782 ; 4.782 ;
; SW[3]      ; LEDG[4]     ; 4.891 ;       ;       ; 4.891 ;
; SW[3]      ; LEDG[7]     ; 5.418 ;       ;       ; 5.418 ;
; SW[3]      ; LEDR[3]     ; 2.854 ;       ;       ; 2.854 ;
; SW[4]      ; HEX0[0]     ; 3.945 ; 3.945 ; 3.945 ; 3.945 ;
; SW[4]      ; HEX0[1]     ; 3.928 ; 3.928 ; 3.928 ; 3.928 ;
; SW[4]      ; HEX0[2]     ; 3.864 ; 3.864 ; 3.864 ; 3.864 ;
; SW[4]      ; HEX0[3]     ; 3.858 ; 3.858 ; 3.858 ; 3.858 ;
; SW[4]      ; HEX0[4]     ; 3.998 ; 3.998 ; 3.998 ; 3.998 ;
; SW[4]      ; HEX0[5]     ; 3.946 ; 3.946 ; 3.946 ; 3.946 ;
; SW[4]      ; HEX0[6]     ; 3.989 ; 3.989 ; 3.989 ; 3.989 ;
; SW[4]      ; HEX1[0]     ; 4.000 ; 4.000 ; 4.000 ; 4.000 ;
; SW[4]      ; HEX1[3]     ; 3.984 ; 3.984 ; 3.984 ; 3.984 ;
; SW[4]      ; HEX1[4]     ; 3.994 ; 3.994 ; 3.994 ; 3.994 ;
; SW[4]      ; HEX1[5]     ; 4.023 ; 4.023 ; 4.023 ; 4.023 ;
; SW[4]      ; HEX3[0]     ; 3.395 ; 3.395 ; 3.395 ; 3.395 ;
; SW[4]      ; HEX3[1]     ; 3.538 ; 3.538 ; 3.538 ; 3.538 ;
; SW[4]      ; HEX3[2]     ;       ; 3.535 ; 3.535 ;       ;
; SW[4]      ; HEX3[3]     ; 3.375 ; 3.375 ; 3.375 ; 3.375 ;
; SW[4]      ; HEX3[4]     ; 3.355 ;       ;       ; 3.355 ;
; SW[4]      ; HEX3[5]     ; 3.396 ;       ;       ; 3.396 ;
; SW[4]      ; HEX3[6]     ; 3.523 ;       ;       ; 3.523 ;
; SW[4]      ; LEDG[0]     ; 5.246 ; 5.246 ; 5.246 ; 5.246 ;
; SW[4]      ; LEDG[1]     ; 4.619 ; 4.619 ; 4.619 ; 4.619 ;
; SW[4]      ; LEDG[2]     ; 5.144 ; 5.144 ; 5.144 ; 5.144 ;
; SW[4]      ; LEDG[3]     ; 5.339 ; 5.339 ; 5.339 ; 5.339 ;
; SW[4]      ; LEDG[4]     ; 5.452 ;       ;       ; 5.452 ;
; SW[4]      ; LEDR[4]     ; 2.626 ;       ;       ; 2.626 ;
; SW[5]      ; HEX0[0]     ; 4.150 ; 4.150 ; 4.150 ; 4.150 ;
; SW[5]      ; HEX0[1]     ; 4.134 ; 4.134 ; 4.134 ; 4.134 ;
; SW[5]      ; HEX0[2]     ; 4.069 ; 4.069 ; 4.069 ; 4.069 ;
; SW[5]      ; HEX0[3]     ; 4.060 ; 4.060 ; 4.060 ; 4.060 ;
; SW[5]      ; HEX0[4]     ; 4.204 ; 4.204 ; 4.204 ; 4.204 ;
; SW[5]      ; HEX0[5]     ; 4.152 ; 4.152 ; 4.152 ; 4.152 ;
; SW[5]      ; HEX0[6]     ; 4.192 ; 4.192 ; 4.192 ; 4.192 ;
; SW[5]      ; HEX1[0]     ; 3.974 ; 3.974 ; 3.974 ; 3.974 ;
; SW[5]      ; HEX1[3]     ; 3.958 ; 3.958 ; 3.958 ; 3.958 ;
; SW[5]      ; HEX1[4]     ; 3.968 ; 3.968 ; 3.968 ; 3.968 ;
; SW[5]      ; HEX1[5]     ; 3.997 ; 3.997 ; 3.997 ; 3.997 ;
; SW[5]      ; HEX3[0]     ;       ; 3.463 ; 3.463 ;       ;
; SW[5]      ; HEX3[1]     ; 3.606 ; 3.606 ; 3.606 ; 3.606 ;
; SW[5]      ; HEX3[2]     ; 3.605 ;       ;       ; 3.605 ;
; SW[5]      ; HEX3[3]     ; 3.446 ; 3.446 ; 3.446 ; 3.446 ;
; SW[5]      ; HEX3[4]     ; 3.425 ; 3.425 ; 3.425 ; 3.425 ;
; SW[5]      ; HEX3[5]     ; 3.464 ;       ;       ; 3.464 ;
; SW[5]      ; HEX3[6]     ; 3.591 ; 3.591 ; 3.591 ; 3.591 ;
; SW[5]      ; LEDG[1]     ; 4.593 ; 4.593 ; 4.593 ; 4.593 ;
; SW[5]      ; LEDG[2]     ; 5.115 ; 5.115 ; 5.115 ; 5.115 ;
; SW[5]      ; LEDG[3]     ; 5.310 ; 5.310 ; 5.310 ; 5.310 ;
; SW[5]      ; LEDG[4]     ; 5.423 ;       ;       ; 5.423 ;
; SW[5]      ; LEDG[7]     ; 5.221 ;       ;       ; 5.221 ;
; SW[5]      ; LEDR[5]     ; 2.837 ;       ;       ; 2.837 ;
; SW[6]      ; HEX0[0]     ; 4.311 ; 4.311 ; 4.311 ; 4.311 ;
; SW[6]      ; HEX0[1]     ; 4.295 ; 4.295 ; 4.295 ; 4.295 ;
; SW[6]      ; HEX0[2]     ; 4.230 ; 4.230 ; 4.230 ; 4.230 ;
; SW[6]      ; HEX0[3]     ; 4.221 ; 4.221 ; 4.221 ; 4.221 ;
; SW[6]      ; HEX0[4]     ; 4.365 ; 4.365 ; 4.365 ; 4.365 ;
; SW[6]      ; HEX0[5]     ; 4.313 ; 4.313 ; 4.313 ; 4.313 ;
; SW[6]      ; HEX0[6]     ; 4.353 ; 4.353 ; 4.353 ; 4.353 ;
; SW[6]      ; HEX1[0]     ; 4.132 ; 4.132 ; 4.132 ; 4.132 ;
; SW[6]      ; HEX1[3]     ; 4.116 ; 4.116 ; 4.116 ; 4.116 ;
; SW[6]      ; HEX1[4]     ; 4.126 ; 4.126 ; 4.126 ; 4.126 ;
; SW[6]      ; HEX1[5]     ; 4.155 ; 4.155 ; 4.155 ; 4.155 ;
; SW[6]      ; HEX3[0]     ; 3.455 ; 3.455 ; 3.455 ; 3.455 ;
; SW[6]      ; HEX3[1]     ; 3.601 ;       ;       ; 3.601 ;
; SW[6]      ; HEX3[2]     ;       ; 3.606 ; 3.606 ;       ;
; SW[6]      ; HEX3[3]     ; 3.448 ; 3.448 ; 3.448 ; 3.448 ;
; SW[6]      ; HEX3[4]     ; 3.424 ;       ;       ; 3.424 ;
; SW[6]      ; HEX3[5]     ;       ; 3.456 ; 3.456 ;       ;
; SW[6]      ; HEX3[6]     ; 3.583 ; 3.583 ; 3.583 ; 3.583 ;
; SW[6]      ; LEDG[2]     ; 4.962 ; 4.962 ; 4.962 ; 4.962 ;
; SW[6]      ; LEDG[3]     ; 5.155 ; 5.155 ; 5.155 ; 5.155 ;
; SW[6]      ; LEDG[4]     ; 5.268 ;       ;       ; 5.268 ;
; SW[6]      ; LEDG[7]     ; 5.153 ;       ;       ; 5.153 ;
; SW[6]      ; LEDR[6]     ; 2.511 ;       ;       ; 2.511 ;
; SW[7]      ; HEX0[0]     ; 3.789 ; 3.789 ; 3.789 ; 3.789 ;
; SW[7]      ; HEX0[1]     ; 3.773 ; 3.773 ; 3.773 ; 3.773 ;
; SW[7]      ; HEX0[2]     ; 3.708 ; 3.708 ; 3.708 ; 3.708 ;
; SW[7]      ; HEX0[3]     ; 3.699 ; 3.699 ; 3.699 ; 3.699 ;
; SW[7]      ; HEX0[4]     ; 3.843 ; 3.843 ; 3.843 ; 3.843 ;
; SW[7]      ; HEX0[5]     ; 3.791 ; 3.791 ; 3.791 ; 3.791 ;
; SW[7]      ; HEX0[6]     ; 3.831 ; 3.831 ; 3.831 ; 3.831 ;
; SW[7]      ; HEX1[0]     ; 3.617 ; 3.617 ; 3.617 ; 3.617 ;
; SW[7]      ; HEX1[3]     ; 3.601 ; 3.601 ; 3.601 ; 3.601 ;
; SW[7]      ; HEX1[4]     ; 3.611 ; 3.611 ; 3.611 ; 3.611 ;
; SW[7]      ; HEX1[5]     ; 3.640 ; 3.640 ; 3.640 ; 3.640 ;
; SW[7]      ; HEX3[0]     ;       ; 3.403 ; 3.403 ;       ;
; SW[7]      ; HEX3[1]     ;       ; 3.548 ; 3.548 ;       ;
; SW[7]      ; HEX3[2]     ;       ; 3.551 ; 3.551 ;       ;
; SW[7]      ; HEX3[3]     ;       ; 3.393 ; 3.393 ;       ;
; SW[7]      ; HEX3[4]     ; 3.369 ;       ;       ; 3.369 ;
; SW[7]      ; HEX3[5]     ;       ; 3.404 ; 3.404 ;       ;
; SW[7]      ; HEX3[6]     ;       ; 3.531 ; 3.531 ;       ;
; SW[7]      ; LEDG[3]     ; 4.420 ; 4.420 ; 4.420 ; 4.420 ;
; SW[7]      ; LEDG[4]     ; 4.532 ;       ;       ; 4.532 ;
; SW[7]      ; LEDG[7]     ; 4.836 ;       ;       ; 4.836 ;
; SW[7]      ; LEDR[7]     ; 3.260 ;       ;       ; 3.260 ;
; SW[8]      ; LEDR[8]     ; 3.013 ;       ;       ; 3.013 ;
+------------+-------------+-------+-------+-------+-------+


+----------------------------------------------------------------------------+
; Multicorner Timing Analysis Summary                                        ;
+------------------+-------+------+----------+---------+---------------------+
; Clock            ; Setup ; Hold ; Recovery ; Removal ; Minimum Pulse Width ;
+------------------+-------+------+----------+---------+---------------------+
; Worst-case Slack ; N/A   ; N/A  ; N/A      ; N/A     ; N/A                 ;
; Design-wide TNS  ; 0.0   ; 0.0  ; 0.0      ; 0.0     ; 0.0                 ;
+------------------+-------+------+----------+---------+---------------------+


+--------------------------------------------------------------+
; Progagation Delay                                            ;
+------------+-------------+--------+--------+--------+--------+
; Input Port ; Output Port ; RR     ; RF     ; FR     ; FF     ;
+------------+-------------+--------+--------+--------+--------+
; SW[0]      ; HEX0[0]     ; 11.388 ; 11.388 ; 11.388 ; 11.388 ;
; SW[0]      ; HEX0[1]     ; 11.332 ; 11.332 ; 11.332 ; 11.332 ;
; SW[0]      ; HEX0[2]     ; 11.110 ; 11.110 ; 11.110 ; 11.110 ;
; SW[0]      ; HEX0[3]     ; 11.107 ; 11.107 ; 11.107 ; 11.107 ;
; SW[0]      ; HEX0[4]     ; 11.457 ; 11.457 ; 11.457 ; 11.457 ;
; SW[0]      ; HEX0[5]     ; 11.338 ; 11.338 ; 11.338 ; 11.338 ;
; SW[0]      ; HEX0[6]     ; 11.453 ; 11.453 ; 11.453 ; 11.453 ;
; SW[0]      ; HEX1[0]     ; 10.580 ; 10.328 ; 10.328 ; 10.580 ;
; SW[0]      ; HEX1[3]     ; 10.567 ; 10.315 ; 10.315 ; 10.567 ;
; SW[0]      ; HEX1[4]     ; 10.577 ; 10.325 ; 10.325 ; 10.577 ;
; SW[0]      ; HEX1[5]     ; 10.608 ; 10.356 ; 10.356 ; 10.608 ;
; SW[0]      ; HEX2[0]     ; 8.341  ; 8.341  ; 8.341  ; 8.341  ;
; SW[0]      ; HEX2[1]     ; 8.330  ; 8.330  ; 8.330  ; 8.330  ;
; SW[0]      ; HEX2[2]     ;        ; 8.393  ; 8.393  ;        ;
; SW[0]      ; HEX2[3]     ; 8.371  ; 8.371  ; 8.371  ; 8.371  ;
; SW[0]      ; HEX2[4]     ; 8.702  ;        ;        ; 8.702  ;
; SW[0]      ; HEX2[5]     ; 8.355  ;        ;        ; 8.355  ;
; SW[0]      ; HEX2[6]     ; 8.737  ;        ;        ; 8.737  ;
; SW[0]      ; LEDG[0]     ; 12.024 ; 12.024 ; 12.024 ; 12.024 ;
; SW[0]      ; LEDG[1]     ; 9.999  ; 9.999  ; 9.999  ; 9.999  ;
; SW[0]      ; LEDG[2]     ; 11.616 ; 11.616 ; 11.616 ; 11.616 ;
; SW[0]      ; LEDG[3]     ; 12.019 ; 12.019 ; 12.019 ; 12.019 ;
; SW[0]      ; LEDG[4]     ; 12.359 ;        ;        ; 12.359 ;
; SW[0]      ; LEDR[0]     ; 4.635  ;        ;        ; 4.635  ;
; SW[1]      ; HEX0[0]     ; 11.549 ; 11.549 ; 11.549 ; 11.549 ;
; SW[1]      ; HEX0[1]     ; 11.493 ; 11.493 ; 11.493 ; 11.493 ;
; SW[1]      ; HEX0[2]     ; 11.271 ; 11.271 ; 11.271 ; 11.271 ;
; SW[1]      ; HEX0[3]     ; 11.268 ; 11.268 ; 11.268 ; 11.268 ;
; SW[1]      ; HEX0[4]     ; 11.618 ; 11.618 ; 11.618 ; 11.618 ;
; SW[1]      ; HEX0[5]     ; 11.499 ; 11.499 ; 11.499 ; 11.499 ;
; SW[1]      ; HEX0[6]     ; 11.614 ; 11.614 ; 11.614 ; 11.614 ;
; SW[1]      ; HEX1[0]     ; 10.741 ; 10.489 ; 10.489 ; 10.741 ;
; SW[1]      ; HEX1[3]     ; 10.728 ; 10.476 ; 10.476 ; 10.728 ;
; SW[1]      ; HEX1[4]     ; 10.738 ; 10.486 ; 10.486 ; 10.738 ;
; SW[1]      ; HEX1[5]     ; 10.769 ; 10.517 ; 10.517 ; 10.769 ;
; SW[1]      ; HEX2[0]     ;        ; 8.394  ; 8.394  ;        ;
; SW[1]      ; HEX2[1]     ; 8.385  ; 8.385  ; 8.385  ; 8.385  ;
; SW[1]      ; HEX2[2]     ; 8.447  ;        ;        ; 8.447  ;
; SW[1]      ; HEX2[3]     ; 8.396  ; 8.396  ; 8.396  ; 8.396  ;
; SW[1]      ; HEX2[4]     ; 8.756  ; 8.756  ; 8.756  ; 8.756  ;
; SW[1]      ; HEX2[5]     ; 8.409  ;        ;        ; 8.409  ;
; SW[1]      ; HEX2[6]     ; 8.791  ; 8.791  ; 8.791  ; 8.791  ;
; SW[1]      ; LEDG[1]     ; 10.161 ; 10.161 ; 10.161 ; 10.161 ;
; SW[1]      ; LEDG[2]     ; 11.777 ; 11.777 ; 11.777 ; 11.777 ;
; SW[1]      ; LEDG[3]     ; 12.180 ; 12.180 ; 12.180 ; 12.180 ;
; SW[1]      ; LEDG[4]     ; 12.520 ;        ;        ; 12.520 ;
; SW[1]      ; LEDG[7]     ; 13.108 ;        ;        ; 13.108 ;
; SW[1]      ; LEDR[1]     ; 4.978  ;        ;        ; 4.978  ;
; SW[2]      ; HEX0[0]     ; 10.506 ; 10.506 ; 10.506 ; 10.506 ;
; SW[2]      ; HEX0[1]     ; 10.450 ; 10.450 ; 10.450 ; 10.450 ;
; SW[2]      ; HEX0[2]     ; 10.228 ; 10.228 ; 10.228 ; 10.228 ;
; SW[2]      ; HEX0[3]     ; 10.225 ; 10.225 ; 10.225 ; 10.225 ;
; SW[2]      ; HEX0[4]     ; 10.575 ; 10.575 ; 10.575 ; 10.575 ;
; SW[2]      ; HEX0[5]     ; 10.456 ; 10.456 ; 10.456 ; 10.456 ;
; SW[2]      ; HEX0[6]     ; 10.571 ; 10.571 ; 10.571 ; 10.571 ;
; SW[2]      ; HEX1[0]     ; 9.698  ; 9.446  ; 9.446  ; 9.698  ;
; SW[2]      ; HEX1[3]     ; 9.685  ; 9.433  ; 9.433  ; 9.685  ;
; SW[2]      ; HEX1[4]     ; 9.695  ; 9.443  ; 9.443  ; 9.695  ;
; SW[2]      ; HEX1[5]     ; 9.726  ; 9.474  ; 9.474  ; 9.726  ;
; SW[2]      ; HEX2[0]     ; 7.725  ; 7.725  ; 7.725  ; 7.725  ;
; SW[2]      ; HEX2[1]     ; 7.721  ;        ;        ; 7.721  ;
; SW[2]      ; HEX2[2]     ;        ; 7.773  ; 7.773  ;        ;
; SW[2]      ; HEX2[3]     ; 7.756  ; 7.756  ; 7.756  ; 7.756  ;
; SW[2]      ; HEX2[4]     ; 8.082  ;        ;        ; 8.082  ;
; SW[2]      ; HEX2[5]     ;        ; 7.735  ; 7.735  ;        ;
; SW[2]      ; HEX2[6]     ; 8.123  ; 8.123  ; 8.123  ; 8.123  ;
; SW[2]      ; LEDG[2]     ; 10.733 ; 10.733 ; 10.733 ; 10.733 ;
; SW[2]      ; LEDG[3]     ; 11.137 ; 11.137 ; 11.137 ; 11.137 ;
; SW[2]      ; LEDG[4]     ; 11.477 ;        ;        ; 11.477 ;
; SW[2]      ; LEDG[7]     ; 12.443 ;        ;        ; 12.443 ;
; SW[2]      ; LEDR[2]     ; 5.387  ;        ;        ; 5.387  ;
; SW[3]      ; HEX0[0]     ; 9.888  ; 9.888  ; 9.888  ; 9.888  ;
; SW[3]      ; HEX0[1]     ; 9.832  ; 9.832  ; 9.832  ; 9.832  ;
; SW[3]      ; HEX0[2]     ; 9.610  ; 9.610  ; 9.610  ; 9.610  ;
; SW[3]      ; HEX0[3]     ; 9.607  ; 9.607  ; 9.607  ; 9.607  ;
; SW[3]      ; HEX0[4]     ; 9.957  ; 9.957  ; 9.957  ; 9.957  ;
; SW[3]      ; HEX0[5]     ; 9.838  ; 9.838  ; 9.838  ; 9.838  ;
; SW[3]      ; HEX0[6]     ; 9.953  ; 9.953  ; 9.953  ; 9.953  ;
; SW[3]      ; HEX1[0]     ; 9.080  ; 8.829  ; 8.829  ; 9.080  ;
; SW[3]      ; HEX1[3]     ; 9.067  ; 8.816  ; 8.816  ; 9.067  ;
; SW[3]      ; HEX1[4]     ; 9.077  ; 8.826  ; 8.826  ; 9.077  ;
; SW[3]      ; HEX1[5]     ; 9.108  ; 8.857  ; 8.857  ; 9.108  ;
; SW[3]      ; HEX2[0]     ;        ; 7.653  ; 7.653  ;        ;
; SW[3]      ; HEX2[1]     ;        ; 7.641  ; 7.641  ;        ;
; SW[3]      ; HEX2[2]     ;        ; 7.705  ; 7.705  ;        ;
; SW[3]      ; HEX2[3]     ;        ; 7.731  ; 7.731  ;        ;
; SW[3]      ; HEX2[4]     ; 8.055  ;        ;        ; 8.055  ;
; SW[3]      ; HEX2[5]     ;        ; 7.666  ; 7.666  ;        ;
; SW[3]      ; HEX2[6]     ;        ; 8.049  ; 8.049  ;        ;
; SW[3]      ; LEDG[3]     ; 10.520 ; 10.520 ; 10.520 ; 10.520 ;
; SW[3]      ; LEDG[4]     ; 10.859 ;        ;        ; 10.859 ;
; SW[3]      ; LEDG[7]     ; 12.406 ;        ;        ; 12.406 ;
; SW[3]      ; LEDR[3]     ; 5.800  ;        ;        ; 5.800  ;
; SW[4]      ; HEX0[0]     ; 11.526 ; 11.526 ; 11.526 ; 11.526 ;
; SW[4]      ; HEX0[1]     ; 11.470 ; 11.470 ; 11.470 ; 11.470 ;
; SW[4]      ; HEX0[2]     ; 11.248 ; 11.248 ; 11.248 ; 11.248 ;
; SW[4]      ; HEX0[3]     ; 11.245 ; 11.245 ; 11.245 ; 11.245 ;
; SW[4]      ; HEX0[4]     ; 11.595 ; 11.595 ; 11.595 ; 11.595 ;
; SW[4]      ; HEX0[5]     ; 11.476 ; 11.476 ; 11.476 ; 11.476 ;
; SW[4]      ; HEX0[6]     ; 11.591 ; 11.591 ; 11.591 ; 11.591 ;
; SW[4]      ; HEX1[0]     ; 10.718 ; 10.466 ; 10.466 ; 10.718 ;
; SW[4]      ; HEX1[3]     ; 10.705 ; 10.453 ; 10.453 ; 10.705 ;
; SW[4]      ; HEX1[4]     ; 10.715 ; 10.463 ; 10.463 ; 10.715 ;
; SW[4]      ; HEX1[5]     ; 10.746 ; 10.494 ; 10.494 ; 10.746 ;
; SW[4]      ; HEX3[0]     ; 7.241  ; 7.241  ; 7.241  ; 7.241  ;
; SW[4]      ; HEX3[1]     ; 7.428  ; 7.428  ; 7.428  ; 7.428  ;
; SW[4]      ; HEX3[2]     ;        ; 7.429  ; 7.429  ;        ;
; SW[4]      ; HEX3[3]     ; 7.220  ; 7.220  ; 7.220  ; 7.220  ;
; SW[4]      ; HEX3[4]     ; 7.195  ;        ;        ; 7.195  ;
; SW[4]      ; HEX3[5]     ; 7.241  ;        ;        ; 7.241  ;
; SW[4]      ; HEX3[6]     ; 7.565  ;        ;        ; 7.565  ;
; SW[4]      ; LEDG[0]     ; 12.163 ; 12.163 ; 12.163 ; 12.163 ;
; SW[4]      ; LEDG[1]     ; 10.138 ; 10.138 ; 10.138 ; 10.138 ;
; SW[4]      ; LEDG[2]     ; 11.754 ; 11.754 ; 11.754 ; 11.754 ;
; SW[4]      ; LEDG[3]     ; 12.157 ; 12.157 ; 12.157 ; 12.157 ;
; SW[4]      ; LEDG[4]     ; 12.497 ;        ;        ; 12.497 ;
; SW[4]      ; LEDR[4]     ; 5.305  ;        ;        ; 5.305  ;
; SW[5]      ; HEX0[0]     ; 11.489 ; 11.489 ; 11.489 ; 11.489 ;
; SW[5]      ; HEX0[1]     ; 11.433 ; 11.433 ; 11.433 ; 11.433 ;
; SW[5]      ; HEX0[2]     ; 11.211 ; 11.211 ; 11.211 ; 11.211 ;
; SW[5]      ; HEX0[3]     ; 11.208 ; 11.208 ; 11.208 ; 11.208 ;
; SW[5]      ; HEX0[4]     ; 11.558 ; 11.558 ; 11.558 ; 11.558 ;
; SW[5]      ; HEX0[5]     ; 11.439 ; 11.439 ; 11.439 ; 11.439 ;
; SW[5]      ; HEX0[6]     ; 11.554 ; 11.554 ; 11.554 ; 11.554 ;
; SW[5]      ; HEX1[0]     ; 10.681 ; 10.429 ; 10.429 ; 10.681 ;
; SW[5]      ; HEX1[3]     ; 10.668 ; 10.416 ; 10.416 ; 10.668 ;
; SW[5]      ; HEX1[4]     ; 10.678 ; 10.426 ; 10.426 ; 10.678 ;
; SW[5]      ; HEX1[5]     ; 10.709 ; 10.457 ; 10.457 ; 10.709 ;
; SW[5]      ; HEX3[0]     ;        ; 7.512  ; 7.512  ;        ;
; SW[5]      ; HEX3[1]     ; 7.698  ; 7.698  ; 7.698  ; 7.698  ;
; SW[5]      ; HEX3[2]     ; 7.701  ;        ;        ; 7.701  ;
; SW[5]      ; HEX3[3]     ; 7.461  ; 7.461  ; 7.461  ; 7.461  ;
; SW[5]      ; HEX3[4]     ; 7.465  ; 7.465  ; 7.465  ; 7.465  ;
; SW[5]      ; HEX3[5]     ; 7.512  ;        ;        ; 7.512  ;
; SW[5]      ; HEX3[6]     ; 7.837  ; 7.837  ; 7.837  ; 7.837  ;
; SW[5]      ; LEDG[1]     ; 10.099 ; 10.099 ; 10.099 ; 10.099 ;
; SW[5]      ; LEDG[2]     ; 11.717 ; 11.717 ; 11.717 ; 11.717 ;
; SW[5]      ; LEDG[3]     ; 12.120 ; 12.120 ; 12.120 ; 12.120 ;
; SW[5]      ; LEDG[4]     ; 12.460 ;        ;        ; 12.460 ;
; SW[5]      ; LEDG[7]     ; 11.988 ;        ;        ; 11.988 ;
; SW[5]      ; LEDR[5]     ; 5.903  ;        ;        ; 5.903  ;
; SW[6]      ; HEX0[0]     ; 10.942 ; 10.942 ; 10.942 ; 10.942 ;
; SW[6]      ; HEX0[1]     ; 10.886 ; 10.886 ; 10.886 ; 10.886 ;
; SW[6]      ; HEX0[2]     ; 10.664 ; 10.664 ; 10.664 ; 10.664 ;
; SW[6]      ; HEX0[3]     ; 10.661 ; 10.661 ; 10.661 ; 10.661 ;
; SW[6]      ; HEX0[4]     ; 11.011 ; 11.011 ; 11.011 ; 11.011 ;
; SW[6]      ; HEX0[5]     ; 10.892 ; 10.892 ; 10.892 ; 10.892 ;
; SW[6]      ; HEX0[6]     ; 11.007 ; 11.007 ; 11.007 ; 11.007 ;
; SW[6]      ; HEX1[0]     ; 10.134 ; 9.882  ; 9.882  ; 10.134 ;
; SW[6]      ; HEX1[3]     ; 10.121 ; 9.869  ; 9.869  ; 10.121 ;
; SW[6]      ; HEX1[4]     ; 10.131 ; 9.879  ; 9.879  ; 10.131 ;
; SW[6]      ; HEX1[5]     ; 10.162 ; 9.910  ; 9.910  ; 10.162 ;
; SW[6]      ; HEX3[0]     ; 7.408  ; 7.408  ; 7.408  ; 7.408  ;
; SW[6]      ; HEX3[1]     ; 7.601  ;        ;        ; 7.601  ;
; SW[6]      ; HEX3[2]     ;        ; 7.564  ; 7.564  ;        ;
; SW[6]      ; HEX3[3]     ; 7.400  ; 7.400  ; 7.400  ; 7.400  ;
; SW[6]      ; HEX3[4]     ; 7.370  ;        ;        ; 7.370  ;
; SW[6]      ; HEX3[5]     ;        ; 7.411  ; 7.411  ;        ;
; SW[6]      ; HEX3[6]     ; 7.735  ; 7.735  ; 7.735  ; 7.735  ;
; SW[6]      ; LEDG[2]     ; 11.166 ; 11.166 ; 11.166 ; 11.166 ;
; SW[6]      ; LEDG[3]     ; 11.573 ; 11.573 ; 11.573 ; 11.573 ;
; SW[6]      ; LEDG[4]     ; 11.913 ;        ;        ; 11.913 ;
; SW[6]      ; LEDG[7]     ; 11.668 ;        ;        ; 11.668 ;
; SW[6]      ; LEDR[6]     ; 5.136  ;        ;        ; 5.136  ;
; SW[7]      ; HEX0[0]     ; 9.169  ; 9.169  ; 9.169  ; 9.169  ;
; SW[7]      ; HEX0[1]     ; 9.113  ; 9.113  ; 9.113  ; 9.113  ;
; SW[7]      ; HEX0[2]     ; 8.891  ; 8.891  ; 8.891  ; 8.891  ;
; SW[7]      ; HEX0[3]     ; 8.888  ; 8.888  ; 8.888  ; 8.888  ;
; SW[7]      ; HEX0[4]     ; 9.238  ; 9.238  ; 9.238  ; 9.238  ;
; SW[7]      ; HEX0[5]     ; 9.119  ; 9.119  ; 9.119  ; 9.119  ;
; SW[7]      ; HEX0[6]     ; 9.234  ; 9.234  ; 9.234  ; 9.234  ;
; SW[7]      ; HEX1[0]     ; 8.361  ; 8.108  ; 8.108  ; 8.361  ;
; SW[7]      ; HEX1[3]     ; 8.348  ; 8.095  ; 8.095  ; 8.348  ;
; SW[7]      ; HEX1[4]     ; 8.358  ; 8.105  ; 8.105  ; 8.358  ;
; SW[7]      ; HEX1[5]     ; 8.389  ; 8.136  ; 8.136  ; 8.389  ;
; SW[7]      ; HEX3[0]     ;        ; 7.530  ; 7.530  ;        ;
; SW[7]      ; HEX3[1]     ;        ; 7.718  ; 7.718  ;        ;
; SW[7]      ; HEX3[2]     ;        ; 7.724  ; 7.724  ;        ;
; SW[7]      ; HEX3[3]     ;        ; 7.511  ; 7.511  ;        ;
; SW[7]      ; HEX3[4]     ; 7.490  ;        ;        ; 7.490  ;
; SW[7]      ; HEX3[5]     ;        ; 7.529  ; 7.529  ;        ;
; SW[7]      ; HEX3[6]     ;        ; 7.854  ; 7.854  ;        ;
; SW[7]      ; LEDG[3]     ; 9.799  ; 9.799  ; 9.799  ; 9.799  ;
; SW[7]      ; LEDG[4]     ; 10.140 ;        ;        ; 10.140 ;
; SW[7]      ; LEDG[7]     ; 11.110 ;        ;        ; 11.110 ;
; SW[7]      ; LEDR[7]     ; 6.720  ;        ;        ; 6.720  ;
; SW[8]      ; LEDR[8]     ; 6.338  ;        ;        ; 6.338  ;
+------------+-------------+--------+--------+--------+--------+


+----------------------------------------------------------+
; Minimum Progagation Delay                                ;
+------------+-------------+-------+-------+-------+-------+
; Input Port ; Output Port ; RR    ; RF    ; FR    ; FF    ;
+------------+-------------+-------+-------+-------+-------+
; SW[0]      ; HEX0[0]     ; 3.934 ; 3.934 ; 3.934 ; 3.934 ;
; SW[0]      ; HEX0[1]     ; 3.917 ; 3.917 ; 3.917 ; 3.917 ;
; SW[0]      ; HEX0[2]     ; 3.853 ; 3.853 ; 3.853 ; 3.853 ;
; SW[0]      ; HEX0[3]     ; 3.847 ; 3.847 ; 3.847 ; 3.847 ;
; SW[0]      ; HEX0[4]     ; 3.987 ; 3.987 ; 3.987 ; 3.987 ;
; SW[0]      ; HEX0[5]     ; 3.935 ; 3.935 ; 3.935 ; 3.935 ;
; SW[0]      ; HEX0[6]     ; 3.978 ; 3.978 ; 3.978 ; 3.978 ;
; SW[0]      ; HEX1[0]     ; 3.989 ; 3.989 ; 3.989 ; 3.989 ;
; SW[0]      ; HEX1[3]     ; 3.973 ; 3.973 ; 3.973 ; 3.973 ;
; SW[0]      ; HEX1[4]     ; 3.983 ; 3.983 ; 3.983 ; 3.983 ;
; SW[0]      ; HEX1[5]     ; 4.012 ; 4.012 ; 4.012 ; 4.012 ;
; SW[0]      ; HEX2[0]     ; 3.803 ; 3.803 ; 3.803 ; 3.803 ;
; SW[0]      ; HEX2[1]     ; 3.798 ; 3.798 ; 3.798 ; 3.798 ;
; SW[0]      ; HEX2[2]     ;       ; 3.851 ; 3.851 ;       ;
; SW[0]      ; HEX2[3]     ; 3.840 ; 3.840 ; 3.840 ; 3.840 ;
; SW[0]      ; HEX2[4]     ; 3.953 ;       ;       ; 3.953 ;
; SW[0]      ; HEX2[5]     ; 3.817 ;       ;       ; 3.817 ;
; SW[0]      ; HEX2[6]     ; 3.976 ;       ;       ; 3.976 ;
; SW[0]      ; LEDG[0]     ; 5.235 ; 5.235 ; 5.235 ; 5.235 ;
; SW[0]      ; LEDG[1]     ; 4.608 ; 4.608 ; 4.608 ; 4.608 ;
; SW[0]      ; LEDG[2]     ; 5.131 ; 5.131 ; 5.131 ; 5.131 ;
; SW[0]      ; LEDG[3]     ; 5.326 ; 5.326 ; 5.326 ; 5.326 ;
; SW[0]      ; LEDG[4]     ; 5.439 ;       ;       ; 5.439 ;
; SW[0]      ; LEDR[0]     ; 2.289 ;       ;       ; 2.289 ;
; SW[1]      ; HEX0[0]     ; 4.225 ; 4.225 ; 4.225 ; 4.225 ;
; SW[1]      ; HEX0[1]     ; 4.209 ; 4.209 ; 4.209 ; 4.209 ;
; SW[1]      ; HEX0[2]     ; 4.144 ; 4.144 ; 4.144 ; 4.144 ;
; SW[1]      ; HEX0[3]     ; 4.135 ; 4.135 ; 4.135 ; 4.135 ;
; SW[1]      ; HEX0[4]     ; 4.279 ; 4.279 ; 4.279 ; 4.279 ;
; SW[1]      ; HEX0[5]     ; 4.227 ; 4.227 ; 4.227 ; 4.227 ;
; SW[1]      ; HEX0[6]     ; 4.267 ; 4.267 ; 4.267 ; 4.267 ;
; SW[1]      ; HEX1[0]     ; 4.049 ; 4.049 ; 4.049 ; 4.049 ;
; SW[1]      ; HEX1[3]     ; 4.033 ; 4.033 ; 4.033 ; 4.033 ;
; SW[1]      ; HEX1[4]     ; 4.043 ; 4.043 ; 4.043 ; 4.043 ;
; SW[1]      ; HEX1[5]     ; 4.072 ; 4.072 ; 4.072 ; 4.072 ;
; SW[1]      ; HEX2[0]     ;       ; 3.825 ; 3.825 ;       ;
; SW[1]      ; HEX2[1]     ; 3.820 ; 3.820 ; 3.820 ; 3.820 ;
; SW[1]      ; HEX2[2]     ; 3.874 ;       ;       ; 3.874 ;
; SW[1]      ; HEX2[3]     ; 3.862 ; 3.862 ; 3.862 ; 3.862 ;
; SW[1]      ; HEX2[4]     ; 3.975 ; 3.975 ; 3.975 ; 3.975 ;
; SW[1]      ; HEX2[5]     ; 3.839 ;       ;       ; 3.839 ;
; SW[1]      ; HEX2[6]     ; 3.997 ; 3.997 ; 3.997 ; 3.997 ;
; SW[1]      ; LEDG[1]     ; 4.668 ; 4.668 ; 4.668 ; 4.668 ;
; SW[1]      ; LEDG[2]     ; 5.191 ; 5.191 ; 5.191 ; 5.191 ;
; SW[1]      ; LEDG[3]     ; 5.386 ; 5.386 ; 5.386 ; 5.386 ;
; SW[1]      ; LEDG[4]     ; 5.499 ;       ;       ; 5.499 ;
; SW[1]      ; LEDG[7]     ; 5.663 ;       ;       ; 5.663 ;
; SW[1]      ; LEDR[1]     ; 2.423 ;       ;       ; 2.423 ;
; SW[2]      ; HEX0[0]     ; 4.151 ; 4.151 ; 4.151 ; 4.151 ;
; SW[2]      ; HEX0[1]     ; 4.135 ; 4.135 ; 4.135 ; 4.135 ;
; SW[2]      ; HEX0[2]     ; 4.070 ; 4.070 ; 4.070 ; 4.070 ;
; SW[2]      ; HEX0[3]     ; 4.061 ; 4.061 ; 4.061 ; 4.061 ;
; SW[2]      ; HEX0[4]     ; 4.205 ; 4.205 ; 4.205 ; 4.205 ;
; SW[2]      ; HEX0[5]     ; 4.153 ; 4.153 ; 4.153 ; 4.153 ;
; SW[2]      ; HEX0[6]     ; 4.193 ; 4.193 ; 4.193 ; 4.193 ;
; SW[2]      ; HEX1[0]     ; 3.972 ; 3.972 ; 3.972 ; 3.972 ;
; SW[2]      ; HEX1[3]     ; 3.956 ; 3.956 ; 3.956 ; 3.956 ;
; SW[2]      ; HEX1[4]     ; 3.966 ; 3.966 ; 3.966 ; 3.966 ;
; SW[2]      ; HEX1[5]     ; 3.995 ; 3.995 ; 3.995 ; 3.995 ;
; SW[2]      ; HEX2[0]     ; 3.562 ; 3.562 ; 3.562 ; 3.562 ;
; SW[2]      ; HEX2[1]     ; 3.585 ;       ;       ; 3.585 ;
; SW[2]      ; HEX2[2]     ;       ; 3.609 ; 3.609 ;       ;
; SW[2]      ; HEX2[3]     ; 3.598 ; 3.598 ; 3.598 ; 3.598 ;
; SW[2]      ; HEX2[4]     ; 3.711 ;       ;       ; 3.711 ;
; SW[2]      ; HEX2[5]     ;       ; 3.575 ; 3.575 ;       ;
; SW[2]      ; HEX2[6]     ; 3.738 ; 3.738 ; 3.738 ; 3.738 ;
; SW[2]      ; LEDG[2]     ; 4.802 ; 4.802 ; 4.802 ; 4.802 ;
; SW[2]      ; LEDG[3]     ; 4.995 ; 4.995 ; 4.995 ; 4.995 ;
; SW[2]      ; LEDG[4]     ; 5.108 ;       ;       ; 5.108 ;
; SW[2]      ; LEDG[7]     ; 5.404 ;       ;       ; 5.404 ;
; SW[2]      ; LEDR[2]     ; 2.611 ;       ;       ; 2.611 ;
; SW[3]      ; HEX0[0]     ; 4.151 ; 4.151 ; 4.151 ; 4.151 ;
; SW[3]      ; HEX0[1]     ; 4.135 ; 4.135 ; 4.135 ; 4.135 ;
; SW[3]      ; HEX0[2]     ; 4.070 ; 4.070 ; 4.070 ; 4.070 ;
; SW[3]      ; HEX0[3]     ; 4.061 ; 4.061 ; 4.061 ; 4.061 ;
; SW[3]      ; HEX0[4]     ; 4.205 ; 4.205 ; 4.205 ; 4.205 ;
; SW[3]      ; HEX0[5]     ; 4.153 ; 4.153 ; 4.153 ; 4.153 ;
; SW[3]      ; HEX0[6]     ; 4.193 ; 4.193 ; 4.193 ; 4.193 ;
; SW[3]      ; HEX1[0]     ; 3.979 ; 3.979 ; 3.979 ; 3.979 ;
; SW[3]      ; HEX1[3]     ; 3.963 ; 3.963 ; 3.963 ; 3.963 ;
; SW[3]      ; HEX1[4]     ; 3.973 ; 3.973 ; 3.973 ; 3.973 ;
; SW[3]      ; HEX1[5]     ; 4.002 ; 4.002 ; 4.002 ; 4.002 ;
; SW[3]      ; HEX2[0]     ;       ; 3.559 ; 3.559 ;       ;
; SW[3]      ; HEX2[1]     ;       ; 3.552 ; 3.552 ;       ;
; SW[3]      ; HEX2[2]     ;       ; 3.608 ; 3.608 ;       ;
; SW[3]      ; HEX2[3]     ;       ; 3.597 ; 3.597 ;       ;
; SW[3]      ; HEX2[4]     ; 3.710 ;       ;       ; 3.710 ;
; SW[3]      ; HEX2[5]     ;       ; 3.574 ; 3.574 ;       ;
; SW[3]      ; HEX2[6]     ;       ; 3.732 ; 3.732 ;       ;
; SW[3]      ; LEDG[3]     ; 4.782 ; 4.782 ; 4.782 ; 4.782 ;
; SW[3]      ; LEDG[4]     ; 4.891 ;       ;       ; 4.891 ;
; SW[3]      ; LEDG[7]     ; 5.418 ;       ;       ; 5.418 ;
; SW[3]      ; LEDR[3]     ; 2.854 ;       ;       ; 2.854 ;
; SW[4]      ; HEX0[0]     ; 3.945 ; 3.945 ; 3.945 ; 3.945 ;
; SW[4]      ; HEX0[1]     ; 3.928 ; 3.928 ; 3.928 ; 3.928 ;
; SW[4]      ; HEX0[2]     ; 3.864 ; 3.864 ; 3.864 ; 3.864 ;
; SW[4]      ; HEX0[3]     ; 3.858 ; 3.858 ; 3.858 ; 3.858 ;
; SW[4]      ; HEX0[4]     ; 3.998 ; 3.998 ; 3.998 ; 3.998 ;
; SW[4]      ; HEX0[5]     ; 3.946 ; 3.946 ; 3.946 ; 3.946 ;
; SW[4]      ; HEX0[6]     ; 3.989 ; 3.989 ; 3.989 ; 3.989 ;
; SW[4]      ; HEX1[0]     ; 4.000 ; 4.000 ; 4.000 ; 4.000 ;
; SW[4]      ; HEX1[3]     ; 3.984 ; 3.984 ; 3.984 ; 3.984 ;
; SW[4]      ; HEX1[4]     ; 3.994 ; 3.994 ; 3.994 ; 3.994 ;
; SW[4]      ; HEX1[5]     ; 4.023 ; 4.023 ; 4.023 ; 4.023 ;
; SW[4]      ; HEX3[0]     ; 3.395 ; 3.395 ; 3.395 ; 3.395 ;
; SW[4]      ; HEX3[1]     ; 3.538 ; 3.538 ; 3.538 ; 3.538 ;
; SW[4]      ; HEX3[2]     ;       ; 3.535 ; 3.535 ;       ;
; SW[4]      ; HEX3[3]     ; 3.375 ; 3.375 ; 3.375 ; 3.375 ;
; SW[4]      ; HEX3[4]     ; 3.355 ;       ;       ; 3.355 ;
; SW[4]      ; HEX3[5]     ; 3.396 ;       ;       ; 3.396 ;
; SW[4]      ; HEX3[6]     ; 3.523 ;       ;       ; 3.523 ;
; SW[4]      ; LEDG[0]     ; 5.246 ; 5.246 ; 5.246 ; 5.246 ;
; SW[4]      ; LEDG[1]     ; 4.619 ; 4.619 ; 4.619 ; 4.619 ;
; SW[4]      ; LEDG[2]     ; 5.144 ; 5.144 ; 5.144 ; 5.144 ;
; SW[4]      ; LEDG[3]     ; 5.339 ; 5.339 ; 5.339 ; 5.339 ;
; SW[4]      ; LEDG[4]     ; 5.452 ;       ;       ; 5.452 ;
; SW[4]      ; LEDR[4]     ; 2.626 ;       ;       ; 2.626 ;
; SW[5]      ; HEX0[0]     ; 4.150 ; 4.150 ; 4.150 ; 4.150 ;
; SW[5]      ; HEX0[1]     ; 4.134 ; 4.134 ; 4.134 ; 4.134 ;
; SW[5]      ; HEX0[2]     ; 4.069 ; 4.069 ; 4.069 ; 4.069 ;
; SW[5]      ; HEX0[3]     ; 4.060 ; 4.060 ; 4.060 ; 4.060 ;
; SW[5]      ; HEX0[4]     ; 4.204 ; 4.204 ; 4.204 ; 4.204 ;
; SW[5]      ; HEX0[5]     ; 4.152 ; 4.152 ; 4.152 ; 4.152 ;
; SW[5]      ; HEX0[6]     ; 4.192 ; 4.192 ; 4.192 ; 4.192 ;
; SW[5]      ; HEX1[0]     ; 3.974 ; 3.974 ; 3.974 ; 3.974 ;
; SW[5]      ; HEX1[3]     ; 3.958 ; 3.958 ; 3.958 ; 3.958 ;
; SW[5]      ; HEX1[4]     ; 3.968 ; 3.968 ; 3.968 ; 3.968 ;
; SW[5]      ; HEX1[5]     ; 3.997 ; 3.997 ; 3.997 ; 3.997 ;
; SW[5]      ; HEX3[0]     ;       ; 3.463 ; 3.463 ;       ;
; SW[5]      ; HEX3[1]     ; 3.606 ; 3.606 ; 3.606 ; 3.606 ;
; SW[5]      ; HEX3[2]     ; 3.605 ;       ;       ; 3.605 ;
; SW[5]      ; HEX3[3]     ; 3.446 ; 3.446 ; 3.446 ; 3.446 ;
; SW[5]      ; HEX3[4]     ; 3.425 ; 3.425 ; 3.425 ; 3.425 ;
; SW[5]      ; HEX3[5]     ; 3.464 ;       ;       ; 3.464 ;
; SW[5]      ; HEX3[6]     ; 3.591 ; 3.591 ; 3.591 ; 3.591 ;
; SW[5]      ; LEDG[1]     ; 4.593 ; 4.593 ; 4.593 ; 4.593 ;
; SW[5]      ; LEDG[2]     ; 5.115 ; 5.115 ; 5.115 ; 5.115 ;
; SW[5]      ; LEDG[3]     ; 5.310 ; 5.310 ; 5.310 ; 5.310 ;
; SW[5]      ; LEDG[4]     ; 5.423 ;       ;       ; 5.423 ;
; SW[5]      ; LEDG[7]     ; 5.221 ;       ;       ; 5.221 ;
; SW[5]      ; LEDR[5]     ; 2.837 ;       ;       ; 2.837 ;
; SW[6]      ; HEX0[0]     ; 4.311 ; 4.311 ; 4.311 ; 4.311 ;
; SW[6]      ; HEX0[1]     ; 4.295 ; 4.295 ; 4.295 ; 4.295 ;
; SW[6]      ; HEX0[2]     ; 4.230 ; 4.230 ; 4.230 ; 4.230 ;
; SW[6]      ; HEX0[3]     ; 4.221 ; 4.221 ; 4.221 ; 4.221 ;
; SW[6]      ; HEX0[4]     ; 4.365 ; 4.365 ; 4.365 ; 4.365 ;
; SW[6]      ; HEX0[5]     ; 4.313 ; 4.313 ; 4.313 ; 4.313 ;
; SW[6]      ; HEX0[6]     ; 4.353 ; 4.353 ; 4.353 ; 4.353 ;
; SW[6]      ; HEX1[0]     ; 4.132 ; 4.132 ; 4.132 ; 4.132 ;
; SW[6]      ; HEX1[3]     ; 4.116 ; 4.116 ; 4.116 ; 4.116 ;
; SW[6]      ; HEX1[4]     ; 4.126 ; 4.126 ; 4.126 ; 4.126 ;
; SW[6]      ; HEX1[5]     ; 4.155 ; 4.155 ; 4.155 ; 4.155 ;
; SW[6]      ; HEX3[0]     ; 3.455 ; 3.455 ; 3.455 ; 3.455 ;
; SW[6]      ; HEX3[1]     ; 3.601 ;       ;       ; 3.601 ;
; SW[6]      ; HEX3[2]     ;       ; 3.606 ; 3.606 ;       ;
; SW[6]      ; HEX3[3]     ; 3.448 ; 3.448 ; 3.448 ; 3.448 ;
; SW[6]      ; HEX3[4]     ; 3.424 ;       ;       ; 3.424 ;
; SW[6]      ; HEX3[5]     ;       ; 3.456 ; 3.456 ;       ;
; SW[6]      ; HEX3[6]     ; 3.583 ; 3.583 ; 3.583 ; 3.583 ;
; SW[6]      ; LEDG[2]     ; 4.962 ; 4.962 ; 4.962 ; 4.962 ;
; SW[6]      ; LEDG[3]     ; 5.155 ; 5.155 ; 5.155 ; 5.155 ;
; SW[6]      ; LEDG[4]     ; 5.268 ;       ;       ; 5.268 ;
; SW[6]      ; LEDG[7]     ; 5.153 ;       ;       ; 5.153 ;
; SW[6]      ; LEDR[6]     ; 2.511 ;       ;       ; 2.511 ;
; SW[7]      ; HEX0[0]     ; 3.789 ; 3.789 ; 3.789 ; 3.789 ;
; SW[7]      ; HEX0[1]     ; 3.773 ; 3.773 ; 3.773 ; 3.773 ;
; SW[7]      ; HEX0[2]     ; 3.708 ; 3.708 ; 3.708 ; 3.708 ;
; SW[7]      ; HEX0[3]     ; 3.699 ; 3.699 ; 3.699 ; 3.699 ;
; SW[7]      ; HEX0[4]     ; 3.843 ; 3.843 ; 3.843 ; 3.843 ;
; SW[7]      ; HEX0[5]     ; 3.791 ; 3.791 ; 3.791 ; 3.791 ;
; SW[7]      ; HEX0[6]     ; 3.831 ; 3.831 ; 3.831 ; 3.831 ;
; SW[7]      ; HEX1[0]     ; 3.617 ; 3.617 ; 3.617 ; 3.617 ;
; SW[7]      ; HEX1[3]     ; 3.601 ; 3.601 ; 3.601 ; 3.601 ;
; SW[7]      ; HEX1[4]     ; 3.611 ; 3.611 ; 3.611 ; 3.611 ;
; SW[7]      ; HEX1[5]     ; 3.640 ; 3.640 ; 3.640 ; 3.640 ;
; SW[7]      ; HEX3[0]     ;       ; 3.403 ; 3.403 ;       ;
; SW[7]      ; HEX3[1]     ;       ; 3.548 ; 3.548 ;       ;
; SW[7]      ; HEX3[2]     ;       ; 3.551 ; 3.551 ;       ;
; SW[7]      ; HEX3[3]     ;       ; 3.393 ; 3.393 ;       ;
; SW[7]      ; HEX3[4]     ; 3.369 ;       ;       ; 3.369 ;
; SW[7]      ; HEX3[5]     ;       ; 3.404 ; 3.404 ;       ;
; SW[7]      ; HEX3[6]     ;       ; 3.531 ; 3.531 ;       ;
; SW[7]      ; LEDG[3]     ; 4.420 ; 4.420 ; 4.420 ; 4.420 ;
; SW[7]      ; LEDG[4]     ; 4.532 ;       ;       ; 4.532 ;
; SW[7]      ; LEDG[7]     ; 4.836 ;       ;       ; 4.836 ;
; SW[7]      ; LEDR[7]     ; 3.260 ;       ;       ; 3.260 ;
; SW[8]      ; LEDR[8]     ; 3.013 ;       ;       ; 3.013 ;
+------------+-------------+-------+-------+-------+-------+


-------------------
; Clock Transfers ;
-------------------
Nothing to report.


---------------
; Report TCCS ;
---------------
No dedicated SERDES Transmitter circuitry present in device or used in design


---------------
; Report RSKM ;
---------------
No dedicated SERDES Receiver circuitry present in device or used in design


+------------------------------------------------+
; Unconstrained Paths                            ;
+---------------------------------+-------+------+
; Property                        ; Setup ; Hold ;
+---------------------------------+-------+------+
; Illegal Clocks                  ; 0     ; 0    ;
; Unconstrained Clocks            ; 0     ; 0    ;
; Unconstrained Input Ports       ; 9     ; 9    ;
; Unconstrained Input Port Paths  ; 187   ; 187  ;
; Unconstrained Output Ports      ; 40    ; 40   ;
; Unconstrained Output Port Paths ; 187   ; 187  ;
+---------------------------------+-------+------+


+------------------------------------+
; TimeQuest Timing Analyzer Messages ;
+------------------------------------+
Info: *******************************************************************
Info: Running Quartus II 64-Bit TimeQuest Timing Analyzer
    Info: Version 13.0.1 Build 232 06/12/2013 Service Pack 1 SJ Web Edition
    Info: Processing started: Wed Aug 15 14:42:38 2018
Info: Command: quartus_sta part4 -c part4
Info: qsta_default_script.tcl version: #1
Info (20030): Parallel compilation is enabled and will use 4 of the 4 processors detected
Info (21077): Low junction temperature is 0 degrees C
Info (21077): High junction temperature is 85 degrees C
Critical Warning (332012): Synopsys Design Constraints File file not found: 'part4.sdc'. A Synopsys Design Constraints File is required by the TimeQuest Timing Analyzer to get proper timing constraints. Without it, the Compiler will not properly optimize the design.
Info (332142): No user constrained base clocks found in the design. Calling "derive_clocks -period 1.0"
Info (332096): The command derive_clocks did not find any clocks to derive.  No clocks were created or changed.
Warning (332068): No clocks defined in design.
Info: Found TIMEQUEST_REPORT_SCRIPT_INCLUDE_DEFAULT_ANALYSIS = ON
Info (332159): No clocks to report
Info: Analyzing Slow Model
Info (332140): No fmax paths to report
Info (332140): No Setup paths to report
Info (332140): No Hold paths to report
Info (332140): No Recovery paths to report
Info (332140): No Removal paths to report
Info (332140): No Minimum Pulse Width paths to report
Info (332001): The selected device family is not supported by the report_metastability command.
Info: Analyzing Fast Model
Info (332142): No user constrained base clocks found in the design. Calling "derive_clocks -period 1.0"
Info (332096): The command derive_clocks did not find any clocks to derive.  No clocks were created or changed.
Warning (332068): No clocks defined in design.
Info (332140): No Setup paths to report
Info (332140): No Hold paths to report
Info (332140): No Recovery paths to report
Info (332140): No Removal paths to report
Info (332140): No Minimum Pulse Width paths to report
Info (332001): The selected device family is not supported by the report_metastability command.
Info (332102): Design is not fully constrained for setup requirements
Info (332102): Design is not fully constrained for hold requirements
Info: Quartus II 64-Bit TimeQuest Timing Analyzer was successful. 0 errors, 3 warnings
    Info: Peak virtual memory: 426 megabytes
    Info: Processing ended: Wed Aug 15 14:42:51 2018
    Info: Elapsed time: 00:00:13
    Info: Total CPU time (on all processors): 00:00:06


