Analysis & Synthesis report for part2
Sun Oct 14 03:35:57 2018
Quartus II 64-Bit Version 13.0.1 Build 232 06/12/2013 Service Pack 1 SJ Full Version


---------------------
; Table of Contents ;
---------------------
  1. Legal Notice
  2. Analysis & Synthesis Summary
  3. Analysis & Synthesis Settings
  4. Parallel Compilation
  5. Analysis & Synthesis Source Files Read
  6. Analysis & Synthesis Resource Usage Summary
  7. Analysis & Synthesis Resource Utilization by Entity
  8. Analysis & Synthesis RAM Summary
  9. Analysis & Synthesis IP Cores Summary
 10. State Machine - |part2|search:sea|y
 11. General Register Statistics
 12. Inverted Register Statistics
 13. Source assignments for search:sea|memory_block:mem|altsyncram:altsyncram_component|altsyncram_tac1:auto_generated
 14. Parameter Settings for User Entity Instance: search:sea|memory_block:mem|altsyncram:altsyncram_component
 15. altsyncram Parameter Settings by Entity Instance
 16. Elapsed Time Per Partition
 17. Analysis & Synthesis Messages



----------------
; Legal Notice ;
----------------
Copyright (C) 1991-2013 Altera Corporation
Your use of Altera Corporation's design tools, logic functions 
and other software and tools, and its AMPP partner logic 
functions, and any output files from any of the foregoing 
(including device programming or simulation files), and any 
associated documentation or information are expressly subject 
to the terms and conditions of the Altera Program License 
Subscription Agreement, Altera MegaCore Function License 
Agreement, or other applicable license agreement, including, 
without limitation, that your use is for the sole purpose of 
programming logic devices manufactured by Altera and sold by 
Altera or its authorized distributors.  Please refer to the 
applicable agreement for further details.



+---------------------------------------------------------------------------------------+
; Analysis & Synthesis Summary                                                          ;
+------------------------------------+--------------------------------------------------+
; Analysis & Synthesis Status        ; Successful - Sun Oct 14 03:35:57 2018            ;
; Quartus II 64-Bit Version          ; 13.0.1 Build 232 06/12/2013 SP 1 SJ Full Version ;
; Revision Name                      ; part2                                            ;
; Top-level Entity Name              ; part2                                            ;
; Family                             ; Cyclone II                                       ;
; Total logic elements               ; 64                                               ;
;     Total combinational functions  ; 56                                               ;
;     Dedicated logic registers      ; 37                                               ;
; Total registers                    ; 37                                               ;
; Total pins                         ; 28                                               ;
; Total virtual pins                 ; 0                                                ;
; Total memory bits                  ; 256                                              ;
; Embedded Multiplier 9-bit elements ; 0                                                ;
; Total PLLs                         ; 0                                                ;
+------------------------------------+--------------------------------------------------+


+----------------------------------------------------------------------------------------------------------------------+
; Analysis & Synthesis Settings                                                                                        ;
+----------------------------------------------------------------------------+--------------------+--------------------+
; Option                                                                     ; Setting            ; Default Value      ;
+----------------------------------------------------------------------------+--------------------+--------------------+
; Device                                                                     ; EP2C20F484C7       ;                    ;
; Top-level entity name                                                      ; part2              ; part2              ;
; Family name                                                                ; Cyclone II         ; Cyclone IV GX      ;
; Use smart compilation                                                      ; Off                ; Off                ;
; Enable parallel Assembler and TimeQuest Timing Analyzer during compilation ; On                 ; On                 ;
; Enable compact report table                                                ; Off                ; Off                ;
; Restructure Multiplexers                                                   ; Auto               ; Auto               ;
; Create Debugging Nodes for IP Cores                                        ; Off                ; Off                ;
; Preserve fewer node names                                                  ; On                 ; On                 ;
; Disable OpenCore Plus hardware evaluation                                  ; Off                ; Off                ;
; Verilog Version                                                            ; Verilog_2001       ; Verilog_2001       ;
; VHDL Version                                                               ; VHDL_1993          ; VHDL_1993          ;
; State Machine Processing                                                   ; Auto               ; Auto               ;
; Safe State Machine                                                         ; Off                ; Off                ;
; Extract Verilog State Machines                                             ; On                 ; On                 ;
; Extract VHDL State Machines                                                ; On                 ; On                 ;
; Ignore Verilog initial constructs                                          ; Off                ; Off                ;
; Iteration limit for constant Verilog loops                                 ; 5000               ; 5000               ;
; Iteration limit for non-constant Verilog loops                             ; 250                ; 250                ;
; Add Pass-Through Logic to Inferred RAMs                                    ; On                 ; On                 ;
; Infer RAMs from Raw Logic                                                  ; On                 ; On                 ;
; Parallel Synthesis                                                         ; On                 ; On                 ;
; DSP Block Balancing                                                        ; Auto               ; Auto               ;
; NOT Gate Push-Back                                                         ; On                 ; On                 ;
; Power-Up Don't Care                                                        ; On                 ; On                 ;
; Remove Redundant Logic Cells                                               ; Off                ; Off                ;
; Remove Duplicate Registers                                                 ; On                 ; On                 ;
; Ignore CARRY Buffers                                                       ; Off                ; Off                ;
; Ignore CASCADE Buffers                                                     ; Off                ; Off                ;
; Ignore GLOBAL Buffers                                                      ; Off                ; Off                ;
; Ignore ROW GLOBAL Buffers                                                  ; Off                ; Off                ;
; Ignore LCELL Buffers                                                       ; Off                ; Off                ;
; Ignore SOFT Buffers                                                        ; On                 ; On                 ;
; Limit AHDL Integers to 32 Bits                                             ; Off                ; Off                ;
; Optimization Technique                                                     ; Balanced           ; Balanced           ;
; Carry Chain Length                                                         ; 70                 ; 70                 ;
; Auto Carry Chains                                                          ; On                 ; On                 ;
; Auto Open-Drain Pins                                                       ; On                 ; On                 ;
; Perform WYSIWYG Primitive Resynthesis                                      ; Off                ; Off                ;
; Auto ROM Replacement                                                       ; On                 ; On                 ;
; Auto RAM Replacement                                                       ; On                 ; On                 ;
; Auto Shift Register Replacement                                            ; Auto               ; Auto               ;
; Allow Shift Register Merging across Hierarchies                            ; Auto               ; Auto               ;
; Auto Clock Enable Replacement                                              ; On                 ; On                 ;
; Strict RAM Replacement                                                     ; Off                ; Off                ;
; Allow Synchronous Control Signals                                          ; On                 ; On                 ;
; Force Use of Synchronous Clear Signals                                     ; Off                ; Off                ;
; Auto RAM to Logic Cell Conversion                                          ; Off                ; Off                ;
; Auto Resource Sharing                                                      ; Off                ; Off                ;
; Allow Any RAM Size For Recognition                                         ; Off                ; Off                ;
; Allow Any ROM Size For Recognition                                         ; Off                ; Off                ;
; Allow Any Shift Register Size For Recognition                              ; Off                ; Off                ;
; Use LogicLock Constraints during Resource Balancing                        ; On                 ; On                 ;
; Ignore translate_off and synthesis_off directives                          ; Off                ; Off                ;
; Timing-Driven Synthesis                                                    ; Off                ; Off                ;
; Report Parameter Settings                                                  ; On                 ; On                 ;
; Report Source Assignments                                                  ; On                 ; On                 ;
; Report Connectivity Checks                                                 ; On                 ; On                 ;
; Ignore Maximum Fan-Out Assignments                                         ; Off                ; Off                ;
; Synchronization Register Chain Length                                      ; 2                  ; 2                  ;
; PowerPlay Power Optimization                                               ; Normal compilation ; Normal compilation ;
; HDL message level                                                          ; Level2             ; Level2             ;
; Suppress Register Optimization Related Messages                            ; Off                ; Off                ;
; Number of Removed Registers Reported in Synthesis Report                   ; 5000               ; 5000               ;
; Number of Swept Nodes Reported in Synthesis Report                         ; 5000               ; 5000               ;
; Number of Inverted Registers Reported in Synthesis Report                  ; 100                ; 100                ;
; Clock MUX Protection                                                       ; On                 ; On                 ;
; Auto Gated Clock Conversion                                                ; Off                ; Off                ;
; Block Design Naming                                                        ; Auto               ; Auto               ;
; SDC constraint protection                                                  ; Off                ; Off                ;
; Synthesis Effort                                                           ; Auto               ; Auto               ;
; Shift Register Replacement - Allow Asynchronous Clear Signal               ; On                 ; On                 ;
; Pre-Mapping Resynthesis Optimization                                       ; Off                ; Off                ;
; Analysis & Synthesis Message Level                                         ; Medium             ; Medium             ;
; Disable Register Merging Across Hierarchies                                ; Auto               ; Auto               ;
; Resource Aware Inference For Block RAM                                     ; On                 ; On                 ;
; Synthesis Seed                                                             ; 1                  ; 1                  ;
+----------------------------------------------------------------------------+--------------------+--------------------+


+------------------------------------------+
; Parallel Compilation                     ;
+----------------------------+-------------+
; Processors                 ; Number      ;
+----------------------------+-------------+
; Number detected on machine ; 4           ;
; Maximum allowed            ; 4           ;
;                            ;             ;
; Average used               ; 1.00        ;
; Maximum used               ; 1           ;
;                            ;             ;
; Usage by Processor         ; % Time Used ;
;     Processor 1            ; 100.0%      ;
;     Processors 2-4         ;   0.0%      ;
+----------------------------+-------------+


+-----------------------------------------------------------------------------------------------------------------------------------------------------------------------------------+
; Analysis & Synthesis Source Files Read                                                                                                                                            ;
+----------------------------------+-----------------+----------------------------------+---------------------------------------------------------------------------------+---------+
; File Name with User-Entered Path ; Used in Netlist ; File Type                        ; File Name with Absolute Path                                                    ; Library ;
+----------------------------------+-----------------+----------------------------------+---------------------------------------------------------------------------------+---------+
; my_array.mif                     ; yes             ; User Memory Initialization File  ; C:/Users/HRHLALALA/Documents/GitHub/comp3222/lab09/part2/my_array.mif           ;         ;
; memory_block.vhd                 ; yes             ; User Wizard-Generated File       ; C:/Users/HRHLALALA/Documents/GitHub/comp3222/lab09/part2/memory_block.vhd       ;         ;
; part2.vhd                        ; yes             ; User VHDL File                   ; C:/Users/HRHLALALA/Documents/GitHub/comp3222/lab09/part2/part2.vhd              ;         ;
; search.vhd                       ; yes             ; User VHDL File                   ; C:/Users/HRHLALALA/Documents/GitHub/comp3222/lab09/part2/search.vhd             ;         ;
; altsyncram.tdf                   ; yes             ; Megafunction                     ; d:/altera/13.0sp1/quartus/libraries/megafunctions/altsyncram.tdf                ;         ;
; stratix_ram_block.inc            ; yes             ; Megafunction                     ; d:/altera/13.0sp1/quartus/libraries/megafunctions/stratix_ram_block.inc         ;         ;
; lpm_mux.inc                      ; yes             ; Megafunction                     ; d:/altera/13.0sp1/quartus/libraries/megafunctions/lpm_mux.inc                   ;         ;
; lpm_decode.inc                   ; yes             ; Megafunction                     ; d:/altera/13.0sp1/quartus/libraries/megafunctions/lpm_decode.inc                ;         ;
; aglobal130.inc                   ; yes             ; Megafunction                     ; d:/altera/13.0sp1/quartus/libraries/megafunctions/aglobal130.inc                ;         ;
; a_rdenreg.inc                    ; yes             ; Megafunction                     ; d:/altera/13.0sp1/quartus/libraries/megafunctions/a_rdenreg.inc                 ;         ;
; altrom.inc                       ; yes             ; Megafunction                     ; d:/altera/13.0sp1/quartus/libraries/megafunctions/altrom.inc                    ;         ;
; altram.inc                       ; yes             ; Megafunction                     ; d:/altera/13.0sp1/quartus/libraries/megafunctions/altram.inc                    ;         ;
; altdpram.inc                     ; yes             ; Megafunction                     ; d:/altera/13.0sp1/quartus/libraries/megafunctions/altdpram.inc                  ;         ;
; db/altsyncram_tac1.tdf           ; yes             ; Auto-Generated Megafunction      ; C:/Users/HRHLALALA/Documents/GitHub/comp3222/lab09/part2/db/altsyncram_tac1.tdf ;         ;
+----------------------------------+-----------------+----------------------------------+---------------------------------------------------------------------------------+---------+


+--------------------------------------------------------+
; Analysis & Synthesis Resource Usage Summary            ;
+---------------------------------------------+----------+
; Resource                                    ; Usage    ;
+---------------------------------------------+----------+
; Estimated Total logic elements              ; 64       ;
;                                             ;          ;
; Total combinational functions               ; 56       ;
; Logic element usage by number of LUT inputs ;          ;
;     -- 4 input functions                    ; 10       ;
;     -- 3 input functions                    ; 20       ;
;     -- <=2 input functions                  ; 26       ;
;                                             ;          ;
; Logic elements by mode                      ;          ;
;     -- normal mode                          ; 40       ;
;     -- arithmetic mode                      ; 16       ;
;                                             ;          ;
; Total registers                             ; 37       ;
;     -- Dedicated logic registers            ; 37       ;
;     -- I/O registers                        ; 0        ;
;                                             ;          ;
; I/O pins                                    ; 28       ;
; Total memory bits                           ; 256      ;
; Embedded Multiplier 9-bit elements          ; 0        ;
; Maximum fan-out node                        ; clock_50 ;
; Maximum fan-out                             ; 45       ;
; Total fan-out                               ; 327      ;
; Average fan-out                             ; 2.53     ;
+---------------------------------------------+----------+


+-----------------------------------------------------------------------------------------------------------------------------------------------------------------------------------------------------------------------------------------------------------------------------+
; Analysis & Synthesis Resource Utilization by Entity                                                                                                                                                                                                                         ;
+----------------------------------------------+-------------------+--------------+-------------+--------------+---------+-----------+------+--------------+---------------------------------------------------------------------------------------------------+--------------+
; Compilation Hierarchy Node                   ; LC Combinationals ; LC Registers ; Memory Bits ; DSP Elements ; DSP 9x9 ; DSP 18x18 ; Pins ; Virtual Pins ; Full Hierarchy Name                                                                               ; Library Name ;
+----------------------------------------------+-------------------+--------------+-------------+--------------+---------+-----------+------+--------------+---------------------------------------------------------------------------------------------------+--------------+
; |part2                                       ; 56 (0)            ; 37 (0)       ; 256         ; 0            ; 0       ; 0         ; 28   ; 0            ; |part2                                                                                            ; work         ;
;    |search:sea|                              ; 56 (56)           ; 37 (37)      ; 256         ; 0            ; 0       ; 0         ; 0    ; 0            ; |part2|search:sea                                                                                 ; work         ;
;       |memory_block:mem|                     ; 0 (0)             ; 0 (0)        ; 256         ; 0            ; 0       ; 0         ; 0    ; 0            ; |part2|search:sea|memory_block:mem                                                                ; work         ;
;          |altsyncram:altsyncram_component|   ; 0 (0)             ; 0 (0)        ; 256         ; 0            ; 0       ; 0         ; 0    ; 0            ; |part2|search:sea|memory_block:mem|altsyncram:altsyncram_component                                ; work         ;
;             |altsyncram_tac1:auto_generated| ; 0 (0)             ; 0 (0)        ; 256         ; 0            ; 0       ; 0         ; 0    ; 0            ; |part2|search:sea|memory_block:mem|altsyncram:altsyncram_component|altsyncram_tac1:auto_generated ; work         ;
+----------------------------------------------+-------------------+--------------+-------------+--------------+---------+-----------+------+--------------+---------------------------------------------------------------------------------------------------+--------------+
Note: For table entries with two numbers listed, the numbers in parentheses indicate the number of resources of the given type used by the specific entity alone. The numbers listed outside of parentheses indicate the total resources of the given type used by the specific entity and all of its sub-entities in the hierarchy.


+----------------------------------------------------------------------------------------------------------------------------------------------------------------------------------------------------------------------------------------------------------------+
; Analysis & Synthesis RAM Summary                                                                                                                                                                                                                               ;
+-------------------------------------------------------------------------------------------------------+------+------+--------------+--------------+--------------+--------------+------+-----------------------------------------------------------------------+
; Name                                                                                                  ; Type ; Mode ; Port A Depth ; Port A Width ; Port B Depth ; Port B Width ; Size ; MIF                                                                   ;
+-------------------------------------------------------------------------------------------------------+------+------+--------------+--------------+--------------+--------------+------+-----------------------------------------------------------------------+
; search:sea|memory_block:mem|altsyncram:altsyncram_component|altsyncram_tac1:auto_generated|ALTSYNCRAM ; AUTO ; ROM  ; 32           ; 8            ; --           ; --           ; 256  ; C:/Users/HRHLALALA/Documents/GitHub/comp3222/lab09/part2/my_array.mif ;
+-------------------------------------------------------------------------------------------------------+------+------+--------------+--------------+--------------+--------------+------+-----------------------------------------------------------------------+


+--------------------------------------------------------------------------------------------------------------------------------------------------------------------------------+
; Analysis & Synthesis IP Cores Summary                                                                                                                                          ;
+--------+--------------+---------+--------------+--------------+------------------------------------+---------------------------------------------------------------------------+
; Vendor ; IP Core Name ; Version ; Release Date ; License Type ; Entity Instance                    ; IP Include File                                                           ;
+--------+--------------+---------+--------------+--------------+------------------------------------+---------------------------------------------------------------------------+
; Altera ; ROM: 1-PORT  ; 13.0    ; N/A          ; N/A          ; |part2|search:sea|memory_block:mem ; C:/Users/HRHLALALA/Documents/GitHub/comp3222/lab09/part2/memory_block.vhd ;
+--------+--------------+---------+--------------+--------------+------------------------------------+---------------------------------------------------------------------------+


Encoding Type:  One-Hot
+-----------------------------------------------+
; State Machine - |part2|search:sea|y           ;
+--------+--------+--------+------+------+------+
; Name   ; y.nop2 ; y.nop1 ; y.T3 ; y.T2 ; y.T1 ;
+--------+--------+--------+------+------+------+
; y.T1   ; 0      ; 0      ; 0    ; 0    ; 0    ;
; y.T2   ; 0      ; 0      ; 0    ; 1    ; 1    ;
; y.T3   ; 0      ; 0      ; 1    ; 0    ; 1    ;
; y.nop1 ; 0      ; 1      ; 0    ; 0    ; 1    ;
; y.nop2 ; 1      ; 0      ; 0    ; 0    ; 1    ;
+--------+--------+--------+------+------+------+


+------------------------------------------------------+
; General Register Statistics                          ;
+----------------------------------------------+-------+
; Statistic                                    ; Value ;
+----------------------------------------------+-------+
; Total registers                              ; 37    ;
; Number of registers using Synchronous Clear  ; 0     ;
; Number of registers using Synchronous Load   ; 5     ;
; Number of registers using Asynchronous Clear ; 26    ;
; Number of registers using Asynchronous Load  ; 0     ;
; Number of registers using Clock Enable       ; 31    ;
; Number of registers using Preset             ; 0     ;
+----------------------------------------------+-------+


+--------------------------------------------------+
; Inverted Register Statistics                     ;
+----------------------------------------+---------+
; Inverted Register                      ; Fan out ;
+----------------------------------------+---------+
; search:sea|curr_max[4]                 ; 2       ;
; search:sea|curr_max[0]                 ; 2       ;
; search:sea|curr_max[1]                 ; 2       ;
; search:sea|curr_max[2]                 ; 2       ;
; search:sea|curr_max[3]                 ; 2       ;
; search:sea|curr_mid[0]                 ; 4       ;
; search:sea|curr_mid[1]                 ; 4       ;
; search:sea|curr_mid[2]                 ; 4       ;
; search:sea|curr_mid[3]                 ; 4       ;
; Total number of inverted registers = 9 ;         ;
+----------------------------------------+---------+


+-------------------------------------------------------------------------------------------------------------------+
; Source assignments for search:sea|memory_block:mem|altsyncram:altsyncram_component|altsyncram_tac1:auto_generated ;
+---------------------------------+--------------------+------+-----------------------------------------------------+
; Assignment                      ; Value              ; From ; To                                                  ;
+---------------------------------+--------------------+------+-----------------------------------------------------+
; OPTIMIZE_POWER_DURING_SYNTHESIS ; NORMAL_COMPILATION ; -    ; -                                                   ;
+---------------------------------+--------------------+------+-----------------------------------------------------+


+-----------------------------------------------------------------------------------------------------------------------------+
; Parameter Settings for User Entity Instance: search:sea|memory_block:mem|altsyncram:altsyncram_component                    ;
+------------------------------------+-----------------------------------------------------------------------+----------------+
; Parameter Name                     ; Value                                                                 ; Type           ;
+------------------------------------+-----------------------------------------------------------------------+----------------+
; BYTE_SIZE_BLOCK                    ; 8                                                                     ; Untyped        ;
; AUTO_CARRY_CHAINS                  ; ON                                                                    ; AUTO_CARRY     ;
; IGNORE_CARRY_BUFFERS               ; OFF                                                                   ; IGNORE_CARRY   ;
; AUTO_CASCADE_CHAINS                ; ON                                                                    ; AUTO_CASCADE   ;
; IGNORE_CASCADE_BUFFERS             ; OFF                                                                   ; IGNORE_CASCADE ;
; WIDTH_BYTEENA                      ; 1                                                                     ; Untyped        ;
; OPERATION_MODE                     ; ROM                                                                   ; Untyped        ;
; WIDTH_A                            ; 8                                                                     ; Signed Integer ;
; WIDTHAD_A                          ; 5                                                                     ; Signed Integer ;
; NUMWORDS_A                         ; 32                                                                    ; Signed Integer ;
; OUTDATA_REG_A                      ; CLOCK0                                                                ; Untyped        ;
; ADDRESS_ACLR_A                     ; NONE                                                                  ; Untyped        ;
; OUTDATA_ACLR_A                     ; NONE                                                                  ; Untyped        ;
; WRCONTROL_ACLR_A                   ; NONE                                                                  ; Untyped        ;
; INDATA_ACLR_A                      ; NONE                                                                  ; Untyped        ;
; BYTEENA_ACLR_A                     ; NONE                                                                  ; Untyped        ;
; WIDTH_B                            ; 1                                                                     ; Untyped        ;
; WIDTHAD_B                          ; 1                                                                     ; Untyped        ;
; NUMWORDS_B                         ; 1                                                                     ; Untyped        ;
; INDATA_REG_B                       ; CLOCK1                                                                ; Untyped        ;
; WRCONTROL_WRADDRESS_REG_B          ; CLOCK1                                                                ; Untyped        ;
; RDCONTROL_REG_B                    ; CLOCK1                                                                ; Untyped        ;
; ADDRESS_REG_B                      ; CLOCK1                                                                ; Untyped        ;
; OUTDATA_REG_B                      ; UNREGISTERED                                                          ; Untyped        ;
; BYTEENA_REG_B                      ; CLOCK1                                                                ; Untyped        ;
; INDATA_ACLR_B                      ; NONE                                                                  ; Untyped        ;
; WRCONTROL_ACLR_B                   ; NONE                                                                  ; Untyped        ;
; ADDRESS_ACLR_B                     ; NONE                                                                  ; Untyped        ;
; OUTDATA_ACLR_B                     ; NONE                                                                  ; Untyped        ;
; RDCONTROL_ACLR_B                   ; NONE                                                                  ; Untyped        ;
; BYTEENA_ACLR_B                     ; NONE                                                                  ; Untyped        ;
; WIDTH_BYTEENA_A                    ; 1                                                                     ; Signed Integer ;
; WIDTH_BYTEENA_B                    ; 1                                                                     ; Untyped        ;
; RAM_BLOCK_TYPE                     ; AUTO                                                                  ; Untyped        ;
; BYTE_SIZE                          ; 8                                                                     ; Untyped        ;
; READ_DURING_WRITE_MODE_MIXED_PORTS ; DONT_CARE                                                             ; Untyped        ;
; READ_DURING_WRITE_MODE_PORT_A      ; NEW_DATA_NO_NBE_READ                                                  ; Untyped        ;
; READ_DURING_WRITE_MODE_PORT_B      ; NEW_DATA_NO_NBE_READ                                                  ; Untyped        ;
; INIT_FILE                          ; C:/Users/HRHLALALA/Documents/GitHub/comp3222/lab09/part2/my_array.mif ; Untyped        ;
; INIT_FILE_LAYOUT                   ; PORT_A                                                                ; Untyped        ;
; MAXIMUM_DEPTH                      ; 0                                                                     ; Untyped        ;
; CLOCK_ENABLE_INPUT_A               ; BYPASS                                                                ; Untyped        ;
; CLOCK_ENABLE_INPUT_B               ; NORMAL                                                                ; Untyped        ;
; CLOCK_ENABLE_OUTPUT_A              ; BYPASS                                                                ; Untyped        ;
; CLOCK_ENABLE_OUTPUT_B              ; NORMAL                                                                ; Untyped        ;
; CLOCK_ENABLE_CORE_A                ; USE_INPUT_CLKEN                                                       ; Untyped        ;
; CLOCK_ENABLE_CORE_B                ; USE_INPUT_CLKEN                                                       ; Untyped        ;
; ENABLE_ECC                         ; FALSE                                                                 ; Untyped        ;
; ECC_PIPELINE_STAGE_ENABLED         ; FALSE                                                                 ; Untyped        ;
; WIDTH_ECCSTATUS                    ; 3                                                                     ; Untyped        ;
; DEVICE_FAMILY                      ; Cyclone II                                                            ; Untyped        ;
; CBXI_PARAMETER                     ; altsyncram_tac1                                                       ; Untyped        ;
+------------------------------------+-----------------------------------------------------------------------+----------------+
Note: In order to hide this table in the UI and the text report file, please set the "Show Parameter Settings in Synthesis Report" option in "Analysis and Synthesis Settings -> More Settings" to "Off".


+---------------------------------------------------------------------------------------------------------+
; altsyncram Parameter Settings by Entity Instance                                                        ;
+-------------------------------------------+-------------------------------------------------------------+
; Name                                      ; Value                                                       ;
+-------------------------------------------+-------------------------------------------------------------+
; Number of entity instances                ; 1                                                           ;
; Entity Instance                           ; search:sea|memory_block:mem|altsyncram:altsyncram_component ;
;     -- OPERATION_MODE                     ; ROM                                                         ;
;     -- WIDTH_A                            ; 8                                                           ;
;     -- NUMWORDS_A                         ; 32                                                          ;
;     -- OUTDATA_REG_A                      ; CLOCK0                                                      ;
;     -- WIDTH_B                            ; 1                                                           ;
;     -- NUMWORDS_B                         ; 1                                                           ;
;     -- ADDRESS_REG_B                      ; CLOCK1                                                      ;
;     -- OUTDATA_REG_B                      ; UNREGISTERED                                                ;
;     -- RAM_BLOCK_TYPE                     ; AUTO                                                        ;
;     -- READ_DURING_WRITE_MODE_MIXED_PORTS ; DONT_CARE                                                   ;
+-------------------------------------------+-------------------------------------------------------------+


+-------------------------------+
; Elapsed Time Per Partition    ;
+----------------+--------------+
; Partition Name ; Elapsed Time ;
+----------------+--------------+
; Top            ; 00:00:00     ;
+----------------+--------------+


+-------------------------------+
; Analysis & Synthesis Messages ;
+-------------------------------+
Info: *******************************************************************
Info: Running Quartus II 64-Bit Analysis & Synthesis
    Info: Version 13.0.1 Build 232 06/12/2013 Service Pack 1 SJ Full Version
    Info: Processing started: Sun Oct 14 03:35:47 2018
Info: Command: quartus_map --read_settings_files=on --write_settings_files=off part2 -c part2
Info (20030): Parallel compilation is enabled and will use 4 of the 4 processors detected
Info (12021): Found 2 design units, including 1 entities, in source file memory_block.vhd
    Info (12022): Found design unit 1: memory_block-SYN
    Info (12023): Found entity 1: memory_block
Info (12021): Found 2 design units, including 1 entities, in source file part2.vhd
    Info (12022): Found design unit 1: part2-str
    Info (12023): Found entity 1: part2
Info (12021): Found 2 design units, including 1 entities, in source file search.vhd
    Info (12022): Found design unit 1: search-str
    Info (12023): Found entity 1: search
Info (12127): Elaborating entity "part2" for the top level hierarchy
Info (12128): Elaborating entity "search" for hierarchy "search:sea"
Warning (10631): VHDL Process Statement warning at search.vhd(24): inferring latch(es) for signal or variable "result", which holds its previous value in one or more paths through the process
Warning (10873): Using initial value X (don't care) for net "debug[5..0]" at search.vhd(9)
Info (10041): Inferred latch for "result[5]" at search.vhd(24)
Info (10041): Inferred latch for "result[6]" at search.vhd(24)
Info (10041): Inferred latch for "result[7]" at search.vhd(24)
Info (12128): Elaborating entity "memory_block" for hierarchy "search:sea|memory_block:mem"
Info (12128): Elaborating entity "altsyncram" for hierarchy "search:sea|memory_block:mem|altsyncram:altsyncram_component"
Info (12130): Elaborated megafunction instantiation "search:sea|memory_block:mem|altsyncram:altsyncram_component"
Info (12133): Instantiated megafunction "search:sea|memory_block:mem|altsyncram:altsyncram_component" with the following parameter:
    Info (12134): Parameter "clock_enable_input_a" = "BYPASS"
    Info (12134): Parameter "clock_enable_output_a" = "BYPASS"
    Info (12134): Parameter "init_file" = "C:/Users/HRHLALALA/Documents/GitHub/comp3222/lab09/part2/my_array.mif"
    Info (12134): Parameter "intended_device_family" = "Cyclone II"
    Info (12134): Parameter "lpm_hint" = "ENABLE_RUNTIME_MOD=NO"
    Info (12134): Parameter "lpm_type" = "altsyncram"
    Info (12134): Parameter "numwords_a" = "32"
    Info (12134): Parameter "operation_mode" = "ROM"
    Info (12134): Parameter "outdata_aclr_a" = "NONE"
    Info (12134): Parameter "outdata_reg_a" = "CLOCK0"
    Info (12134): Parameter "widthad_a" = "5"
    Info (12134): Parameter "width_a" = "8"
    Info (12134): Parameter "width_byteena_a" = "1"
Info (12021): Found 1 design units, including 1 entities, in source file db/altsyncram_tac1.tdf
    Info (12023): Found entity 1: altsyncram_tac1
Info (12128): Elaborating entity "altsyncram_tac1" for hierarchy "search:sea|memory_block:mem|altsyncram:altsyncram_component|altsyncram_tac1:auto_generated"
Info (13000): Registers with preset signals will power-up high
Info (13003): DEV_CLRn pin will set, and not reset, register with preset signal due to NOT Gate Push-Back
Warning (13024): Output pins are stuck at VCC or GND
    Warning (13410): Pin "ledg[1]" is stuck at GND
    Warning (13410): Pin "ledg[2]" is stuck at GND
    Warning (13410): Pin "ledg[3]" is stuck at GND
    Warning (13410): Pin "ledg[4]" is stuck at GND
    Warning (13410): Pin "ledg[5]" is stuck at GND
    Warning (13410): Pin "ledg[6]" is stuck at GND
    Warning (13410): Pin "ledr[5]" is stuck at GND
    Warning (13410): Pin "ledr[6]" is stuck at GND
    Warning (13410): Pin "ledr[7]" is stuck at GND
Critical Warning (18061): Ignored Power-Up Level option on the following registers
    Critical Warning (18010): Register search:sea|curr_max[0] will power up to High
    Critical Warning (18010): Register search:sea|curr_max[1] will power up to High
    Critical Warning (18010): Register search:sea|curr_max[2] will power up to High
    Critical Warning (18010): Register search:sea|curr_max[3] will power up to High
    Critical Warning (18010): Register search:sea|curr_max[4] will power up to High
    Critical Warning (18010): Register search:sea|curr_mid[0] will power up to High
    Critical Warning (18010): Register search:sea|curr_mid[1] will power up to High
    Critical Warning (18010): Register search:sea|curr_mid[2] will power up to High
    Critical Warning (18010): Register search:sea|curr_mid[3] will power up to High
Info (16010): Generating hard_block partition "hard_block:auto_generated_inst"
    Info (16011): Adding 0 node(s), including 0 DDIO, 0 PLL, 0 transceiver and 0 LCELL
Warning (21074): Design contains 1 input pin(s) that do not drive logic
    Warning (15610): No output dependent on input pin "key[1]"
Info (21057): Implemented 100 device resources after synthesis - the final resource count might be different
    Info (21058): Implemented 12 input pins
    Info (21059): Implemented 16 output pins
    Info (21061): Implemented 64 logic cells
    Info (21064): Implemented 8 RAM segments
Info: Quartus II 64-Bit Analysis & Synthesis was successful. 0 errors, 24 warnings
    Info: Peak virtual memory: 4681 megabytes
    Info: Processing ended: Sun Oct 14 03:35:57 2018
    Info: Elapsed time: 00:00:10
    Info: Total CPU time (on all processors): 00:00:02


