TimeQuest Timing Analyzer report for part5
Tue Aug 14 21:53:02 2018
Quartus II 64-Bit Version 13.0.1 Build 232 06/12/2013 Service Pack 1 SJ Full Version


---------------------
; Table of Contents ;
---------------------
  1. Legal Notice
  2. TimeQuest Timing Analyzer Summary
  3. Parallel Compilation
  4. Clocks
  5. Slow Model Fmax Summary
  6. Slow Model Setup Summary
  7. Slow Model Hold Summary
  8. Slow Model Recovery Summary
  9. Slow Model Removal Summary
 10. Slow Model Minimum Pulse Width Summary
 11. Propagation Delay
 12. Minimum Propagation Delay
 13. Fast Model Setup Summary
 14. Fast Model Hold Summary
 15. Fast Model Recovery Summary
 16. Fast Model Removal Summary
 17. Fast Model Minimum Pulse Width Summary
 18. Propagation Delay
 19. Minimum Propagation Delay
 20. Multicorner Timing Analysis Summary
 21. Progagation Delay
 22. Minimum Progagation Delay
 23. Clock Transfers
 24. Report TCCS
 25. Report RSKM
 26. Unconstrained Paths
 27. TimeQuest Timing Analyzer Messages



----------------
; Legal Notice ;
----------------
Copyright (C) 1991-2013 Altera Corporation
Your use of Altera Corporation's design tools, logic functions 
and other software and tools, and its AMPP partner logic 
functions, and any output files from any of the foregoing 
(including device programming or simulation files), and any 
associated documentation or information are expressly subject 
to the terms and conditions of the Altera Program License 
Subscription Agreement, Altera MegaCore Function License 
Agreement, or other applicable license agreement, including, 
without limitation, that your use is for the sole purpose of 
programming logic devices manufactured by Altera and sold by 
Altera or its authorized distributors.  Please refer to the 
applicable agreement for further details.



+-----------------------------------------------------------------------------------------+
; TimeQuest Timing Analyzer Summary                                                       ;
+--------------------+--------------------------------------------------------------------+
; Quartus II Version ; Version 13.0.1 Build 232 06/12/2013 Service Pack 1 SJ Full Version ;
; Revision Name      ; part5                                                              ;
; Device Family      ; Cyclone II                                                         ;
; Device Name        ; EP2C20F484C7                                                       ;
; Timing Models      ; Final                                                              ;
; Delay Model        ; Combined                                                           ;
; Rise/Fall Delays   ; Unavailable                                                        ;
+--------------------+--------------------------------------------------------------------+


+------------------------------------------+
; Parallel Compilation                     ;
+----------------------------+-------------+
; Processors                 ; Number      ;
+----------------------------+-------------+
; Number detected on machine ; 4           ;
; Maximum allowed            ; 4           ;
;                            ;             ;
; Average used               ; 1.00        ;
; Maximum used               ; 1           ;
;                            ;             ;
; Usage by Processor         ; % Time Used ;
;     Processor 1            ; 100.0%      ;
;     Processors 2-4         ;   0.0%      ;
+----------------------------+-------------+


----------
; Clocks ;
----------
No clocks to report.


---------------------------
; Slow Model Fmax Summary ;
---------------------------
No paths to report.


----------------------------
; Slow Model Setup Summary ;
----------------------------
No paths to report.


---------------------------
; Slow Model Hold Summary ;
---------------------------
No paths to report.


-------------------------------
; Slow Model Recovery Summary ;
-------------------------------
No paths to report.


------------------------------
; Slow Model Removal Summary ;
------------------------------
No paths to report.


------------------------------------------
; Slow Model Minimum Pulse Width Summary ;
------------------------------------------
No paths to report.


+----------------------------------------------------------+
; Propagation Delay                                        ;
+------------+-------------+-------+-------+-------+-------+
; Input Port ; Output Port ; RR    ; RF    ; FR    ; FF    ;
+------------+-------------+-------+-------+-------+-------+
; SW[0]      ; HEX0[0]     ;       ; 8.609 ; 8.609 ;       ;
; SW[0]      ; HEX0[1]     ; 8.647 ;       ;       ; 8.647 ;
; SW[0]      ; HEX0[2]     ; 8.637 ;       ;       ; 8.637 ;
; SW[0]      ; HEX0[3]     ; 8.625 ; 8.625 ; 8.625 ; 8.625 ;
; SW[0]      ; HEX0[4]     ; 8.622 ; 8.622 ; 8.622 ; 8.622 ;
; SW[0]      ; HEX0[5]     ;       ; 8.627 ; 8.627 ;       ;
; SW[0]      ; HEX0[6]     ; 8.622 ; 8.622 ; 8.622 ; 8.622 ;
; SW[0]      ; HEX1[0]     ;       ; 8.398 ; 8.398 ;       ;
; SW[0]      ; HEX1[1]     ; 8.259 ;       ;       ; 8.259 ;
; SW[0]      ; HEX1[2]     ; 8.259 ;       ;       ; 8.259 ;
; SW[0]      ; HEX1[3]     ; 8.031 ; 8.031 ; 8.031 ; 8.031 ;
; SW[0]      ; HEX1[4]     ; 8.041 ; 8.041 ; 8.041 ; 8.041 ;
; SW[0]      ; HEX1[5]     ;       ; 8.394 ; 8.394 ;       ;
; SW[0]      ; HEX1[6]     ; 8.396 ; 8.396 ; 8.396 ; 8.396 ;
; SW[0]      ; HEX2[0]     ;       ; 8.241 ; 8.241 ;       ;
; SW[0]      ; HEX2[1]     ; 7.423 ;       ;       ; 7.423 ;
; SW[0]      ; HEX2[2]     ; 7.463 ;       ;       ; 7.463 ;
; SW[0]      ; HEX2[3]     ; 7.938 ; 7.938 ; 7.938 ; 7.938 ;
; SW[0]      ; HEX2[4]     ; 8.257 ; 8.257 ; 8.257 ; 8.257 ;
; SW[0]      ; HEX2[5]     ;       ; 8.244 ; 8.244 ;       ;
; SW[0]      ; HEX2[6]     ; 8.269 ; 8.269 ; 8.269 ; 8.269 ;
; SW[1]      ; HEX0[0]     ; 9.153 ;       ;       ; 9.153 ;
; SW[1]      ; HEX0[3]     ; 9.230 ; 9.230 ; 9.230 ; 9.230 ;
; SW[1]      ; HEX0[4]     ; 9.227 ; 9.227 ; 9.227 ; 9.227 ;
; SW[1]      ; HEX0[5]     ; 9.171 ;       ;       ; 9.171 ;
; SW[1]      ; HEX0[6]     ; 9.227 ; 9.227 ; 9.227 ; 9.227 ;
; SW[1]      ; HEX1[0]     ; 8.805 ;       ;       ; 8.805 ;
; SW[1]      ; HEX1[3]     ; 8.492 ; 8.492 ; 8.492 ; 8.492 ;
; SW[1]      ; HEX1[4]     ; 8.502 ; 8.502 ; 8.502 ; 8.502 ;
; SW[1]      ; HEX1[5]     ; 8.801 ;       ;       ; 8.801 ;
; SW[1]      ; HEX1[6]     ; 8.857 ; 8.857 ; 8.857 ; 8.857 ;
; SW[1]      ; HEX2[0]     ; 8.296 ;       ;       ; 8.296 ;
; SW[1]      ; HEX2[3]     ; 8.063 ; 8.063 ; 8.063 ; 8.063 ;
; SW[1]      ; HEX2[4]     ; 8.382 ; 8.382 ; 8.382 ; 8.382 ;
; SW[1]      ; HEX2[5]     ; 8.299 ;       ;       ; 8.299 ;
; SW[1]      ; HEX2[6]     ; 8.394 ; 8.394 ; 8.394 ; 8.394 ;
; SW[2]      ; HEX0[0]     ;       ; 8.196 ; 8.196 ;       ;
; SW[2]      ; HEX0[1]     ; 7.741 ;       ;       ; 7.741 ;
; SW[2]      ; HEX0[2]     ; 7.731 ;       ;       ; 7.731 ;
; SW[2]      ; HEX0[3]     ; 8.210 ; 8.210 ; 8.210 ; 8.210 ;
; SW[2]      ; HEX0[4]     ; 8.207 ; 8.207 ; 8.207 ; 8.207 ;
; SW[2]      ; HEX0[5]     ;       ; 8.214 ; 8.214 ;       ;
; SW[2]      ; HEX0[6]     ; 8.207 ; 8.207 ; 8.207 ; 8.207 ;
; SW[2]      ; HEX1[0]     ;       ; 8.762 ; 8.762 ;       ;
; SW[2]      ; HEX1[1]     ; 8.623 ;       ;       ; 8.623 ;
; SW[2]      ; HEX1[2]     ; 8.623 ;       ;       ; 8.623 ;
; SW[2]      ; HEX1[3]     ; 8.395 ; 8.395 ; 8.395 ; 8.395 ;
; SW[2]      ; HEX1[4]     ; 8.405 ; 8.405 ; 8.405 ; 8.405 ;
; SW[2]      ; HEX1[5]     ;       ; 8.758 ; 8.758 ;       ;
; SW[2]      ; HEX1[6]     ; 8.760 ; 8.760 ; 8.760 ; 8.760 ;
; SW[2]      ; HEX2[0]     ;       ; 8.908 ; 8.908 ;       ;
; SW[2]      ; HEX2[1]     ; 8.803 ;       ;       ; 8.803 ;
; SW[2]      ; HEX2[2]     ; 8.843 ;       ;       ; 8.843 ;
; SW[2]      ; HEX2[3]     ; 8.609 ; 8.609 ; 8.609 ; 8.609 ;
; SW[2]      ; HEX2[4]     ; 8.928 ; 8.928 ; 8.928 ; 8.928 ;
; SW[2]      ; HEX2[5]     ;       ; 8.911 ; 8.911 ;       ;
; SW[2]      ; HEX2[6]     ; 8.940 ; 8.940 ; 8.940 ; 8.940 ;
; SW[3]      ; HEX0[0]     ; 8.043 ;       ;       ; 8.043 ;
; SW[3]      ; HEX0[3]     ; 8.067 ; 8.067 ; 8.067 ; 8.067 ;
; SW[3]      ; HEX0[4]     ; 8.064 ; 8.064 ; 8.064 ; 8.064 ;
; SW[3]      ; HEX0[5]     ; 8.061 ;       ;       ; 8.061 ;
; SW[3]      ; HEX0[6]     ; 8.064 ; 8.064 ; 8.064 ; 8.064 ;
; SW[3]      ; HEX1[0]     ; 8.599 ;       ;       ; 8.599 ;
; SW[3]      ; HEX1[3]     ; 8.286 ; 8.286 ; 8.286 ; 8.286 ;
; SW[3]      ; HEX1[4]     ; 8.296 ; 8.296 ; 8.296 ; 8.296 ;
; SW[3]      ; HEX1[5]     ; 8.595 ;       ;       ; 8.595 ;
; SW[3]      ; HEX1[6]     ; 8.651 ; 8.651 ; 8.651 ; 8.651 ;
; SW[3]      ; HEX2[0]     ; 9.124 ;       ;       ; 9.124 ;
; SW[3]      ; HEX2[3]     ; 8.909 ; 8.909 ; 8.909 ; 8.909 ;
; SW[3]      ; HEX2[4]     ; 9.228 ; 9.228 ; 9.228 ; 9.228 ;
; SW[3]      ; HEX2[5]     ; 9.127 ;       ;       ; 9.127 ;
; SW[3]      ; HEX2[6]     ; 9.240 ; 9.240 ; 9.240 ; 9.240 ;
; SW[4]      ; HEX0[0]     ;       ; 8.553 ; 8.553 ;       ;
; SW[4]      ; HEX0[1]     ; 8.591 ;       ;       ; 8.591 ;
; SW[4]      ; HEX0[2]     ; 8.581 ;       ;       ; 8.581 ;
; SW[4]      ; HEX0[3]     ; 8.569 ; 8.569 ; 8.569 ; 8.569 ;
; SW[4]      ; HEX0[4]     ; 8.566 ; 8.566 ; 8.566 ; 8.566 ;
; SW[4]      ; HEX0[5]     ;       ; 8.571 ; 8.571 ;       ;
; SW[4]      ; HEX0[6]     ; 8.566 ; 8.566 ; 8.566 ; 8.566 ;
; SW[4]      ; HEX1[0]     ;       ; 8.588 ; 8.588 ;       ;
; SW[4]      ; HEX1[1]     ; 7.085 ;       ;       ; 7.085 ;
; SW[4]      ; HEX1[2]     ; 7.085 ;       ;       ; 7.085 ;
; SW[4]      ; HEX1[3]     ; 8.211 ; 8.211 ; 8.211 ; 8.211 ;
; SW[4]      ; HEX1[4]     ; 8.221 ; 8.221 ; 8.221 ; 8.221 ;
; SW[4]      ; HEX1[5]     ;       ; 8.584 ; 8.584 ;       ;
; SW[4]      ; HEX1[6]     ; 8.576 ; 8.576 ; 8.576 ; 8.576 ;
; SW[4]      ; HEX2[0]     ;       ; 8.875 ; 8.875 ;       ;
; SW[4]      ; HEX2[1]     ; 8.770 ;       ;       ; 8.770 ;
; SW[4]      ; HEX2[2]     ; 8.810 ;       ;       ; 8.810 ;
; SW[4]      ; HEX2[3]     ; 8.576 ; 8.576 ; 8.576 ; 8.576 ;
; SW[4]      ; HEX2[4]     ; 8.895 ; 8.895 ; 8.895 ; 8.895 ;
; SW[4]      ; HEX2[5]     ;       ; 8.878 ; 8.878 ;       ;
; SW[4]      ; HEX2[6]     ; 8.907 ; 8.907 ; 8.907 ; 8.907 ;
; SW[5]      ; HEX0[0]     ; 7.972 ;       ;       ; 7.972 ;
; SW[5]      ; HEX0[3]     ; 8.049 ; 8.049 ; 8.049 ; 8.049 ;
; SW[5]      ; HEX0[4]     ; 8.046 ; 8.046 ; 8.046 ; 8.046 ;
; SW[5]      ; HEX0[5]     ; 7.990 ;       ;       ; 7.990 ;
; SW[5]      ; HEX0[6]     ; 8.046 ; 8.046 ; 8.046 ; 8.046 ;
; SW[5]      ; HEX1[0]     ; 7.721 ;       ;       ; 7.721 ;
; SW[5]      ; HEX1[3]     ; 7.354 ; 7.354 ; 7.354 ; 7.354 ;
; SW[5]      ; HEX1[4]     ; 7.364 ; 7.364 ; 7.364 ; 7.364 ;
; SW[5]      ; HEX1[5]     ; 7.717 ;       ;       ; 7.717 ;
; SW[5]      ; HEX1[6]     ; 7.719 ; 7.719 ; 7.719 ; 7.719 ;
; SW[5]      ; HEX2[0]     ; 8.541 ;       ;       ; 8.541 ;
; SW[5]      ; HEX2[3]     ; 8.326 ; 8.326 ; 8.326 ; 8.326 ;
; SW[5]      ; HEX2[4]     ; 8.645 ; 8.645 ; 8.645 ; 8.645 ;
; SW[5]      ; HEX2[5]     ; 8.544 ;       ;       ; 8.544 ;
; SW[5]      ; HEX2[6]     ; 8.657 ; 8.657 ; 8.657 ; 8.657 ;
; SW[8]      ; HEX0[0]     ; 7.130 ; 7.130 ; 7.130 ; 7.130 ;
; SW[8]      ; HEX0[1]     ; 6.972 ; 6.972 ; 6.972 ; 6.972 ;
; SW[8]      ; HEX0[2]     ; 6.962 ; 6.962 ; 6.962 ; 6.962 ;
; SW[8]      ; HEX0[3]     ; 7.207 ; 7.207 ; 7.207 ; 7.207 ;
; SW[8]      ; HEX0[4]     ; 7.204 ; 7.204 ; 7.204 ; 7.204 ;
; SW[8]      ; HEX0[5]     ; 7.148 ; 7.148 ; 7.148 ; 7.148 ;
; SW[8]      ; HEX0[6]     ; 7.204 ; 7.204 ; 7.204 ; 7.204 ;
; SW[8]      ; HEX1[0]     ; 7.165 ; 7.165 ; 7.165 ; 7.165 ;
; SW[8]      ; HEX1[1]     ; 6.580 ; 6.580 ; 6.580 ; 6.580 ;
; SW[8]      ; HEX1[2]     ; 6.580 ; 6.580 ; 6.580 ; 6.580 ;
; SW[8]      ; HEX1[3]     ; 6.852 ; 6.852 ; 6.852 ; 6.852 ;
; SW[8]      ; HEX1[4]     ; 6.862 ; 6.862 ; 6.862 ; 6.862 ;
; SW[8]      ; HEX1[5]     ; 7.161 ; 7.161 ; 7.161 ; 7.161 ;
; SW[8]      ; HEX1[6]     ; 7.217 ; 7.217 ; 7.217 ; 7.217 ;
; SW[8]      ; HEX2[0]     ; 7.738 ; 7.738 ; 7.738 ; 7.738 ;
; SW[8]      ; HEX2[1]     ; 7.463 ; 7.463 ; 7.463 ; 7.463 ;
; SW[8]      ; HEX2[2]     ; 7.503 ; 7.503 ; 7.503 ; 7.503 ;
; SW[8]      ; HEX2[3]     ; 7.523 ; 7.523 ; 7.523 ; 7.523 ;
; SW[8]      ; HEX2[4]     ; 7.842 ; 7.842 ; 7.842 ; 7.842 ;
; SW[8]      ; HEX2[5]     ; 7.741 ; 7.741 ; 7.741 ; 7.741 ;
; SW[8]      ; HEX2[6]     ; 7.854 ; 7.854 ; 7.854 ; 7.854 ;
; SW[9]      ; HEX0[0]     ; 7.282 ; 7.038 ; 7.038 ; 7.282 ;
; SW[9]      ; HEX0[1]     ; 6.301 ; 7.320 ; 7.320 ; 6.301 ;
; SW[9]      ; HEX0[2]     ; 6.291 ; 7.310 ; 7.310 ; 6.291 ;
; SW[9]      ; HEX0[3]     ; 7.298 ; 7.298 ; 7.298 ; 7.298 ;
; SW[9]      ; HEX0[4]     ; 7.295 ; 7.295 ; 7.295 ; 7.295 ;
; SW[9]      ; HEX0[5]     ; 7.300 ; 7.056 ; 7.056 ; 7.300 ;
; SW[9]      ; HEX0[6]     ; 7.295 ; 7.295 ; 7.295 ; 7.295 ;
; SW[9]      ; HEX1[0]     ; 7.076 ; 7.176 ; 7.176 ; 7.076 ;
; SW[9]      ; HEX1[1]     ; 6.112 ; 6.937 ; 6.937 ; 6.112 ;
; SW[9]      ; HEX1[2]     ; 6.112 ; 6.937 ; 6.937 ; 6.112 ;
; SW[9]      ; HEX1[3]     ; 6.799 ; 6.799 ; 6.799 ; 6.799 ;
; SW[9]      ; HEX1[4]     ; 6.809 ; 6.809 ; 6.809 ; 6.809 ;
; SW[9]      ; HEX1[5]     ; 7.072 ; 7.172 ; 7.172 ; 7.072 ;
; SW[9]      ; HEX1[6]     ; 7.164 ; 7.164 ; 7.164 ; 7.164 ;
; SW[9]      ; HEX2[0]     ; 7.464 ; 7.596 ; 7.596 ; 7.464 ;
; SW[9]      ; HEX2[1]     ; 6.379 ; 7.359 ; 7.359 ; 6.379 ;
; SW[9]      ; HEX2[2]     ; 6.419 ; 7.399 ; 7.399 ; 6.419 ;
; SW[9]      ; HEX2[3]     ; 7.381 ; 7.381 ; 7.381 ; 7.381 ;
; SW[9]      ; HEX2[4]     ; 7.700 ; 7.700 ; 7.700 ; 7.700 ;
; SW[9]      ; HEX2[5]     ; 7.467 ; 7.599 ; 7.599 ; 7.467 ;
; SW[9]      ; HEX2[6]     ; 7.712 ; 7.712 ; 7.712 ; 7.712 ;
+------------+-------------+-------+-------+-------+-------+


+----------------------------------------------------------+
; Minimum Propagation Delay                                ;
+------------+-------------+-------+-------+-------+-------+
; Input Port ; Output Port ; RR    ; RF    ; FR    ; FF    ;
+------------+-------------+-------+-------+-------+-------+
; SW[0]      ; HEX0[0]     ;       ; 8.609 ; 8.609 ;       ;
; SW[0]      ; HEX0[1]     ; 8.647 ;       ;       ; 8.647 ;
; SW[0]      ; HEX0[2]     ; 8.637 ;       ;       ; 8.637 ;
; SW[0]      ; HEX0[3]     ; 8.625 ; 8.625 ; 8.625 ; 8.625 ;
; SW[0]      ; HEX0[4]     ; 8.622 ; 8.622 ; 8.622 ; 8.622 ;
; SW[0]      ; HEX0[5]     ;       ; 8.627 ; 8.627 ;       ;
; SW[0]      ; HEX0[6]     ; 8.622 ; 8.622 ; 8.622 ; 8.622 ;
; SW[0]      ; HEX1[0]     ;       ; 8.398 ; 8.398 ;       ;
; SW[0]      ; HEX1[1]     ; 8.259 ;       ;       ; 8.259 ;
; SW[0]      ; HEX1[2]     ; 8.259 ;       ;       ; 8.259 ;
; SW[0]      ; HEX1[3]     ; 8.031 ; 8.031 ; 8.031 ; 8.031 ;
; SW[0]      ; HEX1[4]     ; 8.041 ; 8.041 ; 8.041 ; 8.041 ;
; SW[0]      ; HEX1[5]     ;       ; 8.394 ; 8.394 ;       ;
; SW[0]      ; HEX1[6]     ; 8.396 ; 8.396 ; 8.396 ; 8.396 ;
; SW[0]      ; HEX2[0]     ;       ; 8.241 ; 8.241 ;       ;
; SW[0]      ; HEX2[1]     ; 7.423 ;       ;       ; 7.423 ;
; SW[0]      ; HEX2[2]     ; 7.463 ;       ;       ; 7.463 ;
; SW[0]      ; HEX2[3]     ; 7.938 ; 7.938 ; 7.938 ; 7.938 ;
; SW[0]      ; HEX2[4]     ; 8.257 ; 8.257 ; 8.257 ; 8.257 ;
; SW[0]      ; HEX2[5]     ;       ; 8.244 ; 8.244 ;       ;
; SW[0]      ; HEX2[6]     ; 8.269 ; 8.269 ; 8.269 ; 8.269 ;
; SW[1]      ; HEX0[0]     ; 9.153 ;       ;       ; 9.153 ;
; SW[1]      ; HEX0[3]     ; 9.230 ; 9.230 ; 9.230 ; 9.230 ;
; SW[1]      ; HEX0[4]     ; 9.227 ; 9.227 ; 9.227 ; 9.227 ;
; SW[1]      ; HEX0[5]     ; 9.171 ;       ;       ; 9.171 ;
; SW[1]      ; HEX0[6]     ; 9.227 ; 9.227 ; 9.227 ; 9.227 ;
; SW[1]      ; HEX1[0]     ; 8.805 ;       ;       ; 8.805 ;
; SW[1]      ; HEX1[3]     ; 8.492 ; 8.492 ; 8.492 ; 8.492 ;
; SW[1]      ; HEX1[4]     ; 8.502 ; 8.502 ; 8.502 ; 8.502 ;
; SW[1]      ; HEX1[5]     ; 8.801 ;       ;       ; 8.801 ;
; SW[1]      ; HEX1[6]     ; 8.857 ; 8.857 ; 8.857 ; 8.857 ;
; SW[1]      ; HEX2[0]     ; 8.296 ;       ;       ; 8.296 ;
; SW[1]      ; HEX2[3]     ; 8.063 ; 8.063 ; 8.063 ; 8.063 ;
; SW[1]      ; HEX2[4]     ; 8.382 ; 8.382 ; 8.382 ; 8.382 ;
; SW[1]      ; HEX2[5]     ; 8.299 ;       ;       ; 8.299 ;
; SW[1]      ; HEX2[6]     ; 8.394 ; 8.394 ; 8.394 ; 8.394 ;
; SW[2]      ; HEX0[0]     ;       ; 8.196 ; 8.196 ;       ;
; SW[2]      ; HEX0[1]     ; 7.741 ;       ;       ; 7.741 ;
; SW[2]      ; HEX0[2]     ; 7.731 ;       ;       ; 7.731 ;
; SW[2]      ; HEX0[3]     ; 8.210 ; 8.210 ; 8.210 ; 8.210 ;
; SW[2]      ; HEX0[4]     ; 8.207 ; 8.207 ; 8.207 ; 8.207 ;
; SW[2]      ; HEX0[5]     ;       ; 8.214 ; 8.214 ;       ;
; SW[2]      ; HEX0[6]     ; 8.207 ; 8.207 ; 8.207 ; 8.207 ;
; SW[2]      ; HEX1[0]     ;       ; 8.762 ; 8.762 ;       ;
; SW[2]      ; HEX1[1]     ; 8.623 ;       ;       ; 8.623 ;
; SW[2]      ; HEX1[2]     ; 8.623 ;       ;       ; 8.623 ;
; SW[2]      ; HEX1[3]     ; 8.395 ; 8.395 ; 8.395 ; 8.395 ;
; SW[2]      ; HEX1[4]     ; 8.405 ; 8.405 ; 8.405 ; 8.405 ;
; SW[2]      ; HEX1[5]     ;       ; 8.758 ; 8.758 ;       ;
; SW[2]      ; HEX1[6]     ; 8.760 ; 8.760 ; 8.760 ; 8.760 ;
; SW[2]      ; HEX2[0]     ;       ; 8.908 ; 8.908 ;       ;
; SW[2]      ; HEX2[1]     ; 8.803 ;       ;       ; 8.803 ;
; SW[2]      ; HEX2[2]     ; 8.843 ;       ;       ; 8.843 ;
; SW[2]      ; HEX2[3]     ; 8.609 ; 8.609 ; 8.609 ; 8.609 ;
; SW[2]      ; HEX2[4]     ; 8.928 ; 8.928 ; 8.928 ; 8.928 ;
; SW[2]      ; HEX2[5]     ;       ; 8.911 ; 8.911 ;       ;
; SW[2]      ; HEX2[6]     ; 8.940 ; 8.940 ; 8.940 ; 8.940 ;
; SW[3]      ; HEX0[0]     ; 8.043 ;       ;       ; 8.043 ;
; SW[3]      ; HEX0[3]     ; 8.067 ; 8.067 ; 8.067 ; 8.067 ;
; SW[3]      ; HEX0[4]     ; 8.064 ; 8.064 ; 8.064 ; 8.064 ;
; SW[3]      ; HEX0[5]     ; 8.061 ;       ;       ; 8.061 ;
; SW[3]      ; HEX0[6]     ; 8.064 ; 8.064 ; 8.064 ; 8.064 ;
; SW[3]      ; HEX1[0]     ; 8.599 ;       ;       ; 8.599 ;
; SW[3]      ; HEX1[3]     ; 8.286 ; 8.286 ; 8.286 ; 8.286 ;
; SW[3]      ; HEX1[4]     ; 8.296 ; 8.296 ; 8.296 ; 8.296 ;
; SW[3]      ; HEX1[5]     ; 8.595 ;       ;       ; 8.595 ;
; SW[3]      ; HEX1[6]     ; 8.651 ; 8.651 ; 8.651 ; 8.651 ;
; SW[3]      ; HEX2[0]     ; 9.124 ;       ;       ; 9.124 ;
; SW[3]      ; HEX2[3]     ; 8.909 ; 8.909 ; 8.909 ; 8.909 ;
; SW[3]      ; HEX2[4]     ; 9.228 ; 9.228 ; 9.228 ; 9.228 ;
; SW[3]      ; HEX2[5]     ; 9.127 ;       ;       ; 9.127 ;
; SW[3]      ; HEX2[6]     ; 9.240 ; 9.240 ; 9.240 ; 9.240 ;
; SW[4]      ; HEX0[0]     ;       ; 8.553 ; 8.553 ;       ;
; SW[4]      ; HEX0[1]     ; 8.591 ;       ;       ; 8.591 ;
; SW[4]      ; HEX0[2]     ; 8.581 ;       ;       ; 8.581 ;
; SW[4]      ; HEX0[3]     ; 8.569 ; 8.569 ; 8.569 ; 8.569 ;
; SW[4]      ; HEX0[4]     ; 8.566 ; 8.566 ; 8.566 ; 8.566 ;
; SW[4]      ; HEX0[5]     ;       ; 8.571 ; 8.571 ;       ;
; SW[4]      ; HEX0[6]     ; 8.566 ; 8.566 ; 8.566 ; 8.566 ;
; SW[4]      ; HEX1[0]     ;       ; 8.588 ; 8.588 ;       ;
; SW[4]      ; HEX1[1]     ; 7.085 ;       ;       ; 7.085 ;
; SW[4]      ; HEX1[2]     ; 7.085 ;       ;       ; 7.085 ;
; SW[4]      ; HEX1[3]     ; 8.211 ; 8.211 ; 8.211 ; 8.211 ;
; SW[4]      ; HEX1[4]     ; 8.221 ; 8.221 ; 8.221 ; 8.221 ;
; SW[4]      ; HEX1[5]     ;       ; 8.584 ; 8.584 ;       ;
; SW[4]      ; HEX1[6]     ; 8.576 ; 8.576 ; 8.576 ; 8.576 ;
; SW[4]      ; HEX2[0]     ;       ; 8.875 ; 8.875 ;       ;
; SW[4]      ; HEX2[1]     ; 8.770 ;       ;       ; 8.770 ;
; SW[4]      ; HEX2[2]     ; 8.810 ;       ;       ; 8.810 ;
; SW[4]      ; HEX2[3]     ; 8.576 ; 8.576 ; 8.576 ; 8.576 ;
; SW[4]      ; HEX2[4]     ; 8.895 ; 8.895 ; 8.895 ; 8.895 ;
; SW[4]      ; HEX2[5]     ;       ; 8.878 ; 8.878 ;       ;
; SW[4]      ; HEX2[6]     ; 8.907 ; 8.907 ; 8.907 ; 8.907 ;
; SW[5]      ; HEX0[0]     ; 7.972 ;       ;       ; 7.972 ;
; SW[5]      ; HEX0[3]     ; 8.049 ; 8.049 ; 8.049 ; 8.049 ;
; SW[5]      ; HEX0[4]     ; 8.046 ; 8.046 ; 8.046 ; 8.046 ;
; SW[5]      ; HEX0[5]     ; 7.990 ;       ;       ; 7.990 ;
; SW[5]      ; HEX0[6]     ; 8.046 ; 8.046 ; 8.046 ; 8.046 ;
; SW[5]      ; HEX1[0]     ; 7.721 ;       ;       ; 7.721 ;
; SW[5]      ; HEX1[3]     ; 7.354 ; 7.354 ; 7.354 ; 7.354 ;
; SW[5]      ; HEX1[4]     ; 7.364 ; 7.364 ; 7.364 ; 7.364 ;
; SW[5]      ; HEX1[5]     ; 7.717 ;       ;       ; 7.717 ;
; SW[5]      ; HEX1[6]     ; 7.719 ; 7.719 ; 7.719 ; 7.719 ;
; SW[5]      ; HEX2[0]     ; 8.541 ;       ;       ; 8.541 ;
; SW[5]      ; HEX2[3]     ; 8.326 ; 8.326 ; 8.326 ; 8.326 ;
; SW[5]      ; HEX2[4]     ; 8.645 ; 8.645 ; 8.645 ; 8.645 ;
; SW[5]      ; HEX2[5]     ; 8.544 ;       ;       ; 8.544 ;
; SW[5]      ; HEX2[6]     ; 8.657 ; 8.657 ; 8.657 ; 8.657 ;
; SW[8]      ; HEX0[0]     ; 6.934 ; 6.934 ; 6.934 ; 6.934 ;
; SW[8]      ; HEX0[1]     ; 6.972 ; 6.972 ; 6.972 ; 6.972 ;
; SW[8]      ; HEX0[2]     ; 6.962 ; 6.962 ; 6.962 ; 6.962 ;
; SW[8]      ; HEX0[3]     ; 6.950 ; 6.950 ; 6.950 ; 6.950 ;
; SW[8]      ; HEX0[4]     ; 6.947 ; 6.947 ; 6.947 ; 6.947 ;
; SW[8]      ; HEX0[5]     ; 6.952 ; 6.952 ; 6.952 ; 6.952 ;
; SW[8]      ; HEX0[6]     ; 6.947 ; 6.947 ; 6.947 ; 6.947 ;
; SW[8]      ; HEX1[0]     ; 6.719 ; 6.719 ; 6.719 ; 6.719 ;
; SW[8]      ; HEX1[1]     ; 6.580 ; 6.580 ; 6.580 ; 6.580 ;
; SW[8]      ; HEX1[2]     ; 6.580 ; 6.580 ; 6.580 ; 6.580 ;
; SW[8]      ; HEX1[3]     ; 6.352 ; 6.352 ; 6.352 ; 6.352 ;
; SW[8]      ; HEX1[4]     ; 6.362 ; 6.362 ; 6.362 ; 6.362 ;
; SW[8]      ; HEX1[5]     ; 6.715 ; 6.715 ; 6.715 ; 6.715 ;
; SW[8]      ; HEX1[6]     ; 6.717 ; 6.717 ; 6.717 ; 6.717 ;
; SW[8]      ; HEX2[0]     ; 7.568 ; 7.568 ; 7.568 ; 7.568 ;
; SW[8]      ; HEX2[1]     ; 7.463 ; 7.463 ; 7.463 ; 7.463 ;
; SW[8]      ; HEX2[2]     ; 7.503 ; 7.503 ; 7.503 ; 7.503 ;
; SW[8]      ; HEX2[3]     ; 7.269 ; 7.269 ; 7.269 ; 7.269 ;
; SW[8]      ; HEX2[4]     ; 7.588 ; 7.588 ; 7.588 ; 7.588 ;
; SW[8]      ; HEX2[5]     ; 7.571 ; 7.571 ; 7.571 ; 7.571 ;
; SW[8]      ; HEX2[6]     ; 7.600 ; 7.600 ; 7.600 ; 7.600 ;
; SW[9]      ; HEX0[0]     ; 6.900 ; 6.751 ; 6.751 ; 6.900 ;
; SW[9]      ; HEX0[1]     ; 6.301 ; 7.320 ; 7.320 ; 6.301 ;
; SW[9]      ; HEX0[2]     ; 6.291 ; 7.310 ; 7.310 ; 6.291 ;
; SW[9]      ; HEX0[3]     ; 6.765 ; 6.765 ; 6.765 ; 6.765 ;
; SW[9]      ; HEX0[4]     ; 6.762 ; 6.762 ; 6.762 ; 6.762 ;
; SW[9]      ; HEX0[5]     ; 6.918 ; 6.769 ; 6.769 ; 6.918 ;
; SW[9]      ; HEX0[6]     ; 6.762 ; 6.762 ; 6.762 ; 6.762 ;
; SW[9]      ; HEX1[0]     ; 6.786 ; 7.077 ; 7.077 ; 6.786 ;
; SW[9]      ; HEX1[1]     ; 6.112 ; 6.937 ; 6.937 ; 6.112 ;
; SW[9]      ; HEX1[2]     ; 6.112 ; 6.937 ; 6.937 ; 6.112 ;
; SW[9]      ; HEX1[3]     ; 6.419 ; 6.419 ; 6.419 ; 6.419 ;
; SW[9]      ; HEX1[4]     ; 6.429 ; 6.429 ; 6.429 ; 6.429 ;
; SW[9]      ; HEX1[5]     ; 6.782 ; 7.073 ; 7.073 ; 6.782 ;
; SW[9]      ; HEX1[6]     ; 6.784 ; 6.784 ; 6.784 ; 6.784 ;
; SW[9]      ; HEX2[0]     ; 7.463 ; 6.856 ; 6.856 ; 7.463 ;
; SW[9]      ; HEX2[1]     ; 6.379 ; 7.359 ; 7.359 ; 6.379 ;
; SW[9]      ; HEX2[2]     ; 6.419 ; 7.399 ; 7.399 ; 6.419 ;
; SW[9]      ; HEX2[3]     ; 6.553 ; 6.553 ; 6.553 ; 6.553 ;
; SW[9]      ; HEX2[4]     ; 6.872 ; 6.872 ; 6.872 ; 6.872 ;
; SW[9]      ; HEX2[5]     ; 7.466 ; 6.859 ; 6.859 ; 7.466 ;
; SW[9]      ; HEX2[6]     ; 6.884 ; 6.884 ; 6.884 ; 6.884 ;
+------------+-------------+-------+-------+-------+-------+


----------------------------
; Fast Model Setup Summary ;
----------------------------
No paths to report.


---------------------------
; Fast Model Hold Summary ;
---------------------------
No paths to report.


-------------------------------
; Fast Model Recovery Summary ;
-------------------------------
No paths to report.


------------------------------
; Fast Model Removal Summary ;
------------------------------
No paths to report.


------------------------------------------
; Fast Model Minimum Pulse Width Summary ;
------------------------------------------
No paths to report.


+----------------------------------------------------------+
; Propagation Delay                                        ;
+------------+-------------+-------+-------+-------+-------+
; Input Port ; Output Port ; RR    ; RF    ; FR    ; FF    ;
+------------+-------------+-------+-------+-------+-------+
; SW[0]      ; HEX0[0]     ;       ; 3.884 ; 3.884 ;       ;
; SW[0]      ; HEX0[1]     ; 3.918 ;       ;       ; 3.918 ;
; SW[0]      ; HEX0[2]     ; 3.910 ;       ;       ; 3.910 ;
; SW[0]      ; HEX0[3]     ; 3.902 ; 3.902 ; 3.902 ; 3.902 ;
; SW[0]      ; HEX0[4]     ; 3.899 ; 3.899 ; 3.899 ; 3.899 ;
; SW[0]      ; HEX0[5]     ;       ; 3.904 ; 3.904 ;       ;
; SW[0]      ; HEX0[6]     ; 3.899 ; 3.899 ; 3.899 ; 3.899 ;
; SW[0]      ; HEX1[0]     ;       ; 3.836 ; 3.836 ;       ;
; SW[0]      ; HEX1[1]     ; 3.748 ;       ;       ; 3.748 ;
; SW[0]      ; HEX1[2]     ; 3.748 ;       ;       ; 3.748 ;
; SW[0]      ; HEX1[3]     ; 3.680 ; 3.680 ; 3.680 ; 3.680 ;
; SW[0]      ; HEX1[4]     ; 3.690 ; 3.690 ; 3.690 ; 3.690 ;
; SW[0]      ; HEX1[5]     ;       ; 3.833 ; 3.833 ;       ;
; SW[0]      ; HEX1[6]     ; 3.834 ; 3.834 ; 3.834 ; 3.834 ;
; SW[0]      ; HEX2[0]     ;       ; 3.771 ; 3.771 ;       ;
; SW[0]      ; HEX2[1]     ; 3.445 ;       ;       ; 3.445 ;
; SW[0]      ; HEX2[2]     ; 3.485 ;       ;       ; 3.485 ;
; SW[0]      ; HEX2[3]     ; 3.680 ; 3.680 ; 3.680 ; 3.680 ;
; SW[0]      ; HEX2[4]     ; 3.787 ; 3.787 ; 3.787 ; 3.787 ;
; SW[0]      ; HEX2[5]     ;       ; 3.777 ; 3.777 ;       ;
; SW[0]      ; HEX2[6]     ; 3.799 ; 3.799 ; 3.799 ; 3.799 ;
; SW[1]      ; HEX0[0]     ; 4.118 ;       ;       ; 4.118 ;
; SW[1]      ; HEX0[3]     ; 4.139 ; 4.139 ; 4.139 ; 4.139 ;
; SW[1]      ; HEX0[4]     ; 4.136 ; 4.136 ; 4.136 ; 4.136 ;
; SW[1]      ; HEX0[5]     ; 4.138 ;       ;       ; 4.138 ;
; SW[1]      ; HEX0[6]     ; 4.136 ; 4.136 ; 4.136 ; 4.136 ;
; SW[1]      ; HEX1[0]     ; 4.027 ;       ;       ; 4.027 ;
; SW[1]      ; HEX1[3]     ; 3.866 ; 3.866 ; 3.866 ; 3.866 ;
; SW[1]      ; HEX1[4]     ; 3.876 ; 3.876 ; 3.876 ; 3.876 ;
; SW[1]      ; HEX1[5]     ; 4.024 ;       ;       ; 4.024 ;
; SW[1]      ; HEX1[6]     ; 4.020 ; 4.020 ; 4.020 ; 4.020 ;
; SW[1]      ; HEX2[0]     ; 3.790 ;       ;       ; 3.790 ;
; SW[1]      ; HEX2[3]     ; 3.698 ; 3.698 ; 3.698 ; 3.698 ;
; SW[1]      ; HEX2[4]     ; 3.805 ; 3.805 ; 3.805 ; 3.805 ;
; SW[1]      ; HEX2[5]     ; 3.796 ;       ;       ; 3.796 ;
; SW[1]      ; HEX2[6]     ; 3.817 ; 3.817 ; 3.817 ; 3.817 ;
; SW[2]      ; HEX0[0]     ;       ; 3.752 ; 3.752 ;       ;
; SW[2]      ; HEX0[1]     ; 3.609 ;       ;       ; 3.609 ;
; SW[2]      ; HEX0[2]     ; 3.601 ;       ;       ; 3.601 ;
; SW[2]      ; HEX0[3]     ; 3.767 ; 3.767 ; 3.767 ; 3.767 ;
; SW[2]      ; HEX0[4]     ; 3.764 ; 3.764 ; 3.764 ; 3.764 ;
; SW[2]      ; HEX0[5]     ;       ; 3.772 ; 3.772 ;       ;
; SW[2]      ; HEX0[6]     ; 3.764 ; 3.764 ; 3.764 ; 3.764 ;
; SW[2]      ; HEX1[0]     ;       ; 3.961 ; 3.961 ;       ;
; SW[2]      ; HEX1[1]     ; 3.873 ;       ;       ; 3.873 ;
; SW[2]      ; HEX1[2]     ; 3.873 ;       ;       ; 3.873 ;
; SW[2]      ; HEX1[3]     ; 3.805 ; 3.805 ; 3.805 ; 3.805 ;
; SW[2]      ; HEX1[4]     ; 3.815 ; 3.815 ; 3.815 ; 3.815 ;
; SW[2]      ; HEX1[5]     ;       ; 3.958 ; 3.958 ;       ;
; SW[2]      ; HEX1[6]     ; 3.959 ; 3.959 ; 3.959 ; 3.959 ;
; SW[2]      ; HEX2[0]     ;       ; 4.005 ; 4.005 ;       ;
; SW[2]      ; HEX2[1]     ; 3.955 ;       ;       ; 3.955 ;
; SW[2]      ; HEX2[2]     ; 3.995 ;       ;       ; 3.995 ;
; SW[2]      ; HEX2[3]     ; 3.918 ; 3.918 ; 3.918 ; 3.918 ;
; SW[2]      ; HEX2[4]     ; 4.025 ; 4.025 ; 4.025 ; 4.025 ;
; SW[2]      ; HEX2[5]     ;       ; 4.011 ; 4.011 ;       ;
; SW[2]      ; HEX2[6]     ; 4.037 ; 4.037 ; 4.037 ; 4.037 ;
; SW[3]      ; HEX0[0]     ; 3.727 ;       ;       ; 3.727 ;
; SW[3]      ; HEX0[3]     ; 3.754 ; 3.754 ; 3.754 ; 3.754 ;
; SW[3]      ; HEX0[4]     ; 3.751 ; 3.751 ; 3.751 ; 3.751 ;
; SW[3]      ; HEX0[5]     ; 3.747 ;       ;       ; 3.747 ;
; SW[3]      ; HEX0[6]     ; 3.751 ; 3.751 ; 3.751 ; 3.751 ;
; SW[3]      ; HEX1[0]     ; 3.963 ;       ;       ; 3.963 ;
; SW[3]      ; HEX1[3]     ; 3.802 ; 3.802 ; 3.802 ; 3.802 ;
; SW[3]      ; HEX1[4]     ; 3.812 ; 3.812 ; 3.812 ; 3.812 ;
; SW[3]      ; HEX1[5]     ; 3.960 ;       ;       ; 3.960 ;
; SW[3]      ; HEX1[6]     ; 3.956 ; 3.956 ; 3.956 ; 3.956 ;
; SW[3]      ; HEX2[0]     ; 4.131 ;       ;       ; 4.131 ;
; SW[3]      ; HEX2[3]     ; 4.041 ; 4.041 ; 4.041 ; 4.041 ;
; SW[3]      ; HEX2[4]     ; 4.148 ; 4.148 ; 4.148 ; 4.148 ;
; SW[3]      ; HEX2[5]     ; 4.137 ;       ;       ; 4.137 ;
; SW[3]      ; HEX2[6]     ; 4.160 ; 4.160 ; 4.160 ; 4.160 ;
; SW[4]      ; HEX0[0]     ;       ; 3.859 ; 3.859 ;       ;
; SW[4]      ; HEX0[1]     ; 3.893 ;       ;       ; 3.893 ;
; SW[4]      ; HEX0[2]     ; 3.885 ;       ;       ; 3.885 ;
; SW[4]      ; HEX0[3]     ; 3.877 ; 3.877 ; 3.877 ; 3.877 ;
; SW[4]      ; HEX0[4]     ; 3.874 ; 3.874 ; 3.874 ; 3.874 ;
; SW[4]      ; HEX0[5]     ;       ; 3.879 ; 3.879 ;       ;
; SW[4]      ; HEX0[6]     ; 3.874 ; 3.874 ; 3.874 ; 3.874 ;
; SW[4]      ; HEX1[0]     ;       ; 3.899 ; 3.899 ;       ;
; SW[4]      ; HEX1[1]     ; 3.326 ;       ;       ; 3.326 ;
; SW[4]      ; HEX1[2]     ; 3.326 ;       ;       ; 3.326 ;
; SW[4]      ; HEX1[3]     ; 3.728 ; 3.728 ; 3.728 ; 3.728 ;
; SW[4]      ; HEX1[4]     ; 3.738 ; 3.738 ; 3.738 ; 3.738 ;
; SW[4]      ; HEX1[5]     ;       ; 3.896 ; 3.896 ;       ;
; SW[4]      ; HEX1[6]     ; 3.882 ; 3.882 ; 3.882 ; 3.882 ;
; SW[4]      ; HEX2[0]     ;       ; 3.978 ; 3.978 ;       ;
; SW[4]      ; HEX2[1]     ; 3.928 ;       ;       ; 3.928 ;
; SW[4]      ; HEX2[2]     ; 3.968 ;       ;       ; 3.968 ;
; SW[4]      ; HEX2[3]     ; 3.891 ; 3.891 ; 3.891 ; 3.891 ;
; SW[4]      ; HEX2[4]     ; 3.998 ; 3.998 ; 3.998 ; 3.998 ;
; SW[4]      ; HEX2[5]     ;       ; 3.984 ; 3.984 ;       ;
; SW[4]      ; HEX2[6]     ; 4.010 ; 4.010 ; 4.010 ; 4.010 ;
; SW[5]      ; HEX0[0]     ; 3.655 ;       ;       ; 3.655 ;
; SW[5]      ; HEX0[3]     ; 3.676 ; 3.676 ; 3.676 ; 3.676 ;
; SW[5]      ; HEX0[4]     ; 3.673 ; 3.673 ; 3.673 ; 3.673 ;
; SW[5]      ; HEX0[5]     ; 3.675 ;       ;       ; 3.675 ;
; SW[5]      ; HEX0[6]     ; 3.673 ; 3.673 ; 3.673 ; 3.673 ;
; SW[5]      ; HEX1[0]     ; 3.569 ;       ;       ; 3.569 ;
; SW[5]      ; HEX1[3]     ; 3.414 ; 3.414 ; 3.414 ; 3.414 ;
; SW[5]      ; HEX1[4]     ; 3.424 ; 3.424 ; 3.424 ; 3.424 ;
; SW[5]      ; HEX1[5]     ; 3.566 ;       ;       ; 3.566 ;
; SW[5]      ; HEX1[6]     ; 3.568 ; 3.568 ; 3.568 ; 3.568 ;
; SW[5]      ; HEX2[0]     ; 3.867 ;       ;       ; 3.867 ;
; SW[5]      ; HEX2[3]     ; 3.777 ; 3.777 ; 3.777 ; 3.777 ;
; SW[5]      ; HEX2[4]     ; 3.884 ; 3.884 ; 3.884 ; 3.884 ;
; SW[5]      ; HEX2[5]     ; 3.873 ;       ;       ; 3.873 ;
; SW[5]      ; HEX2[6]     ; 3.896 ; 3.896 ; 3.896 ; 3.896 ;
; SW[8]      ; HEX0[0]     ; 3.291 ; 3.291 ; 3.291 ; 3.291 ;
; SW[8]      ; HEX0[1]     ; 3.222 ; 3.222 ; 3.222 ; 3.222 ;
; SW[8]      ; HEX0[2]     ; 3.214 ; 3.214 ; 3.214 ; 3.214 ;
; SW[8]      ; HEX0[3]     ; 3.312 ; 3.312 ; 3.312 ; 3.312 ;
; SW[8]      ; HEX0[4]     ; 3.309 ; 3.309 ; 3.309 ; 3.309 ;
; SW[8]      ; HEX0[5]     ; 3.311 ; 3.311 ; 3.311 ; 3.311 ;
; SW[8]      ; HEX0[6]     ; 3.309 ; 3.309 ; 3.309 ; 3.309 ;
; SW[8]      ; HEX1[0]     ; 3.326 ; 3.326 ; 3.326 ; 3.326 ;
; SW[8]      ; HEX1[1]     ; 3.047 ; 3.047 ; 3.047 ; 3.047 ;
; SW[8]      ; HEX1[2]     ; 3.047 ; 3.047 ; 3.047 ; 3.047 ;
; SW[8]      ; HEX1[3]     ; 3.165 ; 3.165 ; 3.165 ; 3.165 ;
; SW[8]      ; HEX1[4]     ; 3.175 ; 3.175 ; 3.175 ; 3.175 ;
; SW[8]      ; HEX1[5]     ; 3.323 ; 3.323 ; 3.323 ; 3.323 ;
; SW[8]      ; HEX1[6]     ; 3.319 ; 3.319 ; 3.319 ; 3.319 ;
; SW[8]      ; HEX2[0]     ; 3.502 ; 3.502 ; 3.502 ; 3.502 ;
; SW[8]      ; HEX2[1]     ; 3.386 ; 3.386 ; 3.386 ; 3.386 ;
; SW[8]      ; HEX2[2]     ; 3.426 ; 3.426 ; 3.426 ; 3.426 ;
; SW[8]      ; HEX2[3]     ; 3.412 ; 3.412 ; 3.412 ; 3.412 ;
; SW[8]      ; HEX2[4]     ; 3.519 ; 3.519 ; 3.519 ; 3.519 ;
; SW[8]      ; HEX2[5]     ; 3.508 ; 3.508 ; 3.508 ; 3.508 ;
; SW[8]      ; HEX2[6]     ; 3.531 ; 3.531 ; 3.531 ; 3.531 ;
; SW[9]      ; HEX0[0]     ; 3.352 ; 3.266 ; 3.266 ; 3.352 ;
; SW[9]      ; HEX0[1]     ; 3.011 ; 3.386 ; 3.386 ; 3.011 ;
; SW[9]      ; HEX0[2]     ; 3.003 ; 3.378 ; 3.378 ; 3.003 ;
; SW[9]      ; HEX0[3]     ; 3.370 ; 3.370 ; 3.370 ; 3.370 ;
; SW[9]      ; HEX0[4]     ; 3.367 ; 3.367 ; 3.367 ; 3.367 ;
; SW[9]      ; HEX0[5]     ; 3.372 ; 3.286 ; 3.286 ; 3.372 ;
; SW[9]      ; HEX0[6]     ; 3.367 ; 3.367 ; 3.367 ; 3.367 ;
; SW[9]      ; HEX1[0]     ; 3.304 ; 3.340 ; 3.340 ; 3.304 ;
; SW[9]      ; HEX1[1]     ; 2.907 ; 3.216 ; 3.216 ; 2.907 ;
; SW[9]      ; HEX1[2]     ; 2.907 ; 3.216 ; 3.216 ; 2.907 ;
; SW[9]      ; HEX1[3]     ; 3.169 ; 3.169 ; 3.169 ; 3.169 ;
; SW[9]      ; HEX1[4]     ; 3.179 ; 3.179 ; 3.179 ; 3.179 ;
; SW[9]      ; HEX1[5]     ; 3.301 ; 3.337 ; 3.337 ; 3.301 ;
; SW[9]      ; HEX1[6]     ; 3.323 ; 3.323 ; 3.323 ; 3.323 ;
; SW[9]      ; HEX2[0]     ; 3.426 ; 3.470 ; 3.470 ; 3.426 ;
; SW[9]      ; HEX2[1]     ; 2.996 ; 3.351 ; 3.351 ; 2.996 ;
; SW[9]      ; HEX2[2]     ; 3.036 ; 3.391 ; 3.391 ; 3.036 ;
; SW[9]      ; HEX2[3]     ; 3.380 ; 3.380 ; 3.380 ; 3.380 ;
; SW[9]      ; HEX2[4]     ; 3.487 ; 3.487 ; 3.487 ; 3.487 ;
; SW[9]      ; HEX2[5]     ; 3.432 ; 3.476 ; 3.476 ; 3.432 ;
; SW[9]      ; HEX2[6]     ; 3.499 ; 3.499 ; 3.499 ; 3.499 ;
+------------+-------------+-------+-------+-------+-------+


+----------------------------------------------------------+
; Minimum Propagation Delay                                ;
+------------+-------------+-------+-------+-------+-------+
; Input Port ; Output Port ; RR    ; RF    ; FR    ; FF    ;
+------------+-------------+-------+-------+-------+-------+
; SW[0]      ; HEX0[0]     ;       ; 3.884 ; 3.884 ;       ;
; SW[0]      ; HEX0[1]     ; 3.918 ;       ;       ; 3.918 ;
; SW[0]      ; HEX0[2]     ; 3.910 ;       ;       ; 3.910 ;
; SW[0]      ; HEX0[3]     ; 3.902 ; 3.902 ; 3.902 ; 3.902 ;
; SW[0]      ; HEX0[4]     ; 3.899 ; 3.899 ; 3.899 ; 3.899 ;
; SW[0]      ; HEX0[5]     ;       ; 3.904 ; 3.904 ;       ;
; SW[0]      ; HEX0[6]     ; 3.899 ; 3.899 ; 3.899 ; 3.899 ;
; SW[0]      ; HEX1[0]     ;       ; 3.836 ; 3.836 ;       ;
; SW[0]      ; HEX1[1]     ; 3.748 ;       ;       ; 3.748 ;
; SW[0]      ; HEX1[2]     ; 3.748 ;       ;       ; 3.748 ;
; SW[0]      ; HEX1[3]     ; 3.680 ; 3.680 ; 3.680 ; 3.680 ;
; SW[0]      ; HEX1[4]     ; 3.690 ; 3.690 ; 3.690 ; 3.690 ;
; SW[0]      ; HEX1[5]     ;       ; 3.833 ; 3.833 ;       ;
; SW[0]      ; HEX1[6]     ; 3.834 ; 3.834 ; 3.834 ; 3.834 ;
; SW[0]      ; HEX2[0]     ;       ; 3.771 ; 3.771 ;       ;
; SW[0]      ; HEX2[1]     ; 3.445 ;       ;       ; 3.445 ;
; SW[0]      ; HEX2[2]     ; 3.485 ;       ;       ; 3.485 ;
; SW[0]      ; HEX2[3]     ; 3.680 ; 3.680 ; 3.680 ; 3.680 ;
; SW[0]      ; HEX2[4]     ; 3.787 ; 3.787 ; 3.787 ; 3.787 ;
; SW[0]      ; HEX2[5]     ;       ; 3.777 ; 3.777 ;       ;
; SW[0]      ; HEX2[6]     ; 3.799 ; 3.799 ; 3.799 ; 3.799 ;
; SW[1]      ; HEX0[0]     ; 4.118 ;       ;       ; 4.118 ;
; SW[1]      ; HEX0[3]     ; 4.139 ; 4.139 ; 4.139 ; 4.139 ;
; SW[1]      ; HEX0[4]     ; 4.136 ; 4.136 ; 4.136 ; 4.136 ;
; SW[1]      ; HEX0[5]     ; 4.138 ;       ;       ; 4.138 ;
; SW[1]      ; HEX0[6]     ; 4.136 ; 4.136 ; 4.136 ; 4.136 ;
; SW[1]      ; HEX1[0]     ; 4.027 ;       ;       ; 4.027 ;
; SW[1]      ; HEX1[3]     ; 3.866 ; 3.866 ; 3.866 ; 3.866 ;
; SW[1]      ; HEX1[4]     ; 3.876 ; 3.876 ; 3.876 ; 3.876 ;
; SW[1]      ; HEX1[5]     ; 4.024 ;       ;       ; 4.024 ;
; SW[1]      ; HEX1[6]     ; 4.020 ; 4.020 ; 4.020 ; 4.020 ;
; SW[1]      ; HEX2[0]     ; 3.790 ;       ;       ; 3.790 ;
; SW[1]      ; HEX2[3]     ; 3.698 ; 3.698 ; 3.698 ; 3.698 ;
; SW[1]      ; HEX2[4]     ; 3.805 ; 3.805 ; 3.805 ; 3.805 ;
; SW[1]      ; HEX2[5]     ; 3.796 ;       ;       ; 3.796 ;
; SW[1]      ; HEX2[6]     ; 3.817 ; 3.817 ; 3.817 ; 3.817 ;
; SW[2]      ; HEX0[0]     ;       ; 3.752 ; 3.752 ;       ;
; SW[2]      ; HEX0[1]     ; 3.609 ;       ;       ; 3.609 ;
; SW[2]      ; HEX0[2]     ; 3.601 ;       ;       ; 3.601 ;
; SW[2]      ; HEX0[3]     ; 3.767 ; 3.767 ; 3.767 ; 3.767 ;
; SW[2]      ; HEX0[4]     ; 3.764 ; 3.764 ; 3.764 ; 3.764 ;
; SW[2]      ; HEX0[5]     ;       ; 3.772 ; 3.772 ;       ;
; SW[2]      ; HEX0[6]     ; 3.764 ; 3.764 ; 3.764 ; 3.764 ;
; SW[2]      ; HEX1[0]     ;       ; 3.961 ; 3.961 ;       ;
; SW[2]      ; HEX1[1]     ; 3.873 ;       ;       ; 3.873 ;
; SW[2]      ; HEX1[2]     ; 3.873 ;       ;       ; 3.873 ;
; SW[2]      ; HEX1[3]     ; 3.805 ; 3.805 ; 3.805 ; 3.805 ;
; SW[2]      ; HEX1[4]     ; 3.815 ; 3.815 ; 3.815 ; 3.815 ;
; SW[2]      ; HEX1[5]     ;       ; 3.958 ; 3.958 ;       ;
; SW[2]      ; HEX1[6]     ; 3.959 ; 3.959 ; 3.959 ; 3.959 ;
; SW[2]      ; HEX2[0]     ;       ; 4.005 ; 4.005 ;       ;
; SW[2]      ; HEX2[1]     ; 3.955 ;       ;       ; 3.955 ;
; SW[2]      ; HEX2[2]     ; 3.995 ;       ;       ; 3.995 ;
; SW[2]      ; HEX2[3]     ; 3.918 ; 3.918 ; 3.918 ; 3.918 ;
; SW[2]      ; HEX2[4]     ; 4.025 ; 4.025 ; 4.025 ; 4.025 ;
; SW[2]      ; HEX2[5]     ;       ; 4.011 ; 4.011 ;       ;
; SW[2]      ; HEX2[6]     ; 4.037 ; 4.037 ; 4.037 ; 4.037 ;
; SW[3]      ; HEX0[0]     ; 3.727 ;       ;       ; 3.727 ;
; SW[3]      ; HEX0[3]     ; 3.754 ; 3.754 ; 3.754 ; 3.754 ;
; SW[3]      ; HEX0[4]     ; 3.751 ; 3.751 ; 3.751 ; 3.751 ;
; SW[3]      ; HEX0[5]     ; 3.747 ;       ;       ; 3.747 ;
; SW[3]      ; HEX0[6]     ; 3.751 ; 3.751 ; 3.751 ; 3.751 ;
; SW[3]      ; HEX1[0]     ; 3.963 ;       ;       ; 3.963 ;
; SW[3]      ; HEX1[3]     ; 3.802 ; 3.802 ; 3.802 ; 3.802 ;
; SW[3]      ; HEX1[4]     ; 3.812 ; 3.812 ; 3.812 ; 3.812 ;
; SW[3]      ; HEX1[5]     ; 3.960 ;       ;       ; 3.960 ;
; SW[3]      ; HEX1[6]     ; 3.956 ; 3.956 ; 3.956 ; 3.956 ;
; SW[3]      ; HEX2[0]     ; 4.131 ;       ;       ; 4.131 ;
; SW[3]      ; HEX2[3]     ; 4.041 ; 4.041 ; 4.041 ; 4.041 ;
; SW[3]      ; HEX2[4]     ; 4.148 ; 4.148 ; 4.148 ; 4.148 ;
; SW[3]      ; HEX2[5]     ; 4.137 ;       ;       ; 4.137 ;
; SW[3]      ; HEX2[6]     ; 4.160 ; 4.160 ; 4.160 ; 4.160 ;
; SW[4]      ; HEX0[0]     ;       ; 3.859 ; 3.859 ;       ;
; SW[4]      ; HEX0[1]     ; 3.893 ;       ;       ; 3.893 ;
; SW[4]      ; HEX0[2]     ; 3.885 ;       ;       ; 3.885 ;
; SW[4]      ; HEX0[3]     ; 3.877 ; 3.877 ; 3.877 ; 3.877 ;
; SW[4]      ; HEX0[4]     ; 3.874 ; 3.874 ; 3.874 ; 3.874 ;
; SW[4]      ; HEX0[5]     ;       ; 3.879 ; 3.879 ;       ;
; SW[4]      ; HEX0[6]     ; 3.874 ; 3.874 ; 3.874 ; 3.874 ;
; SW[4]      ; HEX1[0]     ;       ; 3.899 ; 3.899 ;       ;
; SW[4]      ; HEX1[1]     ; 3.326 ;       ;       ; 3.326 ;
; SW[4]      ; HEX1[2]     ; 3.326 ;       ;       ; 3.326 ;
; SW[4]      ; HEX1[3]     ; 3.728 ; 3.728 ; 3.728 ; 3.728 ;
; SW[4]      ; HEX1[4]     ; 3.738 ; 3.738 ; 3.738 ; 3.738 ;
; SW[4]      ; HEX1[5]     ;       ; 3.896 ; 3.896 ;       ;
; SW[4]      ; HEX1[6]     ; 3.882 ; 3.882 ; 3.882 ; 3.882 ;
; SW[4]      ; HEX2[0]     ;       ; 3.978 ; 3.978 ;       ;
; SW[4]      ; HEX2[1]     ; 3.928 ;       ;       ; 3.928 ;
; SW[4]      ; HEX2[2]     ; 3.968 ;       ;       ; 3.968 ;
; SW[4]      ; HEX2[3]     ; 3.891 ; 3.891 ; 3.891 ; 3.891 ;
; SW[4]      ; HEX2[4]     ; 3.998 ; 3.998 ; 3.998 ; 3.998 ;
; SW[4]      ; HEX2[5]     ;       ; 3.984 ; 3.984 ;       ;
; SW[4]      ; HEX2[6]     ; 4.010 ; 4.010 ; 4.010 ; 4.010 ;
; SW[5]      ; HEX0[0]     ; 3.655 ;       ;       ; 3.655 ;
; SW[5]      ; HEX0[3]     ; 3.676 ; 3.676 ; 3.676 ; 3.676 ;
; SW[5]      ; HEX0[4]     ; 3.673 ; 3.673 ; 3.673 ; 3.673 ;
; SW[5]      ; HEX0[5]     ; 3.675 ;       ;       ; 3.675 ;
; SW[5]      ; HEX0[6]     ; 3.673 ; 3.673 ; 3.673 ; 3.673 ;
; SW[5]      ; HEX1[0]     ; 3.569 ;       ;       ; 3.569 ;
; SW[5]      ; HEX1[3]     ; 3.414 ; 3.414 ; 3.414 ; 3.414 ;
; SW[5]      ; HEX1[4]     ; 3.424 ; 3.424 ; 3.424 ; 3.424 ;
; SW[5]      ; HEX1[5]     ; 3.566 ;       ;       ; 3.566 ;
; SW[5]      ; HEX1[6]     ; 3.568 ; 3.568 ; 3.568 ; 3.568 ;
; SW[5]      ; HEX2[0]     ; 3.867 ;       ;       ; 3.867 ;
; SW[5]      ; HEX2[3]     ; 3.777 ; 3.777 ; 3.777 ; 3.777 ;
; SW[5]      ; HEX2[4]     ; 3.884 ; 3.884 ; 3.884 ; 3.884 ;
; SW[5]      ; HEX2[5]     ; 3.873 ;       ;       ; 3.873 ;
; SW[5]      ; HEX2[6]     ; 3.896 ; 3.896 ; 3.896 ; 3.896 ;
; SW[8]      ; HEX0[0]     ; 3.188 ; 3.188 ; 3.188 ; 3.188 ;
; SW[8]      ; HEX0[1]     ; 3.222 ; 3.222 ; 3.222 ; 3.222 ;
; SW[8]      ; HEX0[2]     ; 3.214 ; 3.214 ; 3.214 ; 3.214 ;
; SW[8]      ; HEX0[3]     ; 3.206 ; 3.206 ; 3.206 ; 3.206 ;
; SW[8]      ; HEX0[4]     ; 3.203 ; 3.203 ; 3.203 ; 3.203 ;
; SW[8]      ; HEX0[5]     ; 3.208 ; 3.208 ; 3.208 ; 3.208 ;
; SW[8]      ; HEX0[6]     ; 3.203 ; 3.203 ; 3.203 ; 3.203 ;
; SW[8]      ; HEX1[0]     ; 3.135 ; 3.135 ; 3.135 ; 3.135 ;
; SW[8]      ; HEX1[1]     ; 3.047 ; 3.047 ; 3.047 ; 3.047 ;
; SW[8]      ; HEX1[2]     ; 3.047 ; 3.047 ; 3.047 ; 3.047 ;
; SW[8]      ; HEX1[3]     ; 2.979 ; 2.979 ; 2.979 ; 2.979 ;
; SW[8]      ; HEX1[4]     ; 2.989 ; 2.989 ; 2.989 ; 2.989 ;
; SW[8]      ; HEX1[5]     ; 3.132 ; 3.132 ; 3.132 ; 3.132 ;
; SW[8]      ; HEX1[6]     ; 3.133 ; 3.133 ; 3.133 ; 3.133 ;
; SW[8]      ; HEX2[0]     ; 3.436 ; 3.436 ; 3.436 ; 3.436 ;
; SW[8]      ; HEX2[1]     ; 3.386 ; 3.386 ; 3.386 ; 3.386 ;
; SW[8]      ; HEX2[2]     ; 3.426 ; 3.426 ; 3.426 ; 3.426 ;
; SW[8]      ; HEX2[3]     ; 3.349 ; 3.349 ; 3.349 ; 3.349 ;
; SW[8]      ; HEX2[4]     ; 3.456 ; 3.456 ; 3.456 ; 3.456 ;
; SW[8]      ; HEX2[5]     ; 3.442 ; 3.442 ; 3.442 ; 3.442 ;
; SW[8]      ; HEX2[6]     ; 3.468 ; 3.468 ; 3.468 ; 3.468 ;
; SW[9]      ; HEX0[0]     ; 3.224 ; 3.175 ; 3.175 ; 3.224 ;
; SW[9]      ; HEX0[1]     ; 3.011 ; 3.386 ; 3.386 ; 3.011 ;
; SW[9]      ; HEX0[2]     ; 3.003 ; 3.378 ; 3.378 ; 3.003 ;
; SW[9]      ; HEX0[3]     ; 3.190 ; 3.190 ; 3.190 ; 3.190 ;
; SW[9]      ; HEX0[4]     ; 3.187 ; 3.187 ; 3.187 ; 3.187 ;
; SW[9]      ; HEX0[5]     ; 3.244 ; 3.195 ; 3.195 ; 3.244 ;
; SW[9]      ; HEX0[6]     ; 3.187 ; 3.187 ; 3.187 ; 3.187 ;
; SW[9]      ; HEX1[0]     ; 3.208 ; 3.305 ; 3.305 ; 3.208 ;
; SW[9]      ; HEX1[1]     ; 2.907 ; 3.216 ; 3.216 ; 2.907 ;
; SW[9]      ; HEX1[2]     ; 2.907 ; 3.216 ; 3.216 ; 2.907 ;
; SW[9]      ; HEX1[3]     ; 3.053 ; 3.053 ; 3.053 ; 3.053 ;
; SW[9]      ; HEX1[4]     ; 3.063 ; 3.063 ; 3.063 ; 3.063 ;
; SW[9]      ; HEX1[5]     ; 3.205 ; 3.302 ; 3.302 ; 3.205 ;
; SW[9]      ; HEX1[6]     ; 3.207 ; 3.207 ; 3.207 ; 3.207 ;
; SW[9]      ; HEX2[0]     ; 3.401 ; 3.177 ; 3.177 ; 3.401 ;
; SW[9]      ; HEX2[1]     ; 2.996 ; 3.351 ; 3.351 ; 2.996 ;
; SW[9]      ; HEX2[2]     ; 3.036 ; 3.391 ; 3.391 ; 3.036 ;
; SW[9]      ; HEX2[3]     ; 3.086 ; 3.086 ; 3.086 ; 3.086 ;
; SW[9]      ; HEX2[4]     ; 3.193 ; 3.193 ; 3.193 ; 3.193 ;
; SW[9]      ; HEX2[5]     ; 3.407 ; 3.183 ; 3.183 ; 3.407 ;
; SW[9]      ; HEX2[6]     ; 3.205 ; 3.205 ; 3.205 ; 3.205 ;
+------------+-------------+-------+-------+-------+-------+


+----------------------------------------------------------------------------+
; Multicorner Timing Analysis Summary                                        ;
+------------------+-------+------+----------+---------+---------------------+
; Clock            ; Setup ; Hold ; Recovery ; Removal ; Minimum Pulse Width ;
+------------------+-------+------+----------+---------+---------------------+
; Worst-case Slack ; N/A   ; N/A  ; N/A      ; N/A     ; N/A                 ;
; Design-wide TNS  ; 0.0   ; 0.0  ; 0.0      ; 0.0     ; 0.0                 ;
+------------------+-------+------+----------+---------+---------------------+


+----------------------------------------------------------+
; Progagation Delay                                        ;
+------------+-------------+-------+-------+-------+-------+
; Input Port ; Output Port ; RR    ; RF    ; FR    ; FF    ;
+------------+-------------+-------+-------+-------+-------+
; SW[0]      ; HEX0[0]     ;       ; 8.609 ; 8.609 ;       ;
; SW[0]      ; HEX0[1]     ; 8.647 ;       ;       ; 8.647 ;
; SW[0]      ; HEX0[2]     ; 8.637 ;       ;       ; 8.637 ;
; SW[0]      ; HEX0[3]     ; 8.625 ; 8.625 ; 8.625 ; 8.625 ;
; SW[0]      ; HEX0[4]     ; 8.622 ; 8.622 ; 8.622 ; 8.622 ;
; SW[0]      ; HEX0[5]     ;       ; 8.627 ; 8.627 ;       ;
; SW[0]      ; HEX0[6]     ; 8.622 ; 8.622 ; 8.622 ; 8.622 ;
; SW[0]      ; HEX1[0]     ;       ; 8.398 ; 8.398 ;       ;
; SW[0]      ; HEX1[1]     ; 8.259 ;       ;       ; 8.259 ;
; SW[0]      ; HEX1[2]     ; 8.259 ;       ;       ; 8.259 ;
; SW[0]      ; HEX1[3]     ; 8.031 ; 8.031 ; 8.031 ; 8.031 ;
; SW[0]      ; HEX1[4]     ; 8.041 ; 8.041 ; 8.041 ; 8.041 ;
; SW[0]      ; HEX1[5]     ;       ; 8.394 ; 8.394 ;       ;
; SW[0]      ; HEX1[6]     ; 8.396 ; 8.396 ; 8.396 ; 8.396 ;
; SW[0]      ; HEX2[0]     ;       ; 8.241 ; 8.241 ;       ;
; SW[0]      ; HEX2[1]     ; 7.423 ;       ;       ; 7.423 ;
; SW[0]      ; HEX2[2]     ; 7.463 ;       ;       ; 7.463 ;
; SW[0]      ; HEX2[3]     ; 7.938 ; 7.938 ; 7.938 ; 7.938 ;
; SW[0]      ; HEX2[4]     ; 8.257 ; 8.257 ; 8.257 ; 8.257 ;
; SW[0]      ; HEX2[5]     ;       ; 8.244 ; 8.244 ;       ;
; SW[0]      ; HEX2[6]     ; 8.269 ; 8.269 ; 8.269 ; 8.269 ;
; SW[1]      ; HEX0[0]     ; 9.153 ;       ;       ; 9.153 ;
; SW[1]      ; HEX0[3]     ; 9.230 ; 9.230 ; 9.230 ; 9.230 ;
; SW[1]      ; HEX0[4]     ; 9.227 ; 9.227 ; 9.227 ; 9.227 ;
; SW[1]      ; HEX0[5]     ; 9.171 ;       ;       ; 9.171 ;
; SW[1]      ; HEX0[6]     ; 9.227 ; 9.227 ; 9.227 ; 9.227 ;
; SW[1]      ; HEX1[0]     ; 8.805 ;       ;       ; 8.805 ;
; SW[1]      ; HEX1[3]     ; 8.492 ; 8.492 ; 8.492 ; 8.492 ;
; SW[1]      ; HEX1[4]     ; 8.502 ; 8.502 ; 8.502 ; 8.502 ;
; SW[1]      ; HEX1[5]     ; 8.801 ;       ;       ; 8.801 ;
; SW[1]      ; HEX1[6]     ; 8.857 ; 8.857 ; 8.857 ; 8.857 ;
; SW[1]      ; HEX2[0]     ; 8.296 ;       ;       ; 8.296 ;
; SW[1]      ; HEX2[3]     ; 8.063 ; 8.063 ; 8.063 ; 8.063 ;
; SW[1]      ; HEX2[4]     ; 8.382 ; 8.382 ; 8.382 ; 8.382 ;
; SW[1]      ; HEX2[5]     ; 8.299 ;       ;       ; 8.299 ;
; SW[1]      ; HEX2[6]     ; 8.394 ; 8.394 ; 8.394 ; 8.394 ;
; SW[2]      ; HEX0[0]     ;       ; 8.196 ; 8.196 ;       ;
; SW[2]      ; HEX0[1]     ; 7.741 ;       ;       ; 7.741 ;
; SW[2]      ; HEX0[2]     ; 7.731 ;       ;       ; 7.731 ;
; SW[2]      ; HEX0[3]     ; 8.210 ; 8.210 ; 8.210 ; 8.210 ;
; SW[2]      ; HEX0[4]     ; 8.207 ; 8.207 ; 8.207 ; 8.207 ;
; SW[2]      ; HEX0[5]     ;       ; 8.214 ; 8.214 ;       ;
; SW[2]      ; HEX0[6]     ; 8.207 ; 8.207 ; 8.207 ; 8.207 ;
; SW[2]      ; HEX1[0]     ;       ; 8.762 ; 8.762 ;       ;
; SW[2]      ; HEX1[1]     ; 8.623 ;       ;       ; 8.623 ;
; SW[2]      ; HEX1[2]     ; 8.623 ;       ;       ; 8.623 ;
; SW[2]      ; HEX1[3]     ; 8.395 ; 8.395 ; 8.395 ; 8.395 ;
; SW[2]      ; HEX1[4]     ; 8.405 ; 8.405 ; 8.405 ; 8.405 ;
; SW[2]      ; HEX1[5]     ;       ; 8.758 ; 8.758 ;       ;
; SW[2]      ; HEX1[6]     ; 8.760 ; 8.760 ; 8.760 ; 8.760 ;
; SW[2]      ; HEX2[0]     ;       ; 8.908 ; 8.908 ;       ;
; SW[2]      ; HEX2[1]     ; 8.803 ;       ;       ; 8.803 ;
; SW[2]      ; HEX2[2]     ; 8.843 ;       ;       ; 8.843 ;
; SW[2]      ; HEX2[3]     ; 8.609 ; 8.609 ; 8.609 ; 8.609 ;
; SW[2]      ; HEX2[4]     ; 8.928 ; 8.928 ; 8.928 ; 8.928 ;
; SW[2]      ; HEX2[5]     ;       ; 8.911 ; 8.911 ;       ;
; SW[2]      ; HEX2[6]     ; 8.940 ; 8.940 ; 8.940 ; 8.940 ;
; SW[3]      ; HEX0[0]     ; 8.043 ;       ;       ; 8.043 ;
; SW[3]      ; HEX0[3]     ; 8.067 ; 8.067 ; 8.067 ; 8.067 ;
; SW[3]      ; HEX0[4]     ; 8.064 ; 8.064 ; 8.064 ; 8.064 ;
; SW[3]      ; HEX0[5]     ; 8.061 ;       ;       ; 8.061 ;
; SW[3]      ; HEX0[6]     ; 8.064 ; 8.064 ; 8.064 ; 8.064 ;
; SW[3]      ; HEX1[0]     ; 8.599 ;       ;       ; 8.599 ;
; SW[3]      ; HEX1[3]     ; 8.286 ; 8.286 ; 8.286 ; 8.286 ;
; SW[3]      ; HEX1[4]     ; 8.296 ; 8.296 ; 8.296 ; 8.296 ;
; SW[3]      ; HEX1[5]     ; 8.595 ;       ;       ; 8.595 ;
; SW[3]      ; HEX1[6]     ; 8.651 ; 8.651 ; 8.651 ; 8.651 ;
; SW[3]      ; HEX2[0]     ; 9.124 ;       ;       ; 9.124 ;
; SW[3]      ; HEX2[3]     ; 8.909 ; 8.909 ; 8.909 ; 8.909 ;
; SW[3]      ; HEX2[4]     ; 9.228 ; 9.228 ; 9.228 ; 9.228 ;
; SW[3]      ; HEX2[5]     ; 9.127 ;       ;       ; 9.127 ;
; SW[3]      ; HEX2[6]     ; 9.240 ; 9.240 ; 9.240 ; 9.240 ;
; SW[4]      ; HEX0[0]     ;       ; 8.553 ; 8.553 ;       ;
; SW[4]      ; HEX0[1]     ; 8.591 ;       ;       ; 8.591 ;
; SW[4]      ; HEX0[2]     ; 8.581 ;       ;       ; 8.581 ;
; SW[4]      ; HEX0[3]     ; 8.569 ; 8.569 ; 8.569 ; 8.569 ;
; SW[4]      ; HEX0[4]     ; 8.566 ; 8.566 ; 8.566 ; 8.566 ;
; SW[4]      ; HEX0[5]     ;       ; 8.571 ; 8.571 ;       ;
; SW[4]      ; HEX0[6]     ; 8.566 ; 8.566 ; 8.566 ; 8.566 ;
; SW[4]      ; HEX1[0]     ;       ; 8.588 ; 8.588 ;       ;
; SW[4]      ; HEX1[1]     ; 7.085 ;       ;       ; 7.085 ;
; SW[4]      ; HEX1[2]     ; 7.085 ;       ;       ; 7.085 ;
; SW[4]      ; HEX1[3]     ; 8.211 ; 8.211 ; 8.211 ; 8.211 ;
; SW[4]      ; HEX1[4]     ; 8.221 ; 8.221 ; 8.221 ; 8.221 ;
; SW[4]      ; HEX1[5]     ;       ; 8.584 ; 8.584 ;       ;
; SW[4]      ; HEX1[6]     ; 8.576 ; 8.576 ; 8.576 ; 8.576 ;
; SW[4]      ; HEX2[0]     ;       ; 8.875 ; 8.875 ;       ;
; SW[4]      ; HEX2[1]     ; 8.770 ;       ;       ; 8.770 ;
; SW[4]      ; HEX2[2]     ; 8.810 ;       ;       ; 8.810 ;
; SW[4]      ; HEX2[3]     ; 8.576 ; 8.576 ; 8.576 ; 8.576 ;
; SW[4]      ; HEX2[4]     ; 8.895 ; 8.895 ; 8.895 ; 8.895 ;
; SW[4]      ; HEX2[5]     ;       ; 8.878 ; 8.878 ;       ;
; SW[4]      ; HEX2[6]     ; 8.907 ; 8.907 ; 8.907 ; 8.907 ;
; SW[5]      ; HEX0[0]     ; 7.972 ;       ;       ; 7.972 ;
; SW[5]      ; HEX0[3]     ; 8.049 ; 8.049 ; 8.049 ; 8.049 ;
; SW[5]      ; HEX0[4]     ; 8.046 ; 8.046 ; 8.046 ; 8.046 ;
; SW[5]      ; HEX0[5]     ; 7.990 ;       ;       ; 7.990 ;
; SW[5]      ; HEX0[6]     ; 8.046 ; 8.046 ; 8.046 ; 8.046 ;
; SW[5]      ; HEX1[0]     ; 7.721 ;       ;       ; 7.721 ;
; SW[5]      ; HEX1[3]     ; 7.354 ; 7.354 ; 7.354 ; 7.354 ;
; SW[5]      ; HEX1[4]     ; 7.364 ; 7.364 ; 7.364 ; 7.364 ;
; SW[5]      ; HEX1[5]     ; 7.717 ;       ;       ; 7.717 ;
; SW[5]      ; HEX1[6]     ; 7.719 ; 7.719 ; 7.719 ; 7.719 ;
; SW[5]      ; HEX2[0]     ; 8.541 ;       ;       ; 8.541 ;
; SW[5]      ; HEX2[3]     ; 8.326 ; 8.326 ; 8.326 ; 8.326 ;
; SW[5]      ; HEX2[4]     ; 8.645 ; 8.645 ; 8.645 ; 8.645 ;
; SW[5]      ; HEX2[5]     ; 8.544 ;       ;       ; 8.544 ;
; SW[5]      ; HEX2[6]     ; 8.657 ; 8.657 ; 8.657 ; 8.657 ;
; SW[8]      ; HEX0[0]     ; 7.130 ; 7.130 ; 7.130 ; 7.130 ;
; SW[8]      ; HEX0[1]     ; 6.972 ; 6.972 ; 6.972 ; 6.972 ;
; SW[8]      ; HEX0[2]     ; 6.962 ; 6.962 ; 6.962 ; 6.962 ;
; SW[8]      ; HEX0[3]     ; 7.207 ; 7.207 ; 7.207 ; 7.207 ;
; SW[8]      ; HEX0[4]     ; 7.204 ; 7.204 ; 7.204 ; 7.204 ;
; SW[8]      ; HEX0[5]     ; 7.148 ; 7.148 ; 7.148 ; 7.148 ;
; SW[8]      ; HEX0[6]     ; 7.204 ; 7.204 ; 7.204 ; 7.204 ;
; SW[8]      ; HEX1[0]     ; 7.165 ; 7.165 ; 7.165 ; 7.165 ;
; SW[8]      ; HEX1[1]     ; 6.580 ; 6.580 ; 6.580 ; 6.580 ;
; SW[8]      ; HEX1[2]     ; 6.580 ; 6.580 ; 6.580 ; 6.580 ;
; SW[8]      ; HEX1[3]     ; 6.852 ; 6.852 ; 6.852 ; 6.852 ;
; SW[8]      ; HEX1[4]     ; 6.862 ; 6.862 ; 6.862 ; 6.862 ;
; SW[8]      ; HEX1[5]     ; 7.161 ; 7.161 ; 7.161 ; 7.161 ;
; SW[8]      ; HEX1[6]     ; 7.217 ; 7.217 ; 7.217 ; 7.217 ;
; SW[8]      ; HEX2[0]     ; 7.738 ; 7.738 ; 7.738 ; 7.738 ;
; SW[8]      ; HEX2[1]     ; 7.463 ; 7.463 ; 7.463 ; 7.463 ;
; SW[8]      ; HEX2[2]     ; 7.503 ; 7.503 ; 7.503 ; 7.503 ;
; SW[8]      ; HEX2[3]     ; 7.523 ; 7.523 ; 7.523 ; 7.523 ;
; SW[8]      ; HEX2[4]     ; 7.842 ; 7.842 ; 7.842 ; 7.842 ;
; SW[8]      ; HEX2[5]     ; 7.741 ; 7.741 ; 7.741 ; 7.741 ;
; SW[8]      ; HEX2[6]     ; 7.854 ; 7.854 ; 7.854 ; 7.854 ;
; SW[9]      ; HEX0[0]     ; 7.282 ; 7.038 ; 7.038 ; 7.282 ;
; SW[9]      ; HEX0[1]     ; 6.301 ; 7.320 ; 7.320 ; 6.301 ;
; SW[9]      ; HEX0[2]     ; 6.291 ; 7.310 ; 7.310 ; 6.291 ;
; SW[9]      ; HEX0[3]     ; 7.298 ; 7.298 ; 7.298 ; 7.298 ;
; SW[9]      ; HEX0[4]     ; 7.295 ; 7.295 ; 7.295 ; 7.295 ;
; SW[9]      ; HEX0[5]     ; 7.300 ; 7.056 ; 7.056 ; 7.300 ;
; SW[9]      ; HEX0[6]     ; 7.295 ; 7.295 ; 7.295 ; 7.295 ;
; SW[9]      ; HEX1[0]     ; 7.076 ; 7.176 ; 7.176 ; 7.076 ;
; SW[9]      ; HEX1[1]     ; 6.112 ; 6.937 ; 6.937 ; 6.112 ;
; SW[9]      ; HEX1[2]     ; 6.112 ; 6.937 ; 6.937 ; 6.112 ;
; SW[9]      ; HEX1[3]     ; 6.799 ; 6.799 ; 6.799 ; 6.799 ;
; SW[9]      ; HEX1[4]     ; 6.809 ; 6.809 ; 6.809 ; 6.809 ;
; SW[9]      ; HEX1[5]     ; 7.072 ; 7.172 ; 7.172 ; 7.072 ;
; SW[9]      ; HEX1[6]     ; 7.164 ; 7.164 ; 7.164 ; 7.164 ;
; SW[9]      ; HEX2[0]     ; 7.464 ; 7.596 ; 7.596 ; 7.464 ;
; SW[9]      ; HEX2[1]     ; 6.379 ; 7.359 ; 7.359 ; 6.379 ;
; SW[9]      ; HEX2[2]     ; 6.419 ; 7.399 ; 7.399 ; 6.419 ;
; SW[9]      ; HEX2[3]     ; 7.381 ; 7.381 ; 7.381 ; 7.381 ;
; SW[9]      ; HEX2[4]     ; 7.700 ; 7.700 ; 7.700 ; 7.700 ;
; SW[9]      ; HEX2[5]     ; 7.467 ; 7.599 ; 7.599 ; 7.467 ;
; SW[9]      ; HEX2[6]     ; 7.712 ; 7.712 ; 7.712 ; 7.712 ;
+------------+-------------+-------+-------+-------+-------+


+----------------------------------------------------------+
; Minimum Progagation Delay                                ;
+------------+-------------+-------+-------+-------+-------+
; Input Port ; Output Port ; RR    ; RF    ; FR    ; FF    ;
+------------+-------------+-------+-------+-------+-------+
; SW[0]      ; HEX0[0]     ;       ; 3.884 ; 3.884 ;       ;
; SW[0]      ; HEX0[1]     ; 3.918 ;       ;       ; 3.918 ;
; SW[0]      ; HEX0[2]     ; 3.910 ;       ;       ; 3.910 ;
; SW[0]      ; HEX0[3]     ; 3.902 ; 3.902 ; 3.902 ; 3.902 ;
; SW[0]      ; HEX0[4]     ; 3.899 ; 3.899 ; 3.899 ; 3.899 ;
; SW[0]      ; HEX0[5]     ;       ; 3.904 ; 3.904 ;       ;
; SW[0]      ; HEX0[6]     ; 3.899 ; 3.899 ; 3.899 ; 3.899 ;
; SW[0]      ; HEX1[0]     ;       ; 3.836 ; 3.836 ;       ;
; SW[0]      ; HEX1[1]     ; 3.748 ;       ;       ; 3.748 ;
; SW[0]      ; HEX1[2]     ; 3.748 ;       ;       ; 3.748 ;
; SW[0]      ; HEX1[3]     ; 3.680 ; 3.680 ; 3.680 ; 3.680 ;
; SW[0]      ; HEX1[4]     ; 3.690 ; 3.690 ; 3.690 ; 3.690 ;
; SW[0]      ; HEX1[5]     ;       ; 3.833 ; 3.833 ;       ;
; SW[0]      ; HEX1[6]     ; 3.834 ; 3.834 ; 3.834 ; 3.834 ;
; SW[0]      ; HEX2[0]     ;       ; 3.771 ; 3.771 ;       ;
; SW[0]      ; HEX2[1]     ; 3.445 ;       ;       ; 3.445 ;
; SW[0]      ; HEX2[2]     ; 3.485 ;       ;       ; 3.485 ;
; SW[0]      ; HEX2[3]     ; 3.680 ; 3.680 ; 3.680 ; 3.680 ;
; SW[0]      ; HEX2[4]     ; 3.787 ; 3.787 ; 3.787 ; 3.787 ;
; SW[0]      ; HEX2[5]     ;       ; 3.777 ; 3.777 ;       ;
; SW[0]      ; HEX2[6]     ; 3.799 ; 3.799 ; 3.799 ; 3.799 ;
; SW[1]      ; HEX0[0]     ; 4.118 ;       ;       ; 4.118 ;
; SW[1]      ; HEX0[3]     ; 4.139 ; 4.139 ; 4.139 ; 4.139 ;
; SW[1]      ; HEX0[4]     ; 4.136 ; 4.136 ; 4.136 ; 4.136 ;
; SW[1]      ; HEX0[5]     ; 4.138 ;       ;       ; 4.138 ;
; SW[1]      ; HEX0[6]     ; 4.136 ; 4.136 ; 4.136 ; 4.136 ;
; SW[1]      ; HEX1[0]     ; 4.027 ;       ;       ; 4.027 ;
; SW[1]      ; HEX1[3]     ; 3.866 ; 3.866 ; 3.866 ; 3.866 ;
; SW[1]      ; HEX1[4]     ; 3.876 ; 3.876 ; 3.876 ; 3.876 ;
; SW[1]      ; HEX1[5]     ; 4.024 ;       ;       ; 4.024 ;
; SW[1]      ; HEX1[6]     ; 4.020 ; 4.020 ; 4.020 ; 4.020 ;
; SW[1]      ; HEX2[0]     ; 3.790 ;       ;       ; 3.790 ;
; SW[1]      ; HEX2[3]     ; 3.698 ; 3.698 ; 3.698 ; 3.698 ;
; SW[1]      ; HEX2[4]     ; 3.805 ; 3.805 ; 3.805 ; 3.805 ;
; SW[1]      ; HEX2[5]     ; 3.796 ;       ;       ; 3.796 ;
; SW[1]      ; HEX2[6]     ; 3.817 ; 3.817 ; 3.817 ; 3.817 ;
; SW[2]      ; HEX0[0]     ;       ; 3.752 ; 3.752 ;       ;
; SW[2]      ; HEX0[1]     ; 3.609 ;       ;       ; 3.609 ;
; SW[2]      ; HEX0[2]     ; 3.601 ;       ;       ; 3.601 ;
; SW[2]      ; HEX0[3]     ; 3.767 ; 3.767 ; 3.767 ; 3.767 ;
; SW[2]      ; HEX0[4]     ; 3.764 ; 3.764 ; 3.764 ; 3.764 ;
; SW[2]      ; HEX0[5]     ;       ; 3.772 ; 3.772 ;       ;
; SW[2]      ; HEX0[6]     ; 3.764 ; 3.764 ; 3.764 ; 3.764 ;
; SW[2]      ; HEX1[0]     ;       ; 3.961 ; 3.961 ;       ;
; SW[2]      ; HEX1[1]     ; 3.873 ;       ;       ; 3.873 ;
; SW[2]      ; HEX1[2]     ; 3.873 ;       ;       ; 3.873 ;
; SW[2]      ; HEX1[3]     ; 3.805 ; 3.805 ; 3.805 ; 3.805 ;
; SW[2]      ; HEX1[4]     ; 3.815 ; 3.815 ; 3.815 ; 3.815 ;
; SW[2]      ; HEX1[5]     ;       ; 3.958 ; 3.958 ;       ;
; SW[2]      ; HEX1[6]     ; 3.959 ; 3.959 ; 3.959 ; 3.959 ;
; SW[2]      ; HEX2[0]     ;       ; 4.005 ; 4.005 ;       ;
; SW[2]      ; HEX2[1]     ; 3.955 ;       ;       ; 3.955 ;
; SW[2]      ; HEX2[2]     ; 3.995 ;       ;       ; 3.995 ;
; SW[2]      ; HEX2[3]     ; 3.918 ; 3.918 ; 3.918 ; 3.918 ;
; SW[2]      ; HEX2[4]     ; 4.025 ; 4.025 ; 4.025 ; 4.025 ;
; SW[2]      ; HEX2[5]     ;       ; 4.011 ; 4.011 ;       ;
; SW[2]      ; HEX2[6]     ; 4.037 ; 4.037 ; 4.037 ; 4.037 ;
; SW[3]      ; HEX0[0]     ; 3.727 ;       ;       ; 3.727 ;
; SW[3]      ; HEX0[3]     ; 3.754 ; 3.754 ; 3.754 ; 3.754 ;
; SW[3]      ; HEX0[4]     ; 3.751 ; 3.751 ; 3.751 ; 3.751 ;
; SW[3]      ; HEX0[5]     ; 3.747 ;       ;       ; 3.747 ;
; SW[3]      ; HEX0[6]     ; 3.751 ; 3.751 ; 3.751 ; 3.751 ;
; SW[3]      ; HEX1[0]     ; 3.963 ;       ;       ; 3.963 ;
; SW[3]      ; HEX1[3]     ; 3.802 ; 3.802 ; 3.802 ; 3.802 ;
; SW[3]      ; HEX1[4]     ; 3.812 ; 3.812 ; 3.812 ; 3.812 ;
; SW[3]      ; HEX1[5]     ; 3.960 ;       ;       ; 3.960 ;
; SW[3]      ; HEX1[6]     ; 3.956 ; 3.956 ; 3.956 ; 3.956 ;
; SW[3]      ; HEX2[0]     ; 4.131 ;       ;       ; 4.131 ;
; SW[3]      ; HEX2[3]     ; 4.041 ; 4.041 ; 4.041 ; 4.041 ;
; SW[3]      ; HEX2[4]     ; 4.148 ; 4.148 ; 4.148 ; 4.148 ;
; SW[3]      ; HEX2[5]     ; 4.137 ;       ;       ; 4.137 ;
; SW[3]      ; HEX2[6]     ; 4.160 ; 4.160 ; 4.160 ; 4.160 ;
; SW[4]      ; HEX0[0]     ;       ; 3.859 ; 3.859 ;       ;
; SW[4]      ; HEX0[1]     ; 3.893 ;       ;       ; 3.893 ;
; SW[4]      ; HEX0[2]     ; 3.885 ;       ;       ; 3.885 ;
; SW[4]      ; HEX0[3]     ; 3.877 ; 3.877 ; 3.877 ; 3.877 ;
; SW[4]      ; HEX0[4]     ; 3.874 ; 3.874 ; 3.874 ; 3.874 ;
; SW[4]      ; HEX0[5]     ;       ; 3.879 ; 3.879 ;       ;
; SW[4]      ; HEX0[6]     ; 3.874 ; 3.874 ; 3.874 ; 3.874 ;
; SW[4]      ; HEX1[0]     ;       ; 3.899 ; 3.899 ;       ;
; SW[4]      ; HEX1[1]     ; 3.326 ;       ;       ; 3.326 ;
; SW[4]      ; HEX1[2]     ; 3.326 ;       ;       ; 3.326 ;
; SW[4]      ; HEX1[3]     ; 3.728 ; 3.728 ; 3.728 ; 3.728 ;
; SW[4]      ; HEX1[4]     ; 3.738 ; 3.738 ; 3.738 ; 3.738 ;
; SW[4]      ; HEX1[5]     ;       ; 3.896 ; 3.896 ;       ;
; SW[4]      ; HEX1[6]     ; 3.882 ; 3.882 ; 3.882 ; 3.882 ;
; SW[4]      ; HEX2[0]     ;       ; 3.978 ; 3.978 ;       ;
; SW[4]      ; HEX2[1]     ; 3.928 ;       ;       ; 3.928 ;
; SW[4]      ; HEX2[2]     ; 3.968 ;       ;       ; 3.968 ;
; SW[4]      ; HEX2[3]     ; 3.891 ; 3.891 ; 3.891 ; 3.891 ;
; SW[4]      ; HEX2[4]     ; 3.998 ; 3.998 ; 3.998 ; 3.998 ;
; SW[4]      ; HEX2[5]     ;       ; 3.984 ; 3.984 ;       ;
; SW[4]      ; HEX2[6]     ; 4.010 ; 4.010 ; 4.010 ; 4.010 ;
; SW[5]      ; HEX0[0]     ; 3.655 ;       ;       ; 3.655 ;
; SW[5]      ; HEX0[3]     ; 3.676 ; 3.676 ; 3.676 ; 3.676 ;
; SW[5]      ; HEX0[4]     ; 3.673 ; 3.673 ; 3.673 ; 3.673 ;
; SW[5]      ; HEX0[5]     ; 3.675 ;       ;       ; 3.675 ;
; SW[5]      ; HEX0[6]     ; 3.673 ; 3.673 ; 3.673 ; 3.673 ;
; SW[5]      ; HEX1[0]     ; 3.569 ;       ;       ; 3.569 ;
; SW[5]      ; HEX1[3]     ; 3.414 ; 3.414 ; 3.414 ; 3.414 ;
; SW[5]      ; HEX1[4]     ; 3.424 ; 3.424 ; 3.424 ; 3.424 ;
; SW[5]      ; HEX1[5]     ; 3.566 ;       ;       ; 3.566 ;
; SW[5]      ; HEX1[6]     ; 3.568 ; 3.568 ; 3.568 ; 3.568 ;
; SW[5]      ; HEX2[0]     ; 3.867 ;       ;       ; 3.867 ;
; SW[5]      ; HEX2[3]     ; 3.777 ; 3.777 ; 3.777 ; 3.777 ;
; SW[5]      ; HEX2[4]     ; 3.884 ; 3.884 ; 3.884 ; 3.884 ;
; SW[5]      ; HEX2[5]     ; 3.873 ;       ;       ; 3.873 ;
; SW[5]      ; HEX2[6]     ; 3.896 ; 3.896 ; 3.896 ; 3.896 ;
; SW[8]      ; HEX0[0]     ; 3.188 ; 3.188 ; 3.188 ; 3.188 ;
; SW[8]      ; HEX0[1]     ; 3.222 ; 3.222 ; 3.222 ; 3.222 ;
; SW[8]      ; HEX0[2]     ; 3.214 ; 3.214 ; 3.214 ; 3.214 ;
; SW[8]      ; HEX0[3]     ; 3.206 ; 3.206 ; 3.206 ; 3.206 ;
; SW[8]      ; HEX0[4]     ; 3.203 ; 3.203 ; 3.203 ; 3.203 ;
; SW[8]      ; HEX0[5]     ; 3.208 ; 3.208 ; 3.208 ; 3.208 ;
; SW[8]      ; HEX0[6]     ; 3.203 ; 3.203 ; 3.203 ; 3.203 ;
; SW[8]      ; HEX1[0]     ; 3.135 ; 3.135 ; 3.135 ; 3.135 ;
; SW[8]      ; HEX1[1]     ; 3.047 ; 3.047 ; 3.047 ; 3.047 ;
; SW[8]      ; HEX1[2]     ; 3.047 ; 3.047 ; 3.047 ; 3.047 ;
; SW[8]      ; HEX1[3]     ; 2.979 ; 2.979 ; 2.979 ; 2.979 ;
; SW[8]      ; HEX1[4]     ; 2.989 ; 2.989 ; 2.989 ; 2.989 ;
; SW[8]      ; HEX1[5]     ; 3.132 ; 3.132 ; 3.132 ; 3.132 ;
; SW[8]      ; HEX1[6]     ; 3.133 ; 3.133 ; 3.133 ; 3.133 ;
; SW[8]      ; HEX2[0]     ; 3.436 ; 3.436 ; 3.436 ; 3.436 ;
; SW[8]      ; HEX2[1]     ; 3.386 ; 3.386 ; 3.386 ; 3.386 ;
; SW[8]      ; HEX2[2]     ; 3.426 ; 3.426 ; 3.426 ; 3.426 ;
; SW[8]      ; HEX2[3]     ; 3.349 ; 3.349 ; 3.349 ; 3.349 ;
; SW[8]      ; HEX2[4]     ; 3.456 ; 3.456 ; 3.456 ; 3.456 ;
; SW[8]      ; HEX2[5]     ; 3.442 ; 3.442 ; 3.442 ; 3.442 ;
; SW[8]      ; HEX2[6]     ; 3.468 ; 3.468 ; 3.468 ; 3.468 ;
; SW[9]      ; HEX0[0]     ; 3.224 ; 3.175 ; 3.175 ; 3.224 ;
; SW[9]      ; HEX0[1]     ; 3.011 ; 3.386 ; 3.386 ; 3.011 ;
; SW[9]      ; HEX0[2]     ; 3.003 ; 3.378 ; 3.378 ; 3.003 ;
; SW[9]      ; HEX0[3]     ; 3.190 ; 3.190 ; 3.190 ; 3.190 ;
; SW[9]      ; HEX0[4]     ; 3.187 ; 3.187 ; 3.187 ; 3.187 ;
; SW[9]      ; HEX0[5]     ; 3.244 ; 3.195 ; 3.195 ; 3.244 ;
; SW[9]      ; HEX0[6]     ; 3.187 ; 3.187 ; 3.187 ; 3.187 ;
; SW[9]      ; HEX1[0]     ; 3.208 ; 3.305 ; 3.305 ; 3.208 ;
; SW[9]      ; HEX1[1]     ; 2.907 ; 3.216 ; 3.216 ; 2.907 ;
; SW[9]      ; HEX1[2]     ; 2.907 ; 3.216 ; 3.216 ; 2.907 ;
; SW[9]      ; HEX1[3]     ; 3.053 ; 3.053 ; 3.053 ; 3.053 ;
; SW[9]      ; HEX1[4]     ; 3.063 ; 3.063 ; 3.063 ; 3.063 ;
; SW[9]      ; HEX1[5]     ; 3.205 ; 3.302 ; 3.302 ; 3.205 ;
; SW[9]      ; HEX1[6]     ; 3.207 ; 3.207 ; 3.207 ; 3.207 ;
; SW[9]      ; HEX2[0]     ; 3.401 ; 3.177 ; 3.177 ; 3.401 ;
; SW[9]      ; HEX2[1]     ; 2.996 ; 3.351 ; 3.351 ; 2.996 ;
; SW[9]      ; HEX2[2]     ; 3.036 ; 3.391 ; 3.391 ; 3.036 ;
; SW[9]      ; HEX2[3]     ; 3.086 ; 3.086 ; 3.086 ; 3.086 ;
; SW[9]      ; HEX2[4]     ; 3.193 ; 3.193 ; 3.193 ; 3.193 ;
; SW[9]      ; HEX2[5]     ; 3.407 ; 3.183 ; 3.183 ; 3.407 ;
; SW[9]      ; HEX2[6]     ; 3.205 ; 3.205 ; 3.205 ; 3.205 ;
+------------+-------------+-------+-------+-------+-------+


-------------------
; Clock Transfers ;
-------------------
Nothing to report.


---------------
; Report TCCS ;
---------------
No dedicated SERDES Transmitter circuitry present in device or used in design


---------------
; Report RSKM ;
---------------
No dedicated SERDES Receiver circuitry present in device or used in design


+------------------------------------------------+
; Unconstrained Paths                            ;
+---------------------------------+-------+------+
; Property                        ; Setup ; Hold ;
+---------------------------------+-------+------+
; Illegal Clocks                  ; 0     ; 0    ;
; Unconstrained Clocks            ; 0     ; 0    ;
; Unconstrained Input Ports       ; 8     ; 8    ;
; Unconstrained Input Port Paths  ; 150   ; 150  ;
; Unconstrained Output Ports      ; 21    ; 21   ;
; Unconstrained Output Port Paths ; 150   ; 150  ;
+---------------------------------+-------+------+


+------------------------------------+
; TimeQuest Timing Analyzer Messages ;
+------------------------------------+
Info: *******************************************************************
Info: Running Quartus II 64-Bit TimeQuest Timing Analyzer
    Info: Version 13.0.1 Build 232 06/12/2013 Service Pack 1 SJ Full Version
    Info: Processing started: Tue Aug 14 21:52:54 2018
Info: Command: quartus_sta part5 -c part5
Info: qsta_default_script.tcl version: #1
Info (20030): Parallel compilation is enabled and will use 4 of the 4 processors detected
Info (21077): Low junction temperature is 0 degrees C
Info (21077): High junction temperature is 85 degrees C
Critical Warning (332012): Synopsys Design Constraints File file not found: 'part5.sdc'. A Synopsys Design Constraints File is required by the TimeQuest Timing Analyzer to get proper timing constraints. Without it, the Compiler will not properly optimize the design.
Info (332142): No user constrained base clocks found in the design. Calling "derive_clocks -period 1.0"
Info (332096): The command derive_clocks did not find any clocks to derive.  No clocks were created or changed.
Warning (332068): No clocks defined in design.
Info: Found TIMEQUEST_REPORT_SCRIPT_INCLUDE_DEFAULT_ANALYSIS = ON
Info (332159): No clocks to report
Info: Analyzing Slow Model
Info (332140): No fmax paths to report
Info (332140): No Setup paths to report
Info (332140): No Hold paths to report
Info (332140): No Recovery paths to report
Info (332140): No Removal paths to report
Info (332140): No Minimum Pulse Width paths to report
Info (332001): The selected device family is not supported by the report_metastability command.
Info: Analyzing Fast Model
Info (332142): No user constrained base clocks found in the design. Calling "derive_clocks -period 1.0"
Info (332096): The command derive_clocks did not find any clocks to derive.  No clocks were created or changed.
Warning (332068): No clocks defined in design.
Info (332140): No Setup paths to report
Info (332140): No Hold paths to report
Info (332140): No Recovery paths to report
Info (332140): No Removal paths to report
Info (332140): No Minimum Pulse Width paths to report
Info (332001): The selected device family is not supported by the report_metastability command.
Info (332102): Design is not fully constrained for setup requirements
Info (332102): Design is not fully constrained for hold requirements
Info: Quartus II 64-Bit TimeQuest Timing Analyzer was successful. 0 errors, 3 warnings
    Info: Peak virtual memory: 4598 megabytes
    Info: Processing ended: Tue Aug 14 21:53:02 2018
    Info: Elapsed time: 00:00:08
    Info: Total CPU time (on all processors): 00:00:01


